#
# There is insufficient memory for the Java Runtime Environment to continue.
# Native memory allocation (malloc) failed to allocate 32744 bytes for ChunkPool::allocate
# Possible reasons:
#   The system is out of physical RAM or swap space
#   The process is running with CompressedOops enabled, and the Java Heap may be blocking the growth of the native heap
# Possible solutions:
#   Reduce memory load on the system
#   Increase physical memory or swap space
#   Check if swap backing store is full
#   Decrease Java heap size (-Xmx/-Xms)
#   Decrease number of Java threads
#   Decrease Java thread stack sizes (-Xss)
#   Set larger code cache with -XX:ReservedCodeCacheSize=
#   JVM is running with Unscaled Compressed Oops mode in which the Java heap is
#     placed in the first 4GB address space. The Java Heap base address is the
#     maximum limit for the native heap growth. Please use -XX:HeapBaseMinAddress
#     to set the Java Heap base and to place the Java Heap above 4GB virtual address.
# This output file may be truncated or incomplete.
#
#  Out of Memory Error (./open/src/hotspot/share/memory/arena.cpp:79), pid=20060, tid=3120
#
# JRE version: OpenJDK Runtime Environment (14.0.2+12) (build 14.0.2+12-46)
# Java VM: OpenJDK 64-Bit Server VM (14.0.2+12-46, mixed mode, sharing, tiered, compressed oops, g1 gc, windows-amd64)
# No core dump will be written. Minidumps are not enabled by default on client versions of Windows
#

---------------  S U M M A R Y ------------

Command Line: --add-opens=java.base/java.util=ALL-UNNAMED -XX:+HeapDumpOnOutOfMemoryError -Xmx1024m -Dfile.encoding=windows-1252 -Duser.country=CA -Duser.language=en -Duser.variant org.gradle.launcher.daemon.bootstrap.GradleDaemon 4.10.2

Host: Intel(R) Core(TM) i5-8600K CPU @ 3.60GHz, 6 cores, 15G,  Windows 10 , 64 bit Build 19041 (10.0.19041.1503)
Time: Fri Feb 18 23:31:35 2022 Easter Island Daylight Time elapsed time: 420 seconds (0d 0h 7m 0s)

---------------  T H R E A D  ---------------

Current thread (0x0000018fe6009000):  JavaThread "C2 CompilerThread0" daemon [_thread_in_native, id=3120, stack(0x000000501e000000,0x000000501e100000)]


Current CompileTask:
C2: 420857 9176   !   4       org.gradle.internal.logging.text.StreamBackedStandardOutputListener::onOutput (34 bytes)

Stack: [0x000000501e000000,0x000000501e100000]
Native frames: (J=compiled Java code, j=interpreted, Vv=VM code, C=native code)
V  [jvm.dll+0x5f8a9a]
V  [jvm.dll+0x74247a]
V  [jvm.dll+0x743c2f]
V  [jvm.dll+0x744273]
V  [jvm.dll+0x20d288]
V  [jvm.dll+0xabea6]
V  [jvm.dll+0xac1fc]
V  [jvm.dll+0x5d873f]
V  [jvm.dll+0x2f8d80]
V  [jvm.dll+0x2f6a1e]
V  [jvm.dll+0x60c5f3]
V  [jvm.dll+0x6101c1]
V  [jvm.dll+0x607f2f]
V  [jvm.dll+0x60759c]
V  [jvm.dll+0x60547d]
V  [jvm.dll+0x17a3dc]
V  [jvm.dll+0x275e76]
V  [jvm.dll+0x6101e8]
V  [jvm.dll+0x607f2f]
V  [jvm.dll+0x60759c]
V  [jvm.dll+0x60547d]
V  [jvm.dll+0x17a3dc]
V  [jvm.dll+0x17af88]
V  [jvm.dll+0x275e76]
V  [jvm.dll+0x6101e8]
V  [jvm.dll+0x607f2f]
V  [jvm.dll+0x60759c]
V  [jvm.dll+0x60547d]
V  [jvm.dll+0x17a3dc]
V  [jvm.dll+0x275e76]
V  [jvm.dll+0x6101e8]
V  [jvm.dll+0x607f2f]
V  [jvm.dll+0x60759c]
V  [jvm.dll+0x60547d]
V  [jvm.dll+0x17a3dc]
V  [jvm.dll+0x275e76]
V  [jvm.dll+0x6101e8]
V  [jvm.dll+0x607f2f]
V  [jvm.dll+0x60759c]
V  [jvm.dll+0x60547d]
V  [jvm.dll+0x17a3dc]
V  [jvm.dll+0x275e76]
V  [jvm.dll+0x6101e8]
V  [jvm.dll+0x607f2f]
V  [jvm.dll+0x60759c]
V  [jvm.dll+0x60547d]
V  [jvm.dll+0x17a3dc]
V  [jvm.dll+0x275e76]
V  [jvm.dll+0x6101e8]
V  [jvm.dll+0x607f2f]
V  [jvm.dll+0x60759c]
V  [jvm.dll+0x60547d]
V  [jvm.dll+0x17a3dc]
V  [jvm.dll+0x17af88]
V  [jvm.dll+0x275e76]
V  [jvm.dll+0x6101e8]
V  [jvm.dll+0x607f2f]
V  [jvm.dll+0x60759c]
V  [jvm.dll+0x60547d]
V  [jvm.dll+0x17a3dc]
V  [jvm.dll+0x1e4d55]
V  [jvm.dll+0x1779cc]
V  [jvm.dll+0x1f4105]
V  [jvm.dll+0x1f22eb]
V  [jvm.dll+0x7070cd]
V  [jvm.dll+0x6ffeda]
V  [jvm.dll+0x5f78f6]
C  [ucrtbase.dll+0x21bb2]
C  [KERNEL32.DLL+0x17034]
C  [ntdll.dll+0x52651]


---------------  P R O C E S S  ---------------

Threads class SMR info:
_java_thread_list=0x0000018fea2a3330, length=49, elements={
0x0000018fc8fe0800, 0x0000018fe56df800, 0x0000018fe56e0800, 0x0000018fe6000800,
0x0000018fe6001000, 0x0000018fe6002000, 0x0000018fe6009000, 0x0000018fe6078800,
0x0000018fe6083800, 0x0000018fe615c000, 0x0000018fe616c800, 0x0000018fe7461000,
0x0000018fe74a2000, 0x0000018fe75c5000, 0x0000018fe75c9000, 0x0000018fe75c6800,
0x0000018fe75c4800, 0x0000018fea4dc800, 0x0000018fea4e0000, 0x0000018fea4df000,
0x0000018fea4e1000, 0x0000018fe88df800, 0x0000018fea4dd800, 0x0000018fea4de800,
0x0000018fea4db000, 0x0000018fea4e1800, 0x0000018fea4dc000, 0x0000018fea4e8000,
0x0000018fea4e7800, 0x0000018fea4e2800, 0x0000018fea4e6800, 0x0000018fea4e5800,
0x0000018fea4e4000, 0x0000018fea4e5000, 0x0000018fea4e9000, 0x0000018fea4e3000,
0x0000018fea4ea000, 0x0000018fe88de000, 0x0000018fe88dc000, 0x0000018fe88de800,
0x0000018fe88db800, 0x0000018fe88e3000, 0x0000018fe88e2000, 0x0000018fe88e0800,
0x0000018fe88dd000, 0x0000018fe88e7800, 0x0000018fe88e5000, 0x0000018fe88e3800,
0x0000018fe88e8800
}

Java Threads: ( => current thread )
  0x0000018fc8fe0800 JavaThread "main" [_thread_blocked, id=14192, stack(0x000000501d400000,0x000000501d500000)]
  0x0000018fe56df800 JavaThread "Reference Handler" daemon [_thread_blocked, id=19252, stack(0x000000501db00000,0x000000501dc00000)]
  0x0000018fe56e0800 JavaThread "Finalizer" daemon [_thread_blocked, id=1736, stack(0x000000501dc00000,0x000000501dd00000)]
  0x0000018fe6000800 JavaThread "Signal Dispatcher" daemon [_thread_blocked, id=9580, stack(0x000000501dd00000,0x000000501de00000)]
  0x0000018fe6001000 JavaThread "Attach Listener" daemon [_thread_blocked, id=5584, stack(0x000000501de00000,0x000000501df00000)]
  0x0000018fe6002000 JavaThread "Service Thread" daemon [_thread_blocked, id=4512, stack(0x000000501df00000,0x000000501e000000)]
=>0x0000018fe6009000 JavaThread "C2 CompilerThread0" daemon [_thread_in_native, id=3120, stack(0x000000501e000000,0x000000501e100000)]
  0x0000018fe6078800 JavaThread "C1 CompilerThread0" daemon [_thread_blocked, id=26604, stack(0x000000501e100000,0x000000501e200000)]
  0x0000018fe6083800 JavaThread "Sweeper thread" daemon [_thread_blocked, id=6792, stack(0x000000501e200000,0x000000501e300000)]
  0x0000018fe615c000 JavaThread "Common-Cleaner" daemon [_thread_blocked, id=17228, stack(0x000000501e300000,0x000000501e400000)]
  0x0000018fe616c800 JavaThread "Notification Thread" daemon [_thread_blocked, id=9112, stack(0x000000501e400000,0x000000501e500000)]
  0x0000018fe7461000 JavaThread "Incoming local TCP Connector on port 56188" [_thread_in_native, id=12656, stack(0x000000501e600000,0x000000501e700000)]
  0x0000018fe74a2000 JavaThread "Daemon periodic checks" [_thread_blocked, id=2236, stack(0x000000501ed00000,0x000000501ee00000)]
  0x0000018fe75c5000 JavaThread "Cache worker for file hash cache (C:\Users\Plads\.gradle\caches\4.10.2\fileHashes)" [_thread_blocked, id=2436, stack(0x000000501f400000,0x000000501f500000)]
  0x0000018fe75c9000 JavaThread "File lock request listener" [_thread_in_native, id=16760, stack(0x000000501f500000,0x000000501f600000)]
  0x0000018fe75c6800 JavaThread "Cache worker for journal cache (C:\Users\Plads\.gradle\caches\journal-1)" [_thread_blocked, id=17320, stack(0x000000501f800000,0x000000501f900000)]
  0x0000018fe75c4800 JavaThread "Cache worker for Artifact transforms cache (C:\Users\Plads\.gradle\caches\transforms-1)" [_thread_blocked, id=15644, stack(0x000000501fc00000,0x000000501fd00000)]
  0x0000018fea4dc800 JavaThread "Memory manager" [_thread_blocked, id=15064, stack(0x000000501fd00000,0x000000501fe00000)]
  0x0000018fea4e0000 JavaThread "Cache worker for file content cache (C:\Users\Plads\.gradle\caches\4.10.2\fileContent)" [_thread_blocked, id=25016, stack(0x000000501fe00000,0x000000501ff00000)]
  0x0000018fea4df000 JavaThread "Daemon Thread 2" [_thread_blocked, id=10440, stack(0x000000501d300000,0x000000501d400000)]
  0x0000018fea4e1000 JavaThread "Daemon worker Thread 2" [_thread_blocked, id=18564, stack(0x000000501f000000,0x000000501f100000)]
  0x0000018fe88df800 JavaThread "Cache worker for Java compile cache (C:\Users\Plads\.gradle\caches\4.10.2\javaCompile)" [_thread_blocked, id=3708, stack(0x0000005020900000,0x0000005020a00000)]
  0x0000018fea4dd800 JavaThread "Handler for socket connection from /127.0.0.1:56188 to /127.0.0.1:54923" [_thread_in_native, id=25424, stack(0x000000501d200000,0x000000501d300000)]
  0x0000018fea4de800 JavaThread "Cancel handler" [_thread_blocked, id=12608, stack(0x000000501ee00000,0x000000501ef00000)]
  0x0000018fea4db000 JavaThread "Asynchronous log dispatcher for DefaultDaemonConnection: socket connection from /127.0.0.1:56188 to /127.0.0.1:54923" [_thread_blocked, id=10700, stack(0x000000501ef00000,0x000000501f000000)]
  0x0000018fea4e1800 JavaThread "Stdin handler" [_thread_blocked, id=4972, stack(0x000000501f100000,0x000000501f200000)]
  0x0000018fea4dc000 JavaThread "Cache worker for file hash cache (C:\Users\Plads\Documents\GitHub\Flyve\Boss-Battle\.gradle\4.10.2\fileHashes)" [_thread_blocked, id=9620, stack(0x000000501f200000,0x000000501f300000)]
  0x0000018fea4e8000 JavaThread "Cache worker for cache directory md-supplier (C:\Users\Plads\.gradle\caches\4.10.2\md-supplier)" [_thread_blocked, id=10728, stack(0x000000501f300000,0x000000501f400000)]
  0x0000018fea4e7800 JavaThread "Cache worker for cache directory md-rule (C:\Users\Plads\.gradle\caches\4.10.2\md-rule)" [_thread_blocked, id=10468, stack(0x000000501f600000,0x000000501f700000)]
  0x0000018fea4e2800 JavaThread "Cache worker for file content cache (C:\Users\Plads\Documents\GitHub\Flyve\Boss-Battle\.gradle\4.10.2\fileContent)" [_thread_blocked, id=4956, stack(0x000000501f700000,0x000000501f800000)]
  0x0000018fea4e6800 JavaThread "Task worker for ':'" [_thread_blocked, id=21900, stack(0x000000501fa00000,0x000000501fb00000)]
  0x0000018fea4e5800 JavaThread "Task worker for ':' Thread 2" [_thread_blocked, id=10756, stack(0x000000501fb00000,0x000000501fc00000)]
  0x0000018fea4e4000 JavaThread "Task worker for ':' Thread 3" [_thread_blocked, id=13108, stack(0x000000501ff00000,0x0000005020000000)]
  0x0000018fea4e5000 JavaThread "Task worker for ':' Thread 4" [_thread_blocked, id=7648, stack(0x0000005020000000,0x0000005020100000)]
  0x0000018fea4e9000 JavaThread "Task worker for ':' Thread 5" [_thread_blocked, id=8712, stack(0x0000005020100000,0x0000005020200000)]
  0x0000018fea4e3000 JavaThread "Cache worker for task history cache (C:\Users\Plads\Documents\GitHub\Flyve\Boss-Battle\.gradle\4.10.2\taskHistory)" [_thread_blocked, id=24480, stack(0x0000005020200000,0x0000005020300000)]
  0x0000018fea4ea000 JavaThread "Cache worker for Build Output Cleanup Cache (C:\Users\Plads\Documents\GitHub\Flyve\Boss-Battle\.gradle\buildOutputCleanup)" [_thread_blocked, id=9364, stack(0x0000005020300000,0x0000005020400000)]
  0x0000018fe88de000 JavaThread "Build operations" [_thread_blocked, id=18108, stack(0x0000005020400000,0x0000005020500000)]
  0x0000018fe88dc000 JavaThread "Build operations Thread 2" [_thread_blocked, id=12284, stack(0x0000005020500000,0x0000005020600000)]
  0x0000018fe88de800 JavaThread "Build operations Thread 3" [_thread_blocked, id=12916, stack(0x0000005020600000,0x0000005020700000)]
  0x0000018fe88db800 JavaThread "Build operations Thread 4" [_thread_blocked, id=10664, stack(0x0000005020700000,0x0000005020800000)]
  0x0000018fe88e3000 JavaThread "Cache worker for Java compile cache (C:\Users\Plads\Documents\GitHub\Flyve\Boss-Battle\.gradle\4.10.2\javaCompile)" [_thread_blocked, id=26216, stack(0x0000005020800000,0x0000005020900000)]
  0x0000018fe88e2000 JavaThread "Build operations Thread 5" [_thread_blocked, id=10732, stack(0x0000005020a00000,0x0000005020b00000)]
  0x0000018fe88e0800 JavaThread "Build operations Thread 6" [_thread_blocked, id=14732, stack(0x0000005020b00000,0x0000005020c00000)]
  0x0000018fe88dd000 JavaThread "Exec process" [_thread_in_native, id=5912, stack(0x0000005020e00000,0x0000005020f00000)]
  0x0000018fe88e7800 JavaThread "DisconnectableInputStream source reader" daemon [_thread_blocked, id=1236, stack(0x0000005020f00000,0x0000005021000000)]
  0x0000018fe88e5000 JavaThread "Exec process Thread 2" [_thread_blocked, id=5924, stack(0x0000005021000000,0x0000005021100000)]
  0x0000018fe88e3800 JavaThread "Exec process Thread 3" [_thread_in_native, id=24944, stack(0x0000005021100000,0x0000005021200000)]
  0x0000018fe88e8800 JavaThread "Exec process Thread 4" [_thread_in_native, id=21016, stack(0x0000005021200000,0x0000005021300000)]

Other Threads:
  0x0000018fe56de800 VMThread "VM Thread" [stack: 0x000000501da00000,0x000000501db00000] [id=23368]
  0x0000018fe6171800 WatcherThread [stack: 0x000000501e500000,0x000000501e600000] [id=24352]
  0x0000018fc9010800 GCTaskThread "GC Thread#0" [stack: 0x000000501d500000,0x000000501d600000] [id=19228]
  0x0000018fe6796000 GCTaskThread "GC Thread#1" [stack: 0x000000501e700000,0x000000501e800000] [id=6176]
  0x0000018fe6876000 GCTaskThread "GC Thread#2" [stack: 0x000000501e800000,0x000000501e900000] [id=4620]
  0x0000018fe6877000 GCTaskThread "GC Thread#3" [stack: 0x000000501e900000,0x000000501ea00000] [id=20468]
  0x0000018fe6878800 GCTaskThread "GC Thread#4" [stack: 0x000000501ea00000,0x000000501eb00000] [id=12920]
  0x0000018fe6879800 GCTaskThread "GC Thread#5" [stack: 0x000000501eb00000,0x000000501ec00000] [id=21412]
  0x0000018fc901a000 ConcurrentGCThread "G1 Main Marker" [stack: 0x000000501d600000,0x000000501d700000] [id=12996]
  0x0000018fc9020000 ConcurrentGCThread "G1 Conc#0" [stack: 0x000000501d700000,0x000000501d800000] [id=14772]
  0x0000018fe781f000 ConcurrentGCThread "G1 Conc#1" [stack: 0x000000501f900000,0x000000501fa00000] [id=13832]
  0x0000018fe5556800 ConcurrentGCThread "G1 Refine#0" [stack: 0x000000501d800000,0x000000501d900000] [id=20264]
  0x0000018fe61b6800 ConcurrentGCThread "G1 Refine#1" [stack: 0x000000501ec00000,0x000000501ed00000] [id=10192]
  0x0000018fe9d25000 ConcurrentGCThread "G1 Refine#2" [stack: 0x0000005020d00000,0x0000005020e00000] [id=9732]
  0x0000018fe5559000 ConcurrentGCThread "G1 Young RemSet Sampling" [stack: 0x000000501d900000,0x000000501da00000] [id=25156]

Threads with active compile tasks:
C2 CompilerThread0   420911 9176   !   4       org.gradle.internal.logging.text.StreamBackedStandardOutputListener::onOutput (34 bytes)

VM state:not at safepoint (normal execution)

VM Mutex/Monitor currently owned by a thread: None

Heap address: 0x00000000c0000000, size: 1024 MB, Compressed Oops mode: 32-bit
Narrow klass base: 0x0000000800000000, Narrow klass shift: 3
Compressed class space size: 1073741824 Address: 0x0000000800b30000

Heap:
 garbage-first heap   total 80896K, used 57809K [0x00000000c0000000, 0x0000000100000000)
  region size 1024K, 16 young (16384K), 3 survivors (3072K)
 Metaspace       used 49729K, capacity 51005K, committed 51056K, reserved 1093632K
  class space    used 6564K, capacity 6938K, committed 6952K, reserved 1048576K
Heap Regions: E=young(eden), S=young(survivor), O=old, HS=humongous(starts), HC=humongous(continues), CS=collection set, F=free, OA=open archive, CA=closed archive, TAMS=top-at-mark-start (previous, next)
|   0|0x00000000c0000000, 0x00000000c0100000, 0x00000000c0100000|100%|HS|  |TAMS 0x00000000c0100000, 0x00000000c0000000| Complete 
|   1|0x00000000c0100000, 0x00000000c0200000, 0x00000000c0200000|100%|HC|  |TAMS 0x00000000c0200000, 0x00000000c0100000| Complete 
|   2|0x00000000c0200000, 0x00000000c0300000, 0x00000000c0300000|100%| O|  |TAMS 0x00000000c0300000, 0x00000000c0200000| Untracked 
|   3|0x00000000c0300000, 0x00000000c0400000, 0x00000000c0400000|100%| O|  |TAMS 0x00000000c0400000, 0x00000000c0300000| Untracked 
|   4|0x00000000c0400000, 0x00000000c0500000, 0x00000000c0500000|100%| O|  |TAMS 0x00000000c0500000, 0x00000000c0400000| Untracked 
|   5|0x00000000c0500000, 0x00000000c0600000, 0x00000000c0600000|100%| O|  |TAMS 0x00000000c0600000, 0x00000000c0500000| Untracked 
|   6|0x00000000c0600000, 0x00000000c0700000, 0x00000000c0700000|100%| O|  |TAMS 0x00000000c0700000, 0x00000000c0600000| Untracked 
|   7|0x00000000c0700000, 0x00000000c0800000, 0x00000000c0800000|100%| O|  |TAMS 0x00000000c0800000, 0x00000000c0700000| Untracked 
|   8|0x00000000c0800000, 0x00000000c0900000, 0x00000000c0900000|100%| O|  |TAMS 0x00000000c0900000, 0x00000000c0800000| Untracked 
|   9|0x00000000c0900000, 0x00000000c0a00000, 0x00000000c0a00000|100%| O|  |TAMS 0x00000000c0a00000, 0x00000000c0900000| Untracked 
|  10|0x00000000c0a00000, 0x00000000c0b00000, 0x00000000c0b00000|100%| O|  |TAMS 0x00000000c0b00000, 0x00000000c0a00000| Untracked 
|  11|0x00000000c0b00000, 0x00000000c0c00000, 0x00000000c0c00000|100%| O|  |TAMS 0x00000000c0c00000, 0x00000000c0b00000| Untracked 
|  12|0x00000000c0c00000, 0x00000000c0d00000, 0x00000000c0d00000|100%| O|  |TAMS 0x00000000c0d00000, 0x00000000c0c00000| Untracked 
|  13|0x00000000c0d00000, 0x00000000c0e00000, 0x00000000c0e00000|100%| O|  |TAMS 0x00000000c0e00000, 0x00000000c0d00000| Untracked 
|  14|0x00000000c0e00000, 0x00000000c0f00000, 0x00000000c0f00000|100%| O|  |TAMS 0x00000000c0f00000, 0x00000000c0e00000| Untracked 
|  15|0x00000000c0f00000, 0x00000000c1000000, 0x00000000c1000000|100%| O|  |TAMS 0x00000000c1000000, 0x00000000c0f00000| Untracked 
|  16|0x00000000c1000000, 0x00000000c1100000, 0x00000000c1100000|100%| O|  |TAMS 0x00000000c1100000, 0x00000000c1000000| Untracked 
|  17|0x00000000c1100000, 0x00000000c1200000, 0x00000000c1200000|100%| O|  |TAMS 0x00000000c1200000, 0x00000000c1100000| Untracked 
|  18|0x00000000c1200000, 0x00000000c1300000, 0x00000000c1300000|100%| O|  |TAMS 0x00000000c1300000, 0x00000000c1200000| Untracked 
|  19|0x00000000c1300000, 0x00000000c1400000, 0x00000000c1400000|100%| O|  |TAMS 0x00000000c1400000, 0x00000000c1300000| Untracked 
|  20|0x00000000c1400000, 0x00000000c1500000, 0x00000000c1500000|100%| O|  |TAMS 0x00000000c1500000, 0x00000000c1400000| Untracked 
|  21|0x00000000c1500000, 0x00000000c1600000, 0x00000000c1600000|100%| O|  |TAMS 0x00000000c1600000, 0x00000000c1500000| Untracked 
|  22|0x00000000c1600000, 0x00000000c1700000, 0x00000000c1700000|100%| O|  |TAMS 0x00000000c1700000, 0x00000000c1600000| Untracked 
|  23|0x00000000c1700000, 0x00000000c1800000, 0x00000000c1800000|100%| O|  |TAMS 0x00000000c1800000, 0x00000000c1700000| Untracked 
|  24|0x00000000c1800000, 0x00000000c1900000, 0x00000000c1900000|100%| O|  |TAMS 0x00000000c1900000, 0x00000000c1800000| Untracked 
|  25|0x00000000c1900000, 0x00000000c1a00000, 0x00000000c1a00000|100%| O|  |TAMS 0x00000000c1a00000, 0x00000000c1900000| Untracked 
|  26|0x00000000c1a00000, 0x00000000c1ada200, 0x00000000c1b00000| 85%| O|  |TAMS 0x00000000c1ada200, 0x00000000c1a00000| Untracked 
|  27|0x00000000c1b00000, 0x00000000c1b00000, 0x00000000c1c00000|  0%| F|  |TAMS 0x00000000c1b00000, 0x00000000c1b00000| Untracked 
|  28|0x00000000c1c00000, 0x00000000c1c00000, 0x00000000c1d00000|  0%| F|  |TAMS 0x00000000c1c00000, 0x00000000c1c00000| Untracked 
|  29|0x00000000c1d00000, 0x00000000c1e00000, 0x00000000c1e00000|100%| O|  |TAMS 0x00000000c1e00000, 0x00000000c1d00000| Untracked 
|  30|0x00000000c1e00000, 0x00000000c1f00000, 0x00000000c1f00000|100%| O|  |TAMS 0x00000000c1f00000, 0x00000000c1e00000| Untracked 
|  31|0x00000000c1f00000, 0x00000000c1f00000, 0x00000000c2000000|  0%| F|  |TAMS 0x00000000c1f00000, 0x00000000c1f00000| Untracked 
|  32|0x00000000c2000000, 0x00000000c2000000, 0x00000000c2100000|  0%| F|  |TAMS 0x00000000c2000000, 0x00000000c2000000| Untracked 
|  33|0x00000000c2100000, 0x00000000c2200000, 0x00000000c2200000|100%| O|  |TAMS 0x00000000c2200000, 0x00000000c2100000| Untracked 
|  34|0x00000000c2200000, 0x00000000c2300000, 0x00000000c2300000|100%| O|  |TAMS 0x00000000c2300000, 0x00000000c2200000| Untracked 
|  35|0x00000000c2300000, 0x00000000c2400000, 0x00000000c2400000|100%| O|  |TAMS 0x00000000c2400000, 0x00000000c2300000| Untracked 
|  36|0x00000000c2400000, 0x00000000c2400000, 0x00000000c2500000|  0%| F|  |TAMS 0x00000000c2400000, 0x00000000c2400000| Untracked 
|  37|0x00000000c2500000, 0x00000000c2500000, 0x00000000c2600000|  0%| F|  |TAMS 0x00000000c2500000, 0x00000000c2500000| Untracked 
|  38|0x00000000c2600000, 0x00000000c2600000, 0x00000000c2700000|  0%| F|  |TAMS 0x00000000c2600000, 0x00000000c2600000| Untracked 
|  39|0x00000000c2700000, 0x00000000c2700000, 0x00000000c2800000|  0%| F|  |TAMS 0x00000000c2700000, 0x00000000c2700000| Untracked 
|  40|0x00000000c2800000, 0x00000000c2900000, 0x00000000c2900000|100%| O|  |TAMS 0x00000000c2900000, 0x00000000c2800000| Untracked 
|  41|0x00000000c2900000, 0x00000000c2a00000, 0x00000000c2a00000|100%| O|  |TAMS 0x00000000c2a00000, 0x00000000c2900000| Untracked 
|  42|0x00000000c2a00000, 0x00000000c2b00000, 0x00000000c2b00000|100%| O|  |TAMS 0x00000000c2b00000, 0x00000000c2a00000| Untracked 
|  43|0x00000000c2b00000, 0x00000000c2c00000, 0x00000000c2c00000|100%| O|  |TAMS 0x00000000c2c00000, 0x00000000c2b00000| Untracked 
|  44|0x00000000c2c00000, 0x00000000c2d00000, 0x00000000c2d00000|100%| O|  |TAMS 0x00000000c2d00000, 0x00000000c2c00000| Untracked 
|  45|0x00000000c2d00000, 0x00000000c2e00000, 0x00000000c2e00000|100%| O|  |TAMS 0x00000000c2e00000, 0x00000000c2d00000| Untracked 
|  46|0x00000000c2e00000, 0x00000000c2f00000, 0x00000000c2f00000|100%| O|  |TAMS 0x00000000c2f00000, 0x00000000c2e00000| Untracked 
|  47|0x00000000c2f00000, 0x00000000c3000000, 0x00000000c3000000|100%| O|  |TAMS 0x00000000c3000000, 0x00000000c2f00000| Untracked 
|  48|0x00000000c3000000, 0x00000000c3100000, 0x00000000c3100000|100%| O|  |TAMS 0x00000000c3100000, 0x00000000c3000000| Untracked 
|  49|0x00000000c3100000, 0x00000000c3200000, 0x00000000c3200000|100%| O|  |TAMS 0x00000000c3200000, 0x00000000c3100000| Untracked 
|  50|0x00000000c3200000, 0x00000000c3300000, 0x00000000c3300000|100%| O|  |TAMS 0x00000000c3300000, 0x00000000c3200000| Untracked 
|  51|0x00000000c3300000, 0x00000000c3300000, 0x00000000c3400000|  0%| F|  |TAMS 0x00000000c3300000, 0x00000000c3300000| Untracked 
|  52|0x00000000c3400000, 0x00000000c3400000, 0x00000000c3500000|  0%| F|  |TAMS 0x00000000c3400000, 0x00000000c3400000| Untracked 
|  53|0x00000000c3500000, 0x00000000c3500000, 0x00000000c3600000|  0%| F|  |TAMS 0x00000000c3500000, 0x00000000c3500000| Untracked 
|  54|0x00000000c3600000, 0x00000000c3600000, 0x00000000c3700000|  0%| F|  |TAMS 0x00000000c3600000, 0x00000000c3600000| Untracked 
|  55|0x00000000c3700000, 0x00000000c3700000, 0x00000000c3800000|  0%| F|  |TAMS 0x00000000c3700000, 0x00000000c3700000| Untracked 
|  56|0x00000000c3800000, 0x00000000c389a430, 0x00000000c3900000| 60%| S|CS|TAMS 0x00000000c3800000, 0x00000000c3800000| Complete 
|  57|0x00000000c3900000, 0x00000000c3a00000, 0x00000000c3a00000|100%| S|CS|TAMS 0x00000000c3900000, 0x00000000c3900000| Complete 
|  58|0x00000000c3a00000, 0x00000000c3b00000, 0x00000000c3b00000|100%| S|CS|TAMS 0x00000000c3a00000, 0x00000000c3a00000| Complete 
|  59|0x00000000c3b00000, 0x00000000c3b00000, 0x00000000c3c00000|  0%| F|  |TAMS 0x00000000c3b00000, 0x00000000c3b00000| Untracked 
|  60|0x00000000c3c00000, 0x00000000c3c00000, 0x00000000c3d00000|  0%| F|  |TAMS 0x00000000c3c00000, 0x00000000c3c00000| Untracked 
|  61|0x00000000c3d00000, 0x00000000c3d00000, 0x00000000c3e00000|  0%| F|  |TAMS 0x00000000c3d00000, 0x00000000c3d00000| Untracked 
|  62|0x00000000c3e00000, 0x00000000c3e00000, 0x00000000c3f00000|  0%| F|  |TAMS 0x00000000c3e00000, 0x00000000c3e00000| Untracked 
|  63|0x00000000c3f00000, 0x00000000c3f00000, 0x00000000c4000000|  0%| F|  |TAMS 0x00000000c3f00000, 0x00000000c3f00000| Untracked 
|  64|0x00000000c4000000, 0x00000000c4000000, 0x00000000c4100000|  0%| F|  |TAMS 0x00000000c4000000, 0x00000000c4000000| Untracked 
|  65|0x00000000c4100000, 0x00000000c4100000, 0x00000000c4200000|  0%| F|  |TAMS 0x00000000c4100000, 0x00000000c4100000| Untracked 
|  66|0x00000000c4200000, 0x00000000c428b578, 0x00000000c4300000| 54%| E|  |TAMS 0x00000000c4200000, 0x00000000c4200000| Complete 
| 158|0x00000000c9e00000, 0x00000000c9f00000, 0x00000000c9f00000|100%| E|CS|TAMS 0x00000000c9e00000, 0x00000000c9e00000| Complete 
| 159|0x00000000c9f00000, 0x00000000ca000000, 0x00000000ca000000|100%| E|  |TAMS 0x00000000c9f00000, 0x00000000c9f00000| Complete 
| 160|0x00000000ca000000, 0x00000000ca100000, 0x00000000ca100000|100%| E|CS|TAMS 0x00000000ca000000, 0x00000000ca000000| Complete 
| 161|0x00000000ca100000, 0x00000000ca200000, 0x00000000ca200000|100%| E|CS|TAMS 0x00000000ca100000, 0x00000000ca100000| Complete 
| 162|0x00000000ca200000, 0x00000000ca300000, 0x00000000ca300000|100%| E|CS|TAMS 0x00000000ca200000, 0x00000000ca200000| Complete 
| 163|0x00000000ca300000, 0x00000000ca400000, 0x00000000ca400000|100%| E|CS|TAMS 0x00000000ca300000, 0x00000000ca300000| Complete 
| 164|0x00000000ca400000, 0x00000000ca500000, 0x00000000ca500000|100%| E|CS|TAMS 0x00000000ca400000, 0x00000000ca400000| Complete 
| 165|0x00000000ca500000, 0x00000000ca600000, 0x00000000ca600000|100%| E|CS|TAMS 0x00000000ca500000, 0x00000000ca500000| Complete 
| 166|0x00000000ca600000, 0x00000000ca700000, 0x00000000ca700000|100%| E|CS|TAMS 0x00000000ca600000, 0x00000000ca600000| Complete 
| 167|0x00000000ca700000, 0x00000000ca800000, 0x00000000ca800000|100%| E|CS|TAMS 0x00000000ca700000, 0x00000000ca700000| Complete 
| 168|0x00000000ca800000, 0x00000000ca900000, 0x00000000ca900000|100%| E|CS|TAMS 0x00000000ca800000, 0x00000000ca800000| Complete 
| 255|0x00000000cff00000, 0x00000000d0000000, 0x00000000d0000000|100%| E|CS|TAMS 0x00000000cff00000, 0x00000000cff00000| Complete 

Card table byte_map: [0x0000018fe0aa0000,0x0000018fe0ca0000] _byte_map_base: 0x0000018fe04a0000

Marking Bits (Prev, Next): (CMBitMap*) 0x0000018fc90114e8, (CMBitMap*) 0x0000018fc9011528
 Prev Bits: [0x0000018fe0ea0000, 0x0000018fe1ea0000)
 Next Bits: [0x0000018fe1ea0000, 0x0000018fe2ea0000)

Polling page: 0x0000018fc87c0000

Metaspace:

Usage:
  Non-class:     43.03 MB capacity,    42.15 MB ( 98%) used,   791.10 KB (  2%) free+waste,   111.38 KB ( <1%) overhead. 
      Class:      6.78 MB capacity,     6.41 MB ( 95%) used,   323.10 KB (  5%) free+waste,    50.38 KB ( <1%) overhead. 
       Both:     49.81 MB capacity,    48.56 MB ( 97%) used,     1.09 MB (  2%) free+waste,   161.75 KB ( <1%) overhead. 

Virtual space:
  Non-class space:       44.00 MB reserved,      43.07 MB ( 98%) committed 
      Class space:        1.00 GB reserved,       6.79 MB ( <1%) committed 
             Both:        1.04 GB reserved,      49.86 MB (  5%) committed 

Chunk freelists:
   Non-Class:  37.00 KB
       Class:  0 bytes
        Both:  37.00 KB

MaxMetaspaceSize: 17179869184.00 GB
CompressedClassSpaceSize: 1.00 GB

CodeHeap 'non-profiled nmethods': size=120000Kb used=5350Kb max_used=5350Kb free=114650Kb
 bounds [0x0000018fd9260000, 0x0000018fd97a0000, 0x0000018fe0790000]
CodeHeap 'profiled nmethods': size=120000Kb used=20473Kb max_used=20473Kb free=99526Kb
 bounds [0x0000018fd1d30000, 0x0000018fd3140000, 0x0000018fd9260000]
CodeHeap 'non-nmethods': size=5760Kb used=2343Kb max_used=2434Kb free=3417Kb
 bounds [0x0000018fd1790000, 0x0000018fd1a00000, 0x0000018fd1d30000]
 total_blobs=9087 nmethods=8265 adapters=734
 compilation: enabled
              stopped_count=0, restarted_count=0
 full_count=0

Compilation events (20 events):
Event: 411.353 Thread 0x0000018fe6078800 nmethod 9166 0x0000018fd312d410 code [0x0000018fd312d5c0, 0x0000018fd312d768]
Event: 411.353 Thread 0x0000018fe6078800 9167       3       org.gradle.cache.internal.LockOnDemandCrossProcessCacheAccess::access$1000 (5 bytes)
Event: 411.353 Thread 0x0000018fe6078800 nmethod 9167 0x0000018fd312d890 code [0x0000018fd312da40, 0x0000018fd312db48]
Event: 411.480 Thread 0x0000018fe6078800 9168       3       java.lang.Boolean::parseBoolean (7 bytes)
Event: 411.480 Thread 0x0000018fe6078800 nmethod 9168 0x0000018fd312dc10 code [0x0000018fd312ddc0, 0x0000018fd312dee8]
Event: 411.481 Thread 0x0000018fe6009000 9169       4       org.gradle.internal.serialize.AbstractDecoder::readSmallInt (5 bytes)
Event: 411.482 Thread 0x0000018fe6009000 nmethod 9169 0x0000018fd9798f90 code [0x0000018fd9799140, 0x0000018fd9799318]
Event: 411.483 Thread 0x0000018fe6078800 9170       3       java.io.File::getCanonicalPath (31 bytes)
Event: 411.483 Thread 0x0000018fe6078800 nmethod 9170 0x0000018fd312df90 code [0x0000018fd312e160, 0x0000018fd312e418]
Event: 411.523 Thread 0x0000018fe6078800 9171       3       org.gradle.cache.internal.DefaultCacheAccess::releaseOwnership (32 bytes)
Event: 411.524 Thread 0x0000018fe6078800 nmethod 9171 0x0000018fd312e510 code [0x0000018fd312e740, 0x0000018fd312efe8]
Event: 411.524 Thread 0x0000018fe6078800 9172       3       org.gradle.cache.internal.cacheops.CacheAccessOperationsStack::popCacheAction (44 bytes)
Event: 411.524 Thread 0x0000018fe6078800 nmethod 9172 0x0000018fd312f290 code [0x0000018fd312f4a0, 0x0000018fd312fc78]
Event: 420.854 Thread 0x0000018fe6078800 9173       3       org.gradle.internal.logging.text.AbstractLineChoppingStyledTextOutput$1::execute (9 bytes)
Event: 420.854 Thread 0x0000018fe6009000 9175       4       org.gradle.internal.logging.text.AbstractLineChoppingStyledTextOutput::access$900 (4 bytes)
Event: 420.855 Thread 0x0000018fe6078800 nmethod 9173 0x0000018fd312ff10 code [0x0000018fd31300c0, 0x0000018fd3130308]
Event: 420.855 Thread 0x0000018fe6078800 9174       3       org.gradle.internal.logging.text.AbstractLineChoppingStyledTextOutput$2::execute (73 bytes)
Event: 420.855 Thread 0x0000018fe6009000 nmethod 9175 0x0000018fd9799510 code [0x0000018fd9799680, 0x0000018fd97996d8]
Event: 420.855 Thread 0x0000018fe6009000 9176   !   4       org.gradle.internal.logging.text.StreamBackedStandardOutputListener::onOutput (34 bytes)
Event: 420.855 Thread 0x0000018fe6078800 nmethod 9174 0x0000018fd3130410 code [0x0000018fd3130680, 0x0000018fd3131098]

GC Heap History (20 events):
Event: 361.198 GC heap before
{Heap before GC invocations=15 (full 0):
 garbage-first heap   total 71680K, used 52353K [0x00000000c0000000, 0x0000000100000000)
  region size 1024K, 20 young (20480K), 3 survivors (3072K)
 Metaspace       used 45899K, capacity 46872K, committed 46960K, reserved 1089536K
  class space    used 6328K, capacity 6674K, committed 6696K, reserved 1048576K
}
Event: 361.202 GC heap after
{Heap after GC invocations=16 (full 0):
 garbage-first heap   total 71680K, used 38292K [0x00000000c0000000, 0x0000000100000000)
  region size 1024K, 3 young (3072K), 3 survivors (3072K)
 Metaspace       used 45899K, capacity 46872K, committed 46960K, reserved 1089536K
  class space    used 6328K, capacity 6674K, committed 6696K, reserved 1048576K
}
Event: 380.475 GC heap before
{Heap before GC invocations=16 (full 0):
 garbage-first heap   total 71680K, used 53652K [0x00000000c0000000, 0x0000000100000000)
  region size 1024K, 18 young (18432K), 3 survivors (3072K)
 Metaspace       used 47190K, capacity 48275K, committed 48496K, reserved 1091584K
  class space    used 6470K, capacity 6838K, committed 6952K, reserved 1048576K
}
Event: 380.478 GC heap after
{Heap after GC invocations=17 (full 0):
 garbage-first heap   total 71680K, used 40406K [0x00000000c0000000, 0x0000000100000000)
  region size 1024K, 2 young (2048K), 2 survivors (2048K)
 Metaspace       used 47190K, capacity 48275K, committed 48496K, reserved 1091584K
  class space    used 6470K, capacity 6838K, committed 6952K, reserved 1048576K
}
Event: 397.367 GC heap before
{Heap before GC invocations=18 (full 0):
 garbage-first heap   total 71680K, used 54742K [0x00000000c0000000, 0x0000000100000000)
  region size 1024K, 16 young (16384K), 2 survivors (2048K)
 Metaspace       used 47776K, capacity 48930K, committed 49008K, reserved 1091584K
  class space    used 6533K, capacity 6910K, committed 6952K, reserved 1048576K
}
Event: 397.370 GC heap after
{Heap after GC invocations=19 (full 0):
 garbage-first heap   total 71680K, used 41867K [0x00000000c0000000, 0x0000000100000000)
  region size 1024K, 2 young (2048K), 2 survivors (2048K)
 Metaspace       used 47776K, capacity 48930K, committed 49008K, reserved 1091584K
  class space    used 6533K, capacity 6910K, committed 6952K, reserved 1048576K
}
Event: 409.136 GC heap before
{Heap before GC invocations=19 (full 0):
 garbage-first heap   total 71680K, used 54155K [0x00000000c0000000, 0x0000000100000000)
  region size 1024K, 15 young (15360K), 2 survivors (2048K)
 Metaspace       used 48103K, capacity 49350K, committed 49520K, reserved 1091584K
  class space    used 6538K, capacity 6919K, committed 6952K, reserved 1048576K
}
Event: 409.139 GC heap after
{Heap after GC invocations=20 (full 0):
 garbage-first heap   total 71680K, used 44920K [0x00000000c0000000, 0x0000000100000000)
  region size 1024K, 2 young (2048K), 2 survivors (2048K)
 Metaspace       used 48103K, capacity 49350K, committed 49520K, reserved 1091584K
  class space    used 6538K, capacity 6919K, committed 6952K, reserved 1048576K
}
Event: 409.951 GC heap before
{Heap before GC invocations=21 (full 0):
 garbage-first heap   total 78848K, used 56184K [0x00000000c0000000, 0x0000000100000000)
  region size 1024K, 13 young (13312K), 2 survivors (2048K)
 Metaspace       used 48280K, capacity 49549K, committed 49776K, reserved 1091584K
  class space    used 6538K, capacity 6919K, committed 6952K, reserved 1048576K
}
Event: 409.955 GC heap after
{Heap after GC invocations=22 (full 0):
 garbage-first heap   total 78848K, used 48426K [0x00000000c0000000, 0x0000000100000000)
  region size 1024K, 2 young (2048K), 2 survivors (2048K)
 Metaspace       used 48280K, capacity 49549K, committed 49776K, reserved 1091584K
  class space    used 6538K, capacity 6919K, committed 6952K, reserved 1048576K
}
Event: 409.961 GC heap before
{Heap before GC invocations=22 (full 0):
 garbage-first heap   total 78848K, used 49450K [0x00000000c0000000, 0x0000000100000000)
  region size 1024K, 3 young (3072K), 2 survivors (2048K)
 Metaspace       used 48281K, capacity 49549K, committed 49776K, reserved 1091584K
  class space    used 6538K, capacity 6919K, committed 6952K, reserved 1048576K
}
Event: 409.964 GC heap after
{Heap after GC invocations=23 (full 0):
 garbage-first heap   total 78848K, used 43456K [0x00000000c0000000, 0x0000000100000000)
  region size 1024K, 1 young (1024K), 1 survivors (1024K)
 Metaspace       used 48281K, capacity 49549K, committed 49776K, reserved 1091584K
  class space    used 6538K, capacity 6919K, committed 6952K, reserved 1048576K
}
Event: 409.968 GC heap before
{Heap before GC invocations=23 (full 0):
 garbage-first heap   total 78848K, used 45504K [0x00000000c0000000, 0x0000000100000000)
  region size 1024K, 3 young (3072K), 1 survivors (1024K)
 Metaspace       used 48282K, capacity 49549K, committed 49776K, reserved 1091584K
  class space    used 6538K, capacity 6919K, committed 6952K, reserved 1048576K
}
Event: 409.972 GC heap after
{Heap after GC invocations=24 (full 0):
 garbage-first heap   total 78848K, used 40923K [0x00000000c0000000, 0x0000000100000000)
  region size 1024K, 1 young (1024K), 1 survivors (1024K)
 Metaspace       used 48282K, capacity 49549K, committed 49776K, reserved 1091584K
  class space    used 6538K, capacity 6919K, committed 6952K, reserved 1048576K
}
Event: 410.096 GC heap before
{Heap before GC invocations=24 (full 0):
 garbage-first heap   total 78848K, used 58331K [0x00000000c0000000, 0x0000000100000000)
  region size 1024K, 18 young (18432K), 1 survivors (1024K)
 Metaspace       used 48513K, capacity 49823K, committed 50032K, reserved 1093632K
  class space    used 6538K, capacity 6919K, committed 6952K, reserved 1048576K
}
Event: 410.099 GC heap after
{Heap after GC invocations=25 (full 0):
 garbage-first heap   total 78848K, used 43969K [0x00000000c0000000, 0x0000000100000000)
  region size 1024K, 3 young (3072K), 3 survivors (3072K)
 Metaspace       used 48513K, capacity 49823K, committed 50032K, reserved 1093632K
  class space    used 6538K, capacity 6919K, committed 6952K, reserved 1048576K
}
Event: 410.549 GC heap before
{Heap before GC invocations=26 (full 0):
 garbage-first heap   total 78848K, used 60353K [0x00000000c0000000, 0x0000000100000000)
  region size 1024K, 19 young (19456K), 3 survivors (3072K)
 Metaspace       used 49343K, capacity 50600K, committed 50800K, reserved 1093632K
  class space    used 6560K, capacity 6936K, committed 6952K, reserved 1048576K
}
Event: 410.552 GC heap after
{Heap after GC invocations=27 (full 0):
 garbage-first heap   total 78848K, used 45300K [0x00000000c0000000, 0x0000000100000000)
  region size 1024K, 2 young (2048K), 2 survivors (2048K)
 Metaspace       used 49343K, capacity 50600K, committed 50800K, reserved 1093632K
  class space    used 6560K, capacity 6936K, committed 6952K, reserved 1048576K
}
Event: 410.893 GC heap before
{Heap before GC invocations=27 (full 0):
 garbage-first heap   total 78848K, used 61684K [0x00000000c0000000, 0x0000000100000000)
  region size 1024K, 18 young (18432K), 2 survivors (2048K)
 Metaspace       used 49549K, capacity 50870K, committed 51056K, reserved 1093632K
  class space    used 6562K, capacity 6938K, committed 6952K, reserved 1048576K
}
Event: 410.896 GC heap after
{Heap after GC invocations=28 (full 0):
 garbage-first heap   total 78848K, used 46545K [0x00000000c0000000, 0x0000000100000000)
  region size 1024K, 3 young (3072K), 3 survivors (3072K)
 Metaspace       used 49549K, capacity 50870K, committed 51056K, reserved 1093632K
  class space    used 6562K, capacity 6938K, committed 6952K, reserved 1048576K
}

Deoptimization events (20 events):
Event: 411.131 Thread 0x0000018fea4e6800 Uncommon trap: trap_request=0xffffffde fr.pc=0x0000018fd970a1c0 relative=0x0000000000000c00
Event: 411.131 Thread 0x0000018fea4e6800 Uncommon trap: reason=class_check action=maybe_recompile pc=0x0000018fd970a1c0 method=com.sun.tools.javac.code.Types$13.visitClassType(Lcom/sun/tools/javac/code/Type$ClassType;Lcom/sun/tools/javac/code/Symbol;)Lcom/sun/tools/javac/code/Type; @ 97 c2
Event: 411.131 Thread 0x0000018fea4e6800 DEOPT PACKING pc=0x0000018fd970a1c0 sp=0x000000501fafab30
Event: 411.131 Thread 0x0000018fea4e6800 DEOPT UNPACKING pc=0x0000018fd17d912f sp=0x000000501fafaa78 mode 2
Event: 411.131 Thread 0x0000018fea4e6800 Uncommon trap: trap_request=0xffffffde fr.pc=0x0000018fd970a1c0 relative=0x0000000000000c00
Event: 411.131 Thread 0x0000018fea4e6800 Uncommon trap: reason=class_check action=maybe_recompile pc=0x0000018fd970a1c0 method=com.sun.tools.javac.code.Types$13.visitClassType(Lcom/sun/tools/javac/code/Type$ClassType;Lcom/sun/tools/javac/code/Symbol;)Lcom/sun/tools/javac/code/Type; @ 97 c2
Event: 411.131 Thread 0x0000018fea4e6800 DEOPT PACKING pc=0x0000018fd970a1c0 sp=0x000000501fafab30
Event: 411.131 Thread 0x0000018fea4e6800 DEOPT UNPACKING pc=0x0000018fd17d912f sp=0x000000501fafaa78 mode 2
Event: 411.137 Thread 0x0000018fea4e6800 Uncommon trap: trap_request=0xffffffc6 fr.pc=0x0000018fd9527400 relative=0x0000000000006960
Event: 411.137 Thread 0x0000018fea4e6800 Uncommon trap: reason=bimorphic_or_optimized_type_check action=maybe_recompile pc=0x0000018fd9527400 method=jdk.internal.loader.BuiltinClassLoader.loadClassOrNull(Ljava/lang/String;)Ljava/lang/Class; @ 3 c2
Event: 411.138 Thread 0x0000018fea4e6800 DEOPT PACKING pc=0x0000018fd9527400 sp=0x000000501fafb9a0
Event: 411.138 Thread 0x0000018fea4e6800 DEOPT UNPACKING pc=0x0000018fd17d912f sp=0x000000501fafb8c0 mode 2
Event: 420.854 Thread 0x0000018fe88e8800 Uncommon trap: trap_request=0xffffff45 fr.pc=0x0000018fd92f08c0 relative=0x0000000000000460
Event: 420.854 Thread 0x0000018fe88e8800 Uncommon trap: reason=unstable_if action=reinterpret pc=0x0000018fd92f08c0 method=org.gradle.internal.logging.text.AbstractLineChoppingStyledTextOutput$2.execute(Lorg/gradle/internal/logging/text/AbstractLineChoppingStyledTextOutput$StateContext;)V @ 30 c
Event: 420.854 Thread 0x0000018fe88e8800 DEOPT PACKING pc=0x0000018fd92f08c0 sp=0x00000050212fda30
Event: 420.854 Thread 0x0000018fe88e8800 DEOPT UNPACKING pc=0x0000018fd17d912f sp=0x00000050212fd8b8 mode 2
Event: 420.854 Thread 0x0000018fe88e8800 Uncommon trap: trap_request=0xffffff45 fr.pc=0x0000018fd92f1a10 relative=0x0000000000000310
Event: 420.854 Thread 0x0000018fe88e8800 Uncommon trap: reason=unstable_if action=reinterpret pc=0x0000018fd92f1a10 method=org.gradle.internal.logging.text.AbstractLineChoppingStyledTextOutput$2.execute(Lorg/gradle/internal/logging/text/AbstractLineChoppingStyledTextOutput$StateContext;)V @ 30 c
Event: 420.854 Thread 0x0000018fe88e8800 DEOPT PACKING pc=0x0000018fd92f1a10 sp=0x00000050212fd920
Event: 420.854 Thread 0x0000018fe88e8800 DEOPT UNPACKING pc=0x0000018fd17d912f sp=0x00000050212fd8e0 mode 2

Classes unloaded (0 events):
No events

Classes redefined (0 events):
No events

Internal exceptions (20 events):
Event: 410.989 Thread 0x0000018fea4e6800 Exception <a 'sun/nio/fs/WindowsException'{0x00000000ca87f908}> (0x00000000ca87f908) 
thrown [./open/src/hotspot/share/prims/jni.cpp, line 599]
Event: 410.994 Thread 0x0000018fea4e6800 Exception <a 'sun/nio/fs/WindowsException'{0x00000000ca8efe30}> (0x00000000ca8efe30) 
thrown [./open/src/hotspot/share/prims/jni.cpp, line 599]
Event: 411.006 Thread 0x0000018fea4e6800 Exception <a 'sun/nio/fs/WindowsException'{0x00000000ca75f048}> (0x00000000ca75f048) 
thrown [./open/src/hotspot/share/prims/jni.cpp, line 599]
Event: 411.007 Thread 0x0000018fea4e6800 Exception <a 'sun/nio/fs/WindowsException'{0x00000000ca75fa98}> (0x00000000ca75fa98) 
thrown [./open/src/hotspot/share/prims/jni.cpp, line 599]
Event: 411.010 Thread 0x0000018fea4e6800 Exception <a 'sun/nio/fs/WindowsException'{0x00000000ca7a66b0}> (0x00000000ca7a66b0) 
thrown [./open/src/hotspot/share/prims/jni.cpp, line 599]
Event: 411.010 Thread 0x0000018fea4e6800 Exception <a 'sun/nio/fs/WindowsException'{0x00000000ca7a7130}> (0x00000000ca7a7130) 
thrown [./open/src/hotspot/share/prims/jni.cpp, line 599]
Event: 411.014 Thread 0x0000018fea4e6800 Exception <a 'sun/nio/fs/WindowsException'{0x00000000ca7f2188}> (0x00000000ca7f2188) 
thrown [./open/src/hotspot/share/prims/jni.cpp, line 599]
Event: 411.019 Thread 0x0000018fea4e6800 Exception <a 'sun/nio/fs/WindowsException'{0x00000000ca626858}> (0x00000000ca626858) 
thrown [./open/src/hotspot/share/prims/jni.cpp, line 599]
Event: 411.019 Thread 0x0000018fea4e6800 Exception <a 'sun/nio/fs/WindowsException'{0x00000000ca627290}> (0x00000000ca627290) 
thrown [./open/src/hotspot/share/prims/jni.cpp, line 599]
Event: 411.026 Thread 0x0000018fea4e6800 Exception <a 'sun/nio/fs/WindowsException'{0x00000000ca62ff98}> (0x00000000ca62ff98) 
thrown [./open/src/hotspot/share/prims/jni.cpp, line 599]
Event: 411.030 Thread 0x0000018fea4e6800 Exception <a 'sun/nio/fs/WindowsException'{0x00000000ca644c60}> (0x00000000ca644c60) 
thrown [./open/src/hotspot/share/prims/jni.cpp, line 599]
Event: 411.036 Thread 0x0000018fea4e6800 Exception <a 'sun/nio/fs/WindowsException'{0x00000000ca65e960}> (0x00000000ca65e960) 
thrown [./open/src/hotspot/share/prims/jni.cpp, line 599]
Event: 411.036 Thread 0x0000018fea4e6800 Exception <a 'sun/nio/fs/WindowsException'{0x00000000ca65f3b0}> (0x00000000ca65f3b0) 
thrown [./open/src/hotspot/share/prims/jni.cpp, line 599]
Event: 411.038 Thread 0x0000018fea4e6800 Exception <a 'sun/nio/fs/WindowsException'{0x00000000ca663ce8}> (0x00000000ca663ce8) 
thrown [./open/src/hotspot/share/prims/jni.cpp, line 599]
Event: 411.042 Thread 0x0000018fea4e6800 Exception <a 'sun/nio/fs/WindowsException'{0x00000000ca674420}> (0x00000000ca674420) 
thrown [./open/src/hotspot/share/prims/jni.cpp, line 599]
Event: 411.047 Thread 0x0000018fea4e6800 Exception <a 'sun/nio/fs/WindowsException'{0x00000000ca68a600}> (0x00000000ca68a600) 
thrown [./open/src/hotspot/share/prims/jni.cpp, line 599]
Event: 411.060 Thread 0x0000018fea4e6800 Exception <a 'sun/nio/fs/WindowsException'{0x00000000ca6b1e80}> (0x00000000ca6b1e80) 
thrown [./open/src/hotspot/share/prims/jni.cpp, line 599]
Event: 411.109 Thread 0x0000018fea4e6800 Exception <a 'sun/nio/fs/WindowsException'{0x00000000ca37df38}> (0x00000000ca37df38) 
thrown [./open/src/hotspot/share/prims/jni.cpp, line 599]
Event: 411.121 Thread 0x0000018fea4e6800 Exception <a 'sun/nio/fs/WindowsException'{0x00000000ca246328}> (0x00000000ca246328) 
thrown [./open/src/hotspot/share/prims/jni.cpp, line 599]
Event: 411.133 Thread 0x0000018fea4e6800 Exception <a 'sun/nio/fs/WindowsException'{0x00000000ca152c40}> (0x00000000ca152c40) 
thrown [./open/src/hotspot/share/prims/jni.cpp, line 599]

Events (20 events):
Event: 410.549 Executing VM operation: G1CollectForAllocation
Event: 410.552 Executing VM operation: G1CollectForAllocation done
Event: 410.660 Executing VM operation: ICBufferFull
Event: 410.660 Executing VM operation: ICBufferFull done
Event: 410.893 Executing VM operation: G1CollectForAllocation
Event: 410.896 Executing VM operation: G1CollectForAllocation done
Event: 410.924 Executing VM operation: G1Concurrent
Event: 410.927 Executing VM operation: G1Concurrent done
Event: 410.944 Executing VM operation: G1Concurrent
Event: 410.944 Executing VM operation: G1Concurrent done
Event: 411.106 Executing VM operation: ICBufferFull
Event: 411.106 Executing VM operation: ICBufferFull done
Event: 411.135 Executing VM operation: HandshakeOneThread
Event: 411.135 Executing VM operation: HandshakeOneThread done
Event: 411.326 Thread 0x0000018fe88dd000 Thread added: 0x0000018fe88dd000
Event: 411.329 Thread 0x0000018fe88e7800 Thread added: 0x0000018fe88e7800
Event: 411.329 Thread 0x0000018fe88e5000 Thread added: 0x0000018fe88e5000
Event: 411.329 Thread 0x0000018fe88e3800 Thread added: 0x0000018fe88e3800
Event: 411.329 Thread 0x0000018fe88e8800 Thread added: 0x0000018fe88e8800
Event: 411.480 Thread 0x0000018fe88bb800 Thread exited: 0x0000018fe88bb800


Dynamic libraries:
0x00007ff7f0180000 - 0x00007ff7f018d000 	C:\Program Files\Java\jdk-14.0.2\bin\java.exe
0x00007ffa59090000 - 0x00007ffa59285000 	C:\Windows\SYSTEM32\ntdll.dll
0x00007ffa377c0000 - 0x00007ffa377d6000 	C:\Program Files\Avast Software\Avast\aswhook.dll
0x00007ffa57220000 - 0x00007ffa572de000 	C:\Windows\System32\KERNEL32.DLL
0x00007ffa568c0000 - 0x00007ffa56b88000 	C:\Windows\System32\KERNELBASE.dll
0x00007ffa56fe0000 - 0x00007ffa570e0000 	C:\Windows\System32\ucrtbase.dll
0x00007ffa41b60000 - 0x00007ffa41b78000 	C:\Program Files\Java\jdk-14.0.2\bin\jli.dll
0x00007ffa3c2e0000 - 0x00007ffa3c2f5000 	C:\Program Files\Java\jdk-14.0.2\bin\VCRUNTIME140.dll
0x00007ffa574c0000 - 0x00007ffa57660000 	C:\Windows\System32\USER32.dll
0x00007ffa567a0000 - 0x00007ffa567c2000 	C:\Windows\System32\win32u.dll
0x00007ffa58e20000 - 0x00007ffa58e4b000 	C:\Windows\System32\GDI32.dll
0x00007ffa372f0000 - 0x00007ffa3758a000 	C:\Windows\WinSxS\amd64_microsoft.windows.common-controls_6595b64144ccf1df_6.0.19041.1110_none_60b5254171f9507e\COMCTL32.dll
0x00007ffa56cc0000 - 0x00007ffa56dcd000 	C:\Windows\System32\gdi32full.dll
0x00007ffa56b90000 - 0x00007ffa56c2d000 	C:\Windows\System32\msvcp_win.dll
0x00007ffa58d80000 - 0x00007ffa58e1e000 	C:\Windows\System32\msvcrt.dll
0x00007ffa57ea0000 - 0x00007ffa57ed0000 	C:\Windows\System32\IMM32.DLL
0x00007ffa344c0000 - 0x00007ffa3455b000 	C:\Program Files\Java\jdk-14.0.2\bin\msvcp140.dll
0x00007ff9d73e0000 - 0x00007ff9d7efe000 	C:\Program Files\Java\jdk-14.0.2\bin\server\jvm.dll
0x00007ffa57170000 - 0x00007ffa5721e000 	C:\Windows\System32\ADVAPI32.dll
0x00007ffa58360000 - 0x00007ffa583fc000 	C:\Windows\System32\sechost.dll
0x00007ffa587c0000 - 0x00007ffa588e5000 	C:\Windows\System32\RPCRT4.dll
0x00007ffa57160000 - 0x00007ffa57168000 	C:\Windows\System32\PSAPI.DLL
0x00007ffa49ab0000 - 0x00007ffa49ab9000 	C:\Windows\SYSTEM32\WSOCK32.dll
0x00007ffa57660000 - 0x00007ffa576cb000 	C:\Windows\System32\WS2_32.dll
0x00007ffa41d60000 - 0x00007ffa41d87000 	C:\Windows\SYSTEM32\WINMM.dll
0x00007ffa507f0000 - 0x00007ffa507fa000 	C:\Windows\SYSTEM32\VERSION.dll
0x00007ffa546b0000 - 0x00007ffa546c2000 	C:\Windows\SYSTEM32\kernel.appcore.dll
0x00007ffa51790000 - 0x00007ffa5179a000 	C:\Program Files\Java\jdk-14.0.2\bin\jimage.dll
0x00007ffa4d930000 - 0x00007ffa4db14000 	C:\Windows\SYSTEM32\DBGHELP.DLL
0x00007ffa4d900000 - 0x00007ffa4d92c000 	C:\Windows\SYSTEM32\dbgcore.DLL
0x00007ffa56c30000 - 0x00007ffa56cb2000 	C:\Windows\System32\bcryptPrimitives.dll
0x00007ffa34800000 - 0x00007ffa34825000 	C:\Program Files\Java\jdk-14.0.2\bin\java.dll
0x00007ffa345f0000 - 0x00007ffa34606000 	C:\Program Files\Java\jdk-14.0.2\bin\zip.dll
0x00007ffa576d0000 - 0x00007ffa57e14000 	C:\Windows\System32\SHELL32.dll
0x00007ffa548b0000 - 0x00007ffa55044000 	C:\Windows\SYSTEM32\windows.storage.dll
0x00007ffa58400000 - 0x00007ffa58755000 	C:\Windows\System32\combase.dll
0x00007ffa561f0000 - 0x00007ffa5621e000 	C:\Windows\SYSTEM32\Wldp.dll
0x00007ffa572e0000 - 0x00007ffa5738d000 	C:\Windows\System32\SHCORE.dll
0x00007ffa58760000 - 0x00007ffa587b5000 	C:\Windows\System32\shlwapi.dll
0x00007ffa566e0000 - 0x00007ffa566ff000 	C:\Windows\SYSTEM32\profapi.dll
0x00007ffa344a0000 - 0x00007ffa344b9000 	C:\Program Files\Java\jdk-14.0.2\bin\net.dll
0x00007ffa4f5e0000 - 0x00007ffa4f6ec000 	C:\Windows\SYSTEM32\WINHTTP.dll
0x00007ffa55f50000 - 0x00007ffa55fba000 	C:\Windows\system32\mswsock.dll
0x00007ffa34480000 - 0x00007ffa34492000 	C:\Program Files\Java\jdk-14.0.2\bin\nio.dll
0x00007ffa41ab0000 - 0x00007ffa41ac0000 	C:\Program Files\Java\jdk-14.0.2\bin\verify.dll
0x00007ffa1cc80000 - 0x00007ffa1cc9e000 	C:\Users\Plads\.gradle\native\25\windows-amd64\native-platform.dll
0x00007ffa3c690000 - 0x00007ffa3c699000 	C:\Program Files\Java\jdk-14.0.2\bin\management.dll
0x00007ffa3c5c0000 - 0x00007ffa3c5cb000 	C:\Program Files\Java\jdk-14.0.2\bin\management_ext.dll
0x00007ffa56140000 - 0x00007ffa56158000 	C:\Windows\SYSTEM32\CRYPTSP.dll
0x00007ffa55860000 - 0x00007ffa55894000 	C:\Windows\system32\rsaenh.dll
0x00007ffa567d0000 - 0x00007ffa567f7000 	C:\Windows\System32\bcrypt.dll
0x00007ffa566a0000 - 0x00007ffa566ce000 	C:\Windows\SYSTEM32\USERENV.dll
0x00007ffa56160000 - 0x00007ffa5616c000 	C:\Windows\SYSTEM32\CRYPTBASE.dll
0x00007ffa55bf0000 - 0x00007ffa55c2b000 	C:\Windows\SYSTEM32\IPHLPAPI.DLL
0x00007ffa58350000 - 0x00007ffa58358000 	C:\Windows\System32\NSI.dll
0x00007ffa50ff0000 - 0x00007ffa51007000 	C:\Windows\SYSTEM32\dhcpcsvc6.DLL
0x00007ffa50e60000 - 0x00007ffa50e7d000 	C:\Windows\SYSTEM32\dhcpcsvc.DLL
0x00007ffa55c30000 - 0x00007ffa55cfb000 	C:\Windows\SYSTEM32\DNSAPI.dll

dbghelp: loaded successfully - version: 4.0.5 - missing functions: none
symbol engine: initialized successfully - sym options: 0x614 - pdb path: .;C:\Program Files\Java\jdk-14.0.2\bin;C:\Windows\SYSTEM32;C:\Program Files\Avast Software\Avast;C:\Windows\WinSxS\amd64_microsoft.windows.common-controls_6595b64144ccf1df_6.0.19041.1110_none_60b5254171f9507e;C:\Program Files\Java\jdk-14.0.2\bin\server;C:\Users\Plads\.gradle\native\25\windows-amd64

VM Arguments:
jvm_args: --add-opens=java.base/java.util=ALL-UNNAMED -XX:+HeapDumpOnOutOfMemoryError -Xmx1024m -Dfile.encoding=windows-1252 -Duser.country=CA -Duser.language=en -Duser.variant 
java_command: org.gradle.launcher.daemon.bootstrap.GradleDaemon 4.10.2
java_class_path (initial): C:\Users\Plads\.gradle\wrapper\dists\gradle-4.10.2-bin\cghg6c4gf4vkiutgsab8yrnwv\gradle-4.10.2\lib\gradle-launcher-4.10.2.jar
Launcher Type: SUN_STANDARD

[Global flags]
     intx CICompilerCount                          = 3                                         {product} {ergonomic}
     uint ConcGCThreads                            = 2                                         {product} {ergonomic}
     uint G1ConcRefinementThreads                  = 6                                         {product} {ergonomic}
   size_t G1HeapRegionSize                         = 1048576                                   {product} {ergonomic}
    uintx GCDrainStackTargetSize                   = 64                                        {product} {ergonomic}
     bool HeapDumpOnOutOfMemoryError               = true                                   {manageable} {command line}
   size_t InitialHeapSize                          = 268435456                                 {product} {ergonomic}
   size_t MarkStackSize                            = 4194304                                   {product} {ergonomic}
   size_t MaxHeapSize                              = 1073741824                                {product} {command line}
   size_t MaxNewSize                               = 643825664                                 {product} {ergonomic}
   size_t MinHeapDeltaBytes                        = 1048576                                   {product} {ergonomic}
   size_t MinHeapSize                              = 8388608                                   {product} {ergonomic}
    uintx NonNMethodCodeHeapSize                   = 5832780                                {pd product} {ergonomic}
    uintx NonProfiledCodeHeapSize                  = 122912730                              {pd product} {ergonomic}
    uintx ProfiledCodeHeapSize                     = 122912730                              {pd product} {ergonomic}
    uintx ReservedCodeCacheSize                    = 251658240                              {pd product} {ergonomic}
     bool SegmentedCodeCache                       = true                                      {product} {ergonomic}
   size_t SoftMaxHeapSize                          = 1073741824                             {manageable} {ergonomic}
     bool UseCompressedClassPointers               = true                                 {lp64_product} {ergonomic}
     bool UseCompressedOops                        = true                                 {lp64_product} {ergonomic}
     bool UseG1GC                                  = true                                      {product} {ergonomic}
     bool UseLargePagesIndividualAllocation        = false                                  {pd product} {ergonomic}

Logging:
Log output configuration:
 #0: stdout all=warning uptime,level,tags
 #1: stderr all=off uptime,level,tags

Environment Variables:
JAVA_HOME=C:\Program Files\Java\jdk-14.0.2
PATH=C:\Program Files (x86)\Common Files\Oracle\Java\javapath;C:\Program Files (x86)\VMware\VMware Player\bin\;C:\Python310\Scripts\;C:\Python310\;C:\Windows\system32;C:\Windows;C:\Windows\System32\Wbem;C:\Windows\System32\WindowsPowerShell\v1.0\;C:\Windows\System32\OpenSSH\;C:\Program Files\nodejs\;C:\ProgramData\chocolatey\bin;C:\Program Files (x86)\NVIDIA Corporation\PhysX\Common;C:\Program Files\Git\cmd;C:\Users\Plads\AppData\Local\Microsoft\WindowsApps;C:\Users\Plads\AppData\Roaming\npm;C:\Users\Plads\AppData\Local\atom\bin;C:\Program Files\JetBrains\IntelliJ IDEA Community Edition 2021.3.2\bin;;C:\Users\Plads\AppData\Local\GitHubDesktop\bin;C:\Program Files\JetBrains\PyCharm Community Edition 2021.3.2\bin;
USERNAME=Plads
OS=Windows_NT
PROCESSOR_IDENTIFIER=Intel64 Family 6 Model 158 Stepping 10, GenuineIntel



---------------  S Y S T E M  ---------------

OS: Windows 10 , 64 bit Build 19041 (10.0.19041.1503)
OS uptime: 3 days 23:59 hours

CPU:total 6 (initial active 6) (6 cores per cpu, 1 threads per core) family 6 model 158 stepping 10, cmov, cx8, fxsr, mmx, sse, sse2, sse3, ssse3, sse4.1, sse4.2, popcnt, avx, avx2, aes, clmul, erms, rtm, 3dnowpref, lzcnt, tsc, tscinvbit, bmi1, bmi2, adx, fma

Memory: 4k page, system-wide physical 16325M (1353M free)
TotalPageFile size 65477M (AvailPageFile size 1M)
current process WorkingSet (physical memory assigned to process): 238M, peak: 275M
current process commit charge ("private bytes"): 281M, peak: 416M

vm_info: OpenJDK 64-Bit Server VM (14.0.2+12-46) for windows-amd64 JRE (14.0.2+12-46), built on Jul  9 2020 00:31:16 by "mach5one" with MS VC++ 15.9 (VS2017)

END.
