#
# There is insufficient memory for the Java Runtime Environment to continue.
# Native memory allocation (malloc) failed to allocate 395328 bytes for Chunk::new
# Possible reasons:
#   The system is out of physical RAM or swap space
#   The process is running with CompressedOops enabled, and the Java Heap may be blocking the growth of the native heap
# Possible solutions:
#   Reduce memory load on the system
#   Increase physical memory or swap space
#   Check if swap backing store is full
#   Decrease Java heap size (-Xmx/-Xms)
#   Decrease number of Java threads
#   Decrease Java thread stack sizes (-Xss)
#   Set larger code cache with -XX:ReservedCodeCacheSize=
#   JVM is running with Zero Based Compressed Oops mode in which the Java heap is
#     placed in the first 32GB address space. The Java Heap base address is the
#     maximum limit for the native heap growth. Please use -XX:HeapBaseMinAddress
#     to set the Java Heap base and to place the Java Heap above 32GB virtual address.
# This output file may be truncated or incomplete.
#
#  Out of Memory Error (./open/src/hotspot/share/memory/arena.cpp:195), pid=25668, tid=9620
#
# JRE version: OpenJDK Runtime Environment (14.0.2+12) (build 14.0.2+12-46)
# Java VM: OpenJDK 64-Bit Server VM (14.0.2+12-46, mixed mode, sharing, tiered, compressed oops, g1 gc, windows-amd64)
# No core dump will be written. Minidumps are not enabled by default on client versions of Windows
#

---------------  S U M M A R Y ------------

Command Line: -Dfile.encoding=windows-1252 -Duser.country=CA -Duser.language=en -Duser.variant rlbotexample.JavaExample

Host: Intel(R) Core(TM) i5-8600K CPU @ 3.60GHz, 6 cores, 15G,  Windows 10 , 64 bit Build 19041 (10.0.19041.1503)
Time: Fri Feb 18 02:20:41 2022 Easter Island Daylight Time elapsed time: 130 seconds (0d 0h 2m 10s)

---------------  T H R E A D  ---------------

Current thread (0x000001a3d6404800):  JavaThread "C2 CompilerThread0" daemon [_thread_in_native, id=9620, stack(0x0000009560000000,0x0000009560100000)]


Current CompileTask:
C2: 130567 2793   !   4       sun.nio.ch.NioSocketImpl::accept (411 bytes)

Stack: [0x0000009560000000,0x0000009560100000]
Native frames: (J=compiled Java code, j=interpreted, Vv=VM code, C=native code)
V  [jvm.dll+0x5f8a9a]
V  [jvm.dll+0x74247a]
V  [jvm.dll+0x743c2f]
V  [jvm.dll+0x744273]
V  [jvm.dll+0x20d288]
V  [jvm.dll+0xabb07]
V  [jvm.dll+0xac1fc]
V  [jvm.dll+0x31c495]
V  [jvm.dll+0x2e6b38]
V  [jvm.dll+0x2e5f3a]
V  [jvm.dll+0x1e5e16]
V  [jvm.dll+0x1e50b8]
V  [jvm.dll+0x1779cc]
V  [jvm.dll+0x1f4105]
V  [jvm.dll+0x1f22eb]
V  [jvm.dll+0x7070cd]
V  [jvm.dll+0x6ffeda]
V  [jvm.dll+0x5f78f6]
C  [ucrtbase.dll+0x21bb2]
C  [KERNEL32.DLL+0x17034]
C  [ntdll.dll+0x52651]


---------------  P R O C E S S  ---------------

Threads class SMR info:
_java_thread_list=0x000001a3e1661e20, length=21, elements={
0x000001a3d5b5c800, 0x000001a3d5b5d800, 0x000001a3d5b7a000, 0x000001a3d5b7d800,
0x000001a3d5b7e800, 0x000001a3d6404800, 0x000001a3d640b000, 0x000001a3d6417000,
0x000001a3d6550000, 0x000001a3d655d800, 0x000001a3d6588800, 0x000001a3d6a13000,
0x000001a3d6a17000, 0x000001a3d6a1a800, 0x000001a3ddbd3800, 0x000001a3de075000,
0x000001a3b219f800, 0x000001a3dde9c000, 0x000001a3dddeb800, 0x000001a3dddef800,
0x000001a3dddeb000
}

Java Threads: ( => current thread )
  0x000001a3d5b5c800 JavaThread "Reference Handler" daemon [_thread_blocked, id=26600, stack(0x000000955fb00000,0x000000955fc00000)]
  0x000001a3d5b5d800 JavaThread "Finalizer" daemon [_thread_blocked, id=9756, stack(0x000000955fc00000,0x000000955fd00000)]
  0x000001a3d5b7a000 JavaThread "Signal Dispatcher" daemon [_thread_blocked, id=17316, stack(0x000000955fd00000,0x000000955fe00000)]
  0x000001a3d5b7d800 JavaThread "Attach Listener" daemon [_thread_blocked, id=20440, stack(0x000000955fe00000,0x000000955ff00000)]
  0x000001a3d5b7e800 JavaThread "Service Thread" daemon [_thread_blocked, id=16800, stack(0x000000955ff00000,0x0000009560000000)]
=>0x000001a3d6404800 JavaThread "C2 CompilerThread0" daemon [_thread_in_native, id=9620, stack(0x0000009560000000,0x0000009560100000)]
  0x000001a3d640b000 JavaThread "C1 CompilerThread0" daemon [_thread_blocked, id=17372, stack(0x0000009560100000,0x0000009560200000)]
  0x000001a3d6417000 JavaThread "Sweeper thread" daemon [_thread_blocked, id=26568, stack(0x0000009560200000,0x0000009560300000)]
  0x000001a3d6550000 JavaThread "Notification Thread" daemon [_thread_blocked, id=24444, stack(0x0000009560300000,0x0000009560400000)]
  0x000001a3d655d800 JavaThread "Common-Cleaner" daemon [_thread_blocked, id=23212, stack(0x0000009560500000,0x0000009560600000)]
  0x000001a3d6588800 JavaThread "Thread-0" [_thread_in_native, id=16552, stack(0x0000009560600000,0x0000009560700000)]
  0x000001a3d6a13000 JavaThread "Java2D Disposer" daemon [_thread_blocked, id=11192, stack(0x0000009560800000,0x0000009560900000)]
  0x000001a3d6a17000 JavaThread "AWT-Shutdown" [_thread_blocked, id=15952, stack(0x0000009560900000,0x0000009560a00000)]
  0x000001a3d6a1a800 JavaThread "AWT-Windows" daemon [_thread_in_native, id=23712, stack(0x0000009560a00000,0x0000009560b00000)]
  0x000001a3ddbd3800 JavaThread "AWT-EventQueue-0" [_thread_blocked, id=5872, stack(0x0000009560d00000,0x0000009560e00000)]
  0x000001a3de075000 JavaThread "TimerQueue" daemon [_thread_blocked, id=19124, stack(0x0000009560f00000,0x0000009561000000)]
  0x000001a3b219f800 JavaThread "DestroyJavaVM" [_thread_blocked, id=17040, stack(0x000000955f400000,0x000000955f500000)]
  0x000001a3dde9c000 JavaThread "D3D Screen Updater" daemon [_thread_blocked, id=22344, stack(0x0000009561000000,0x0000009561100000)]
  0x000001a3dddeb800 JavaThread "Thread-1" [_thread_in_native, id=21016, stack(0x0000009560700000,0x0000009560800000)]
  0x000001a3dddef800 JavaThread "Thread-2" [_thread_blocked, id=20992, stack(0x0000009561100000,0x0000009561200000)]
  0x000001a3dddeb000 JavaThread "Thread-14" [_thread_in_native, id=5912, stack(0x000000955f100000,0x000000955f200000)]

Other Threads:
  0x000001a3d5b55800 VMThread "VM Thread" [stack: 0x000000955fa00000,0x000000955fb00000] [id=16192]
  0x000001a3d6550800 WatcherThread [stack: 0x0000009560400000,0x0000009560500000] [id=396]
  0x000001a3b220a800 GCTaskThread "GC Thread#0" [stack: 0x000000955f500000,0x000000955f600000] [id=24288]
  0x000001a3de158000 GCTaskThread "GC Thread#1" [stack: 0x0000009561400000,0x0000009561500000] [id=18408]
  0x000001a3de158800 GCTaskThread "GC Thread#2" [stack: 0x0000009561500000,0x0000009561600000] [id=940]
  0x000001a3de15b800 GCTaskThread "GC Thread#3" [stack: 0x0000009561600000,0x0000009561700000] [id=26528]
  0x000001a3de38c000 GCTaskThread "GC Thread#4" [stack: 0x0000009561700000,0x0000009561800000] [id=21176]
  0x000001a3de38c800 GCTaskThread "GC Thread#5" [stack: 0x0000009561800000,0x0000009561900000] [id=9480]
  0x000001a3b222c000 ConcurrentGCThread "G1 Main Marker" [stack: 0x000000955f600000,0x000000955f700000] [id=22752]
  0x000001a3b222e800 ConcurrentGCThread "G1 Conc#0" [stack: 0x000000955f700000,0x000000955f800000] [id=19392]
  0x000001a3dda31800 ConcurrentGCThread "G1 Conc#1" [stack: 0x0000009561b00000,0x0000009561c00000] [id=16756]
  0x000001a3d5a41800 ConcurrentGCThread "G1 Refine#0" [stack: 0x000000955f800000,0x000000955f900000] [id=23548]
  0x000001a3de71f000 ConcurrentGCThread "G1 Refine#1" [stack: 0x0000009561900000,0x0000009561a00000] [id=23064]
  0x000001a3e153e800 ConcurrentGCThread "G1 Refine#2" [stack: 0x0000009561a00000,0x0000009561b00000] [id=19752]
  0x000001a3d5a44000 ConcurrentGCThread "G1 Young RemSet Sampling" [stack: 0x000000955f900000,0x000000955fa00000] [id=25728]

Threads with active compile tasks:
C2 CompilerThread0   130707 2793   !   4       sun.nio.ch.NioSocketImpl::accept (411 bytes)

VM state:not at safepoint (normal execution)

VM Mutex/Monitor currently owned by a thread: None

Heap address: 0x0000000700e00000, size: 4082 MB, Compressed Oops mode: Zero based, Oop shift amount: 3
Narrow klass base: 0x0000000800000000, Narrow klass shift: 3
Compressed class space size: 1073741824 Address: 0x0000000800b30000

Heap:
 garbage-first heap   total 342016K, used 250229K [0x0000000700e00000, 0x0000000800000000)
  region size 1024K, 8 young (8192K), 4 survivors (4096K)
 Metaspace       used 10884K, capacity 11246K, committed 11392K, reserved 1058816K
  class space    used 1155K, capacity 1320K, committed 1408K, reserved 1048576K
Heap Regions: E=young(eden), S=young(survivor), O=old, HS=humongous(starts), HC=humongous(continues), CS=collection set, F=free, OA=open archive, CA=closed archive, TAMS=top-at-mark-start (previous, next)
|   0|0x0000000700e00000, 0x0000000700f00000, 0x0000000700f00000|100%| O|  |TAMS 0x0000000700f00000, 0x0000000700e00000| Untracked 
|   1|0x0000000700f00000, 0x0000000701000000, 0x0000000701000000|100%| O|  |TAMS 0x0000000701000000, 0x0000000700f00000| Untracked 
|   2|0x0000000701000000, 0x0000000701100000, 0x0000000701100000|100%| O|  |TAMS 0x0000000701100000, 0x0000000701000000| Untracked 
|   3|0x0000000701100000, 0x0000000701200000, 0x0000000701200000|100%|HS|  |TAMS 0x0000000701100000, 0x0000000701100000| Complete 
|   4|0x0000000701200000, 0x0000000701300000, 0x0000000701300000|100%|HS|  |TAMS 0x0000000701200000, 0x0000000701200000| Complete 
|   5|0x0000000701300000, 0x0000000701400000, 0x0000000701400000|100%|HS|  |TAMS 0x0000000701300000, 0x0000000701300000| Complete 
|   6|0x0000000701400000, 0x0000000701500000, 0x0000000701500000|100%| O|  |TAMS 0x0000000701400000, 0x0000000701400000| Untracked 
|   7|0x0000000701500000, 0x0000000701600000, 0x0000000701600000|100%| O|  |TAMS 0x0000000701500000, 0x0000000701500000| Untracked 
|   8|0x0000000701600000, 0x0000000701700000, 0x0000000701700000|100%| O|  |TAMS 0x0000000701600000, 0x0000000701600000| Untracked 
|   9|0x0000000701700000, 0x0000000701800000, 0x0000000701800000|100%| O|  |TAMS 0x0000000701700000, 0x0000000701700000| Untracked 
|  10|0x0000000701800000, 0x0000000701900000, 0x0000000701900000|100%| O|  |TAMS 0x0000000701800000, 0x0000000701800000| Untracked 
|  11|0x0000000701900000, 0x0000000701a00000, 0x0000000701a00000|100%| O|  |TAMS 0x0000000701900000, 0x0000000701900000| Untracked 
|  12|0x0000000701a00000, 0x0000000701b00000, 0x0000000701b00000|100%| O|  |TAMS 0x0000000701a00000, 0x0000000701a00000| Untracked 
|  13|0x0000000701b00000, 0x0000000701c00000, 0x0000000701c00000|100%| O|  |TAMS 0x0000000701b00000, 0x0000000701b00000| Untracked 
|  14|0x0000000701c00000, 0x0000000701d00000, 0x0000000701d00000|100%|HS|  |TAMS 0x0000000701c00000, 0x0000000701c00000| Complete 
|  15|0x0000000701d00000, 0x0000000701e00000, 0x0000000701e00000|100%|HC|  |TAMS 0x0000000701d00000, 0x0000000701d00000| Complete 
|  16|0x0000000701e00000, 0x0000000701f00000, 0x0000000701f00000|100%|HS|  |TAMS 0x0000000701e00000, 0x0000000701e00000| Complete 
|  17|0x0000000701f00000, 0x0000000702000000, 0x0000000702000000|100%|HC|  |TAMS 0x0000000701f00000, 0x0000000701f00000| Complete 
|  18|0x0000000702000000, 0x0000000702100000, 0x0000000702100000|100%|HS|  |TAMS 0x0000000702000000, 0x0000000702000000| Complete 
|  19|0x0000000702100000, 0x0000000702200000, 0x0000000702200000|100%| O|  |TAMS 0x0000000702100000, 0x0000000702100000| Untracked 
|  20|0x0000000702200000, 0x0000000702300000, 0x0000000702300000|100%| O|  |TAMS 0x0000000702200000, 0x0000000702200000| Untracked 
|  21|0x0000000702300000, 0x0000000702400000, 0x0000000702400000|100%| O|  |TAMS 0x0000000702300000, 0x0000000702300000| Untracked 
|  22|0x0000000702400000, 0x0000000702500000, 0x0000000702500000|100%| O|  |TAMS 0x0000000702400000, 0x0000000702400000| Untracked 
|  23|0x0000000702500000, 0x0000000702600000, 0x0000000702600000|100%| O|  |TAMS 0x0000000702500000, 0x0000000702500000| Untracked 
|  24|0x0000000702600000, 0x0000000702700000, 0x0000000702700000|100%|HS|  |TAMS 0x0000000702600000, 0x0000000702600000| Complete 
|  25|0x0000000702700000, 0x0000000702800000, 0x0000000702800000|100%|HS|  |TAMS 0x0000000702700000, 0x0000000702700000| Complete 
|  26|0x0000000702800000, 0x0000000702900000, 0x0000000702900000|100%| O|  |TAMS 0x0000000702800000, 0x0000000702800000| Untracked 
|  27|0x0000000702900000, 0x0000000702a00000, 0x0000000702a00000|100%| O|  |TAMS 0x0000000702900000, 0x0000000702900000| Untracked 
|  28|0x0000000702a00000, 0x0000000702b00000, 0x0000000702b00000|100%| O|  |TAMS 0x0000000702a00000, 0x0000000702a00000| Untracked 
|  29|0x0000000702b00000, 0x0000000702c00000, 0x0000000702c00000|100%| O|  |TAMS 0x0000000702b00000, 0x0000000702b00000| Untracked 
|  30|0x0000000702c00000, 0x0000000702d00000, 0x0000000702d00000|100%| O|  |TAMS 0x0000000702c00000, 0x0000000702c00000| Untracked 
|  31|0x0000000702d00000, 0x0000000702e00000, 0x0000000702e00000|100%| O|  |TAMS 0x0000000702d00000, 0x0000000702d00000| Untracked 
|  32|0x0000000702e00000, 0x0000000702f00000, 0x0000000702f00000|100%| O|  |TAMS 0x0000000702e00000, 0x0000000702e00000| Untracked 
|  33|0x0000000702f00000, 0x0000000703000000, 0x0000000703000000|100%| O|  |TAMS 0x0000000702f00000, 0x0000000702f00000| Untracked 
|  34|0x0000000703000000, 0x0000000703100000, 0x0000000703100000|100%| O|  |TAMS 0x0000000703000000, 0x0000000703000000| Untracked 
|  35|0x0000000703100000, 0x0000000703200000, 0x0000000703200000|100%| O|  |TAMS 0x0000000703100000, 0x0000000703100000| Untracked 
|  36|0x0000000703200000, 0x0000000703300000, 0x0000000703300000|100%|HS|  |TAMS 0x0000000703200000, 0x0000000703200000| Complete 
|  37|0x0000000703300000, 0x0000000703400000, 0x0000000703400000|100%|HS|  |TAMS 0x0000000703300000, 0x0000000703300000| Complete 
|  38|0x0000000703400000, 0x0000000703500000, 0x0000000703500000|100%| O|  |TAMS 0x0000000703400000, 0x0000000703400000| Untracked 
|  39|0x0000000703500000, 0x0000000703600000, 0x0000000703600000|100%| O|  |TAMS 0x0000000703500000, 0x0000000703500000| Untracked 
|  40|0x0000000703600000, 0x0000000703700000, 0x0000000703700000|100%| O|  |TAMS 0x0000000703600000, 0x0000000703600000| Untracked 
|  41|0x0000000703700000, 0x0000000703800000, 0x0000000703800000|100%| O|  |TAMS 0x0000000703700000, 0x0000000703700000| Untracked 
|  42|0x0000000703800000, 0x0000000703900000, 0x0000000703900000|100%| O|  |TAMS 0x0000000703800000, 0x0000000703800000| Untracked 
|  43|0x0000000703900000, 0x0000000703a00000, 0x0000000703a00000|100%| O|  |TAMS 0x0000000703a00000, 0x0000000703900000| Untracked 
|  44|0x0000000703a00000, 0x0000000703b00000, 0x0000000703b00000|100%| O|  |TAMS 0x0000000703b00000, 0x0000000703a00000| Untracked 
|  45|0x0000000703b00000, 0x0000000703c00000, 0x0000000703c00000|100%| O|  |TAMS 0x0000000703b00000, 0x0000000703b00000| Untracked 
|  46|0x0000000703c00000, 0x0000000703d00000, 0x0000000703d00000|100%| O|  |TAMS 0x0000000703d00000, 0x0000000703c00000| Untracked 
|  47|0x0000000703d00000, 0x0000000703e00000, 0x0000000703e00000|100%|HS|  |TAMS 0x0000000703d00000, 0x0000000703d00000| Complete 
|  48|0x0000000703e00000, 0x0000000703f00000, 0x0000000703f00000|100%|HS|  |TAMS 0x0000000703e00000, 0x0000000703e00000| Complete 
|  49|0x0000000703f00000, 0x0000000704000000, 0x0000000704000000|100%| O|  |TAMS 0x0000000703f00000, 0x0000000703f00000| Untracked 
|  50|0x0000000704000000, 0x0000000704100000, 0x0000000704100000|100%| O|  |TAMS 0x0000000704000000, 0x0000000704000000| Untracked 
|  51|0x0000000704100000, 0x0000000704200000, 0x0000000704200000|100%| O|  |TAMS 0x0000000704200000, 0x0000000704100000| Untracked 
|  52|0x0000000704200000, 0x0000000704300000, 0x0000000704300000|100%|HS|  |TAMS 0x0000000704200000, 0x0000000704200000| Complete 
|  53|0x0000000704300000, 0x0000000704400000, 0x0000000704400000|100%|HC|  |TAMS 0x0000000704300000, 0x0000000704300000| Complete 
|  54|0x0000000704400000, 0x0000000704500000, 0x0000000704500000|100%| O|  |TAMS 0x0000000704400000, 0x0000000704400000| Untracked 
|  55|0x0000000704500000, 0x0000000704600000, 0x0000000704600000|100%| O|  |TAMS 0x0000000704600000, 0x0000000704500000| Untracked 
|  56|0x0000000704600000, 0x0000000704700000, 0x0000000704700000|100%| O|  |TAMS 0x0000000704600000, 0x0000000704600000| Untracked 
|  57|0x0000000704700000, 0x0000000704800000, 0x0000000704800000|100%| O|  |TAMS 0x0000000704800000, 0x0000000704700000| Untracked 
|  58|0x0000000704800000, 0x0000000704900000, 0x0000000704900000|100%|HS|  |TAMS 0x0000000704800000, 0x0000000704800000| Complete 
|  59|0x0000000704900000, 0x0000000704a00000, 0x0000000704a00000|100%|HC|  |TAMS 0x0000000704900000, 0x0000000704900000| Complete 
|  60|0x0000000704a00000, 0x0000000704b00000, 0x0000000704b00000|100%| O|  |TAMS 0x0000000704a00000, 0x0000000704a00000| Untracked 
|  61|0x0000000704b00000, 0x0000000704c00000, 0x0000000704c00000|100%| O|  |TAMS 0x0000000704b00000, 0x0000000704b00000| Untracked 
|  62|0x0000000704c00000, 0x0000000704d00000, 0x0000000704d00000|100%| O|  |TAMS 0x0000000704c00000, 0x0000000704c00000| Untracked 
|  63|0x0000000704d00000, 0x0000000704e00000, 0x0000000704e00000|100%|HS|  |TAMS 0x0000000704d00000, 0x0000000704d00000| Complete 
|  64|0x0000000704e00000, 0x0000000704f00000, 0x0000000704f00000|100%|HS|  |TAMS 0x0000000704e00000, 0x0000000704e00000| Complete 
|  65|0x0000000704f00000, 0x0000000705000000, 0x0000000705000000|100%| O|  |TAMS 0x0000000704f00000, 0x0000000704f00000| Untracked 
|  66|0x0000000705000000, 0x0000000705100000, 0x0000000705100000|100%| O|  |TAMS 0x0000000705000000, 0x0000000705000000| Untracked 
|  67|0x0000000705100000, 0x0000000705200000, 0x0000000705200000|100%| O|  |TAMS 0x0000000705100000, 0x0000000705100000| Untracked 
|  68|0x0000000705200000, 0x0000000705300000, 0x0000000705300000|100%|HS|  |TAMS 0x0000000705200000, 0x0000000705200000| Complete 
|  69|0x0000000705300000, 0x0000000705400000, 0x0000000705400000|100%|HC|  |TAMS 0x0000000705300000, 0x0000000705300000| Complete 
|  70|0x0000000705400000, 0x0000000705500000, 0x0000000705500000|100%|HS|  |TAMS 0x0000000705400000, 0x0000000705400000| Complete 
|  71|0x0000000705500000, 0x0000000705600000, 0x0000000705600000|100%|HC|  |TAMS 0x0000000705500000, 0x0000000705500000| Complete 
|  72|0x0000000705600000, 0x0000000705700000, 0x0000000705700000|100%| O|  |TAMS 0x0000000705600000, 0x0000000705600000| Untracked 
|  73|0x0000000705700000, 0x0000000705800000, 0x0000000705800000|100%| O|  |TAMS 0x0000000705700000, 0x0000000705700000| Untracked 
|  74|0x0000000705800000, 0x0000000705900000, 0x0000000705900000|100%| O|  |TAMS 0x0000000705800000, 0x0000000705800000| Untracked 
|  75|0x0000000705900000, 0x0000000705a00000, 0x0000000705a00000|100%| O|  |TAMS 0x0000000705900000, 0x0000000705900000| Untracked 
|  76|0x0000000705a00000, 0x0000000705b00000, 0x0000000705b00000|100%| O|  |TAMS 0x0000000705a00000, 0x0000000705a00000| Untracked 
|  77|0x0000000705b00000, 0x0000000705c00000, 0x0000000705c00000|100%| O|  |TAMS 0x0000000705c00000, 0x0000000705b00000| Untracked 
|  78|0x0000000705c00000, 0x0000000705d00000, 0x0000000705d00000|100%|HS|  |TAMS 0x0000000705c00000, 0x0000000705c00000| Complete 
|  79|0x0000000705d00000, 0x0000000705e00000, 0x0000000705e00000|100%| O|  |TAMS 0x0000000705e00000, 0x0000000705d00000| Untracked 
|  80|0x0000000705e00000, 0x0000000705f00000, 0x0000000705f00000|100%|HS|  |TAMS 0x0000000705e00000, 0x0000000705e00000| Complete 
|  81|0x0000000705f00000, 0x0000000706000000, 0x0000000706000000|100%| O|  |TAMS 0x0000000705f00000, 0x0000000705f00000| Untracked 
|  82|0x0000000706000000, 0x0000000706100000, 0x0000000706100000|100%| O|  |TAMS 0x0000000706000000, 0x0000000706000000| Untracked 
|  83|0x0000000706100000, 0x0000000706200000, 0x0000000706200000|100%| O|  |TAMS 0x0000000706200000, 0x0000000706100000| Untracked 
|  84|0x0000000706200000, 0x0000000706300000, 0x0000000706300000|100%| O|  |TAMS 0x0000000706200000, 0x0000000706200000| Untracked 
|  85|0x0000000706300000, 0x0000000706400000, 0x0000000706400000|100%| O|  |TAMS 0x0000000706400000, 0x0000000706300000| Untracked 
|  86|0x0000000706400000, 0x0000000706500000, 0x0000000706500000|100%| O|  |TAMS 0x0000000706500000, 0x0000000706400000| Untracked 
|  87|0x0000000706500000, 0x0000000706600000, 0x0000000706600000|100%| O|  |TAMS 0x0000000706600000, 0x0000000706500000| Untracked 
|  88|0x0000000706600000, 0x0000000706700000, 0x0000000706700000|100%| O|  |TAMS 0x0000000706700000, 0x0000000706600000| Untracked 
|  89|0x0000000706700000, 0x0000000706800000, 0x0000000706800000|100%| O|  |TAMS 0x0000000706700000, 0x0000000706700000| Untracked 
|  90|0x0000000706800000, 0x0000000706900000, 0x0000000706900000|100%| O|  |TAMS 0x0000000706800000, 0x0000000706800000| Untracked 
|  91|0x0000000706900000, 0x0000000706a00000, 0x0000000706a00000|100%|HS|  |TAMS 0x0000000706900000, 0x0000000706900000| Complete 
|  92|0x0000000706a00000, 0x0000000706b00000, 0x0000000706b00000|100%| O|  |TAMS 0x0000000706b00000, 0x0000000706a00000| Untracked 
|  93|0x0000000706b00000, 0x0000000706c00000, 0x0000000706c00000|100%|HS|  |TAMS 0x0000000706b00000, 0x0000000706b00000| Complete 
|  94|0x0000000706c00000, 0x0000000706d00000, 0x0000000706d00000|100%| O|  |TAMS 0x0000000706d00000, 0x0000000706c00000| Untracked 
|  95|0x0000000706d00000, 0x0000000706e00000, 0x0000000706e00000|100%| O|  |TAMS 0x0000000706e00000, 0x0000000706d00000| Untracked 
|  96|0x0000000706e00000, 0x0000000706f00000, 0x0000000706f00000|100%| O|  |TAMS 0x0000000706f00000, 0x0000000706e00000| Untracked 
|  97|0x0000000706f00000, 0x0000000707000000, 0x0000000707000000|100%| O|  |TAMS 0x0000000707000000, 0x0000000706f00000| Untracked 
|  98|0x0000000707000000, 0x0000000707100000, 0x0000000707100000|100%| O|  |TAMS 0x0000000707100000, 0x0000000707000000| Untracked 
|  99|0x0000000707100000, 0x0000000707200000, 0x0000000707200000|100%| O|  |TAMS 0x0000000707100000, 0x0000000707100000| Untracked 
| 100|0x0000000707200000, 0x0000000707300000, 0x0000000707300000|100%| O|  |TAMS 0x0000000707200000, 0x0000000707200000| Untracked 
| 101|0x0000000707300000, 0x0000000707400000, 0x0000000707400000|100%| O|  |TAMS 0x0000000707400000, 0x0000000707300000| Untracked 
| 102|0x0000000707400000, 0x0000000707500000, 0x0000000707500000|100%| O|  |TAMS 0x0000000707500000, 0x0000000707400000| Untracked 
| 103|0x0000000707500000, 0x0000000707600000, 0x0000000707600000|100%| O|  |TAMS 0x0000000707500000, 0x0000000707500000| Untracked 
| 104|0x0000000707600000, 0x0000000707700000, 0x0000000707700000|100%| O|  |TAMS 0x0000000707700000, 0x0000000707600000| Untracked 
| 105|0x0000000707700000, 0x0000000707800000, 0x0000000707800000|100%| O|  |TAMS 0x0000000707800000, 0x0000000707700000| Untracked 
| 106|0x0000000707800000, 0x0000000707900000, 0x0000000707900000|100%|HS|  |TAMS 0x0000000707900000, 0x0000000707800000| Complete 
| 107|0x0000000707900000, 0x0000000707a00000, 0x0000000707a00000|100%|HS|  |TAMS 0x0000000707a00000, 0x0000000707900000| Complete 
| 108|0x0000000707a00000, 0x0000000707b00000, 0x0000000707b00000|100%| O|  |TAMS 0x0000000707b00000, 0x0000000707a00000| Untracked 
| 109|0x0000000707b00000, 0x0000000707c00000, 0x0000000707c00000|100%| O|  |TAMS 0x0000000707c00000, 0x0000000707b00000| Untracked 
| 110|0x0000000707c00000, 0x0000000707d00000, 0x0000000707d00000|100%| O|  |TAMS 0x0000000707d00000, 0x0000000707c00000| Untracked 
| 111|0x0000000707d00000, 0x0000000707e00000, 0x0000000707e00000|100%| O|  |TAMS 0x0000000707dc1000, 0x0000000707d00000| Untracked 
| 112|0x0000000707e00000, 0x0000000707f00000, 0x0000000707f00000|100%|HS|  |TAMS 0x0000000707f00000, 0x0000000707e00000| Complete 
| 113|0x0000000707f00000, 0x0000000708000000, 0x0000000708000000|100%|HC|  |TAMS 0x0000000708000000, 0x0000000707f00000| Complete 
| 114|0x0000000708000000, 0x0000000708100000, 0x0000000708100000|100%|HS|  |TAMS 0x0000000708000000, 0x0000000708000000| Complete 
| 115|0x0000000708100000, 0x0000000708200000, 0x0000000708200000|100%|HC|  |TAMS 0x0000000708100000, 0x0000000708100000| Complete 
| 116|0x0000000708200000, 0x0000000708300000, 0x0000000708300000|100%| O|  |TAMS 0x0000000708200000, 0x0000000708200000| Untracked 
| 117|0x0000000708300000, 0x0000000708400000, 0x0000000708400000|100%| O|  |TAMS 0x0000000708300000, 0x0000000708300000| Untracked 
| 118|0x0000000708400000, 0x0000000708500000, 0x0000000708500000|100%| O|  |TAMS 0x0000000708400000, 0x0000000708400000| Untracked 
| 119|0x0000000708500000, 0x0000000708600000, 0x0000000708600000|100%| O|  |TAMS 0x0000000708500000, 0x0000000708500000| Untracked 
| 120|0x0000000708600000, 0x0000000708700000, 0x0000000708700000|100%| O|  |TAMS 0x0000000708600000, 0x0000000708600000| Untracked 
| 121|0x0000000708700000, 0x0000000708800000, 0x0000000708800000|100%|HS|  |TAMS 0x0000000708700000, 0x0000000708700000| Complete 
| 122|0x0000000708800000, 0x0000000708900000, 0x0000000708900000|100%|HS|  |TAMS 0x0000000708800000, 0x0000000708800000| Complete 
| 123|0x0000000708900000, 0x0000000708a00000, 0x0000000708a00000|100%| O|  |TAMS 0x0000000708900000, 0x0000000708900000| Untracked 
| 124|0x0000000708a00000, 0x0000000708b00000, 0x0000000708b00000|100%| O|  |TAMS 0x0000000708a00000, 0x0000000708a00000| Untracked 
| 125|0x0000000708b00000, 0x0000000708c00000, 0x0000000708c00000|100%| O|  |TAMS 0x0000000708b00000, 0x0000000708b00000| Untracked 
| 126|0x0000000708c00000, 0x0000000708d00000, 0x0000000708d00000|100%| O|  |TAMS 0x0000000708c00000, 0x0000000708c00000| Untracked 
| 127|0x0000000708d00000, 0x0000000708e00000, 0x0000000708e00000|100%| O|  |TAMS 0x0000000708d00000, 0x0000000708d00000| Untracked 
| 128|0x0000000708e00000, 0x0000000708f00000, 0x0000000708f00000|100%|HS|  |TAMS 0x0000000708e00000, 0x0000000708e00000| Complete 
| 129|0x0000000708f00000, 0x0000000709000000, 0x0000000709000000|100%|HS|  |TAMS 0x0000000708f00000, 0x0000000708f00000| Complete 
| 130|0x0000000709000000, 0x0000000709100000, 0x0000000709100000|100%| O|  |TAMS 0x0000000709000000, 0x0000000709000000| Untracked 
| 131|0x0000000709100000, 0x0000000709200000, 0x0000000709200000|100%| O|  |TAMS 0x0000000709100000, 0x0000000709100000| Untracked 
| 132|0x0000000709200000, 0x0000000709300000, 0x0000000709300000|100%| O|  |TAMS 0x0000000709200000, 0x0000000709200000| Untracked 
| 133|0x0000000709300000, 0x0000000709400000, 0x0000000709400000|100%|HS|  |TAMS 0x0000000709300000, 0x0000000709300000| Complete 
| 134|0x0000000709400000, 0x0000000709500000, 0x0000000709500000|100%|HC|  |TAMS 0x0000000709400000, 0x0000000709400000| Complete 
| 135|0x0000000709500000, 0x0000000709600000, 0x0000000709600000|100%|HS|  |TAMS 0x0000000709500000, 0x0000000709500000| Complete 
| 136|0x0000000709600000, 0x0000000709700000, 0x0000000709700000|100%|HC|  |TAMS 0x0000000709600000, 0x0000000709600000| Complete 
| 137|0x0000000709700000, 0x0000000709800000, 0x0000000709800000|100%| O|  |TAMS 0x0000000709700000, 0x0000000709700000| Untracked 
| 138|0x0000000709800000, 0x0000000709900000, 0x0000000709900000|100%| O|  |TAMS 0x0000000709800000, 0x0000000709800000| Untracked 
| 139|0x0000000709900000, 0x0000000709a00000, 0x0000000709a00000|100%| O|  |TAMS 0x0000000709900000, 0x0000000709900000| Untracked 
| 140|0x0000000709a00000, 0x0000000709b00000, 0x0000000709b00000|100%| O|  |TAMS 0x0000000709a00000, 0x0000000709a00000| Untracked 
| 141|0x0000000709b00000, 0x0000000709c00000, 0x0000000709c00000|100%| O|  |TAMS 0x0000000709b00000, 0x0000000709b00000| Untracked 
| 142|0x0000000709c00000, 0x0000000709d00000, 0x0000000709d00000|100%| O|  |TAMS 0x0000000709c00000, 0x0000000709c00000| Untracked 
| 143|0x0000000709d00000, 0x0000000709e00000, 0x0000000709e00000|100%| O|  |TAMS 0x0000000709d00000, 0x0000000709d00000| Untracked 
| 144|0x0000000709e00000, 0x0000000709f00000, 0x0000000709f00000|100%|HS|  |TAMS 0x0000000709e00000, 0x0000000709e00000| Complete 
| 145|0x0000000709f00000, 0x000000070a000000, 0x000000070a000000|100%|HS|  |TAMS 0x0000000709f00000, 0x0000000709f00000| Complete 
| 146|0x000000070a000000, 0x000000070a100000, 0x000000070a100000|100%| O|  |TAMS 0x000000070a000000, 0x000000070a000000| Untracked 
| 147|0x000000070a100000, 0x000000070a200000, 0x000000070a200000|100%| O|  |TAMS 0x000000070a100000, 0x000000070a100000| Untracked 
| 148|0x000000070a200000, 0x000000070a300000, 0x000000070a300000|100%| O|  |TAMS 0x000000070a200000, 0x000000070a200000| Untracked 
| 149|0x000000070a300000, 0x000000070a400000, 0x000000070a400000|100%|HS|  |TAMS 0x000000070a300000, 0x000000070a300000| Complete 
| 150|0x000000070a400000, 0x000000070a500000, 0x000000070a500000|100%|HC|  |TAMS 0x000000070a400000, 0x000000070a400000| Complete 
| 151|0x000000070a500000, 0x000000070a600000, 0x000000070a600000|100%|HS|  |TAMS 0x000000070a500000, 0x000000070a500000| Complete 
| 152|0x000000070a600000, 0x000000070a700000, 0x000000070a700000|100%|HC|  |TAMS 0x000000070a600000, 0x000000070a600000| Complete 
| 153|0x000000070a700000, 0x000000070a800000, 0x000000070a800000|100%| O|  |TAMS 0x000000070a700000, 0x000000070a700000| Untracked 
| 154|0x000000070a800000, 0x000000070a900000, 0x000000070a900000|100%|HS|  |TAMS 0x000000070a800000, 0x000000070a800000| Complete 
| 155|0x000000070a900000, 0x000000070aa00000, 0x000000070aa00000|100%|HS|  |TAMS 0x000000070a900000, 0x000000070a900000| Complete 
| 156|0x000000070aa00000, 0x000000070ab00000, 0x000000070ab00000|100%| O|  |TAMS 0x000000070aa00000, 0x000000070aa00000| Untracked 
| 157|0x000000070ab00000, 0x000000070ac00000, 0x000000070ac00000|100%| O|  |TAMS 0x000000070ab00000, 0x000000070ab00000| Untracked 
| 158|0x000000070ac00000, 0x000000070ad00000, 0x000000070ad00000|100%| O|  |TAMS 0x000000070ac00000, 0x000000070ac00000| Untracked 
| 159|0x000000070ad00000, 0x000000070ae00000, 0x000000070ae00000|100%| O|  |TAMS 0x000000070ad00000, 0x000000070ad00000| Untracked 
| 160|0x000000070ae00000, 0x000000070af00000, 0x000000070af00000|100%|HS|  |TAMS 0x000000070ae00000, 0x000000070ae00000| Complete 
| 161|0x000000070af00000, 0x000000070b000000, 0x000000070b000000|100%|HS|  |TAMS 0x000000070af00000, 0x000000070af00000| Complete 
| 162|0x000000070b000000, 0x000000070b100000, 0x000000070b100000|100%| O|  |TAMS 0x000000070b000000, 0x000000070b000000| Untracked 
| 163|0x000000070b100000, 0x000000070b200000, 0x000000070b200000|100%| O|  |TAMS 0x000000070b100000, 0x000000070b100000| Untracked 
| 164|0x000000070b200000, 0x000000070b300000, 0x000000070b300000|100%| O|  |TAMS 0x000000070b200000, 0x000000070b200000| Untracked 
| 165|0x000000070b300000, 0x000000070b400000, 0x000000070b400000|100%| O|  |TAMS 0x000000070b300000, 0x000000070b300000| Untracked 
| 166|0x000000070b400000, 0x000000070b500000, 0x000000070b500000|100%| O|  |TAMS 0x000000070b400000, 0x000000070b400000| Untracked 
| 167|0x000000070b500000, 0x000000070b600000, 0x000000070b600000|100%| O|  |TAMS 0x000000070b500000, 0x000000070b500000| Untracked 
| 168|0x000000070b600000, 0x000000070b700000, 0x000000070b700000|100%| O|  |TAMS 0x000000070b600000, 0x000000070b600000| Untracked 
| 169|0x000000070b700000, 0x000000070b800000, 0x000000070b800000|100%|HS|  |TAMS 0x000000070b700000, 0x000000070b700000| Complete 
| 170|0x000000070b800000, 0x000000070b900000, 0x000000070b900000|100%|HS|  |TAMS 0x000000070b800000, 0x000000070b800000| Complete 
| 171|0x000000070b900000, 0x000000070ba00000, 0x000000070ba00000|100%| O|  |TAMS 0x000000070b900000, 0x000000070b900000| Untracked 
| 172|0x000000070ba00000, 0x000000070bb00000, 0x000000070bb00000|100%| O|  |TAMS 0x000000070ba00000, 0x000000070ba00000| Untracked 
| 173|0x000000070bb00000, 0x000000070bc00000, 0x000000070bc00000|100%| O|  |TAMS 0x000000070bb00000, 0x000000070bb00000| Untracked 
| 174|0x000000070bc00000, 0x000000070bd00000, 0x000000070bd00000|100%| O|  |TAMS 0x000000070bc00000, 0x000000070bc00000| Untracked 
| 175|0x000000070bd00000, 0x000000070be00000, 0x000000070be00000|100%|HS|  |TAMS 0x000000070bd00000, 0x000000070bd00000| Complete 
| 176|0x000000070be00000, 0x000000070bf00000, 0x000000070bf00000|100%|HS|  |TAMS 0x000000070be00000, 0x000000070be00000| Complete 
| 177|0x000000070bf00000, 0x000000070c000000, 0x000000070c000000|100%| O|  |TAMS 0x000000070bf00000, 0x000000070bf00000| Untracked 
| 178|0x000000070c000000, 0x000000070c100000, 0x000000070c100000|100%| O|  |TAMS 0x000000070c000000, 0x000000070c000000| Untracked 
| 179|0x000000070c100000, 0x000000070c200000, 0x000000070c200000|100%| O|  |TAMS 0x000000070c100000, 0x000000070c100000| Untracked 
| 180|0x000000070c200000, 0x000000070c300000, 0x000000070c300000|100%| O|  |TAMS 0x000000070c200000, 0x000000070c200000| Untracked 
| 181|0x000000070c300000, 0x000000070c400000, 0x000000070c400000|100%|HS|  |TAMS 0x000000070c300000, 0x000000070c300000| Complete 
| 182|0x000000070c400000, 0x000000070c500000, 0x000000070c500000|100%|HC|  |TAMS 0x000000070c400000, 0x000000070c400000| Complete 
| 183|0x000000070c500000, 0x000000070c600000, 0x000000070c600000|100%|HS|  |TAMS 0x000000070c500000, 0x000000070c500000| Complete 
| 184|0x000000070c600000, 0x000000070c700000, 0x000000070c700000|100%|HC|  |TAMS 0x000000070c600000, 0x000000070c600000| Complete 
| 185|0x000000070c700000, 0x000000070c800000, 0x000000070c800000|100%| O|  |TAMS 0x000000070c700000, 0x000000070c700000| Untracked 
| 186|0x000000070c800000, 0x000000070c900000, 0x000000070c900000|100%| O|  |TAMS 0x000000070c800000, 0x000000070c800000| Untracked 
| 187|0x000000070c900000, 0x000000070ca00000, 0x000000070ca00000|100%| O|  |TAMS 0x000000070c900000, 0x000000070c900000| Untracked 
| 188|0x000000070ca00000, 0x000000070cb00000, 0x000000070cb00000|100%| O|  |TAMS 0x000000070ca00000, 0x000000070ca00000| Untracked 
| 189|0x000000070cb00000, 0x000000070cc00000, 0x000000070cc00000|100%| O|  |TAMS 0x000000070cb00000, 0x000000070cb00000| Untracked 
| 190|0x000000070cc00000, 0x000000070cd00000, 0x000000070cd00000|100%| O|  |TAMS 0x000000070cc00000, 0x000000070cc00000| Untracked 
| 191|0x000000070cd00000, 0x000000070ce00000, 0x000000070ce00000|100%|HS|  |TAMS 0x000000070cd00000, 0x000000070cd00000| Complete 
| 192|0x000000070ce00000, 0x000000070cf00000, 0x000000070cf00000|100%|HS|  |TAMS 0x000000070ce00000, 0x000000070ce00000| Complete 
| 193|0x000000070cf00000, 0x000000070d000000, 0x000000070d000000|100%| O|  |TAMS 0x000000070cf00000, 0x000000070cf00000| Untracked 
| 194|0x000000070d000000, 0x000000070d100000, 0x000000070d100000|100%|HS|  |TAMS 0x000000070d000000, 0x000000070d000000| Complete 
| 195|0x000000070d100000, 0x000000070d200000, 0x000000070d200000|100%|HC|  |TAMS 0x000000070d100000, 0x000000070d100000| Complete 
| 196|0x000000070d200000, 0x000000070d300000, 0x000000070d300000|100%|HS|  |TAMS 0x000000070d200000, 0x000000070d200000| Complete 
| 197|0x000000070d300000, 0x000000070d400000, 0x000000070d400000|100%|HC|  |TAMS 0x000000070d300000, 0x000000070d300000| Complete 
| 198|0x000000070d400000, 0x000000070d500000, 0x000000070d500000|100%| O|  |TAMS 0x000000070d400000, 0x000000070d400000| Untracked 
| 199|0x000000070d500000, 0x000000070d600000, 0x000000070d600000|100%| O|  |TAMS 0x000000070d500000, 0x000000070d500000| Untracked 
| 200|0x000000070d600000, 0x000000070d700000, 0x000000070d700000|100%| O|  |TAMS 0x000000070d600000, 0x000000070d600000| Untracked 
| 201|0x000000070d700000, 0x000000070d800000, 0x000000070d800000|100%| O|  |TAMS 0x000000070d700000, 0x000000070d700000| Untracked 
| 202|0x000000070d800000, 0x000000070d900000, 0x000000070d900000|100%| O|  |TAMS 0x000000070d800000, 0x000000070d800000| Untracked 
| 203|0x000000070d900000, 0x000000070da00000, 0x000000070da00000|100%| O|  |TAMS 0x000000070d900000, 0x000000070d900000| Untracked 
| 204|0x000000070da00000, 0x000000070db00000, 0x000000070db00000|100%| O|  |TAMS 0x000000070da00000, 0x000000070da00000| Untracked 
| 205|0x000000070db00000, 0x000000070dc00000, 0x000000070dc00000|100%|HS|  |TAMS 0x000000070db00000, 0x000000070db00000| Complete 
| 206|0x000000070dc00000, 0x000000070dd00000, 0x000000070dd00000|100%|HS|  |TAMS 0x000000070dc00000, 0x000000070dc00000| Complete 
| 207|0x000000070dd00000, 0x000000070de00000, 0x000000070de00000|100%| O|  |TAMS 0x000000070dd00000, 0x000000070dd00000| Untracked 
| 208|0x000000070de00000, 0x000000070df00000, 0x000000070df00000|100%| O|  |TAMS 0x000000070de00000, 0x000000070de00000| Untracked 
| 209|0x000000070df00000, 0x000000070e000000, 0x000000070e000000|100%| O|  |TAMS 0x000000070df00000, 0x000000070df00000| Untracked 
| 210|0x000000070e000000, 0x000000070e100000, 0x000000070e100000|100%|HS|  |TAMS 0x000000070e000000, 0x000000070e000000| Complete 
| 211|0x000000070e100000, 0x000000070e200000, 0x000000070e200000|100%|HS|  |TAMS 0x000000070e100000, 0x000000070e100000| Complete 
| 212|0x000000070e200000, 0x000000070e300000, 0x000000070e300000|100%| O|  |TAMS 0x000000070e200000, 0x000000070e200000| Untracked 
| 213|0x000000070e300000, 0x000000070e400000, 0x000000070e400000|100%| O|  |TAMS 0x000000070e300000, 0x000000070e300000| Untracked 
| 214|0x000000070e400000, 0x000000070e500000, 0x000000070e500000|100%| O|  |TAMS 0x000000070e400000, 0x000000070e400000| Untracked 
| 215|0x000000070e500000, 0x000000070e600000, 0x000000070e600000|100%| O|  |TAMS 0x000000070e500000, 0x000000070e500000| Untracked 
| 216|0x000000070e600000, 0x000000070e700000, 0x000000070e700000|100%| O|  |TAMS 0x000000070e600000, 0x000000070e600000| Untracked 
| 217|0x000000070e700000, 0x000000070e800000, 0x000000070e800000|100%| O|  |TAMS 0x000000070e700000, 0x000000070e700000| Untracked 
| 218|0x000000070e800000, 0x000000070e900000, 0x000000070e900000|100%| O|  |TAMS 0x000000070e800000, 0x000000070e800000| Untracked 
| 219|0x000000070e900000, 0x000000070ea00000, 0x000000070ea00000|100%| O|  |TAMS 0x000000070e900000, 0x000000070e900000| Untracked 
| 220|0x000000070ea00000, 0x000000070eb00000, 0x000000070eb00000|100%| O|  |TAMS 0x000000070ea00000, 0x000000070ea00000| Untracked 
| 221|0x000000070eb00000, 0x000000070ec00000, 0x000000070ec00000|100%| O|  |TAMS 0x000000070eb00000, 0x000000070eb00000| Untracked 
| 222|0x000000070ec00000, 0x000000070ed00000, 0x000000070ed00000|100%| O|  |TAMS 0x000000070ec00000, 0x000000070ec00000| Untracked 
| 223|0x000000070ed00000, 0x000000070ee00000, 0x000000070ee00000|100%|HS|  |TAMS 0x000000070ed00000, 0x000000070ed00000| Complete 
| 224|0x000000070ee00000, 0x000000070ef00000, 0x000000070ef00000|100%|HS|  |TAMS 0x000000070ee00000, 0x000000070ee00000| Complete 
| 225|0x000000070ef00000, 0x000000070f000000, 0x000000070f000000|100%| O|  |TAMS 0x000000070ef00000, 0x000000070ef00000| Untracked 
| 226|0x000000070f000000, 0x000000070f100000, 0x000000070f100000|100%| O|  |TAMS 0x000000070f000000, 0x000000070f000000| Untracked 
| 227|0x000000070f100000, 0x000000070f200000, 0x000000070f200000|100%| O|  |TAMS 0x000000070f100000, 0x000000070f100000| Untracked 
| 228|0x000000070f200000, 0x000000070f300000, 0x000000070f300000|100%| O|  |TAMS 0x000000070f200000, 0x000000070f200000| Untracked 
| 229|0x000000070f300000, 0x000000070f400000, 0x000000070f400000|100%| O|  |TAMS 0x000000070f300000, 0x000000070f300000| Untracked 
| 230|0x000000070f400000, 0x000000070f500000, 0x000000070f500000|100%| O|  |TAMS 0x000000070f400000, 0x000000070f400000| Untracked 
| 231|0x000000070f500000, 0x000000070f600000, 0x000000070f600000|100%| O|  |TAMS 0x000000070f500000, 0x000000070f500000| Untracked 
| 232|0x000000070f600000, 0x000000070f700000, 0x000000070f700000|100%|HS|  |TAMS 0x000000070f600000, 0x000000070f600000| Complete 
| 233|0x000000070f700000, 0x000000070f800000, 0x000000070f800000|100%|HS|  |TAMS 0x000000070f700000, 0x000000070f700000| Complete 
| 234|0x000000070f800000, 0x000000070f900000, 0x000000070f900000|100%| O|  |TAMS 0x000000070f800000, 0x000000070f800000| Untracked 
| 235|0x000000070f900000, 0x000000070f93d600, 0x000000070fa00000| 23%| O|  |TAMS 0x000000070f900000, 0x000000070f900000| Untracked 
| 236|0x000000070fa00000, 0x000000070fb00000, 0x000000070fb00000|100%|HS|  |TAMS 0x000000070fa00000, 0x000000070fa00000| Complete 
| 237|0x000000070fb00000, 0x000000070fc00000, 0x000000070fc00000|100%|HC|  |TAMS 0x000000070fb00000, 0x000000070fb00000| Complete 
| 238|0x000000070fc00000, 0x000000070fd00000, 0x000000070fd00000|100%|HS|  |TAMS 0x000000070fc00000, 0x000000070fc00000| Complete 
| 239|0x000000070fd00000, 0x000000070fe00000, 0x000000070fe00000|100%|HC|  |TAMS 0x000000070fd00000, 0x000000070fd00000| Complete 
| 240|0x000000070fe00000, 0x000000070fe00000, 0x000000070ff00000|  0%| F|  |TAMS 0x000000070fe00000, 0x000000070fe00000| Untracked 
| 241|0x000000070ff00000, 0x000000070ff00000, 0x0000000710000000|  0%| F|  |TAMS 0x000000070ff00000, 0x000000070ff00000| Untracked 
| 242|0x0000000710000000, 0x0000000710000000, 0x0000000710100000|  0%| F|  |TAMS 0x0000000710000000, 0x0000000710000000| Untracked 
| 243|0x0000000710100000, 0x0000000710100000, 0x0000000710200000|  0%| F|  |TAMS 0x0000000710100000, 0x0000000710100000| Untracked 
| 244|0x0000000710200000, 0x0000000710200000, 0x0000000710300000|  0%| F|  |TAMS 0x0000000710200000, 0x0000000710200000| Untracked 
| 245|0x0000000710300000, 0x0000000710300000, 0x0000000710400000|  0%| F|  |TAMS 0x0000000710300000, 0x0000000710300000| Untracked 
| 246|0x0000000710400000, 0x0000000710400000, 0x0000000710500000|  0%| F|  |TAMS 0x0000000710400000, 0x0000000710400000| Untracked 
| 247|0x0000000710500000, 0x0000000710500000, 0x0000000710600000|  0%| F|  |TAMS 0x0000000710500000, 0x0000000710500000| Untracked 
| 248|0x0000000710600000, 0x0000000710600000, 0x0000000710700000|  0%| F|  |TAMS 0x0000000710600000, 0x0000000710600000| Untracked 
| 249|0x0000000710700000, 0x0000000710700000, 0x0000000710800000|  0%| F|  |TAMS 0x0000000710700000, 0x0000000710700000| Untracked 
| 250|0x0000000710800000, 0x0000000710800000, 0x0000000710900000|  0%| F|  |TAMS 0x0000000710800000, 0x0000000710800000| Untracked 
| 251|0x0000000710900000, 0x0000000710900000, 0x0000000710a00000|  0%| F|  |TAMS 0x0000000710900000, 0x0000000710900000| Untracked 
| 252|0x0000000710a00000, 0x0000000710a00000, 0x0000000710b00000|  0%| F|  |TAMS 0x0000000710a00000, 0x0000000710a00000| Untracked 
| 253|0x0000000710b00000, 0x0000000710b00000, 0x0000000710c00000|  0%| F|  |TAMS 0x0000000710b00000, 0x0000000710b00000| Untracked 
| 254|0x0000000710c00000, 0x0000000710c00000, 0x0000000710d00000|  0%| F|  |TAMS 0x0000000710c00000, 0x0000000710c00000| Untracked 
| 255|0x0000000710d00000, 0x0000000710d00000, 0x0000000710e00000|  0%| F|  |TAMS 0x0000000710d00000, 0x0000000710d00000| Untracked 
| 256|0x0000000710e00000, 0x0000000710e00000, 0x0000000710f00000|  0%| F|  |TAMS 0x0000000710e00000, 0x0000000710e00000| Untracked 
| 257|0x0000000710f00000, 0x0000000710f00000, 0x0000000711000000|  0%| F|  |TAMS 0x0000000710f00000, 0x0000000710f00000| Untracked 
| 258|0x0000000711000000, 0x0000000711000000, 0x0000000711100000|  0%| F|  |TAMS 0x0000000711000000, 0x0000000711000000| Untracked 
| 259|0x0000000711100000, 0x0000000711100000, 0x0000000711200000|  0%| F|  |TAMS 0x0000000711100000, 0x0000000711100000| Untracked 
| 260|0x0000000711200000, 0x0000000711200000, 0x0000000711300000|  0%| F|  |TAMS 0x0000000711200000, 0x0000000711200000| Untracked 
| 261|0x0000000711300000, 0x0000000711300000, 0x0000000711400000|  0%| F|  |TAMS 0x0000000711300000, 0x0000000711300000| Untracked 
| 262|0x0000000711400000, 0x0000000711400000, 0x0000000711500000|  0%| F|  |TAMS 0x0000000711400000, 0x0000000711400000| Untracked 
| 263|0x0000000711500000, 0x0000000711500000, 0x0000000711600000|  0%| F|  |TAMS 0x0000000711500000, 0x0000000711500000| Untracked 
| 264|0x0000000711600000, 0x0000000711600000, 0x0000000711700000|  0%| F|  |TAMS 0x0000000711600000, 0x0000000711600000| Untracked 
| 265|0x0000000711700000, 0x0000000711700000, 0x0000000711800000|  0%| F|  |TAMS 0x0000000711700000, 0x0000000711700000| Untracked 
| 266|0x0000000711800000, 0x0000000711800000, 0x0000000711900000|  0%| F|  |TAMS 0x0000000711800000, 0x0000000711800000| Untracked 
| 267|0x0000000711900000, 0x0000000711900000, 0x0000000711a00000|  0%| F|  |TAMS 0x0000000711900000, 0x0000000711900000| Untracked 
| 268|0x0000000711a00000, 0x0000000711a00000, 0x0000000711b00000|  0%| F|  |TAMS 0x0000000711a00000, 0x0000000711a00000| Untracked 
| 269|0x0000000711b00000, 0x0000000711b00000, 0x0000000711c00000|  0%| F|  |TAMS 0x0000000711b00000, 0x0000000711b00000| Untracked 
| 270|0x0000000711c00000, 0x0000000711c00000, 0x0000000711d00000|  0%| F|  |TAMS 0x0000000711c00000, 0x0000000711c00000| Untracked 
| 271|0x0000000711d00000, 0x0000000711d00000, 0x0000000711e00000|  0%| F|  |TAMS 0x0000000711d00000, 0x0000000711d00000| Untracked 
| 272|0x0000000711e00000, 0x0000000711e00000, 0x0000000711f00000|  0%| F|  |TAMS 0x0000000711e00000, 0x0000000711e00000| Untracked 
| 273|0x0000000711f00000, 0x0000000711f00000, 0x0000000712000000|  0%| F|  |TAMS 0x0000000711f00000, 0x0000000711f00000| Untracked 
| 274|0x0000000712000000, 0x0000000712000000, 0x0000000712100000|  0%| F|  |TAMS 0x0000000712000000, 0x0000000712000000| Untracked 
| 275|0x0000000712100000, 0x0000000712120140, 0x0000000712200000| 12%| S|CS|TAMS 0x0000000712100000, 0x0000000712100000| Complete 
| 276|0x0000000712200000, 0x0000000712300000, 0x0000000712300000|100%| S|CS|TAMS 0x0000000712200000, 0x0000000712200000| Complete 
| 277|0x0000000712300000, 0x0000000712400000, 0x0000000712400000|100%| S|CS|TAMS 0x0000000712300000, 0x0000000712300000| Complete 
| 278|0x0000000712400000, 0x0000000712500000, 0x0000000712500000|100%| S|CS|TAMS 0x0000000712400000, 0x0000000712400000| Complete 
| 279|0x0000000712500000, 0x0000000712500000, 0x0000000712600000|  0%| F|  |TAMS 0x0000000712500000, 0x0000000712500000| Untracked 
| 280|0x0000000712600000, 0x0000000712600000, 0x0000000712700000|  0%| F|  |TAMS 0x0000000712600000, 0x0000000712600000| Untracked 
| 281|0x0000000712700000, 0x0000000712700000, 0x0000000712800000|  0%| F|  |TAMS 0x0000000712700000, 0x0000000712700000| Untracked 
| 282|0x0000000712800000, 0x0000000712800000, 0x0000000712900000|  0%| F|  |TAMS 0x0000000712800000, 0x0000000712800000| Untracked 
| 283|0x0000000712900000, 0x0000000712900000, 0x0000000712a00000|  0%| F|  |TAMS 0x0000000712900000, 0x0000000712900000| Untracked 
| 284|0x0000000712a00000, 0x0000000712a00000, 0x0000000712b00000|  0%| F|  |TAMS 0x0000000712a00000, 0x0000000712a00000| Untracked 
| 285|0x0000000712b00000, 0x0000000712b00000, 0x0000000712c00000|  0%| F|  |TAMS 0x0000000712b00000, 0x0000000712b00000| Untracked 
| 286|0x0000000712c00000, 0x0000000712c00000, 0x0000000712d00000|  0%| F|  |TAMS 0x0000000712c00000, 0x0000000712c00000| Untracked 
| 287|0x0000000712d00000, 0x0000000712d00000, 0x0000000712e00000|  0%| F|  |TAMS 0x0000000712d00000, 0x0000000712d00000| Untracked 
| 288|0x0000000712e00000, 0x0000000712e00000, 0x0000000712f00000|  0%| F|  |TAMS 0x0000000712e00000, 0x0000000712e00000| Untracked 
| 289|0x0000000712f00000, 0x0000000712f00000, 0x0000000713000000|  0%| F|  |TAMS 0x0000000712f00000, 0x0000000712f00000| Untracked 
| 290|0x0000000713000000, 0x0000000713000000, 0x0000000713100000|  0%| F|  |TAMS 0x0000000713000000, 0x0000000713000000| Untracked 
| 291|0x0000000713100000, 0x0000000713100000, 0x0000000713200000|  0%| F|  |TAMS 0x0000000713100000, 0x0000000713100000| Untracked 
| 292|0x0000000713200000, 0x0000000713200000, 0x0000000713300000|  0%| F|  |TAMS 0x0000000713200000, 0x0000000713200000| Untracked 
| 293|0x0000000713300000, 0x0000000713300000, 0x0000000713400000|  0%| F|  |TAMS 0x0000000713300000, 0x0000000713300000| Untracked 
| 294|0x0000000713400000, 0x0000000713400000, 0x0000000713500000|  0%| F|  |TAMS 0x0000000713400000, 0x0000000713400000| Untracked 
| 295|0x0000000713500000, 0x0000000713500000, 0x0000000713600000|  0%| F|  |TAMS 0x0000000713500000, 0x0000000713500000| Untracked 
| 296|0x0000000713600000, 0x0000000713600000, 0x0000000713700000|  0%| F|  |TAMS 0x0000000713600000, 0x0000000713600000| Untracked 
| 297|0x0000000713700000, 0x0000000713700000, 0x0000000713800000|  0%| F|  |TAMS 0x0000000713700000, 0x0000000713700000| Untracked 
| 298|0x0000000713800000, 0x0000000713800000, 0x0000000713900000|  0%| F|  |TAMS 0x0000000713800000, 0x0000000713800000| Untracked 
| 299|0x0000000713900000, 0x0000000713900000, 0x0000000713a00000|  0%| F|  |TAMS 0x0000000713900000, 0x0000000713900000| Untracked 
| 300|0x0000000713a00000, 0x0000000713a00000, 0x0000000713b00000|  0%| F|  |TAMS 0x0000000713a00000, 0x0000000713a00000| Untracked 
| 301|0x0000000713b00000, 0x0000000713b00000, 0x0000000713c00000|  0%| F|  |TAMS 0x0000000713b00000, 0x0000000713b00000| Untracked 
| 302|0x0000000713c00000, 0x0000000713c00000, 0x0000000713d00000|  0%| F|  |TAMS 0x0000000713c00000, 0x0000000713c00000| Untracked 
| 303|0x0000000713d00000, 0x0000000713d00000, 0x0000000713e00000|  0%| F|  |TAMS 0x0000000713d00000, 0x0000000713d00000| Untracked 
| 304|0x0000000713e00000, 0x0000000713e00000, 0x0000000713f00000|  0%| F|  |TAMS 0x0000000713e00000, 0x0000000713e00000| Untracked 
| 305|0x0000000713f00000, 0x0000000713f00000, 0x0000000714000000|  0%| F|  |TAMS 0x0000000713f00000, 0x0000000713f00000| Untracked 
| 306|0x0000000714000000, 0x0000000714000000, 0x0000000714100000|  0%| F|  |TAMS 0x0000000714000000, 0x0000000714000000| Untracked 
| 307|0x0000000714100000, 0x0000000714100000, 0x0000000714200000|  0%| F|  |TAMS 0x0000000714100000, 0x0000000714100000| Untracked 
| 308|0x0000000714200000, 0x0000000714200000, 0x0000000714300000|  0%| F|  |TAMS 0x0000000714200000, 0x0000000714200000| Untracked 
| 309|0x0000000714300000, 0x0000000714300000, 0x0000000714400000|  0%| F|  |TAMS 0x0000000714300000, 0x0000000714300000| Untracked 
| 310|0x0000000714400000, 0x0000000714400000, 0x0000000714500000|  0%| F|  |TAMS 0x0000000714400000, 0x0000000714400000| Untracked 
| 311|0x0000000714500000, 0x0000000714500000, 0x0000000714600000|  0%| F|  |TAMS 0x0000000714500000, 0x0000000714500000| Untracked 
| 312|0x0000000714600000, 0x0000000714600000, 0x0000000714700000|  0%| F|  |TAMS 0x0000000714600000, 0x0000000714600000| Untracked 
| 313|0x0000000714700000, 0x0000000714700000, 0x0000000714800000|  0%| F|  |TAMS 0x0000000714700000, 0x0000000714700000| Untracked 
| 314|0x0000000714800000, 0x0000000714800000, 0x0000000714900000|  0%| F|  |TAMS 0x0000000714800000, 0x0000000714800000| Untracked 
| 315|0x0000000714900000, 0x0000000714900000, 0x0000000714a00000|  0%| F|  |TAMS 0x0000000714900000, 0x0000000714900000| Untracked 
| 316|0x0000000714a00000, 0x0000000714a00000, 0x0000000714b00000|  0%| F|  |TAMS 0x0000000714a00000, 0x0000000714a00000| Untracked 
| 317|0x0000000714b00000, 0x0000000714b00000, 0x0000000714c00000|  0%| F|  |TAMS 0x0000000714b00000, 0x0000000714b00000| Untracked 
| 318|0x0000000714c00000, 0x0000000714c00000, 0x0000000714d00000|  0%| F|  |TAMS 0x0000000714c00000, 0x0000000714c00000| Untracked 
| 319|0x0000000714d00000, 0x0000000714d00000, 0x0000000714e00000|  0%| F|  |TAMS 0x0000000714d00000, 0x0000000714d00000| Untracked 
| 320|0x0000000714e00000, 0x0000000714e00000, 0x0000000714f00000|  0%| F|  |TAMS 0x0000000714e00000, 0x0000000714e00000| Untracked 
| 321|0x0000000714f00000, 0x0000000714f00000, 0x0000000715000000|  0%| F|  |TAMS 0x0000000714f00000, 0x0000000714f00000| Untracked 
| 322|0x0000000715000000, 0x0000000715000000, 0x0000000715100000|  0%| F|  |TAMS 0x0000000715000000, 0x0000000715000000| Untracked 
| 323|0x0000000715100000, 0x0000000715100000, 0x0000000715200000|  0%| F|  |TAMS 0x0000000715100000, 0x0000000715100000| Untracked 
| 324|0x0000000715200000, 0x0000000715200000, 0x0000000715300000|  0%| F|  |TAMS 0x0000000715200000, 0x0000000715200000| Untracked 
| 325|0x0000000715300000, 0x0000000715300000, 0x0000000715400000|  0%| F|  |TAMS 0x0000000715300000, 0x0000000715300000| Untracked 
| 326|0x0000000715400000, 0x0000000715400000, 0x0000000715500000|  0%| F|  |TAMS 0x0000000715400000, 0x0000000715400000| Untracked 
| 327|0x0000000715500000, 0x0000000715500000, 0x0000000715600000|  0%| F|  |TAMS 0x0000000715500000, 0x0000000715500000| Untracked 
| 328|0x0000000715600000, 0x0000000715600000, 0x0000000715700000|  0%| F|  |TAMS 0x0000000715600000, 0x0000000715600000| Untracked 
| 329|0x0000000715700000, 0x0000000715710010, 0x0000000715800000|  6%| E|  |TAMS 0x0000000715700000, 0x0000000715700000| Complete 
| 330|0x0000000715800000, 0x0000000715900000, 0x0000000715900000|100%| E|CS|TAMS 0x0000000715800000, 0x0000000715800000| Complete 
| 331|0x0000000715900000, 0x0000000715a00000, 0x0000000715a00000|100%| E|  |TAMS 0x0000000715900000, 0x0000000715900000| Complete 
| 332|0x0000000715a00000, 0x0000000715b00000, 0x0000000715b00000|100%| E|CS|TAMS 0x0000000715a00000, 0x0000000715a00000| Complete 
| 333|0x0000000715b00000, 0x0000000715c00000, 0x0000000715c00000|100%| E|CS|TAMS 0x0000000715b00000, 0x0000000715b00000| Complete 

Card table byte_map: [0x000001a3ca260000,0x000001a3caa60000] _byte_map_base: 0x000001a3c6a59000

Marking Bits (Prev, Next): (CMBitMap*) 0x000001a3b220b088, (CMBitMap*) 0x000001a3b220b0c8
 Prev Bits: [0x000001a3cb260000, 0x000001a3cf228000)
 Next Bits: [0x000001a3cf230000, 0x000001a3d31f8000)

Polling page: 0x000001a3b0160000

Metaspace:

Usage:
  Non-class:      9.69 MB capacity,     9.50 MB ( 98%) used,   160.27 KB (  2%) free+waste,    37.44 KB ( <1%) overhead. 
      Class:      1.29 MB capacity,     1.13 MB ( 88%) used,   142.95 KB ( 11%) free+waste,    21.13 KB (  2%) overhead. 
       Both:     10.98 MB capacity,    10.63 MB ( 97%) used,   303.21 KB (  3%) free+waste,    58.56 KB ( <1%) overhead. 

Virtual space:
  Non-class space:       10.00 MB reserved,       9.75 MB ( 98%) committed 
      Class space:        1.00 GB reserved,       1.38 MB ( <1%) committed 
             Both:        1.01 GB reserved,      11.13 MB (  1%) committed 

Chunk freelists:
   Non-Class:  58.00 KB
       Class:  0 bytes
        Both:  58.00 KB

MaxMetaspaceSize: 17179869184.00 GB
CompressedClassSpaceSize: 1.00 GB

CodeHeap 'non-profiled nmethods': size=120000Kb used=2093Kb max_used=2093Kb free=117906Kb
 bounds [0x000001a3c2420000, 0x000001a3c2690000, 0x000001a3c9950000]
CodeHeap 'profiled nmethods': size=120000Kb used=3577Kb max_used=5152Kb free=116422Kb
 bounds [0x000001a3baef0000, 0x000001a3bb400000, 0x000001a3c2420000]
CodeHeap 'non-nmethods': size=5760Kb used=1314Kb max_used=1370Kb free=4445Kb
 bounds [0x000001a3ba950000, 0x000001a3babc0000, 0x000001a3baef0000]
 total_blobs=2863 nmethods=2256 adapters=519
 compilation: enabled
              stopped_count=0, restarted_count=0
 full_count=0

Compilation events (20 events):
Event: 128.011 Thread 0x000001a3d6404800 nmethod 2783 0x000001a3c249b810 code [0x000001a3c249b9c0, 0x000001a3c249bb18]
Event: 128.405 Thread 0x000001a3d6404800 2784   !   4       sun.nio.ch.NioSocketImpl::endRead (58 bytes)
Event: 128.406 Thread 0x000001a3d6404800 nmethod 2784 0x000001a3c262a290 code [0x000001a3c262a440, 0x000001a3c262a738]
Event: 129.077 Thread 0x000001a3d640b000 2785       3       javax.swing.TimerQueue$DelayedTimer::getDelay (16 bytes)
Event: 129.078 Thread 0x000001a3d640b000 nmethod 2785 0x000001a3baef5610 code [0x000001a3baef57c0, 0x000001a3baef59c8]
Event: 129.078 Thread 0x000001a3d640b000 2786       3       java.util.concurrent.TimeUnit::convert (77 bytes)
Event: 129.078 Thread 0x000001a3d640b000 nmethod 2786 0x000001a3baffe590 code [0x000001a3baffe780, 0x000001a3baffeae8]
Event: 129.078 Thread 0x000001a3d640b000 2787       1       javax.swing.Timer::isRepeats (5 bytes)
Event: 129.078 Thread 0x000001a3d640b000 nmethod 2787 0x000001a3c255fd90 code [0x000001a3c255ff20, 0x000001a3c255fff8]
Event: 129.078 Thread 0x000001a3d640b000 2788       1       javax.swing.Timer::getDelay (5 bytes)
Event: 129.078 Thread 0x000001a3d640b000 nmethod 2788 0x000001a3c262a890 code [0x000001a3c262aa20, 0x000001a3c262aaf8]
Event: 129.078 Thread 0x000001a3d640b000 2789       1       javax.swing.TimerQueue$DelayedTimer::setTime (6 bytes)
Event: 129.078 Thread 0x000001a3d640b000 nmethod 2789 0x000001a3c262ab90 code [0x000001a3c262ad20, 0x000001a3c262ae18]
Event: 129.078 Thread 0x000001a3d640b000 2790       1       javax.swing.Timer::getActionCommand (5 bytes)
Event: 129.078 Thread 0x000001a3d640b000 nmethod 2790 0x000001a3c262ae90 code [0x000001a3c262b020, 0x000001a3c262b0f8]
Event: 129.078 Thread 0x000001a3d640b000 2791       1       javax.swing.event.EventListenerList::getListenerList (5 bytes)
Event: 129.078 Thread 0x000001a3d640b000 nmethod 2791 0x000001a3c262b190 code [0x000001a3c262b320, 0x000001a3c262b3f8]
Event: 129.791 Thread 0x000001a3d640b000 2792       3       rlbotexample.app.physics.game.states.menu_and_game_over.ui_components.SphericalButton::isPressed (43 bytes)
Event: 129.792 Thread 0x000001a3d640b000 nmethod 2792 0x000001a3bb022510 code [0x000001a3bb0226e0, 0x000001a3bb022b68]
Event: 130.494 Thread 0x000001a3d6404800 2793   !   4       sun.nio.ch.NioSocketImpl::accept (411 bytes)

GC Heap History (20 events):
Event: 129.091 GC heap before
{Heap before GC invocations=195 (full 0):
 garbage-first heap   total 284672K, used 250775K [0x0000000700e00000, 0x0000000800000000)
  region size 1024K, 17 young (17408K), 1 survivors (1024K)
 Metaspace       used 10884K, capacity 11246K, committed 11392K, reserved 1058816K
  class space    used 1155K, capacity 1320K, committed 1408K, reserved 1048576K
}
Event: 129.092 GC heap after
{Heap after GC invocations=196 (full 0):
 garbage-first heap   total 284672K, used 236154K [0x0000000700e00000, 0x0000000800000000)
  region size 1024K, 2 young (2048K), 2 survivors (2048K)
 Metaspace       used 10884K, capacity 11246K, committed 11392K, reserved 1058816K
  class space    used 1155K, capacity 1320K, committed 1408K, reserved 1048576K
}
Event: 129.228 GC heap before
{Heap before GC invocations=196 (full 0):
 garbage-first heap   total 284672K, used 251514K [0x0000000700e00000, 0x0000000800000000)
  region size 1024K, 17 young (17408K), 2 survivors (2048K)
 Metaspace       used 10884K, capacity 11246K, committed 11392K, reserved 1058816K
  class space    used 1155K, capacity 1320K, committed 1408K, reserved 1048576K
}
Event: 129.229 GC heap after
{Heap after GC invocations=197 (full 0):
 garbage-first heap   total 284672K, used 236642K [0x0000000700e00000, 0x0000000800000000)
  region size 1024K, 2 young (2048K), 2 survivors (2048K)
 Metaspace       used 10884K, capacity 11246K, committed 11392K, reserved 1058816K
  class space    used 1155K, capacity 1320K, committed 1408K, reserved 1048576K
}
Event: 129.345 GC heap before
{Heap before GC invocations=197 (full 0):
 garbage-first heap   total 284672K, used 249954K [0x0000000700e00000, 0x0000000800000000)
  region size 1024K, 16 young (16384K), 2 survivors (2048K)
 Metaspace       used 10884K, capacity 11246K, committed 11392K, reserved 1058816K
  class space    used 1155K, capacity 1320K, committed 1408K, reserved 1048576K
}
Event: 129.346 GC heap after
{Heap after GC invocations=198 (full 0):
 garbage-first heap   total 284672K, used 237401K [0x0000000700e00000, 0x0000000800000000)
  region size 1024K, 2 young (2048K), 2 survivors (2048K)
 Metaspace       used 10884K, capacity 11246K, committed 11392K, reserved 1058816K
  class space    used 1155K, capacity 1320K, committed 1408K, reserved 1048576K
}
Event: 129.473 GC heap before
{Heap before GC invocations=198 (full 0):
 garbage-first heap   total 284672K, used 250713K [0x0000000700e00000, 0x0000000800000000)
  region size 1024K, 16 young (16384K), 2 survivors (2048K)
 Metaspace       used 10884K, capacity 11246K, committed 11392K, reserved 1058816K
  class space    used 1155K, capacity 1320K, committed 1408K, reserved 1048576K
}
Event: 129.474 GC heap after
{Heap after GC invocations=199 (full 0):
 garbage-first heap   total 284672K, used 237956K [0x0000000700e00000, 0x0000000800000000)
  region size 1024K, 1 young (1024K), 1 survivors (1024K)
 Metaspace       used 10884K, capacity 11246K, committed 11392K, reserved 1058816K
  class space    used 1155K, capacity 1320K, committed 1408K, reserved 1048576K
}
Event: 129.586 GC heap before
{Heap before GC invocations=199 (full 0):
 garbage-first heap   total 284672K, used 251268K [0x0000000700e00000, 0x0000000800000000)
  region size 1024K, 14 young (14336K), 1 survivors (1024K)
 Metaspace       used 10884K, capacity 11246K, committed 11392K, reserved 1058816K
  class space    used 1155K, capacity 1320K, committed 1408K, reserved 1048576K
}
Event: 129.588 GC heap after
{Heap after GC invocations=200 (full 0):
 garbage-first heap   total 284672K, used 238235K [0x0000000700e00000, 0x0000000800000000)
  region size 1024K, 2 young (2048K), 2 survivors (2048K)
 Metaspace       used 10884K, capacity 11246K, committed 11392K, reserved 1058816K
  class space    used 1155K, capacity 1320K, committed 1408K, reserved 1048576K
}
Event: 129.696 GC heap before
{Heap before GC invocations=200 (full 0):
 garbage-first heap   total 284672K, used 251547K [0x0000000700e00000, 0x0000000800000000)
  region size 1024K, 15 young (15360K), 2 survivors (2048K)
 Metaspace       used 10884K, capacity 11246K, committed 11392K, reserved 1058816K
  class space    used 1155K, capacity 1320K, committed 1408K, reserved 1048576K
}
Event: 129.698 GC heap after
{Heap after GC invocations=201 (full 0):
 garbage-first heap   total 284672K, used 238686K [0x0000000700e00000, 0x0000000800000000)
  region size 1024K, 2 young (2048K), 2 survivors (2048K)
 Metaspace       used 10884K, capacity 11246K, committed 11392K, reserved 1058816K
  class space    used 1155K, capacity 1320K, committed 1408K, reserved 1048576K
}
Event: 129.810 GC heap before
{Heap before GC invocations=201 (full 0):
 garbage-first heap   total 284672K, used 254046K [0x0000000700e00000, 0x0000000800000000)
  region size 1024K, 15 young (15360K), 2 survivors (2048K)
 Metaspace       used 10884K, capacity 11246K, committed 11392K, reserved 1058816K
  class space    used 1155K, capacity 1320K, committed 1408K, reserved 1048576K
}
Event: 129.812 GC heap after
{Heap after GC invocations=202 (full 0):
 garbage-first heap   total 284672K, used 241311K [0x0000000700e00000, 0x0000000800000000)
  region size 1024K, 2 young (2048K), 2 survivors (2048K)
 Metaspace       used 10884K, capacity 11246K, committed 11392K, reserved 1058816K
  class space    used 1155K, capacity 1320K, committed 1408K, reserved 1048576K
}
Event: 129.910 GC heap before
{Heap before GC invocations=202 (full 0):
 garbage-first heap   total 284672K, used 252575K [0x0000000700e00000, 0x0000000800000000)
  region size 1024K, 13 young (13312K), 2 survivors (2048K)
 Metaspace       used 10884K, capacity 11246K, committed 11392K, reserved 1058816K
  class space    used 1155K, capacity 1320K, committed 1408K, reserved 1048576K
}
Event: 129.912 GC heap after
{Heap after GC invocations=203 (full 0):
 garbage-first heap   total 284672K, used 241591K [0x0000000700e00000, 0x0000000800000000)
  region size 1024K, 2 young (2048K), 2 survivors (2048K)
 Metaspace       used 10884K, capacity 11246K, committed 11392K, reserved 1058816K
  class space    used 1155K, capacity 1320K, committed 1408K, reserved 1048576K
}
Event: 130.017 GC heap before
{Heap before GC invocations=203 (full 0):
 garbage-first heap   total 284672K, used 251831K [0x0000000700e00000, 0x0000000800000000)
  region size 1024K, 13 young (13312K), 2 survivors (2048K)
 Metaspace       used 10884K, capacity 11246K, committed 11392K, reserved 1058816K
  class space    used 1155K, capacity 1320K, committed 1408K, reserved 1048576K
}
Event: 130.019 GC heap after
{Heap after GC invocations=204 (full 0):
 garbage-first heap   total 342016K, used 241977K [0x0000000700e00000, 0x0000000800000000)
  region size 1024K, 2 young (2048K), 2 survivors (2048K)
 Metaspace       used 10884K, capacity 11246K, committed 11392K, reserved 1058816K
  class space    used 1155K, capacity 1320K, committed 1408K, reserved 1048576K
}
Event: 130.515 GC heap before
{Heap before GC invocations=204 (full 0):
 garbage-first heap   total 342016K, used 298297K [0x0000000700e00000, 0x0000000800000000)
  region size 1024K, 57 young (58368K), 2 survivors (2048K)
 Metaspace       used 10884K, capacity 11246K, committed 11392K, reserved 1058816K
  class space    used 1155K, capacity 1320K, committed 1408K, reserved 1048576K
}
Event: 130.518 GC heap after
{Heap after GC invocations=205 (full 0):
 garbage-first heap   total 342016K, used 244085K [0x0000000700e00000, 0x0000000800000000)
  region size 1024K, 4 young (4096K), 4 survivors (4096K)
 Metaspace       used 10884K, capacity 11246K, committed 11392K, reserved 1058816K
  class space    used 1155K, capacity 1320K, committed 1408K, reserved 1048576K
}

Deoptimization events (20 events):
Event: 64.907 Thread 0x000001a3dddeb800 Uncommon trap: trap_request=0xfffffff4 fr.pc=0x000001a3c25f79f0 relative=0x00000000000008b0
Event: 64.907 Thread 0x000001a3dddeb800 Uncommon trap: reason=null_check action=make_not_entrant pc=0x000001a3c25f79f0 method=com.sun.jna.Structure.readField(Lcom/sun/jna/Structure$StructField;)Ljava/lang/Object; @ 65 c2
Event: 64.907 Thread 0x000001a3dddeb800 DEOPT PACKING pc=0x000001a3c25f79f0 sp=0x00000095607fda90
Event: 64.907 Thread 0x000001a3dddeb800 DEOPT UNPACKING pc=0x000001a3ba99912f sp=0x00000095607fda48 mode 2
Event: 65.963 Thread 0x000001a3dddeb800 Uncommon trap: trap_request=0xfffffff4 fr.pc=0x000001a3c25f9370 relative=0x00000000000008b0
Event: 65.963 Thread 0x000001a3dddeb800 Uncommon trap: reason=null_check action=make_not_entrant pc=0x000001a3c25f9370 method=com.sun.jna.Structure.readField(Lcom/sun/jna/Structure$StructField;)Ljava/lang/Object; @ 74 c2
Event: 65.963 Thread 0x000001a3dddeb800 DEOPT PACKING pc=0x000001a3c25f9370 sp=0x00000095607fda90
Event: 65.963 Thread 0x000001a3dddeb800 DEOPT UNPACKING pc=0x000001a3ba99912f sp=0x00000095607fda48 mode 2
Event: 69.985 Thread 0x000001a3dddeb800 Uncommon trap: trap_request=0xfffffff4 fr.pc=0x000001a3c25fe97c relative=0x000000000000091c
Event: 69.985 Thread 0x000001a3dddeb800 Uncommon trap: reason=null_check action=make_not_entrant pc=0x000001a3c25fe97c method=com.sun.jna.Pointer.getValue(JLjava/lang/Class;Ljava/lang/Object;)Ljava/lang/Object; @ 6 c2
Event: 69.985 Thread 0x000001a3dddeb800 DEOPT PACKING pc=0x000001a3c25fe97c sp=0x00000095607fda40
Event: 69.985 Thread 0x000001a3dddeb800 DEOPT UNPACKING pc=0x000001a3ba99912f sp=0x00000095607fd9b0 mode 2
Event: 91.441 Thread 0x000001a3d6588800 Uncommon trap: trap_request=0xffffffcc fr.pc=0x000001a3c260fb88 relative=0x0000000000002428
Event: 91.441 Thread 0x000001a3d6588800 Uncommon trap: reason=intrinsic_or_type_checked_inlining action=make_not_entrant pc=0x000001a3c260fb88 method=java.util.ArrayList$SubList.toArray([Ljava/lang/Object;)[Ljava/lang/Object; @ 58 c2
Event: 91.441 Thread 0x000001a3d6588800 DEOPT PACKING pc=0x000001a3c260fb88 sp=0x00000095606fea90
Event: 91.441 Thread 0x000001a3d6588800 DEOPT UNPACKING pc=0x000001a3ba99912f sp=0x00000095606fe9e8 mode 2
Event: 128.755 Thread 0x000001a3dddef800 Uncommon trap: trap_request=0xffffff45 fr.pc=0x000001a3c2602c84 relative=0x0000000000000e24
Event: 128.755 Thread 0x000001a3dddef800 Uncommon trap: reason=unstable_if action=reinterpret pc=0x000001a3c2602c84 method=util.shapes.HitBox.closestPointOnSurface(Lutil/math/vector/Vector3;)Lutil/math/vector/Vector3; @ 23 c2
Event: 128.755 Thread 0x000001a3dddef800 DEOPT PACKING pc=0x000001a3c2602c84 sp=0x00000095611fed40
Event: 128.755 Thread 0x000001a3dddef800 DEOPT UNPACKING pc=0x000001a3ba99912f sp=0x00000095611fec90 mode 2

Classes unloaded (0 events):
No events

Classes redefined (0 events):
No events

Internal exceptions (20 events):
Event: 16.453 Thread 0x000001a3d6588800 Exception <a 'java/lang/NoSuchMethodError'{0x00000007103df658}: 'java.lang.Object java.lang.invoke.DirectMethodHandle$Holder.invokeSpecial(java.lang.Object, java.lang.Object, java.lang.Object, java.lang.Object, int)'> (0x00000007103df658) 
thrown [./open/src/hotspot/share/interpreter/linkResolver.cpp, line 766]
Event: 16.453 Thread 0x000001a3d6588800 Exception <a 'java/lang/NoSuchMethodError'{0x00000007103e2470}: 'java.lang.Object java.lang.invoke.Invokers$Holder.linkToTargetMethod(java.lang.Object, java.lang.Object, int, java.lang.Object)'> (0x00000007103e2470) 
thrown [./open/src/hotspot/share/interpreter/linkResolver.cpp, line 766]
Event: 16.457 Thread 0x000001a3d6588800 Exception <a 'java/lang/NoSuchMethodError'{0x00000007103f5fd8}: 'java.lang.Object java.lang.invoke.DirectMethodHandle$Holder.newInvokeSpecial(java.lang.Object, int)'> (0x00000007103f5fd8) 
thrown [./open/src/hotspot/share/interpreter/linkResolver.cpp, line 766]
Event: 16.460 Thread 0x000001a3d6588800 Exception <a 'java/lang/NoSuchMethodError'{0x0000000710201f80}: 'java.lang.Object java.lang.invoke.DirectMethodHandle$Holder.invokeStatic(java.lang.Object, java.lang.Object, java.lang.Object, int, java.lang.Object)'> (0x0000000710201f80) 
thrown [./open/src/hotspot/share/interpreter/linkResolver.cpp, line 766]
Event: 16.460 Thread 0x000001a3d6588800 Exception <a 'java/lang/NoSuchMethodError'{0x0000000710207d78}: 'java.lang.Object java.lang.invoke.Invokers$Holder.linkToTargetMethod(java.lang.Object, java.lang.Object, int, java.lang.Object, java.lang.Object)'> (0x0000000710207d78) 
thrown [./open/src/hotspot/share/interpreter/linkResolver.cpp, line 766]
Event: 17.495 Thread 0x000001a3dddef800 Exception <a 'java/lang/NoSuchMethodError'{0x00000007101d6720}: 'java.lang.Object java.lang.invoke.DirectMethodHandle$Holder.invokeInterface(java.lang.Object, java.lang.Object, int)'> (0x00000007101d6720) 
thrown [./open/src/hotspot/share/interpreter/linkResolver.cpp, line 766]
Event: 17.575 Thread 0x000001a3dddec800 Exception <a 'java/lang/NoSuchMethodError'{0x000000070fe196d8}: static Lrlbotexample/animations/CarGroupAnimation;.<clinit>()V> (0x000000070fe196d8) 
thrown [./open/src/hotspot/share/prims/jni.cpp, line 1348]
Event: 17.583 Thread 0x000001a3dddec800 Exception <a 'java/lang/NoSuchMethodError'{0x000000070fe2b890}: static Lrlbotexample/animations/IndexedCarGroup;.<clinit>()V> (0x000000070fe2b890) 
thrown [./open/src/hotspot/share/prims/jni.cpp, line 1348]
Event: 17.585 Thread 0x000001a3dddec800 Exception <a 'java/lang/NoSuchMethodError'{0x000000070fe335f0}: static Lrlbotexample/animations/CarGroup;.<clinit>()V> (0x000000070fe335f0) 
thrown [./open/src/hotspot/share/prims/jni.cpp, line 1348]
Event: 17.587 Thread 0x000001a3dddec800 Exception <a 'java/lang/NoSuchMethodError'{0x000000070fe3d3d0}: static Lrlbotexample/animations/AnimatedCarObject;.<clinit>()V> (0x000000070fe3d3d0) 
thrown [./open/src/hotspot/share/prims/jni.cpp, line 1348]
Event: 17.588 Thread 0x000001a3dddec800 Exception <a 'java/lang/NoSuchMethodError'{0x000000070fe45fd8}: static Lutil/math/vector/ZyxOrientedPosition;.<clinit>()V> (0x000000070fe45fd8) 
thrown [./open/src/hotspot/share/prims/jni.cpp, line 1348]
Event: 17.609 Thread 0x000001a3dddec800 Exception <a 'java/lang/NoSuchMethodError'{0x000000070fe5c5f0}: static Ljava/lang/Object;.<clinit>()V> (0x000000070fe5c5f0) 
thrown [./open/src/hotspot/share/prims/jni.cpp, line 1348]
Event: 61.583 Thread 0x000001a3dddeb800 Implicit null exception at 0x000001a3c25ed182 to 0x000001a3c25ed724
Event: 61.717 Thread 0x000001a3dddeb800 Implicit null exception at 0x000001a3c25ee40e to 0x000001a3c25eeaa4
Event: 61.798 Thread 0x000001a3dddeb800 Implicit null exception at 0x000001a3c25f0acf to 0x000001a3c25f1270
Event: 62.855 Thread 0x000001a3dddeb800 Implicit null exception at 0x000001a3c25f44da to 0x000001a3c25f4cd4
Event: 63.891 Thread 0x000001a3dddeb800 Implicit null exception at 0x000001a3c25f5ba1 to 0x000001a3c25f6344
Event: 64.907 Thread 0x000001a3dddeb800 Implicit null exception at 0x000001a3c25f723d to 0x000001a3c25f79d0
Event: 65.963 Thread 0x000001a3dddeb800 Implicit null exception at 0x000001a3c25f8bbd to 0x000001a3c25f9350
Event: 69.985 Thread 0x000001a3dddeb800 Implicit null exception at 0x000001a3c25fe0a8 to 0x000001a3c25fe964

Events (20 events):
Event: 129.091 Executing VM operation: G1CollectForAllocation
Event: 129.092 Executing VM operation: G1CollectForAllocation done
Event: 129.228 Executing VM operation: G1CollectForAllocation
Event: 129.229 Executing VM operation: G1CollectForAllocation done
Event: 129.345 Executing VM operation: G1CollectForAllocation
Event: 129.346 Executing VM operation: G1CollectForAllocation done
Event: 129.473 Executing VM operation: G1CollectForAllocation
Event: 129.474 Executing VM operation: G1CollectForAllocation done
Event: 129.586 Executing VM operation: G1CollectForAllocation
Event: 129.588 Executing VM operation: G1CollectForAllocation done
Event: 129.696 Executing VM operation: G1CollectForAllocation
Event: 129.698 Executing VM operation: G1CollectForAllocation done
Event: 129.810 Executing VM operation: G1CollectForAllocation
Event: 129.812 Executing VM operation: G1CollectForAllocation done
Event: 129.909 Executing VM operation: G1CollectForAllocation
Event: 129.912 Executing VM operation: G1CollectForAllocation done
Event: 130.017 Executing VM operation: G1CollectForAllocation
Event: 130.019 Executing VM operation: G1CollectForAllocation done
Event: 130.515 Executing VM operation: G1CollectForAllocation
Event: 130.518 Executing VM operation: G1CollectForAllocation done


Dynamic libraries:
0x00007ff7fa410000 - 0x00007ff7fa41d000 	C:\Program Files\Java\jdk-14.0.2\bin\java.exe
0x00007ffa59090000 - 0x00007ffa59285000 	C:\Windows\SYSTEM32\ntdll.dll
0x00007ffa377c0000 - 0x00007ffa377d6000 	C:\Program Files\Avast Software\Avast\aswhook.dll
0x00007ffa57220000 - 0x00007ffa572de000 	C:\Windows\System32\KERNEL32.DLL
0x00007ffa568c0000 - 0x00007ffa56b88000 	C:\Windows\System32\KERNELBASE.dll
0x00007ffa56fe0000 - 0x00007ffa570e0000 	C:\Windows\System32\ucrtbase.dll
0x00007ffa34560000 - 0x00007ffa34575000 	C:\Program Files\Java\jdk-14.0.2\bin\VCRUNTIME140.dll
0x00007ffa34540000 - 0x00007ffa34558000 	C:\Program Files\Java\jdk-14.0.2\bin\jli.dll
0x00007ffa574c0000 - 0x00007ffa57660000 	C:\Windows\System32\USER32.dll
0x00007ffa372f0000 - 0x00007ffa3758a000 	C:\Windows\WinSxS\amd64_microsoft.windows.common-controls_6595b64144ccf1df_6.0.19041.1110_none_60b5254171f9507e\COMCTL32.dll
0x00007ffa567a0000 - 0x00007ffa567c2000 	C:\Windows\System32\win32u.dll
0x00007ffa58d80000 - 0x00007ffa58e1e000 	C:\Windows\System32\msvcrt.dll
0x00007ffa58e20000 - 0x00007ffa58e4b000 	C:\Windows\System32\GDI32.dll
0x00007ffa56cc0000 - 0x00007ffa56dcd000 	C:\Windows\System32\gdi32full.dll
0x00007ffa56b90000 - 0x00007ffa56c2d000 	C:\Windows\System32\msvcp_win.dll
0x00007ffa57ea0000 - 0x00007ffa57ed0000 	C:\Windows\System32\IMM32.DLL
0x00007ffa281b0000 - 0x00007ffa2824b000 	C:\Program Files\Java\jdk-14.0.2\bin\msvcp140.dll
0x00007ff9bc300000 - 0x00007ff9bce1e000 	C:\Program Files\Java\jdk-14.0.2\bin\server\jvm.dll
0x00007ffa57170000 - 0x00007ffa5721e000 	C:\Windows\System32\ADVAPI32.dll
0x00007ffa58360000 - 0x00007ffa583fc000 	C:\Windows\System32\sechost.dll
0x00007ffa587c0000 - 0x00007ffa588e5000 	C:\Windows\System32\RPCRT4.dll
0x00007ffa57160000 - 0x00007ffa57168000 	C:\Windows\System32\PSAPI.DLL
0x00007ffa41d60000 - 0x00007ffa41d87000 	C:\Windows\SYSTEM32\WINMM.dll
0x00007ffa507f0000 - 0x00007ffa507fa000 	C:\Windows\SYSTEM32\VERSION.dll
0x00007ffa49ab0000 - 0x00007ffa49ab9000 	C:\Windows\SYSTEM32\WSOCK32.dll
0x00007ffa57660000 - 0x00007ffa576cb000 	C:\Windows\System32\WS2_32.dll
0x00007ffa546b0000 - 0x00007ffa546c2000 	C:\Windows\SYSTEM32\kernel.appcore.dll
0x00007ffa3c1c0000 - 0x00007ffa3c1ca000 	C:\Program Files\Java\jdk-14.0.2\bin\jimage.dll
0x00007ffa4d930000 - 0x00007ffa4db14000 	C:\Windows\SYSTEM32\DBGHELP.DLL
0x00007ffa4d900000 - 0x00007ffa4d92c000 	C:\Windows\SYSTEM32\dbgcore.DLL
0x00007ffa56c30000 - 0x00007ffa56cb2000 	C:\Windows\System32\bcryptPrimitives.dll
0x00007ffa34510000 - 0x00007ffa34535000 	C:\Program Files\Java\jdk-14.0.2\bin\java.dll
0x00007ffa344d0000 - 0x00007ffa344e6000 	C:\Program Files\Java\jdk-14.0.2\bin\zip.dll
0x00007ffa576d0000 - 0x00007ffa57e14000 	C:\Windows\System32\SHELL32.dll
0x00007ffa548b0000 - 0x00007ffa55044000 	C:\Windows\SYSTEM32\windows.storage.dll
0x00007ffa58400000 - 0x00007ffa58755000 	C:\Windows\System32\combase.dll
0x00007ffa561f0000 - 0x00007ffa5621e000 	C:\Windows\SYSTEM32\Wldp.dll
0x00007ffa572e0000 - 0x00007ffa5738d000 	C:\Windows\System32\SHCORE.dll
0x00007ffa58760000 - 0x00007ffa587b5000 	C:\Windows\System32\shlwapi.dll
0x00007ffa566e0000 - 0x00007ffa566ff000 	C:\Windows\SYSTEM32\profapi.dll
0x00007ffa344b0000 - 0x00007ffa344c9000 	C:\Program Files\Java\jdk-14.0.2\bin\net.dll
0x00007ffa4f5e0000 - 0x00007ffa4f6ec000 	C:\Windows\SYSTEM32\WINHTTP.dll
0x00007ffa55f50000 - 0x00007ffa55fba000 	C:\Windows\system32\mswsock.dll
0x00007ffa34250000 - 0x00007ffa34262000 	C:\Program Files\Java\jdk-14.0.2\bin\nio.dll
0x00007ff9da790000 - 0x00007ff9da928000 	C:\Program Files\Java\jdk-14.0.2\bin\awt.dll
0x00007ffa58f80000 - 0x00007ffa5904d000 	C:\Windows\System32\OLEAUT32.dll
0x00007ffa54220000 - 0x00007ffa542b0000 	C:\Windows\SYSTEM32\apphelp.dll
0x00007ffa545a0000 - 0x00007ffa545cf000 	C:\Windows\system32\DWMAPI.DLL
0x00007ffa543b0000 - 0x00007ffa5444e000 	C:\Windows\system32\uxtheme.dll
0x00007ffa11020000 - 0x00007ffa11145000 	C:\Windows\system32\opengl32.dll
0x00007ffa10ff0000 - 0x00007ffa1101c000 	C:\Windows\SYSTEM32\GLU32.dll
0x00007ffa57390000 - 0x00007ffa574a6000 	C:\Windows\System32\MSCTF.dll
0x00007ffa58e50000 - 0x00007ffa58f7a000 	C:\Windows\System32\ole32.dll
0x00007ffa4a150000 - 0x00007ffa4a320000 	C:\Windows\system32\d3d9.dll
0x00007ffa4a040000 - 0x00007ffa4a147000 	C:\Windows\System32\DriverStore\FileRepository\nv_dispig.inf_amd64_31a2adf8c49e7799\nvldumdx.dll
0x00007ffa56380000 - 0x00007ffa56392000 	C:\Windows\SYSTEM32\msasn1.dll
0x00007ffa507b0000 - 0x00007ffa507e1000 	C:\Windows\SYSTEM32\cryptnet.dll
0x00007ffa56e80000 - 0x00007ffa56fd6000 	C:\Windows\System32\CRYPT32.dll
0x00007ffa4d7b0000 - 0x00007ffa4d8fa000 	C:\Windows\SYSTEM32\drvstore.dll
0x00007ffa56540000 - 0x00007ffa56574000 	C:\Windows\SYSTEM32\devobj.dll
0x00007ffa56800000 - 0x00007ffa5684e000 	C:\Windows\System32\cfgmgr32.dll
0x00007ffa56160000 - 0x00007ffa5616c000 	C:\Windows\SYSTEM32\cryptbase.dll
0x00007ffa56850000 - 0x00007ffa568b9000 	C:\Windows\System32\WINTRUST.DLL
0x00007ffa57140000 - 0x00007ffa5715d000 	C:\Windows\System32\imagehlp.dll
0x00007ffa56140000 - 0x00007ffa56158000 	C:\Windows\SYSTEM32\CRYPTSP.dll
0x00007ffa55860000 - 0x00007ffa55894000 	C:\Windows\system32\rsaenh.dll
0x00007ffa567d0000 - 0x00007ffa567f7000 	C:\Windows\System32\bcrypt.dll
0x00007ff9bdba0000 - 0x00007ff9bf328000 	C:\Windows\System32\DriverStore\FileRepository\nv_dispig.inf_amd64_31a2adf8c49e7799\nvd3dumx.dll
0x00007ffa55060000 - 0x00007ffa55083000 	C:\Windows\SYSTEM32\gpapi.dll
0x00007ffa4a4f0000 - 0x00007ffa4a52b000 	C:\Windows\SYSTEM32\dxcore.dll
0x00007ffa1cd40000 - 0x00007ffa1cdc2000 	C:\Program Files\Java\jdk-14.0.2\bin\freetype.dll
0x00007ffa1bfc0000 - 0x00007ffa1c066000 	C:\Program Files\Java\jdk-14.0.2\bin\fontmanager.dll
0x00007ffa34080000 - 0x00007ffa34179000 	C:\Windows\SYSTEM32\textinputframework.dll
0x00007ffa53ba0000 - 0x00007ffa53efe000 	C:\Windows\System32\CoreUIComponents.dll
0x00007ffa55280000 - 0x00007ffa552b3000 	C:\Windows\SYSTEM32\ntmarta.dll
0x00007ffa53f00000 - 0x00007ffa53ff2000 	C:\Windows\System32\CoreMessaging.dll
0x00007ffa52c80000 - 0x00007ffa52dd4000 	C:\Windows\SYSTEM32\wintypes.dll
0x00007ffa566a0000 - 0x00007ffa566ce000 	C:\Windows\SYSTEM32\USERENV.dll
0x00007ffa55bf0000 - 0x00007ffa55c2b000 	C:\Windows\SYSTEM32\IPHLPAPI.DLL
0x00007ffa58350000 - 0x00007ffa58358000 	C:\Windows\System32\NSI.dll
0x00007ffa50ff0000 - 0x00007ffa51007000 	C:\Windows\SYSTEM32\dhcpcsvc6.DLL
0x00007ffa50e60000 - 0x00007ffa50e7d000 	C:\Windows\SYSTEM32\dhcpcsvc.DLL
0x00007ffa55c30000 - 0x00007ffa55cfb000 	C:\Windows\SYSTEM32\DNSAPI.dll
0x00007ffa204e0000 - 0x00007ffa20522000 	C:\Users\Plads\AppData\Local\Temp\jna-77195540\jna13679569042724592323.dll
0x00007ffa315b0000 - 0x00007ffa315de000 	C:\Users\Plads\Documents\GitHub\Flyve\Boss-Battle\build\dll\RLBot_Core_Interface.dll

dbghelp: loaded successfully - version: 4.0.5 - missing functions: none
symbol engine: initialized successfully - sym options: 0x614 - pdb path: .;C:\Program Files\Java\jdk-14.0.2\bin;C:\Windows\SYSTEM32;C:\Program Files\Avast Software\Avast;C:\Windows\WinSxS\amd64_microsoft.windows.common-controls_6595b64144ccf1df_6.0.19041.1110_none_60b5254171f9507e;C:\Program Files\Java\jdk-14.0.2\bin\server;C:\Windows\System32\DriverStore\FileRepository\nv_dispig.inf_amd64_31a2adf8c49e7799;C:\Users\Plads\AppData\Local\Temp\jna-77195540;C:\Users\Plads\Documents\GitHub\Flyve\Boss-Battle\build\dll

VM Arguments:
jvm_args: -Dfile.encoding=windows-1252 -Duser.country=CA -Duser.language=en -Duser.variant 
java_command: rlbotexample.JavaExample
java_class_path (initial): C:\Users\Plads\Documents\GitHub\Flyve\Boss-Battle\build\classes\java\main;C:\Users\Plads\Documents\GitHub\Flyve\Boss-Battle\build\resources\main;C:\Users\Plads\Documents\GitHub\Flyve\Boss-Battle\build\dll;C:\Users\Plads\.gradle\caches\modules-2\files-2.1\org.rlbot.commons\framework\2.1.0\30b955d146d454cbe8606b4e68752843b7b43dc6\framework-2.1.0.jar;C:\Users\Plads\.gradle\caches\modules-2\files-2.1\net.java.dev.jna\jna-platform\4.5.1\117d52c9f672d8b7ea80a81464c33ef843de9254\jna-platform-4.5.1.jar;C:\Users\Plads\.gradle\caches\modules-2\files-2.1\net.java.dev.jna\jna\4.5.1\65bd0cacc9c79a21c6ed8e9f588577cd3c2f85b9\jna-4.5.1.jar;C:\Users\Plads\.gradle\caches\modules-2\files-2.1\com.github.davidmoten\flatbuffers-java\1.9.0.1\eaa1b27095bb5127879458bc2ee1b78e00d4a20\flatbuffers-java-1.9.0.1.jar
Launcher Type: SUN_STANDARD

[Global flags]
     intx CICompilerCount                          = 3                                         {product} {ergonomic}
     uint ConcGCThreads                            = 2                                         {product} {ergonomic}
     uint G1ConcRefinementThreads                  = 6                                         {product} {ergonomic}
   size_t G1HeapRegionSize                         = 1048576                                   {product} {ergonomic}
    uintx GCDrainStackTargetSize                   = 64                                        {product} {ergonomic}
   size_t InitialHeapSize                          = 268435456                                 {product} {ergonomic}
   size_t MarkStackSize                            = 4194304                                   {product} {ergonomic}
   size_t MaxHeapSize                              = 4280287232                                {product} {ergonomic}
   size_t MaxNewSize                               = 2567962624                                {product} {ergonomic}
   size_t MinHeapDeltaBytes                        = 1048576                                   {product} {ergonomic}
   size_t MinHeapSize                              = 8388608                                   {product} {ergonomic}
    uintx NonNMethodCodeHeapSize                   = 5832780                                {pd product} {ergonomic}
    uintx NonProfiledCodeHeapSize                  = 122912730                              {pd product} {ergonomic}
    uintx ProfiledCodeHeapSize                     = 122912730                              {pd product} {ergonomic}
    uintx ReservedCodeCacheSize                    = 251658240                              {pd product} {ergonomic}
     bool SegmentedCodeCache                       = true                                      {product} {ergonomic}
   size_t SoftMaxHeapSize                          = 4280287232                             {manageable} {ergonomic}
     bool UseCompressedClassPointers               = true                                 {lp64_product} {ergonomic}
     bool UseCompressedOops                        = true                                 {lp64_product} {ergonomic}
     bool UseG1GC                                  = true                                      {product} {ergonomic}
     bool UseLargePagesIndividualAllocation        = false                                  {pd product} {ergonomic}

Logging:
Log output configuration:
 #0: stdout all=warning uptime,level,tags
 #1: stderr all=off uptime,level,tags

Environment Variables:
JAVA_HOME=C:\Program Files\Java\jdk-14.0.2
PATH=C:\Program Files (x86)\Common Files\Oracle\Java\javapath;C:\Program Files (x86)\VMware\VMware Player\bin\;C:\Python310\Scripts\;C:\Python310\;C:\Windows\system32;C:\Windows;C:\Windows\System32\Wbem;C:\Windows\System32\WindowsPowerShell\v1.0\;C:\Windows\System32\OpenSSH\;C:\Program Files\nodejs\;C:\ProgramData\chocolatey\bin;C:\Program Files (x86)\NVIDIA Corporation\PhysX\Common;C:\Program Files\Git\cmd;C:\Users\Plads\AppData\Local\Microsoft\WindowsApps;C:\Users\Plads\AppData\Roaming\npm;C:\Users\Plads\AppData\Local\atom\bin;C:\Program Files\JetBrains\IntelliJ IDEA Community Edition 2021.3.2\bin;;C:\Users\Plads\AppData\Local\GitHubDesktop\bin;C:\Program Files\JetBrains\PyCharm Community Edition 2021.3.2\bin;
USERNAME=Plads
OS=Windows_NT
PROCESSOR_IDENTIFIER=Intel64 Family 6 Model 158 Stepping 10, GenuineIntel



---------------  S Y S T E M  ---------------

OS: Windows 10 , 64 bit Build 19041 (10.0.19041.1503)
OS uptime: 3 days 2:48 hours

CPU:total 6 (initial active 6) (6 cores per cpu, 1 threads per core) family 6 model 158 stepping 10, cmov, cx8, fxsr, mmx, sse, sse2, sse3, ssse3, sse4.1, sse4.2, popcnt, avx, avx2, aes, clmul, erms, rtm, 3dnowpref, lzcnt, tsc, tscinvbit, bmi1, bmi2, adx, fma

Memory: 4k page, system-wide physical 16325M (1315M free)
TotalPageFile size 65477M (AvailPageFile size 17M)
current process WorkingSet (physical memory assigned to process): 445M, peak: 445M
current process commit charge ("private bytes"): 481M, peak: 481M

vm_info: OpenJDK 64-Bit Server VM (14.0.2+12-46) for windows-amd64 JRE (14.0.2+12-46), built on Jul  9 2020 00:31:16 by "mach5one" with MS VC++ 15.9 (VS2017)

END.
