#
# There is insufficient memory for the Java Runtime Environment to continue.
# Native memory allocation (malloc) failed to allocate 32744 bytes for ChunkPool::allocate
# Possible reasons:
#   The system is out of physical RAM or swap space
#   The process is running with CompressedOops enabled, and the Java Heap may be blocking the growth of the native heap
# Possible solutions:
#   Reduce memory load on the system
#   Increase physical memory or swap space
#   Check if swap backing store is full
#   Decrease Java heap size (-Xmx/-Xms)
#   Decrease number of Java threads
#   Decrease Java thread stack sizes (-Xss)
#   Set larger code cache with -XX:ReservedCodeCacheSize=
#   JVM is running with Zero Based Compressed Oops mode in which the Java heap is
#     placed in the first 32GB address space. The Java Heap base address is the
#     maximum limit for the native heap growth. Please use -XX:HeapBaseMinAddress
#     to set the Java Heap base and to place the Java Heap above 32GB virtual address.
# This output file may be truncated or incomplete.
#
#  Out of Memory Error (./open/src/hotspot/share/memory/arena.cpp:79), pid=7884, tid=19616
#
# JRE version: Java(TM) SE Runtime Environment (14.0.2+12) (build 14.0.2+12-46)
# Java VM: Java HotSpot(TM) 64-Bit Server VM (14.0.2+12-46, mixed mode, sharing, tiered, compressed oops, g1 gc, windows-amd64)
# No core dump will be written. Minidumps are not enabled by default on client versions of Windows
#

---------------  S U M M A R Y ------------

Command Line: -Dfile.encoding=windows-1252 -Duser.country=CA -Duser.language=fr -Duser.variant rlbotexample.JavaExample

Host: Intel(R) Core(TM) i5-8600K CPU @ 3.60GHz, 6 cores, 15G,  Windows 10 , 64 bit Build 19041 (10.0.19041.1023)
Time: Tue Jul 13 19:56:18 2021 Est (É.-U. - heure d’été) elapsed time: 9 seconds (0d 0h 0m 9s)

---------------  T H R E A D  ---------------

Current thread (0x0000021ba850a800):  JavaThread "C1 CompilerThread0" daemon [_thread_in_native, id=19616, stack(0x00000070bda00000,0x00000070bdb00000)]


Current CompileTask:
C1:   9738 2332       3       rlbot.gamestate.GameState::buildPacket (286 bytes)

Stack: [0x00000070bda00000,0x00000070bdb00000]
Native frames: (J=compiled Java code, j=interpreted, Vv=VM code, C=native code)
V  [jvm.dll+0x5f8a9a]
V  [jvm.dll+0x74247a]
V  [jvm.dll+0x743c2f]
V  [jvm.dll+0x744273]
V  [jvm.dll+0x20d288]
V  [jvm.dll+0xabea6]
V  [jvm.dll+0xac1fc]
V  [jvm.dll+0xf0b10]
V  [jvm.dll+0x294479]
V  [jvm.dll+0x5c1e45]
V  [jvm.dll+0x1426ed]
V  [jvm.dll+0x14aca8]
V  [jvm.dll+0x14342e]
V  [jvm.dll+0x12fad0]
V  [jvm.dll+0x117ac9]
V  [jvm.dll+0x1173cf]
V  [jvm.dll+0x1175ff]
V  [jvm.dll+0x116884]
V  [jvm.dll+0x1187d7]
V  [jvm.dll+0x1f4105]
V  [jvm.dll+0x1f22eb]
V  [jvm.dll+0x7070cd]
V  [jvm.dll+0x6ffeda]
V  [jvm.dll+0x5f78f6]
C  [ucrtbase.dll+0x21bb2]
C  [KERNEL32.DLL+0x17034]
C  [ntdll.dll+0x52651]


---------------  P R O C E S S  ---------------

Threads class SMR info:
_java_thread_list=0x0000021bb0aac6e0, length=72, elements={
0x0000021ba7c53000, 0x0000021ba7c55000, 0x0000021ba7c70000, 0x0000021ba7c71000,
0x0000021ba7c72000, 0x0000021ba7c75000, 0x0000021ba850a800, 0x0000021ba7c7d800,
0x0000021ba8648800, 0x0000021ba865f800, 0x0000021ba86a5000, 0x0000021ba8b60000,
0x0000021ba8b98000, 0x0000021ba8ba6000, 0x0000021badb9e000, 0x0000021badc38800,
0x0000021badc40800, 0x0000021badbc4800, 0x0000021badbcf800, 0x0000021badbce000,
0x0000021badbce800, 0x0000021badbd0800, 0x0000021badbca800, 0x0000021badbd1000,
0x0000021badbcb800, 0x0000021badbcd000, 0x0000021badbcc800, 0x0000021badbfd000,
0x0000021badbfc800, 0x0000021badbfe000, 0x0000021badbfe800, 0x0000021badbf9000,
0x0000021badbfa800, 0x0000021badbfb800, 0x0000021badbff800, 0x0000021badbfa000,
0x0000021badc06000, 0x0000021badc03800, 0x0000021badc01000, 0x0000021badc02000,
0x0000021badc00800, 0x0000021badc04800, 0x0000021badc07000, 0x0000021badc07800,
0x0000021badc03000, 0x0000021badc05800, 0x0000021bade10000, 0x0000021bade0d000,
0x0000021bade11000, 0x0000021bade12000, 0x0000021bade13800, 0x0000021bade0e000,
0x0000021bade14800, 0x0000021bade0e800, 0x0000021bade15000, 0x0000021bade0f800,
0x0000021bade17800, 0x0000021bade1a000, 0x0000021bade18800, 0x0000021bade16000,
0x0000021bade1b800, 0x0000021bade19000, 0x0000021bade1b000, 0x0000021bade17000,
0x0000021badf65800, 0x0000021badf6c000, 0x0000021badf6a800, 0x0000021badf66800,
0x0000021badf69000, 0x0000021badf67800, 0x0000021badf6d000, 0x0000021ba8874800
}

Java Threads: ( => current thread )
  0x0000021ba7c53000 JavaThread "Reference Handler" daemon [_thread_blocked, id=19904, stack(0x00000070bd400000,0x00000070bd500000)]
  0x0000021ba7c55000 JavaThread "Finalizer" daemon [_thread_blocked, id=6236, stack(0x00000070bd500000,0x00000070bd600000)]
  0x0000021ba7c70000 JavaThread "Signal Dispatcher" daemon [_thread_blocked, id=22764, stack(0x00000070bd600000,0x00000070bd700000)]
  0x0000021ba7c71000 JavaThread "Attach Listener" daemon [_thread_blocked, id=8700, stack(0x00000070bd700000,0x00000070bd800000)]
  0x0000021ba7c72000 JavaThread "Service Thread" daemon [_thread_blocked, id=14260, stack(0x00000070bd800000,0x00000070bd900000)]
  0x0000021ba7c75000 JavaThread "C2 CompilerThread0" daemon [_thread_in_native, id=12416, stack(0x00000070bd900000,0x00000070bda00000)]
=>0x0000021ba850a800 JavaThread "C1 CompilerThread0" daemon [_thread_in_native, id=19616, stack(0x00000070bda00000,0x00000070bdb00000)]
  0x0000021ba7c7d800 JavaThread "Sweeper thread" daemon [_thread_blocked, id=428, stack(0x00000070bdb00000,0x00000070bdc00000)]
  0x0000021ba8648800 JavaThread "Notification Thread" daemon [_thread_blocked, id=24252, stack(0x00000070bdc00000,0x00000070bdd00000)]
  0x0000021ba865f800 JavaThread "Common-Cleaner" daemon [_thread_blocked, id=4480, stack(0x00000070bde00000,0x00000070bdf00000)]
  0x0000021ba86a5000 JavaThread "Thread-0" [_thread_in_native, id=2092, stack(0x00000070bdf00000,0x00000070be000000)]
  0x0000021ba8b60000 JavaThread "Java2D Disposer" daemon [_thread_blocked, id=4184, stack(0x00000070be000000,0x00000070be100000)]
  0x0000021ba8b98000 JavaThread "AWT-Shutdown" [_thread_blocked, id=23176, stack(0x00000070be100000,0x00000070be200000)]
  0x0000021ba8ba6000 JavaThread "AWT-Windows" daemon [_thread_in_native, id=19404, stack(0x00000070be200000,0x00000070be300000)]
  0x0000021badb9e000 JavaThread "Thread-1" [_thread_in_native, id=16240, stack(0x00000070be500000,0x00000070be600000)]
  0x0000021badc38800 JavaThread "Thread-2" [_thread_blocked, id=8692, stack(0x00000070be600000,0x00000070be700000)]
  0x0000021badc40800 JavaThread "Thread-3" [_thread_blocked, id=23800, stack(0x00000070be700000,0x00000070be800000)]
  0x0000021badbc4800 JavaThread "Thread-4" [_thread_blocked, id=5464, stack(0x00000070be800000,0x00000070be900000)]
  0x0000021badbcf800 JavaThread "Thread-5" [_thread_blocked, id=17712, stack(0x00000070be900000,0x00000070bea00000)]
  0x0000021badbce000 JavaThread "Thread-6" [_thread_blocked, id=10940, stack(0x00000070bea00000,0x00000070beb00000)]
  0x0000021badbce800 JavaThread "Thread-7" [_thread_blocked, id=14356, stack(0x00000070beb00000,0x00000070bec00000)]
  0x0000021badbd0800 JavaThread "Thread-8" [_thread_blocked, id=16752, stack(0x00000070bec00000,0x00000070bed00000)]
  0x0000021badbca800 JavaThread "Thread-9" [_thread_blocked, id=10032, stack(0x00000070bed00000,0x00000070bee00000)]
  0x0000021badbd1000 JavaThread "Thread-10" [_thread_blocked, id=4300, stack(0x00000070bee00000,0x00000070bef00000)]
  0x0000021badbcb800 JavaThread "Thread-11" [_thread_blocked, id=3864, stack(0x00000070bef00000,0x00000070bf000000)]
  0x0000021badbcd000 JavaThread "Thread-12" [_thread_blocked, id=12724, stack(0x00000070bf000000,0x00000070bf100000)]
  0x0000021badbcc800 JavaThread "Thread-13" [_thread_blocked, id=2124, stack(0x00000070bf100000,0x00000070bf200000)]
  0x0000021badbfd000 JavaThread "Thread-14" [_thread_blocked, id=22128, stack(0x00000070bf200000,0x00000070bf300000)]
  0x0000021badbfc800 JavaThread "Thread-15" [_thread_blocked, id=16848, stack(0x00000070bf300000,0x00000070bf400000)]
  0x0000021badbfe000 JavaThread "Thread-16" [_thread_blocked, id=6352, stack(0x00000070bf400000,0x00000070bf500000)]
  0x0000021badbfe800 JavaThread "Thread-17" [_thread_blocked, id=2232, stack(0x00000070bf500000,0x00000070bf600000)]
  0x0000021badbf9000 JavaThread "Thread-18" [_thread_blocked, id=16000, stack(0x00000070bf600000,0x00000070bf700000)]
  0x0000021badbfa800 JavaThread "Thread-19" [_thread_blocked, id=10820, stack(0x00000070bf700000,0x00000070bf800000)]
  0x0000021badbfb800 JavaThread "Thread-20" [_thread_blocked, id=19484, stack(0x00000070bf800000,0x00000070bf900000)]
  0x0000021badbff800 JavaThread "Thread-21" [_thread_blocked, id=6068, stack(0x00000070bf900000,0x00000070bfa00000)]
  0x0000021badbfa000 JavaThread "Thread-22" [_thread_blocked, id=18140, stack(0x00000070bfa00000,0x00000070bfb00000)]
  0x0000021badc06000 JavaThread "Thread-23" [_thread_blocked, id=17748, stack(0x00000070bfc00000,0x00000070bfd00000)]
  0x0000021badc03800 JavaThread "Thread-24" [_thread_blocked, id=25044, stack(0x00000070bfd00000,0x00000070bfe00000)]
  0x0000021badc01000 JavaThread "Thread-25" [_thread_blocked, id=15896, stack(0x00000070bfe00000,0x00000070bff00000)]
  0x0000021badc02000 JavaThread "Thread-26" [_thread_blocked, id=4596, stack(0x00000070bff00000,0x00000070c0000000)]
  0x0000021badc00800 JavaThread "Thread-27" [_thread_blocked, id=15768, stack(0x00000070c0000000,0x00000070c0100000)]
  0x0000021badc04800 JavaThread "Thread-28" [_thread_blocked, id=2148, stack(0x00000070c0100000,0x00000070c0200000)]
  0x0000021badc07000 JavaThread "Thread-29" [_thread_blocked, id=7388, stack(0x00000070c0200000,0x00000070c0300000)]
  0x0000021badc07800 JavaThread "Thread-30" [_thread_blocked, id=23920, stack(0x00000070c0300000,0x00000070c0400000)]
  0x0000021badc03000 JavaThread "Thread-31" [_thread_blocked, id=23080, stack(0x00000070c0400000,0x00000070c0500000)]
  0x0000021badc05800 JavaThread "Thread-32" [_thread_blocked, id=23688, stack(0x00000070c0500000,0x00000070c0600000)]
  0x0000021bade10000 JavaThread "Thread-33" [_thread_in_native, id=25384, stack(0x00000070c0700000,0x00000070c0800000)]
  0x0000021bade0d000 JavaThread "Thread-34" [_thread_blocked, id=8800, stack(0x00000070c0800000,0x00000070c0900000)]
  0x0000021bade11000 JavaThread "Thread-35" [_thread_blocked, id=8084, stack(0x00000070c0900000,0x00000070c0a00000)]
  0x0000021bade12000 JavaThread "Thread-36" [_thread_blocked, id=17432, stack(0x00000070c0a00000,0x00000070c0b00000)]
  0x0000021bade13800 JavaThread "AWT-EventQueue-0" [_thread_blocked, id=13952, stack(0x00000070c0b00000,0x00000070c0c00000)]
  0x0000021bade0e000 JavaThread "Thread-37" [_thread_blocked, id=4632, stack(0x00000070c0c00000,0x00000070c0d00000)]
  0x0000021bade14800 JavaThread "Thread-38" [_thread_blocked, id=17540, stack(0x00000070c0d00000,0x00000070c0e00000)]
  0x0000021bade0e800 JavaThread "TimerQueue" daemon [_thread_blocked, id=21060, stack(0x00000070c0e00000,0x00000070c0f00000)]
  0x0000021bade15000 JavaThread "DestroyJavaVM" [_thread_blocked, id=22944, stack(0x00000070bcd00000,0x00000070bce00000)]
  0x0000021bade0f800 JavaThread "D3D Screen Updater" daemon [_thread_blocked, id=10476, stack(0x00000070c0f00000,0x00000070c1000000)]
  0x0000021bade17800 JavaThread "Thread-39" [_thread_blocked, id=4420, stack(0x00000070c1000000,0x00000070c1100000)]
  0x0000021bade1a000 JavaThread "Thread-40" [_thread_blocked, id=3048, stack(0x00000070c1100000,0x00000070c1200000)]
  0x0000021bade18800 JavaThread "Thread-41" [_thread_blocked, id=1296, stack(0x00000070c1200000,0x00000070c1300000)]
  0x0000021bade16000 JavaThread "Thread-42" [_thread_blocked, id=23124, stack(0x00000070c1300000,0x00000070c1400000)]
  0x0000021bade1b800 JavaThread "Thread-43" [_thread_blocked, id=12492, stack(0x00000070c1400000,0x00000070c1500000)]
  0x0000021bade19000 JavaThread "Thread-44" [_thread_blocked, id=8552, stack(0x00000070c1500000,0x00000070c1600000)]
  0x0000021bade1b000 JavaThread "Thread-45" [_thread_blocked, id=22720, stack(0x00000070c1600000,0x00000070c1700000)]
  0x0000021bade17000 JavaThread "Thread-46" [_thread_blocked, id=6912, stack(0x00000070c1700000,0x00000070c1800000)]
  0x0000021badf65800 JavaThread "Thread-47" [_thread_blocked, id=17160, stack(0x00000070c1800000,0x00000070c1900000)]
  0x0000021badf6c000 JavaThread "Thread-48" [_thread_blocked, id=15400, stack(0x00000070c1900000,0x00000070c1a00000)]
  0x0000021badf6a800 JavaThread "Thread-49" [_thread_blocked, id=22016, stack(0x00000070c1a00000,0x00000070c1b00000)]
  0x0000021badf66800 JavaThread "Thread-50" [_thread_blocked, id=2060, stack(0x00000070c1b00000,0x00000070c1c00000)]
  0x0000021badf69000 JavaThread "Thread-51" [_thread_blocked, id=10984, stack(0x00000070c1c00000,0x00000070c1d00000)]
  0x0000021badf67800 JavaThread "Thread-52" [_thread_blocked, id=22080, stack(0x00000070c1d00000,0x00000070c1e00000)]
  0x0000021badf6d000 JavaThread "Thread-53" [_thread_blocked, id=4236, stack(0x00000070c1e00000,0x00000070c1f00000)]
  0x0000021ba8874800 JavaThread "C2 CompilerThread1" daemon [_thread_in_native, id=17248, stack(0x00000070c0600000,0x00000070c0700000)]

Other Threads:
  0x0000021ba7c50000 VMThread "VM Thread" [stack: 0x00000070bd300000,0x00000070bd400000] [id=20460]
  0x0000021ba865d800 WatcherThread [stack: 0x00000070bdd00000,0x00000070bde00000] [id=18008]
  0x0000021b84312800 GCTaskThread "GC Thread#0" [stack: 0x00000070bce00000,0x00000070bcf00000] [id=13792]
  0x0000021badfc4800 GCTaskThread "GC Thread#1" [stack: 0x00000070c1f00000,0x00000070c2000000] [id=24964]
  0x0000021badfc5800 GCTaskThread "GC Thread#2" [stack: 0x00000070c2000000,0x00000070c2100000] [id=12764]
  0x0000021badfc7000 GCTaskThread "GC Thread#3" [stack: 0x00000070c2100000,0x00000070c2200000] [id=24084]
  0x0000021badfc7800 GCTaskThread "GC Thread#4" [stack: 0x00000070c2200000,0x00000070c2300000] [id=4356]
  0x0000021badfc9000 GCTaskThread "GC Thread#5" [stack: 0x00000070c2300000,0x00000070c2400000] [id=24632]
  0x0000021b84335800 ConcurrentGCThread "G1 Main Marker" [stack: 0x00000070bcf00000,0x00000070bd000000] [id=23064]
  0x0000021b84337800 ConcurrentGCThread "G1 Conc#0" [stack: 0x00000070bd000000,0x00000070bd100000] [id=13536]
  0x0000021ba7b3d800 ConcurrentGCThread "G1 Refine#0" [stack: 0x00000070bd100000,0x00000070bd200000] [id=13452]
  0x0000021ba86c6000 ConcurrentGCThread "G1 Refine#1" [stack: 0x00000070c2400000,0x00000070c2500000] [id=21548]
  0x0000021ba7b3e000 ConcurrentGCThread "G1 Young RemSet Sampling" [stack: 0x00000070bd200000,0x00000070bd300000] [id=23924]

Threads with active compile tasks:
C2 CompilerThread0     9800 2230       4       util.shapes.HitBox::<init> (100 bytes)
C1 CompilerThread0     9800 2332       3       rlbot.gamestate.GameState::buildPacket (286 bytes)
C2 CompilerThread1     9800 2231       4       rlbotexample.dynamic_objects.car.ExtendedCarData::<init> (90 bytes)

VM state:not at safepoint (normal execution)

VM Mutex/Monitor currently owned by a thread: None

Heap address: 0x0000000700e00000, size: 4082 MB, Compressed Oops mode: Zero based, Oop shift amount: 3
Narrow klass base: 0x0000000800000000, Narrow klass shift: 3
Compressed class space size: 1073741824 Address: 0x0000000800b30000

Heap:
 garbage-first heap   total 315392K, used 133154K [0x0000000700e00000, 0x0000000800000000)
  region size 1024K, 95 young (97280K), 14 survivors (14336K)
 Metaspace       used 10722K, capacity 11152K, committed 11392K, reserved 1058816K
  class space    used 1165K, capacity 1361K, committed 1408K, reserved 1048576K
Heap Regions: E=young(eden), S=young(survivor), O=old, HS=humongous(starts), HC=humongous(continues), CS=collection set, F=free, OA=open archive, CA=closed archive, TAMS=top-at-mark-start (previous, next)
|   0|0x0000000700e00000, 0x0000000700f00000, 0x0000000700f00000|100%| O|  |TAMS 0x0000000700e00000, 0x0000000700e00000| Untracked 
|   1|0x0000000700f00000, 0x0000000701000000, 0x0000000701000000|100%| O|  |TAMS 0x0000000700f00000, 0x0000000700f00000| Untracked 
|   2|0x0000000701000000, 0x0000000701100000, 0x0000000701100000|100%| O|  |TAMS 0x0000000701000000, 0x0000000701000000| Untracked 
|   3|0x0000000701100000, 0x0000000701200000, 0x0000000701200000|100%|HS|  |TAMS 0x0000000701100000, 0x0000000701100000| Complete 
|   4|0x0000000701200000, 0x0000000701300000, 0x0000000701300000|100%|HS|  |TAMS 0x0000000701200000, 0x0000000701200000| Complete 
|   5|0x0000000701300000, 0x0000000701400000, 0x0000000701400000|100%|HS|  |TAMS 0x0000000701300000, 0x0000000701300000| Complete 
|   6|0x0000000701400000, 0x0000000701500000, 0x0000000701500000|100%|HC|  |TAMS 0x0000000701400000, 0x0000000701400000| Complete 
|   7|0x0000000701500000, 0x0000000701600000, 0x0000000701600000|100%|HS|  |TAMS 0x0000000701500000, 0x0000000701500000| Complete 
|   8|0x0000000701600000, 0x0000000701700000, 0x0000000701700000|100%|HC|  |TAMS 0x0000000701600000, 0x0000000701600000| Complete 
|   9|0x0000000701700000, 0x0000000701800000, 0x0000000701800000|100%|HS|  |TAMS 0x0000000701700000, 0x0000000701700000| Complete 
|  10|0x0000000701800000, 0x0000000701900000, 0x0000000701900000|100%|HS|  |TAMS 0x0000000701800000, 0x0000000701800000| Complete 
|  11|0x0000000701900000, 0x0000000701a00000, 0x0000000701a00000|100%| O|  |TAMS 0x0000000701900000, 0x0000000701900000| Untracked 
|  12|0x0000000701a00000, 0x0000000701b00000, 0x0000000701b00000|100%| O|  |TAMS 0x0000000701a00000, 0x0000000701a00000| Untracked 
|  13|0x0000000701b00000, 0x0000000701c00000, 0x0000000701c00000|100%| O|  |TAMS 0x0000000701b00000, 0x0000000701b00000| Untracked 
|  14|0x0000000701c00000, 0x0000000701d00000, 0x0000000701d00000|100%|HS|  |TAMS 0x0000000701c00000, 0x0000000701c00000| Complete 
|  15|0x0000000701d00000, 0x0000000701e00000, 0x0000000701e00000|100%|HS|  |TAMS 0x0000000701d00000, 0x0000000701d00000| Complete 
|  16|0x0000000701e00000, 0x0000000701f00000, 0x0000000701f00000|100%| O|  |TAMS 0x0000000701e00000, 0x0000000701e00000| Untracked 
|  17|0x0000000701f00000, 0x0000000702000000, 0x0000000702000000|100%| O|  |TAMS 0x0000000701f00000, 0x0000000701f00000| Untracked 
|  18|0x0000000702000000, 0x0000000702100000, 0x0000000702100000|100%| O|  |TAMS 0x0000000702000000, 0x0000000702000000| Untracked 
|  19|0x0000000702100000, 0x0000000702200000, 0x0000000702200000|100%| O|  |TAMS 0x0000000702100000, 0x0000000702100000| Untracked 
|  20|0x0000000702200000, 0x0000000702300000, 0x0000000702300000|100%| O|  |TAMS 0x0000000702200000, 0x0000000702200000| Untracked 
|  21|0x0000000702300000, 0x0000000702400000, 0x0000000702400000|100%|HS|  |TAMS 0x0000000702300000, 0x0000000702300000| Complete 
|  22|0x0000000702400000, 0x0000000702500000, 0x0000000702500000|100%|HS|  |TAMS 0x0000000702400000, 0x0000000702400000| Complete 
|  23|0x0000000702500000, 0x0000000702600000, 0x0000000702600000|100%| O|  |TAMS 0x0000000702500000, 0x0000000702500000| Untracked 
|  24|0x0000000702600000, 0x0000000702700000, 0x0000000702700000|100%| O|  |TAMS 0x0000000702600000, 0x0000000702600000| Untracked 
|  25|0x0000000702700000, 0x0000000702800000, 0x0000000702800000|100%| O|  |TAMS 0x0000000702700000, 0x0000000702700000| Untracked 
|  26|0x0000000702800000, 0x0000000702900000, 0x0000000702900000|100%| O|  |TAMS 0x0000000702800000, 0x0000000702800000| Untracked 
|  27|0x0000000702900000, 0x0000000702a00000, 0x0000000702a00000|100%| O|  |TAMS 0x0000000702900000, 0x0000000702900000| Untracked 
|  28|0x0000000702a00000, 0x0000000702b00000, 0x0000000702b00000|100%|HS|  |TAMS 0x0000000702a00000, 0x0000000702a00000| Complete 
|  29|0x0000000702b00000, 0x0000000702c00000, 0x0000000702c00000|100%|HS|  |TAMS 0x0000000702b00000, 0x0000000702b00000| Complete 
|  30|0x0000000702c00000, 0x0000000702d00000, 0x0000000702d00000|100%| O|  |TAMS 0x0000000702c00000, 0x0000000702c00000| Untracked 
|  31|0x0000000702d00000, 0x0000000702e00000, 0x0000000702e00000|100%| O|  |TAMS 0x0000000702d00000, 0x0000000702d00000| Untracked 
|  32|0x0000000702e00000, 0x0000000702f00000, 0x0000000702f00000|100%|HS|  |TAMS 0x0000000702e00000, 0x0000000702e00000| Complete 
|  33|0x0000000702f00000, 0x0000000703000000, 0x0000000703000000|100%|HC|  |TAMS 0x0000000702f00000, 0x0000000702f00000| Complete 
|  34|0x0000000703000000, 0x0000000703100000, 0x0000000703100000|100%|HS|  |TAMS 0x0000000703000000, 0x0000000703000000| Complete 
|  35|0x0000000703100000, 0x0000000703200000, 0x0000000703200000|100%|HC|  |TAMS 0x0000000703100000, 0x0000000703100000| Complete 
|  36|0x0000000703200000, 0x0000000703300000, 0x0000000703300000|100%| O|  |TAMS 0x0000000703200000, 0x0000000703200000| Untracked 
|  37|0x0000000703300000, 0x000000070339d600, 0x0000000703400000| 61%| O|  |TAMS 0x0000000703300000, 0x0000000703300000| Untracked 
|  38|0x0000000703400000, 0x0000000703400000, 0x0000000703500000|  0%| F|  |TAMS 0x0000000703400000, 0x0000000703400000| Untracked 
|  39|0x0000000703500000, 0x0000000703500000, 0x0000000703600000|  0%| F|  |TAMS 0x0000000703500000, 0x0000000703500000| Untracked 
|  40|0x0000000703600000, 0x0000000703600000, 0x0000000703700000|  0%| F|  |TAMS 0x0000000703600000, 0x0000000703600000| Untracked 
|  41|0x0000000703700000, 0x0000000703700000, 0x0000000703800000|  0%| F|  |TAMS 0x0000000703700000, 0x0000000703700000| Untracked 
|  42|0x0000000703800000, 0x0000000703800000, 0x0000000703900000|  0%| F|  |TAMS 0x0000000703800000, 0x0000000703800000| Untracked 
|  43|0x0000000703900000, 0x0000000703900000, 0x0000000703a00000|  0%| F|  |TAMS 0x0000000703900000, 0x0000000703900000| Untracked 
|  44|0x0000000703a00000, 0x0000000703a00000, 0x0000000703b00000|  0%| F|  |TAMS 0x0000000703a00000, 0x0000000703a00000| Untracked 
|  45|0x0000000703b00000, 0x0000000703b00000, 0x0000000703c00000|  0%| F|  |TAMS 0x0000000703b00000, 0x0000000703b00000| Untracked 
|  46|0x0000000703c00000, 0x0000000703c00000, 0x0000000703d00000|  0%| F|  |TAMS 0x0000000703c00000, 0x0000000703c00000| Untracked 
|  47|0x0000000703d00000, 0x0000000703d00000, 0x0000000703e00000|  0%| F|  |TAMS 0x0000000703d00000, 0x0000000703d00000| Untracked 
|  48|0x0000000703e00000, 0x0000000703e00000, 0x0000000703f00000|  0%| F|  |TAMS 0x0000000703e00000, 0x0000000703e00000| Untracked 
|  49|0x0000000703f00000, 0x0000000703f00000, 0x0000000704000000|  0%| F|  |TAMS 0x0000000703f00000, 0x0000000703f00000| Untracked 
|  50|0x0000000704000000, 0x0000000704000000, 0x0000000704100000|  0%| F|  |TAMS 0x0000000704000000, 0x0000000704000000| Untracked 
|  51|0x0000000704100000, 0x0000000704100000, 0x0000000704200000|  0%| F|  |TAMS 0x0000000704100000, 0x0000000704100000| Untracked 
|  52|0x0000000704200000, 0x0000000704200000, 0x0000000704300000|  0%| F|  |TAMS 0x0000000704200000, 0x0000000704200000| Untracked 
|  53|0x0000000704300000, 0x0000000704300000, 0x0000000704400000|  0%| F|  |TAMS 0x0000000704300000, 0x0000000704300000| Untracked 
|  54|0x0000000704400000, 0x0000000704400000, 0x0000000704500000|  0%| F|  |TAMS 0x0000000704400000, 0x0000000704400000| Untracked 
|  55|0x0000000704500000, 0x0000000704500000, 0x0000000704600000|  0%| F|  |TAMS 0x0000000704500000, 0x0000000704500000| Untracked 
|  56|0x0000000704600000, 0x0000000704600000, 0x0000000704700000|  0%| F|  |TAMS 0x0000000704600000, 0x0000000704600000| Untracked 
|  57|0x0000000704700000, 0x0000000704700000, 0x0000000704800000|  0%| F|  |TAMS 0x0000000704700000, 0x0000000704700000| Untracked 
|  58|0x0000000704800000, 0x0000000704800000, 0x0000000704900000|  0%| F|  |TAMS 0x0000000704800000, 0x0000000704800000| Untracked 
|  59|0x0000000704900000, 0x0000000704900000, 0x0000000704a00000|  0%| F|  |TAMS 0x0000000704900000, 0x0000000704900000| Untracked 
|  60|0x0000000704a00000, 0x0000000704a00000, 0x0000000704b00000|  0%| F|  |TAMS 0x0000000704a00000, 0x0000000704a00000| Untracked 
|  61|0x0000000704b00000, 0x0000000704b00000, 0x0000000704c00000|  0%| F|  |TAMS 0x0000000704b00000, 0x0000000704b00000| Untracked 
|  62|0x0000000704c00000, 0x0000000704c00000, 0x0000000704d00000|  0%| F|  |TAMS 0x0000000704c00000, 0x0000000704c00000| Untracked 
|  63|0x0000000704d00000, 0x0000000704d00000, 0x0000000704e00000|  0%| F|  |TAMS 0x0000000704d00000, 0x0000000704d00000| Untracked 
|  64|0x0000000704e00000, 0x0000000704e00000, 0x0000000704f00000|  0%| F|  |TAMS 0x0000000704e00000, 0x0000000704e00000| Untracked 
|  65|0x0000000704f00000, 0x0000000704f00000, 0x0000000705000000|  0%| F|  |TAMS 0x0000000704f00000, 0x0000000704f00000| Untracked 
|  66|0x0000000705000000, 0x0000000705000000, 0x0000000705100000|  0%| F|  |TAMS 0x0000000705000000, 0x0000000705000000| Untracked 
|  67|0x0000000705100000, 0x0000000705100000, 0x0000000705200000|  0%| F|  |TAMS 0x0000000705100000, 0x0000000705100000| Untracked 
|  68|0x0000000705200000, 0x0000000705200000, 0x0000000705300000|  0%| F|  |TAMS 0x0000000705200000, 0x0000000705200000| Untracked 
|  69|0x0000000705300000, 0x0000000705300000, 0x0000000705400000|  0%| F|  |TAMS 0x0000000705300000, 0x0000000705300000| Untracked 
|  70|0x0000000705400000, 0x0000000705400000, 0x0000000705500000|  0%| F|  |TAMS 0x0000000705400000, 0x0000000705400000| Untracked 
|  71|0x0000000705500000, 0x0000000705500000, 0x0000000705600000|  0%| F|  |TAMS 0x0000000705500000, 0x0000000705500000| Untracked 
|  72|0x0000000705600000, 0x0000000705600000, 0x0000000705700000|  0%| F|  |TAMS 0x0000000705600000, 0x0000000705600000| Untracked 
|  73|0x0000000705700000, 0x0000000705700000, 0x0000000705800000|  0%| F|  |TAMS 0x0000000705700000, 0x0000000705700000| Untracked 
|  74|0x0000000705800000, 0x0000000705800000, 0x0000000705900000|  0%| F|  |TAMS 0x0000000705800000, 0x0000000705800000| Untracked 
|  75|0x0000000705900000, 0x0000000705900000, 0x0000000705a00000|  0%| F|  |TAMS 0x0000000705900000, 0x0000000705900000| Untracked 
|  76|0x0000000705a00000, 0x0000000705a00000, 0x0000000705b00000|  0%| F|  |TAMS 0x0000000705a00000, 0x0000000705a00000| Untracked 
|  77|0x0000000705b00000, 0x0000000705b00000, 0x0000000705c00000|  0%| F|  |TAMS 0x0000000705b00000, 0x0000000705b00000| Untracked 
|  78|0x0000000705c00000, 0x0000000705c00000, 0x0000000705d00000|  0%| F|  |TAMS 0x0000000705c00000, 0x0000000705c00000| Untracked 
|  79|0x0000000705d00000, 0x0000000705d00000, 0x0000000705e00000|  0%| F|  |TAMS 0x0000000705d00000, 0x0000000705d00000| Untracked 
|  80|0x0000000705e00000, 0x0000000705e00000, 0x0000000705f00000|  0%| F|  |TAMS 0x0000000705e00000, 0x0000000705e00000| Untracked 
|  81|0x0000000705f00000, 0x0000000705f00000, 0x0000000706000000|  0%| F|  |TAMS 0x0000000705f00000, 0x0000000705f00000| Untracked 
|  82|0x0000000706000000, 0x0000000706000000, 0x0000000706100000|  0%| F|  |TAMS 0x0000000706000000, 0x0000000706000000| Untracked 
|  83|0x0000000706100000, 0x0000000706100000, 0x0000000706200000|  0%| F|  |TAMS 0x0000000706100000, 0x0000000706100000| Untracked 
|  84|0x0000000706200000, 0x0000000706200000, 0x0000000706300000|  0%| F|  |TAMS 0x0000000706200000, 0x0000000706200000| Untracked 
|  85|0x0000000706300000, 0x0000000706300000, 0x0000000706400000|  0%| F|  |TAMS 0x0000000706300000, 0x0000000706300000| Untracked 
|  86|0x0000000706400000, 0x0000000706400000, 0x0000000706500000|  0%| F|  |TAMS 0x0000000706400000, 0x0000000706400000| Untracked 
|  87|0x0000000706500000, 0x0000000706500000, 0x0000000706600000|  0%| F|  |TAMS 0x0000000706500000, 0x0000000706500000| Untracked 
|  88|0x0000000706600000, 0x0000000706600000, 0x0000000706700000|  0%| F|  |TAMS 0x0000000706600000, 0x0000000706600000| Untracked 
|  89|0x0000000706700000, 0x0000000706700000, 0x0000000706800000|  0%| F|  |TAMS 0x0000000706700000, 0x0000000706700000| Untracked 
|  90|0x0000000706800000, 0x0000000706800000, 0x0000000706900000|  0%| F|  |TAMS 0x0000000706800000, 0x0000000706800000| Untracked 
|  91|0x0000000706900000, 0x0000000706900000, 0x0000000706a00000|  0%| F|  |TAMS 0x0000000706900000, 0x0000000706900000| Untracked 
|  92|0x0000000706a00000, 0x0000000706a00000, 0x0000000706b00000|  0%| F|  |TAMS 0x0000000706a00000, 0x0000000706a00000| Untracked 
|  93|0x0000000706b00000, 0x0000000706b00000, 0x0000000706c00000|  0%| F|  |TAMS 0x0000000706b00000, 0x0000000706b00000| Untracked 
|  94|0x0000000706c00000, 0x0000000706c00000, 0x0000000706d00000|  0%| F|  |TAMS 0x0000000706c00000, 0x0000000706c00000| Untracked 
|  95|0x0000000706d00000, 0x0000000706d00000, 0x0000000706e00000|  0%| F|  |TAMS 0x0000000706d00000, 0x0000000706d00000| Untracked 
|  96|0x0000000706e00000, 0x0000000706e00000, 0x0000000706f00000|  0%| F|  |TAMS 0x0000000706e00000, 0x0000000706e00000| Untracked 
|  97|0x0000000706f00000, 0x0000000706f00000, 0x0000000707000000|  0%| F|  |TAMS 0x0000000706f00000, 0x0000000706f00000| Untracked 
|  98|0x0000000707000000, 0x0000000707000000, 0x0000000707100000|  0%| F|  |TAMS 0x0000000707000000, 0x0000000707000000| Untracked 
|  99|0x0000000707100000, 0x0000000707100000, 0x0000000707200000|  0%| F|  |TAMS 0x0000000707100000, 0x0000000707100000| Untracked 
| 100|0x0000000707200000, 0x0000000707200000, 0x0000000707300000|  0%| F|  |TAMS 0x0000000707200000, 0x0000000707200000| Untracked 
| 101|0x0000000707300000, 0x0000000707300000, 0x0000000707400000|  0%| F|  |TAMS 0x0000000707300000, 0x0000000707300000| Untracked 
| 102|0x0000000707400000, 0x0000000707400000, 0x0000000707500000|  0%| F|  |TAMS 0x0000000707400000, 0x0000000707400000| Untracked 
| 103|0x0000000707500000, 0x0000000707500000, 0x0000000707600000|  0%| F|  |TAMS 0x0000000707500000, 0x0000000707500000| Untracked 
| 104|0x0000000707600000, 0x0000000707600000, 0x0000000707700000|  0%| F|  |TAMS 0x0000000707600000, 0x0000000707600000| Untracked 
| 105|0x0000000707700000, 0x0000000707700000, 0x0000000707800000|  0%| F|  |TAMS 0x0000000707700000, 0x0000000707700000| Untracked 
| 106|0x0000000707800000, 0x0000000707800000, 0x0000000707900000|  0%| F|  |TAMS 0x0000000707800000, 0x0000000707800000| Untracked 
| 107|0x0000000707900000, 0x0000000707900000, 0x0000000707a00000|  0%| F|  |TAMS 0x0000000707900000, 0x0000000707900000| Untracked 
| 108|0x0000000707a00000, 0x0000000707a00000, 0x0000000707b00000|  0%| F|  |TAMS 0x0000000707a00000, 0x0000000707a00000| Untracked 
| 109|0x0000000707b00000, 0x0000000707b00000, 0x0000000707c00000|  0%| F|  |TAMS 0x0000000707b00000, 0x0000000707b00000| Untracked 
| 110|0x0000000707c00000, 0x0000000707c00000, 0x0000000707d00000|  0%| F|  |TAMS 0x0000000707c00000, 0x0000000707c00000| Untracked 
| 111|0x0000000707d00000, 0x0000000707d00000, 0x0000000707e00000|  0%| F|  |TAMS 0x0000000707d00000, 0x0000000707d00000| Untracked 
| 112|0x0000000707e00000, 0x0000000707e00000, 0x0000000707f00000|  0%| F|  |TAMS 0x0000000707e00000, 0x0000000707e00000| Untracked 
| 113|0x0000000707f00000, 0x0000000707f00000, 0x0000000708000000|  0%| F|  |TAMS 0x0000000707f00000, 0x0000000707f00000| Untracked 
| 114|0x0000000708000000, 0x0000000708000000, 0x0000000708100000|  0%| F|  |TAMS 0x0000000708000000, 0x0000000708000000| Untracked 
| 115|0x0000000708100000, 0x0000000708100000, 0x0000000708200000|  0%| F|  |TAMS 0x0000000708100000, 0x0000000708100000| Untracked 
| 116|0x0000000708200000, 0x0000000708200000, 0x0000000708300000|  0%| F|  |TAMS 0x0000000708200000, 0x0000000708200000| Untracked 
| 117|0x0000000708300000, 0x0000000708300000, 0x0000000708400000|  0%| F|  |TAMS 0x0000000708300000, 0x0000000708300000| Untracked 
| 118|0x0000000708400000, 0x0000000708400000, 0x0000000708500000|  0%| F|  |TAMS 0x0000000708400000, 0x0000000708400000| Untracked 
| 119|0x0000000708500000, 0x0000000708500000, 0x0000000708600000|  0%| F|  |TAMS 0x0000000708500000, 0x0000000708500000| Untracked 
| 120|0x0000000708600000, 0x0000000708600000, 0x0000000708700000|  0%| F|  |TAMS 0x0000000708600000, 0x0000000708600000| Untracked 
| 121|0x0000000708700000, 0x0000000708700000, 0x0000000708800000|  0%| F|  |TAMS 0x0000000708700000, 0x0000000708700000| Untracked 
| 122|0x0000000708800000, 0x0000000708800000, 0x0000000708900000|  0%| F|  |TAMS 0x0000000708800000, 0x0000000708800000| Untracked 
| 123|0x0000000708900000, 0x000000070896b398, 0x0000000708a00000| 41%| S|CS|TAMS 0x0000000708900000, 0x0000000708900000| Complete 
| 124|0x0000000708a00000, 0x0000000708b00000, 0x0000000708b00000|100%| S|CS|TAMS 0x0000000708a00000, 0x0000000708a00000| Complete 
| 125|0x0000000708b00000, 0x0000000708c00000, 0x0000000708c00000|100%| S|CS|TAMS 0x0000000708b00000, 0x0000000708b00000| Complete 
| 126|0x0000000708c00000, 0x0000000708d00000, 0x0000000708d00000|100%| S|CS|TAMS 0x0000000708c00000, 0x0000000708c00000| Complete 
| 127|0x0000000708d00000, 0x0000000708e00000, 0x0000000708e00000|100%| S|CS|TAMS 0x0000000708d00000, 0x0000000708d00000| Complete 
| 128|0x0000000708e00000, 0x0000000708f00000, 0x0000000708f00000|100%| S|CS|TAMS 0x0000000708e00000, 0x0000000708e00000| Complete 
| 129|0x0000000708f00000, 0x0000000709000000, 0x0000000709000000|100%| S|CS|TAMS 0x0000000708f00000, 0x0000000708f00000| Complete 
| 130|0x0000000709000000, 0x0000000709100000, 0x0000000709100000|100%| S|CS|TAMS 0x0000000709000000, 0x0000000709000000| Complete 
| 131|0x0000000709100000, 0x0000000709200000, 0x0000000709200000|100%| S|CS|TAMS 0x0000000709100000, 0x0000000709100000| Complete 
| 132|0x0000000709200000, 0x0000000709300000, 0x0000000709300000|100%| S|CS|TAMS 0x0000000709200000, 0x0000000709200000| Complete 
| 133|0x0000000709300000, 0x0000000709400000, 0x0000000709400000|100%| S|CS|TAMS 0x0000000709300000, 0x0000000709300000| Complete 
| 134|0x0000000709400000, 0x0000000709500000, 0x0000000709500000|100%| S|CS|TAMS 0x0000000709400000, 0x0000000709400000| Complete 
| 135|0x0000000709500000, 0x0000000709500000, 0x0000000709600000|  0%| F|  |TAMS 0x0000000709500000, 0x0000000709500000| Untracked 
| 136|0x0000000709600000, 0x0000000709700000, 0x0000000709700000|100%| S|CS|TAMS 0x0000000709600000, 0x0000000709600000| Complete 
| 137|0x0000000709700000, 0x0000000709800000, 0x0000000709800000|100%| S|CS|TAMS 0x0000000709700000, 0x0000000709700000| Complete 
| 138|0x0000000709800000, 0x0000000709800000, 0x0000000709900000|  0%| F|  |TAMS 0x0000000709800000, 0x0000000709800000| Untracked 
| 139|0x0000000709900000, 0x0000000709900000, 0x0000000709a00000|  0%| F|  |TAMS 0x0000000709900000, 0x0000000709900000| Untracked 
| 140|0x0000000709a00000, 0x0000000709a00000, 0x0000000709b00000|  0%| F|  |TAMS 0x0000000709a00000, 0x0000000709a00000| Untracked 
| 141|0x0000000709b00000, 0x0000000709b00000, 0x0000000709c00000|  0%| F|  |TAMS 0x0000000709b00000, 0x0000000709b00000| Untracked 
| 142|0x0000000709c00000, 0x0000000709c00000, 0x0000000709d00000|  0%| F|  |TAMS 0x0000000709c00000, 0x0000000709c00000| Untracked 
| 143|0x0000000709d00000, 0x0000000709d00000, 0x0000000709e00000|  0%| F|  |TAMS 0x0000000709d00000, 0x0000000709d00000| Untracked 
| 144|0x0000000709e00000, 0x0000000709e00000, 0x0000000709f00000|  0%| F|  |TAMS 0x0000000709e00000, 0x0000000709e00000| Untracked 
| 145|0x0000000709f00000, 0x0000000709f00000, 0x000000070a000000|  0%| F|  |TAMS 0x0000000709f00000, 0x0000000709f00000| Untracked 
| 146|0x000000070a000000, 0x000000070a000000, 0x000000070a100000|  0%| F|  |TAMS 0x000000070a000000, 0x000000070a000000| Untracked 
| 147|0x000000070a100000, 0x000000070a100000, 0x000000070a200000|  0%| F|  |TAMS 0x000000070a100000, 0x000000070a100000| Untracked 
| 148|0x000000070a200000, 0x000000070a200000, 0x000000070a300000|  0%| F|  |TAMS 0x000000070a200000, 0x000000070a200000| Untracked 
| 149|0x000000070a300000, 0x000000070a300000, 0x000000070a400000|  0%| F|  |TAMS 0x000000070a300000, 0x000000070a300000| Untracked 
| 150|0x000000070a400000, 0x000000070a400000, 0x000000070a500000|  0%| F|  |TAMS 0x000000070a400000, 0x000000070a400000| Untracked 
| 151|0x000000070a500000, 0x000000070a500000, 0x000000070a600000|  0%| F|  |TAMS 0x000000070a500000, 0x000000070a500000| Untracked 
| 152|0x000000070a600000, 0x000000070a600000, 0x000000070a700000|  0%| F|  |TAMS 0x000000070a600000, 0x000000070a600000| Untracked 
| 153|0x000000070a700000, 0x000000070a700000, 0x000000070a800000|  0%| F|  |TAMS 0x000000070a700000, 0x000000070a700000| Untracked 
| 154|0x000000070a800000, 0x000000070a800000, 0x000000070a900000|  0%| F|  |TAMS 0x000000070a800000, 0x000000070a800000| Untracked 
| 155|0x000000070a900000, 0x000000070a900000, 0x000000070aa00000|  0%| F|  |TAMS 0x000000070a900000, 0x000000070a900000| Untracked 
| 156|0x000000070aa00000, 0x000000070aa00000, 0x000000070ab00000|  0%| F|  |TAMS 0x000000070aa00000, 0x000000070aa00000| Untracked 
| 157|0x000000070ab00000, 0x000000070ab00000, 0x000000070ac00000|  0%| F|  |TAMS 0x000000070ab00000, 0x000000070ab00000| Untracked 
| 158|0x000000070ac00000, 0x000000070ac00000, 0x000000070ad00000|  0%| F|  |TAMS 0x000000070ac00000, 0x000000070ac00000| Untracked 
| 159|0x000000070ad00000, 0x000000070ad00000, 0x000000070ae00000|  0%| F|  |TAMS 0x000000070ad00000, 0x000000070ad00000| Untracked 
| 160|0x000000070ae00000, 0x000000070ae00000, 0x000000070af00000|  0%| F|  |TAMS 0x000000070ae00000, 0x000000070ae00000| Untracked 
| 161|0x000000070af00000, 0x000000070af00000, 0x000000070b000000|  0%| F|  |TAMS 0x000000070af00000, 0x000000070af00000| Untracked 
| 162|0x000000070b000000, 0x000000070b000000, 0x000000070b100000|  0%| F|  |TAMS 0x000000070b000000, 0x000000070b000000| Untracked 
| 163|0x000000070b100000, 0x000000070b100000, 0x000000070b200000|  0%| F|  |TAMS 0x000000070b100000, 0x000000070b100000| Untracked 
| 164|0x000000070b200000, 0x000000070b200000, 0x000000070b300000|  0%| F|  |TAMS 0x000000070b200000, 0x000000070b200000| Untracked 
| 165|0x000000070b300000, 0x000000070b300000, 0x000000070b400000|  0%| F|  |TAMS 0x000000070b300000, 0x000000070b300000| Untracked 
| 166|0x000000070b400000, 0x000000070b400000, 0x000000070b500000|  0%| F|  |TAMS 0x000000070b400000, 0x000000070b400000| Untracked 
| 167|0x000000070b500000, 0x000000070b500000, 0x000000070b600000|  0%| F|  |TAMS 0x000000070b500000, 0x000000070b500000| Untracked 
| 168|0x000000070b600000, 0x000000070b600000, 0x000000070b700000|  0%| F|  |TAMS 0x000000070b600000, 0x000000070b600000| Untracked 
| 169|0x000000070b700000, 0x000000070b700000, 0x000000070b800000|  0%| F|  |TAMS 0x000000070b700000, 0x000000070b700000| Untracked 
| 170|0x000000070b800000, 0x000000070b800000, 0x000000070b900000|  0%| F|  |TAMS 0x000000070b800000, 0x000000070b800000| Untracked 
| 171|0x000000070b900000, 0x000000070b900000, 0x000000070ba00000|  0%| F|  |TAMS 0x000000070b900000, 0x000000070b900000| Untracked 
| 172|0x000000070ba00000, 0x000000070ba00000, 0x000000070bb00000|  0%| F|  |TAMS 0x000000070ba00000, 0x000000070ba00000| Untracked 
| 173|0x000000070bb00000, 0x000000070bb00000, 0x000000070bc00000|  0%| F|  |TAMS 0x000000070bb00000, 0x000000070bb00000| Untracked 
| 174|0x000000070bc00000, 0x000000070bc00000, 0x000000070bd00000|  0%| F|  |TAMS 0x000000070bc00000, 0x000000070bc00000| Untracked 
| 175|0x000000070bd00000, 0x000000070bd00000, 0x000000070be00000|  0%| F|  |TAMS 0x000000070bd00000, 0x000000070bd00000| Untracked 
| 176|0x000000070be00000, 0x000000070be00000, 0x000000070bf00000|  0%| F|  |TAMS 0x000000070be00000, 0x000000070be00000| Untracked 
| 177|0x000000070bf00000, 0x000000070bf00000, 0x000000070c000000|  0%| F|  |TAMS 0x000000070bf00000, 0x000000070bf00000| Untracked 
| 178|0x000000070c000000, 0x000000070c000000, 0x000000070c100000|  0%| F|  |TAMS 0x000000070c000000, 0x000000070c000000| Untracked 
| 179|0x000000070c100000, 0x000000070c100000, 0x000000070c200000|  0%| F|  |TAMS 0x000000070c100000, 0x000000070c100000| Untracked 
| 180|0x000000070c200000, 0x000000070c200000, 0x000000070c300000|  0%| F|  |TAMS 0x000000070c200000, 0x000000070c200000| Untracked 
| 181|0x000000070c300000, 0x000000070c300000, 0x000000070c400000|  0%| F|  |TAMS 0x000000070c300000, 0x000000070c300000| Untracked 
| 182|0x000000070c400000, 0x000000070c400000, 0x000000070c500000|  0%| F|  |TAMS 0x000000070c400000, 0x000000070c400000| Untracked 
| 183|0x000000070c500000, 0x000000070c500000, 0x000000070c600000|  0%| F|  |TAMS 0x000000070c500000, 0x000000070c500000| Untracked 
| 184|0x000000070c600000, 0x000000070c600000, 0x000000070c700000|  0%| F|  |TAMS 0x000000070c600000, 0x000000070c600000| Untracked 
| 185|0x000000070c700000, 0x000000070c700000, 0x000000070c800000|  0%| F|  |TAMS 0x000000070c700000, 0x000000070c700000| Untracked 
| 186|0x000000070c800000, 0x000000070c800000, 0x000000070c900000|  0%| F|  |TAMS 0x000000070c800000, 0x000000070c800000| Untracked 
| 187|0x000000070c900000, 0x000000070c900000, 0x000000070ca00000|  0%| F|  |TAMS 0x000000070c900000, 0x000000070c900000| Untracked 
| 188|0x000000070ca00000, 0x000000070ca00000, 0x000000070cb00000|  0%| F|  |TAMS 0x000000070ca00000, 0x000000070ca00000| Untracked 
| 189|0x000000070cb00000, 0x000000070cb00000, 0x000000070cc00000|  0%| F|  |TAMS 0x000000070cb00000, 0x000000070cb00000| Untracked 
| 190|0x000000070cc00000, 0x000000070cc00000, 0x000000070cd00000|  0%| F|  |TAMS 0x000000070cc00000, 0x000000070cc00000| Untracked 
| 191|0x000000070cd00000, 0x000000070cd00000, 0x000000070ce00000|  0%| F|  |TAMS 0x000000070cd00000, 0x000000070cd00000| Untracked 
| 192|0x000000070ce00000, 0x000000070ce00000, 0x000000070cf00000|  0%| F|  |TAMS 0x000000070ce00000, 0x000000070ce00000| Untracked 
| 193|0x000000070cf00000, 0x000000070cf00000, 0x000000070d000000|  0%| F|  |TAMS 0x000000070cf00000, 0x000000070cf00000| Untracked 
| 194|0x000000070d000000, 0x000000070d000000, 0x000000070d100000|  0%| F|  |TAMS 0x000000070d000000, 0x000000070d000000| Untracked 
| 195|0x000000070d100000, 0x000000070d100000, 0x000000070d200000|  0%| F|  |TAMS 0x000000070d100000, 0x000000070d100000| Untracked 
| 196|0x000000070d200000, 0x000000070d200000, 0x000000070d300000|  0%| F|  |TAMS 0x000000070d200000, 0x000000070d200000| Untracked 
| 197|0x000000070d300000, 0x000000070d300000, 0x000000070d400000|  0%| F|  |TAMS 0x000000070d300000, 0x000000070d300000| Untracked 
| 198|0x000000070d400000, 0x000000070d400000, 0x000000070d500000|  0%| F|  |TAMS 0x000000070d400000, 0x000000070d400000| Untracked 
| 199|0x000000070d500000, 0x000000070d500000, 0x000000070d600000|  0%| F|  |TAMS 0x000000070d500000, 0x000000070d500000| Untracked 
| 200|0x000000070d600000, 0x000000070d600000, 0x000000070d700000|  0%| F|  |TAMS 0x000000070d600000, 0x000000070d600000| Untracked 
| 201|0x000000070d700000, 0x000000070d700000, 0x000000070d800000|  0%| F|  |TAMS 0x000000070d700000, 0x000000070d700000| Untracked 
| 202|0x000000070d800000, 0x000000070d800000, 0x000000070d900000|  0%| F|  |TAMS 0x000000070d800000, 0x000000070d800000| Untracked 
| 203|0x000000070d900000, 0x000000070d900000, 0x000000070da00000|  0%| F|  |TAMS 0x000000070d900000, 0x000000070d900000| Untracked 
| 204|0x000000070da00000, 0x000000070da00000, 0x000000070db00000|  0%| F|  |TAMS 0x000000070da00000, 0x000000070da00000| Untracked 
| 205|0x000000070db00000, 0x000000070db00000, 0x000000070dc00000|  0%| F|  |TAMS 0x000000070db00000, 0x000000070db00000| Untracked 
| 206|0x000000070dc00000, 0x000000070dc00000, 0x000000070dd00000|  0%| F|  |TAMS 0x000000070dc00000, 0x000000070dc00000| Untracked 
| 207|0x000000070dd00000, 0x000000070dd00000, 0x000000070de00000|  0%| F|  |TAMS 0x000000070dd00000, 0x000000070dd00000| Untracked 
| 208|0x000000070de00000, 0x000000070de00000, 0x000000070df00000|  0%| F|  |TAMS 0x000000070de00000, 0x000000070de00000| Untracked 
| 209|0x000000070df00000, 0x000000070df00000, 0x000000070e000000|  0%| F|  |TAMS 0x000000070df00000, 0x000000070df00000| Untracked 
| 210|0x000000070e000000, 0x000000070e000000, 0x000000070e100000|  0%| F|  |TAMS 0x000000070e000000, 0x000000070e000000| Untracked 
| 211|0x000000070e100000, 0x000000070e100000, 0x000000070e200000|  0%| F|  |TAMS 0x000000070e100000, 0x000000070e100000| Untracked 
| 212|0x000000070e200000, 0x000000070e200000, 0x000000070e300000|  0%| F|  |TAMS 0x000000070e200000, 0x000000070e200000| Untracked 
| 213|0x000000070e300000, 0x000000070e300000, 0x000000070e400000|  0%| F|  |TAMS 0x000000070e300000, 0x000000070e300000| Untracked 
| 214|0x000000070e400000, 0x000000070e400000, 0x000000070e500000|  0%| F|  |TAMS 0x000000070e400000, 0x000000070e400000| Untracked 
| 215|0x000000070e500000, 0x000000070e500000, 0x000000070e600000|  0%| F|  |TAMS 0x000000070e500000, 0x000000070e500000| Untracked 
| 216|0x000000070e600000, 0x000000070e600000, 0x000000070e700000|  0%| F|  |TAMS 0x000000070e600000, 0x000000070e600000| Untracked 
| 217|0x000000070e700000, 0x000000070e700000, 0x000000070e800000|  0%| F|  |TAMS 0x000000070e700000, 0x000000070e700000| Untracked 
| 218|0x000000070e800000, 0x000000070e800000, 0x000000070e900000|  0%| F|  |TAMS 0x000000070e800000, 0x000000070e800000| Untracked 
| 219|0x000000070e900000, 0x000000070e900000, 0x000000070ea00000|  0%| F|  |TAMS 0x000000070e900000, 0x000000070e900000| Untracked 
| 220|0x000000070ea00000, 0x000000070ea00000, 0x000000070eb00000|  0%| F|  |TAMS 0x000000070ea00000, 0x000000070ea00000| Untracked 
| 221|0x000000070eb00000, 0x000000070eb00000, 0x000000070ec00000|  0%| F|  |TAMS 0x000000070eb00000, 0x000000070eb00000| Untracked 
| 222|0x000000070ec00000, 0x000000070ec00000, 0x000000070ed00000|  0%| F|  |TAMS 0x000000070ec00000, 0x000000070ec00000| Untracked 
| 223|0x000000070ed00000, 0x000000070ed00000, 0x000000070ee00000|  0%| F|  |TAMS 0x000000070ed00000, 0x000000070ed00000| Untracked 
| 224|0x000000070ee00000, 0x000000070ee00000, 0x000000070ef00000|  0%| F|  |TAMS 0x000000070ee00000, 0x000000070ee00000| Untracked 
| 225|0x000000070ef00000, 0x000000070ef1f828, 0x000000070f000000| 12%| E|  |TAMS 0x000000070ef00000, 0x000000070ef00000| Complete 
| 226|0x000000070f000000, 0x000000070f100000, 0x000000070f100000|100%| E|CS|TAMS 0x000000070f000000, 0x000000070f000000| Complete 
| 227|0x000000070f100000, 0x000000070f200000, 0x000000070f200000|100%| E|CS|TAMS 0x000000070f100000, 0x000000070f100000| Complete 
| 228|0x000000070f200000, 0x000000070f300000, 0x000000070f300000|100%| E|CS|TAMS 0x000000070f200000, 0x000000070f200000| Complete 
| 229|0x000000070f300000, 0x000000070f400000, 0x000000070f400000|100%| E|CS|TAMS 0x000000070f300000, 0x000000070f300000| Complete 
| 230|0x000000070f400000, 0x000000070f500000, 0x000000070f500000|100%| E|CS|TAMS 0x000000070f400000, 0x000000070f400000| Complete 
| 231|0x000000070f500000, 0x000000070f600000, 0x000000070f600000|100%| E|CS|TAMS 0x000000070f500000, 0x000000070f500000| Complete 
| 232|0x000000070f600000, 0x000000070f700000, 0x000000070f700000|100%| E|CS|TAMS 0x000000070f600000, 0x000000070f600000| Complete 
| 233|0x000000070f700000, 0x000000070f800000, 0x000000070f800000|100%| E|CS|TAMS 0x000000070f700000, 0x000000070f700000| Complete 
| 234|0x000000070f800000, 0x000000070f900000, 0x000000070f900000|100%| E|CS|TAMS 0x000000070f800000, 0x000000070f800000| Complete 
| 235|0x000000070f900000, 0x000000070fa00000, 0x000000070fa00000|100%| E|CS|TAMS 0x000000070f900000, 0x000000070f900000| Complete 
| 236|0x000000070fa00000, 0x000000070fb00000, 0x000000070fb00000|100%| E|CS|TAMS 0x000000070fa00000, 0x000000070fa00000| Complete 
| 237|0x000000070fb00000, 0x000000070fc00000, 0x000000070fc00000|100%| E|CS|TAMS 0x000000070fb00000, 0x000000070fb00000| Complete 
| 238|0x000000070fc00000, 0x000000070fd00000, 0x000000070fd00000|100%| E|CS|TAMS 0x000000070fc00000, 0x000000070fc00000| Complete 
| 239|0x000000070fd00000, 0x000000070fe00000, 0x000000070fe00000|100%| E|CS|TAMS 0x000000070fd00000, 0x000000070fd00000| Complete 
| 240|0x000000070fe00000, 0x000000070ff00000, 0x000000070ff00000|100%| E|CS|TAMS 0x000000070fe00000, 0x000000070fe00000| Complete 
| 241|0x000000070ff00000, 0x0000000710000000, 0x0000000710000000|100%| E|CS|TAMS 0x000000070ff00000, 0x000000070ff00000| Complete 
| 242|0x0000000710000000, 0x0000000710100000, 0x0000000710100000|100%| E|CS|TAMS 0x0000000710000000, 0x0000000710000000| Complete 
| 243|0x0000000710100000, 0x0000000710200000, 0x0000000710200000|100%| E|CS|TAMS 0x0000000710100000, 0x0000000710100000| Complete 
| 244|0x0000000710200000, 0x0000000710300000, 0x0000000710300000|100%| E|CS|TAMS 0x0000000710200000, 0x0000000710200000| Complete 
| 245|0x0000000710300000, 0x0000000710400000, 0x0000000710400000|100%| E|CS|TAMS 0x0000000710300000, 0x0000000710300000| Complete 
| 246|0x0000000710400000, 0x0000000710500000, 0x0000000710500000|100%| E|CS|TAMS 0x0000000710400000, 0x0000000710400000| Complete 
| 247|0x0000000710500000, 0x0000000710600000, 0x0000000710600000|100%| E|CS|TAMS 0x0000000710500000, 0x0000000710500000| Complete 
| 248|0x0000000710600000, 0x0000000710700000, 0x0000000710700000|100%| E|CS|TAMS 0x0000000710600000, 0x0000000710600000| Complete 
| 249|0x0000000710700000, 0x0000000710800000, 0x0000000710800000|100%| E|CS|TAMS 0x0000000710700000, 0x0000000710700000| Complete 
| 250|0x0000000710800000, 0x0000000710900000, 0x0000000710900000|100%| E|CS|TAMS 0x0000000710800000, 0x0000000710800000| Complete 
| 251|0x0000000710900000, 0x0000000710a00000, 0x0000000710a00000|100%| E|CS|TAMS 0x0000000710900000, 0x0000000710900000| Complete 
| 252|0x0000000710a00000, 0x0000000710b00000, 0x0000000710b00000|100%| E|CS|TAMS 0x0000000710a00000, 0x0000000710a00000| Complete 
| 253|0x0000000710b00000, 0x0000000710c00000, 0x0000000710c00000|100%| E|CS|TAMS 0x0000000710b00000, 0x0000000710b00000| Complete 
| 254|0x0000000710c00000, 0x0000000710d00000, 0x0000000710d00000|100%| E|CS|TAMS 0x0000000710c00000, 0x0000000710c00000| Complete 
| 255|0x0000000710d00000, 0x0000000710e00000, 0x0000000710e00000|100%| E|CS|TAMS 0x0000000710d00000, 0x0000000710d00000| Complete 
| 256|0x0000000710e00000, 0x0000000710f00000, 0x0000000710f00000|100%| E|CS|TAMS 0x0000000710e00000, 0x0000000710e00000| Complete 
| 257|0x0000000710f00000, 0x0000000711000000, 0x0000000711000000|100%| E|CS|TAMS 0x0000000710f00000, 0x0000000710f00000| Complete 
| 258|0x0000000711000000, 0x0000000711100000, 0x0000000711100000|100%| E|CS|TAMS 0x0000000711000000, 0x0000000711000000| Complete 
| 259|0x0000000711100000, 0x0000000711200000, 0x0000000711200000|100%| E|CS|TAMS 0x0000000711100000, 0x0000000711100000| Complete 
| 260|0x0000000711200000, 0x0000000711300000, 0x0000000711300000|100%| E|CS|TAMS 0x0000000711200000, 0x0000000711200000| Complete 
| 261|0x0000000711300000, 0x0000000711400000, 0x0000000711400000|100%| E|CS|TAMS 0x0000000711300000, 0x0000000711300000| Complete 
| 262|0x0000000711400000, 0x0000000711500000, 0x0000000711500000|100%| E|CS|TAMS 0x0000000711400000, 0x0000000711400000| Complete 
| 263|0x0000000711500000, 0x0000000711600000, 0x0000000711600000|100%| E|CS|TAMS 0x0000000711500000, 0x0000000711500000| Complete 
| 264|0x0000000711600000, 0x0000000711700000, 0x0000000711700000|100%| E|CS|TAMS 0x0000000711600000, 0x0000000711600000| Complete 
| 265|0x0000000711700000, 0x0000000711800000, 0x0000000711800000|100%| E|CS|TAMS 0x0000000711700000, 0x0000000711700000| Complete 
| 266|0x0000000711800000, 0x0000000711900000, 0x0000000711900000|100%| E|CS|TAMS 0x0000000711800000, 0x0000000711800000| Complete 
| 267|0x0000000711900000, 0x0000000711a00000, 0x0000000711a00000|100%| E|CS|TAMS 0x0000000711900000, 0x0000000711900000| Complete 
| 268|0x0000000711a00000, 0x0000000711b00000, 0x0000000711b00000|100%| E|CS|TAMS 0x0000000711a00000, 0x0000000711a00000| Complete 
| 269|0x0000000711b00000, 0x0000000711c00000, 0x0000000711c00000|100%| E|CS|TAMS 0x0000000711b00000, 0x0000000711b00000| Complete 
| 270|0x0000000711c00000, 0x0000000711d00000, 0x0000000711d00000|100%| E|CS|TAMS 0x0000000711c00000, 0x0000000711c00000| Complete 
| 271|0x0000000711d00000, 0x0000000711e00000, 0x0000000711e00000|100%| E|CS|TAMS 0x0000000711d00000, 0x0000000711d00000| Complete 
| 272|0x0000000711e00000, 0x0000000711f00000, 0x0000000711f00000|100%| E|CS|TAMS 0x0000000711e00000, 0x0000000711e00000| Complete 
| 273|0x0000000711f00000, 0x0000000712000000, 0x0000000712000000|100%| E|CS|TAMS 0x0000000711f00000, 0x0000000711f00000| Complete 
| 274|0x0000000712000000, 0x0000000712100000, 0x0000000712100000|100%| E|CS|TAMS 0x0000000712000000, 0x0000000712000000| Complete 
| 275|0x0000000712100000, 0x0000000712200000, 0x0000000712200000|100%| E|CS|TAMS 0x0000000712100000, 0x0000000712100000| Complete 
| 276|0x0000000712200000, 0x0000000712300000, 0x0000000712300000|100%| E|CS|TAMS 0x0000000712200000, 0x0000000712200000| Complete 
| 277|0x0000000712300000, 0x0000000712400000, 0x0000000712400000|100%| E|CS|TAMS 0x0000000712300000, 0x0000000712300000| Complete 
| 278|0x0000000712400000, 0x0000000712500000, 0x0000000712500000|100%| E|CS|TAMS 0x0000000712400000, 0x0000000712400000| Complete 
| 279|0x0000000712500000, 0x0000000712600000, 0x0000000712600000|100%| E|CS|TAMS 0x0000000712500000, 0x0000000712500000| Complete 
| 280|0x0000000712600000, 0x0000000712700000, 0x0000000712700000|100%| E|CS|TAMS 0x0000000712600000, 0x0000000712600000| Complete 
| 281|0x0000000712700000, 0x0000000712800000, 0x0000000712800000|100%| E|CS|TAMS 0x0000000712700000, 0x0000000712700000| Complete 
| 282|0x0000000712800000, 0x0000000712900000, 0x0000000712900000|100%| E|CS|TAMS 0x0000000712800000, 0x0000000712800000| Complete 
| 283|0x0000000712900000, 0x0000000712a00000, 0x0000000712a00000|100%| E|CS|TAMS 0x0000000712900000, 0x0000000712900000| Complete 
| 284|0x0000000712a00000, 0x0000000712b00000, 0x0000000712b00000|100%| E|CS|TAMS 0x0000000712a00000, 0x0000000712a00000| Complete 
| 285|0x0000000712b00000, 0x0000000712c00000, 0x0000000712c00000|100%| E|CS|TAMS 0x0000000712b00000, 0x0000000712b00000| Complete 
| 286|0x0000000712c00000, 0x0000000712d00000, 0x0000000712d00000|100%| E|CS|TAMS 0x0000000712c00000, 0x0000000712c00000| Complete 
| 287|0x0000000712d00000, 0x0000000712e00000, 0x0000000712e00000|100%| E|CS|TAMS 0x0000000712d00000, 0x0000000712d00000| Complete 
| 288|0x0000000712e00000, 0x0000000712f00000, 0x0000000712f00000|100%| E|CS|TAMS 0x0000000712e00000, 0x0000000712e00000| Complete 
| 289|0x0000000712f00000, 0x0000000713000000, 0x0000000713000000|100%| E|CS|TAMS 0x0000000712f00000, 0x0000000712f00000| Complete 
| 290|0x0000000713000000, 0x0000000713100000, 0x0000000713100000|100%| E|CS|TAMS 0x0000000713000000, 0x0000000713000000| Complete 
| 291|0x0000000713100000, 0x0000000713200000, 0x0000000713200000|100%| E|CS|TAMS 0x0000000713100000, 0x0000000713100000| Complete 
| 292|0x0000000713200000, 0x0000000713300000, 0x0000000713300000|100%| E|CS|TAMS 0x0000000713200000, 0x0000000713200000| Complete 
| 293|0x0000000713300000, 0x0000000713400000, 0x0000000713400000|100%| E|CS|TAMS 0x0000000713300000, 0x0000000713300000| Complete 
| 294|0x0000000713400000, 0x0000000713500000, 0x0000000713500000|100%| E|CS|TAMS 0x0000000713400000, 0x0000000713400000| Complete 
| 295|0x0000000713500000, 0x0000000713600000, 0x0000000713600000|100%| E|CS|TAMS 0x0000000713500000, 0x0000000713500000| Complete 
| 296|0x0000000713600000, 0x0000000713700000, 0x0000000713700000|100%| E|CS|TAMS 0x0000000713600000, 0x0000000713600000| Complete 
| 297|0x0000000713700000, 0x0000000713800000, 0x0000000713800000|100%| E|CS|TAMS 0x0000000713700000, 0x0000000713700000| Complete 
| 298|0x0000000713800000, 0x0000000713900000, 0x0000000713900000|100%| E|  |TAMS 0x0000000713800000, 0x0000000713800000| Complete 
| 299|0x0000000713900000, 0x0000000713a00000, 0x0000000713a00000|100%| E|CS|TAMS 0x0000000713900000, 0x0000000713900000| Complete 
| 300|0x0000000713a00000, 0x0000000713b00000, 0x0000000713b00000|100%| E|CS|TAMS 0x0000000713a00000, 0x0000000713a00000| Complete 
| 301|0x0000000713b00000, 0x0000000713c00000, 0x0000000713c00000|100%| E|CS|TAMS 0x0000000713b00000, 0x0000000713b00000| Complete 
| 302|0x0000000713c00000, 0x0000000713d00000, 0x0000000713d00000|100%| E|CS|TAMS 0x0000000713c00000, 0x0000000713c00000| Complete 
| 303|0x0000000713d00000, 0x0000000713e00000, 0x0000000713e00000|100%| E|CS|TAMS 0x0000000713d00000, 0x0000000713d00000| Complete 
| 304|0x0000000713e00000, 0x0000000713f00000, 0x0000000713f00000|100%| E|CS|TAMS 0x0000000713e00000, 0x0000000713e00000| Complete 
| 305|0x0000000713f00000, 0x0000000714000000, 0x0000000714000000|100%| E|CS|TAMS 0x0000000713f00000, 0x0000000713f00000| Complete 
| 306|0x0000000714000000, 0x0000000714100000, 0x0000000714100000|100%| E|CS|TAMS 0x0000000714000000, 0x0000000714000000| Complete 
| 307|0x0000000714100000, 0x0000000714200000, 0x0000000714200000|100%| E|CS|TAMS 0x0000000714100000, 0x0000000714100000| Complete 

Card table byte_map: [0x0000021b9c370000,0x0000021b9cb70000] _byte_map_base: 0x0000021b98b69000

Marking Bits (Prev, Next): (CMBitMap*) 0x0000021b84315128, (CMBitMap*) 0x0000021b84315168
 Prev Bits: [0x0000021b9d370000, 0x0000021ba1338000)
 Next Bits: [0x0000021ba1340000, 0x0000021ba5308000)

Polling page: 0x0000021b822b0000

Metaspace:

Usage:
  Non-class:      9.56 MB capacity,     9.33 MB ( 98%) used,   195.90 KB (  2%) free+waste,    37.81 KB ( <1%) overhead. 
      Class:      1.33 MB capacity,     1.14 MB ( 86%) used,   173.55 KB ( 13%) free+waste,    22.00 KB (  2%) overhead. 
       Both:     10.89 MB capacity,    10.47 MB ( 96%) used,   369.45 KB (  3%) free+waste,    59.81 KB ( <1%) overhead. 

Virtual space:
  Non-class space:       10.00 MB reserved,       9.75 MB ( 98%) committed 
      Class space:        1.00 GB reserved,       1.38 MB ( <1%) committed 
             Both:        1.01 GB reserved,      11.13 MB (  1%) committed 

Chunk freelists:
   Non-Class:  1.00 KB
       Class:  15.00 KB
        Both:  16.00 KB

MaxMetaspaceSize: 17179869184.00 GB
CompressedClassSpaceSize: 1.00 GB

CodeHeap 'non-profiled nmethods': size=120000Kb used=1257Kb max_used=1257Kb free=118742Kb
 bounds [0x0000021b94530000, 0x0000021b947a0000, 0x0000021b9ba60000]
CodeHeap 'profiled nmethods': size=120000Kb used=4364Kb max_used=4364Kb free=115635Kb
 bounds [0x0000021b8d000000, 0x0000021b8d450000, 0x0000021b94530000]
CodeHeap 'non-nmethods': size=5760Kb used=1310Kb max_used=1358Kb free=4449Kb
 bounds [0x0000021b8ca60000, 0x0000021b8ccd0000, 0x0000021b8d000000]
 total_blobs=2919 nmethods=2314 adapters=517
 compilation: enabled
              stopped_count=0, restarted_count=0
 full_count=0

Compilation events (20 events):
Event: 9.733 Thread 0x0000021ba850a800 nmethod 2320 0x0000021b8d440310 code [0x0000021b8d4404a0, 0x0000021b8d440658]
Event: 9.733 Thread 0x0000021ba850a800 2321       2       java.util.stream.ReduceOps$6ReducingSink::get (21 bytes)
Event: 9.733 Thread 0x0000021ba850a800 nmethod 2321 0x0000021b8d440710 code [0x0000021b8d4408a0, 0x0000021b8d440a58]
Event: 9.733 Thread 0x0000021ba850a800 2323       2       rlbotexample.app.physics.PhysicsOfBossBattle$$Lambda$224/0x0000000800c79440::get$Lambda (9 bytes)
Event: 9.733 Thread 0x0000021ba850a800 nmethod 2323 0x0000021b8d440b10 code [0x0000021b8d440ca0, 0x0000021b8d440e38]
Event: 9.733 Thread 0x0000021ba850a800 2324       2       rlbotexample.app.physics.PhysicsOfBossBattle$$Lambda$224/0x0000000800c79440::<init> (10 bytes)
Event: 9.734 Thread 0x0000021ba850a800 nmethod 2324 0x0000021b8d440f10 code [0x0000021b8d4410a0, 0x0000021b8d441218]
Event: 9.734 Thread 0x0000021ba850a800 2325       2       rlbotexample.app.physics.PhysicsOfBossBattle$$Lambda$225/0x0000000800c79c40::get$Lambda (12 bytes)
Event: 9.734 Thread 0x0000021ba850a800 nmethod 2325 0x0000021b8d441290 code [0x0000021b8d441440, 0x0000021b8d441718]
Event: 9.734 Thread 0x0000021ba850a800 2326       2       rlbotexample.app.physics.PhysicsOfBossBattle$$Lambda$225/0x0000000800c79c40::<init> (26 bytes)
Event: 9.734 Thread 0x0000021ba850a800 nmethod 2326 0x0000021b8d441810 code [0x0000021b8d4419c0, 0x0000021b8d441c78]
Event: 9.734 Thread 0x0000021ba850a800 2327       2       rlbotexample.app.physics.PhysicsOfBossBattle$$Lambda$226/0x0000000800c7a040::get$Lambda (10 bytes)
Event: 9.734 Thread 0x0000021ba850a800 nmethod 2327 0x0000021b8d441d10 code [0x0000021b8d441ea0, 0x0000021b8d4420b8]
Event: 9.734 Thread 0x0000021ba850a800 2329       2       rlbotexample.app.physics.state_setter.CarStateSetter::applyPhysics (35 bytes)
Event: 9.734 Thread 0x0000021ba850a800 nmethod 2329 0x0000021b8d442190 code [0x0000021b8d442380, 0x0000021b8d442788]
Event: 9.734 Thread 0x0000021ba850a800 2330       2       rlbot.gamestate.CarState::withPhysics (7 bytes)
Event: 9.734 Thread 0x0000021ba850a800 nmethod 2330 0x0000021b8d442a10 code [0x0000021b8d442ba0, 0x0000021b8d442d18]
Event: 9.734 Thread 0x0000021ba850a800 2328       2       rlbotexample.app.physics.PhysicsOfBossBattle$$Lambda$226/0x0000000800c7a040::<init> (15 bytes)
Event: 9.734 Thread 0x0000021ba850a800 nmethod 2328 0x0000021b8d442d90 code [0x0000021b8d442f20, 0x0000021b8d4430f8]
Event: 9.736 Thread 0x0000021ba850a800 2332       3       rlbot.gamestate.GameState::buildPacket (286 bytes)

GC Heap History (20 events):
Event: 5.704 GC heap before
{Heap before GC invocations=13 (full 0):
 garbage-first heap   total 262144K, used 171133K [0x0000000700e00000, 0x0000000800000000)
  region size 1024K, 153 young (156672K), 13 survivors (13312K)
 Metaspace       used 10302K, capacity 10719K, committed 10880K, reserved 1058816K
  class space    used 1119K, capacity 1283K, committed 1408K, reserved 1048576K
}
Event: 5.709 GC heap after
{Heap after GC invocations=14 (full 0):
 garbage-first heap   total 315392K, used 29480K [0x0000000700e00000, 0x0000000800000000)
  region size 1024K, 11 young (11264K), 11 survivors (11264K)
 Metaspace       used 10302K, capacity 10719K, committed 10880K, reserved 1058816K
  class space    used 1119K, capacity 1283K, committed 1408K, reserved 1048576K
}
Event: 6.162 GC heap before
{Heap before GC invocations=14 (full 0):
 garbage-first heap   total 315392K, used 205608K [0x0000000700e00000, 0x0000000800000000)
  region size 1024K, 184 young (188416K), 11 survivors (11264K)
 Metaspace       used 10303K, capacity 10719K, committed 10880K, reserved 1058816K
  class space    used 1119K, capacity 1283K, committed 1408K, reserved 1048576K
}
Event: 6.166 GC heap after
{Heap after GC invocations=15 (full 0):
 garbage-first heap   total 315392K, used 31472K [0x0000000700e00000, 0x0000000800000000)
  region size 1024K, 13 young (13312K), 13 survivors (13312K)
 Metaspace       used 10303K, capacity 10719K, committed 10880K, reserved 1058816K
  class space    used 1119K, capacity 1283K, committed 1408K, reserved 1048576K
}
Event: 6.603 GC heap before
{Heap before GC invocations=15 (full 0):
 garbage-first heap   total 315392K, used 205552K [0x0000000700e00000, 0x0000000800000000)
  region size 1024K, 184 young (188416K), 13 survivors (13312K)
 Metaspace       used 10308K, capacity 10719K, committed 10880K, reserved 1058816K
  class space    used 1119K, capacity 1283K, committed 1408K, reserved 1048576K
}
Event: 6.607 GC heap after
{Heap after GC invocations=16 (full 0):
 garbage-first heap   total 315392K, used 32861K [0x0000000700e00000, 0x0000000800000000)
  region size 1024K, 14 young (14336K), 14 survivors (14336K)
 Metaspace       used 10308K, capacity 10719K, committed 10880K, reserved 1058816K
  class space    used 1119K, capacity 1283K, committed 1408K, reserved 1048576K
}
Event: 7.033 GC heap before
{Heap before GC invocations=16 (full 0):
 garbage-first heap   total 315392K, used 205917K [0x0000000700e00000, 0x0000000800000000)
  region size 1024K, 184 young (188416K), 14 survivors (14336K)
 Metaspace       used 10315K, capacity 10719K, committed 10880K, reserved 1058816K
  class space    used 1119K, capacity 1283K, committed 1408K, reserved 1048576K
}
Event: 7.038 GC heap after
{Heap after GC invocations=17 (full 0):
 garbage-first heap   total 315392K, used 34950K [0x0000000700e00000, 0x0000000800000000)
  region size 1024K, 14 young (14336K), 14 survivors (14336K)
 Metaspace       used 10315K, capacity 10719K, committed 10880K, reserved 1058816K
  class space    used 1119K, capacity 1283K, committed 1408K, reserved 1048576K
}
Event: 7.460 GC heap before
{Heap before GC invocations=17 (full 0):
 garbage-first heap   total 315392K, used 211078K [0x0000000700e00000, 0x0000000800000000)
  region size 1024K, 184 young (188416K), 14 survivors (14336K)
 Metaspace       used 10330K, capacity 10719K, committed 10880K, reserved 1058816K
  class space    used 1119K, capacity 1283K, committed 1408K, reserved 1048576K
}
Event: 7.464 GC heap after
{Heap after GC invocations=18 (full 0):
 garbage-first heap   total 315392K, used 38226K [0x0000000700e00000, 0x0000000800000000)
  region size 1024K, 13 young (13312K), 13 survivors (13312K)
 Metaspace       used 10330K, capacity 10719K, committed 10880K, reserved 1058816K
  class space    used 1119K, capacity 1283K, committed 1408K, reserved 1048576K
}
Event: 7.886 GC heap before
{Heap before GC invocations=18 (full 0):
 garbage-first heap   total 315392K, used 212306K [0x0000000700e00000, 0x0000000800000000)
  region size 1024K, 184 young (188416K), 13 survivors (13312K)
 Metaspace       used 10331K, capacity 10719K, committed 10880K, reserved 1058816K
  class space    used 1119K, capacity 1283K, committed 1408K, reserved 1048576K
}
Event: 7.890 GC heap after
{Heap after GC invocations=19 (full 0):
 garbage-first heap   total 315392K, used 40061K [0x0000000700e00000, 0x0000000800000000)
  region size 1024K, 14 young (14336K), 14 survivors (14336K)
 Metaspace       used 10331K, capacity 10719K, committed 10880K, reserved 1058816K
  class space    used 1119K, capacity 1283K, committed 1408K, reserved 1048576K
}
Event: 8.311 GC heap before
{Heap before GC invocations=19 (full 0):
 garbage-first heap   total 315392K, used 213117K [0x0000000700e00000, 0x0000000800000000)
  region size 1024K, 184 young (188416K), 14 survivors (14336K)
 Metaspace       used 10331K, capacity 10719K, committed 10880K, reserved 1058816K
  class space    used 1119K, capacity 1283K, committed 1408K, reserved 1048576K
}
Event: 8.315 GC heap after
{Heap after GC invocations=20 (full 0):
 garbage-first heap   total 315392K, used 42627K [0x0000000700e00000, 0x0000000800000000)
  region size 1024K, 15 young (15360K), 15 survivors (15360K)
 Metaspace       used 10331K, capacity 10719K, committed 10880K, reserved 1058816K
  class space    used 1119K, capacity 1283K, committed 1408K, reserved 1048576K
}
Event: 8.726 GC heap before
{Heap before GC invocations=20 (full 0):
 garbage-first heap   total 315392K, used 216707K [0x0000000700e00000, 0x0000000800000000)
  region size 1024K, 184 young (188416K), 15 survivors (15360K)
 Metaspace       used 10337K, capacity 10719K, committed 10880K, reserved 1058816K
  class space    used 1119K, capacity 1283K, committed 1408K, reserved 1048576K
}
Event: 8.731 GC heap after
{Heap after GC invocations=21 (full 0):
 garbage-first heap   total 315392K, used 45392K [0x0000000700e00000, 0x0000000800000000)
  region size 1024K, 13 young (13312K), 13 survivors (13312K)
 Metaspace       used 10337K, capacity 10719K, committed 10880K, reserved 1058816K
  class space    used 1119K, capacity 1283K, committed 1408K, reserved 1048576K
}
Event: 9.170 GC heap before
{Heap before GC invocations=21 (full 0):
 garbage-first heap   total 315392K, used 219472K [0x0000000700e00000, 0x0000000800000000)
  region size 1024K, 184 young (188416K), 13 survivors (13312K)
 Metaspace       used 10337K, capacity 10719K, committed 10880K, reserved 1058816K
  class space    used 1119K, capacity 1283K, committed 1408K, reserved 1048576K
}
Event: 9.174 GC heap after
{Heap after GC invocations=22 (full 0):
 garbage-first heap   total 315392K, used 47018K [0x0000000700e00000, 0x0000000800000000)
  region size 1024K, 14 young (14336K), 14 survivors (14336K)
 Metaspace       used 10337K, capacity 10719K, committed 10880K, reserved 1058816K
  class space    used 1119K, capacity 1283K, committed 1408K, reserved 1048576K
}
Event: 9.590 GC heap before
{Heap before GC invocations=22 (full 0):
 garbage-first heap   total 315392K, used 224170K [0x0000000700e00000, 0x0000000800000000)
  region size 1024K, 184 young (188416K), 14 survivors (14336K)
 Metaspace       used 10679K, capacity 11142K, committed 11392K, reserved 1058816K
  class space    used 1165K, capacity 1361K, committed 1408K, reserved 1048576K
}
Event: 9.595 GC heap after
{Heap after GC invocations=23 (full 0):
 garbage-first heap   total 315392K, used 52258K [0x0000000700e00000, 0x0000000800000000)
  region size 1024K, 14 young (14336K), 14 survivors (14336K)
 Metaspace       used 10679K, capacity 11142K, committed 11392K, reserved 1058816K
  class space    used 1165K, capacity 1361K, committed 1408K, reserved 1048576K
}

Deoptimization events (20 events):
Event: 9.678 Thread 0x0000021badf6d000 DEOPT PACKING pc=0x0000021b8d3d08e0 sp=0x00000070c1efee40
Event: 9.678 Thread 0x0000021badf6d000 DEOPT UNPACKING pc=0x0000021b8caa964e sp=0x00000070c1efe2e0 mode 0
Event: 9.689 Thread 0x0000021bade10000 DEOPT PACKING pc=0x0000021b8d3d08e0 sp=0x00000070c07febc0
Event: 9.689 Thread 0x0000021bade10000 DEOPT UNPACKING pc=0x0000021b8caa964e sp=0x00000070c07fe060 mode 0
Event: 9.690 Thread 0x0000021bade10000 DEOPT PACKING pc=0x0000021b8d3d08e0 sp=0x00000070c07fe860
Event: 9.690 Thread 0x0000021bade10000 DEOPT UNPACKING pc=0x0000021b8caa964e sp=0x00000070c07fdd00 mode 0
Event: 9.694 Thread 0x0000021bade1b000 DEOPT PACKING pc=0x0000021b8d4007da sp=0x00000070c16fedc0
Event: 9.694 Thread 0x0000021bade1b000 DEOPT UNPACKING pc=0x0000021b8caa964e sp=0x00000070c16fe378 mode 0
Event: 9.697 Thread 0x0000021bade0d000 DEOPT PACKING pc=0x0000021b8d3d08e0 sp=0x00000070c08fefe0
Event: 9.697 Thread 0x0000021bade0d000 DEOPT UNPACKING pc=0x0000021b8caa964e sp=0x00000070c08fe480 mode 0
Event: 9.700 Thread 0x0000021bade10000 DEOPT PACKING pc=0x0000021b8d3d08e0 sp=0x00000070c07fe880
Event: 9.700 Thread 0x0000021bade10000 DEOPT UNPACKING pc=0x0000021b8caa964e sp=0x00000070c07fdd20 mode 0
Event: 9.731 Thread 0x0000021bade10000 DEOPT PACKING pc=0x0000021b8d3d08e0 sp=0x00000070c07fe7f0
Event: 9.731 Thread 0x0000021bade10000 DEOPT UNPACKING pc=0x0000021b8caa964e sp=0x00000070c07fdc90 mode 0
Event: 9.735 Thread 0x0000021bade10000 DEOPT PACKING pc=0x0000021b8d3d08e0 sp=0x00000070c07fe870
Event: 9.735 Thread 0x0000021bade10000 DEOPT UNPACKING pc=0x0000021b8caa964e sp=0x00000070c07fdd10 mode 0
Event: 9.736 Thread 0x0000021bade10000 DEOPT PACKING pc=0x0000021b8d3edf66 sp=0x00000070c07fea70
Event: 9.736 Thread 0x0000021bade10000 DEOPT UNPACKING pc=0x0000021b8caa964e sp=0x00000070c07fdf88 mode 0
Event: 9.736 Thread 0x0000021bade10000 DEOPT PACKING pc=0x0000021b8d3ede52 sp=0x00000070c07fea70
Event: 9.736 Thread 0x0000021bade10000 DEOPT UNPACKING pc=0x0000021b8caa964e sp=0x00000070c07fdff8 mode 0

Classes unloaded (0 events):
No events

Classes redefined (0 events):
No events

Internal exceptions (20 events):
Event: 0.367 Thread 0x0000021b842a9800 Exception <a 'java/lang/NoSuchMethodError'{0x0000000710577d68}: 'java.lang.Object java.lang.invoke.DirectMethodHandle$Holder.invokeSpecial(java.lang.Object, java.lang.Object, int, java.lang.Object, java.lang.Object, java.lang.Object)'> (0x0000000710577d68) 
thrown [./open/src/hotspot/share/interpreter/linkResolver.cpp, line 766]
Event: 0.369 Thread 0x0000021b842a9800 Exception <a 'java/lang/NoSuchMethodError'{0x000000071058e0e0}: 'java.lang.Object java.lang.invoke.DirectMethodHandle$Holder.invokeStatic(java.lang.Object, int, java.lang.Object)'> (0x000000071058e0e0) 
thrown [./open/src/hotspot/share/interpreter/linkResolver.cpp, line 766]
Event: 0.384 Thread 0x0000021b842a9800 Exception <a 'java/lang/ClassNotFoundException'{0x00000007104b03d0}: com/sun/swing/internal/plaf/metal/resources/spi/metalProvider> (0x00000007104b03d0) 
thrown [./open/src/hotspot/share/classfile/systemDictionary.cpp, line 226]
Event: 0.385 Thread 0x0000021b842a9800 Exception <a 'java/lang/ClassNotFoundException'{0x00000007104b4490}: com/sun/swing/internal/plaf/basic/resources/spi/basicProvider> (0x00000007104b4490) 
thrown [./open/src/hotspot/share/classfile/systemDictionary.cpp, line 226]
Event: 0.400 Thread 0x0000021bade12800 Implicit null exception at 0x0000021b9455a167 to 0x0000021b9455a78c
Event: 0.400 Thread 0x0000021bade12800 Implicit null exception at 0x0000021b94563e64 to 0x0000021b945644c4
Event: 0.447 Thread 0x0000021b842a9800 Exception <a 'java/lang/NoSuchMethodError'{0x000000071029e970}: 'void java.lang.invoke.DirectMethodHandle$Holder.invokeStaticInit(java.lang.Object)'> (0x000000071029e970) 
thrown [./open/src/hotspot/share/interpreter/linkResolver.cpp, line 766]
Event: 0.469 Thread 0x0000021b842a9800 Exception <a 'java/lang/NoSuchMethodError'{0x00000007102f3340}: 'java.lang.Object java.lang.invoke.Invokers$Holder.linkToTargetMethod(java.lang.Object, int, java.lang.Object)'> (0x00000007102f3340) 
thrown [./open/src/hotspot/share/interpreter/linkResolver.cpp, line 766]
Event: 0.506 Thread 0x0000021b842a9800 Exception <a 'java/lang/NoSuchMethodError'{0x00000007101342f0}: 'void java.lang.invoke.DirectMethodHandle$Holder.invokeStatic(java.lang.Object, java.lang.Object, java.lang.Object, java.lang.Object)'> (0x00000007101342f0) 
thrown [./open/src/hotspot/share/interpreter/linkResolver.cpp, line 766]
Event: 1.351 Thread 0x0000021badc03800 Exception <a 'java/lang/NoSuchMethodError'{0x000000070fc7ef98}: 'void java.lang.invoke.DirectMethodHandle$Holder.invokeStatic(java.lang.Object, java.lang.Object, int, java.lang.Object)'> (0x000000070fc7ef98) 
thrown [./open/src/hotspot/share/interpreter/linkResolver.cpp, line 766]
Event: 1.402 Thread 0x0000021bade10000 Exception <a 'java/lang/NoSuchMethodError'{0x000000070f1a33a8}: static Lrlbotexample/animations/CarGroupAnimation;.<clinit>()V> (0x000000070f1a33a8) 
thrown [./open/src/hotspot/share/prims/jni.cpp, line 1348]
Event: 1.404 Thread 0x0000021bade10000 Exception <a 'java/lang/NoSuchMethodError'{0x000000070f1b6a48}: static Lrlbotexample/animations/IndexedCarGroup;.<clinit>()V> (0x000000070f1b6a48) 
thrown [./open/src/hotspot/share/prims/jni.cpp, line 1348]
Event: 1.405 Thread 0x0000021bade10000 Exception <a 'java/lang/NoSuchMethodError'{0x000000070f1bea50}: static Lrlbotexample/animations/CarGroup;.<clinit>()V> (0x000000070f1bea50) 
thrown [./open/src/hotspot/share/prims/jni.cpp, line 1348]
Event: 1.406 Thread 0x0000021bade10000 Exception <a 'java/lang/NoSuchMethodError'{0x000000070f1c87d0}: static Lrlbotexample/animations/AnimatedCarObject;.<clinit>()V> (0x000000070f1c87d0) 
thrown [./open/src/hotspot/share/prims/jni.cpp, line 1348]
Event: 1.407 Thread 0x0000021bade10000 Exception <a 'java/lang/NoSuchMethodError'{0x000000070f1d2bc0}: static Lutil/math/vector/ZyxOrientedPosition;.<clinit>()V> (0x000000070f1d2bc0) 
thrown [./open/src/hotspot/share/prims/jni.cpp, line 1348]
Event: 1.410 Thread 0x0000021bade10000 Exception <a 'java/lang/NoSuchMethodError'{0x000000070f1f0b20}: static Ljava/lang/Object;.<clinit>()V> (0x000000070f1f0b20) 
thrown [./open/src/hotspot/share/prims/jni.cpp, line 1348]
Event: 3.784 Thread 0x0000021bade10000 Implicit null exception at 0x0000021b945b66b4 to 0x0000021b945b6bac
Event: 9.481 Thread 0x0000021bade10000 Exception <a 'java/lang/NoSuchMethodError'{0x000000070c38fe60}: 'java.lang.Object java.lang.invoke.DirectMethodHandle$Holder.invokeInterface(java.lang.Object, java.lang.Object, int)'> (0x000000070c38fe60) 
thrown [./open/src/hotspot/share/interpreter/linkResolver.cpp, line 766]
Event: 9.516 Thread 0x0000021bade10000 Implicit null exception at 0x0000021b946437a6 to 0x0000021b94643964
Event: 9.528 Thread 0x0000021bade10000 Exception <a 'java/lang/NoSuchMethodError'{0x000000070b625f78}: 'void java.lang.invoke.DirectMethodHandle$Holder.invokeSpecial(java.lang.Object, java.lang.Object, java.lang.Object, java.lang.Object)'> (0x000000070b625f78) 
thrown [./open/src/hotspot/share/interpreter/linkResolver.cpp, line 766]

Events (20 events):
Event: 9.478 loading class java/util/function/IntBinaryOperator
Event: 9.478 loading class java/util/function/IntBinaryOperator done
Event: 9.478 loading class java/util/stream/ReduceOps$6
Event: 9.478 loading class java/util/stream/ReduceOps$6 done
Event: 9.479 Executing VM operation: HandshakeAllThreads
Event: 9.479 Executing VM operation: HandshakeAllThreads done
Event: 9.479 loading class java/util/stream/ReduceOps$5ReducingSink
Event: 9.479 loading class java/util/stream/ReduceOps$5ReducingSink done
Event: 9.479 Executing VM operation: HandshakeAllThreads
Event: 9.479 Executing VM operation: HandshakeAllThreads done
Event: 9.491 loading class java/util/stream/ReduceOps$7
Event: 9.491 loading class java/util/stream/ReduceOps$7 done
Event: 9.491 loading class java/util/stream/ReduceOps$6ReducingSink
Event: 9.491 loading class java/util/stream/ReduceOps$6ReducingSink done
Event: 9.497 Thread 0x0000021ba8874800 Thread added: 0x0000021ba8874800
Event: 9.528 Executing VM operation: HandshakeOneThread
Event: 9.528 Executing VM operation: HandshakeOneThread done
Event: 9.535 Loaded shared library C:\Program Files (x86)\Java\jdk-14.0.2\bin\java.dll
Event: 9.590 Executing VM operation: G1CollectForAllocation
Event: 9.596 Executing VM operation: G1CollectForAllocation done


Dynamic libraries:
0x00007ff665290000 - 0x00007ff66529f000 	C:\Program Files (x86)\Java\jdk-14.0.2\bin\java.exe
0x00007ffb8c610000 - 0x00007ffb8c805000 	C:\Windows\SYSTEM32\ntdll.dll
0x00007ffb8c200000 - 0x00007ffb8c2bd000 	C:\Windows\System32\KERNEL32.DLL
0x00007ffb8a1a0000 - 0x00007ffb8a468000 	C:\Windows\System32\KERNELBASE.dll
0x00007ffb89d50000 - 0x00007ffb89e50000 	C:\Windows\System32\ucrtbase.dll
0x00007ffb700e0000 - 0x00007ffb700f8000 	C:\Program Files (x86)\Java\jdk-14.0.2\bin\jli.dll
0x00007ffb700c0000 - 0x00007ffb700d5000 	C:\Program Files (x86)\Java\jdk-14.0.2\bin\VCRUNTIME140.dll
0x00007ffb8b5a0000 - 0x00007ffb8b64c000 	C:\Windows\System32\ADVAPI32.dll
0x00007ffb8c490000 - 0x00007ffb8c52e000 	C:\Windows\System32\msvcrt.dll
0x00007ffb8c530000 - 0x00007ffb8c5cb000 	C:\Windows\System32\sechost.dll
0x00007ffb8b200000 - 0x00007ffb8b32b000 	C:\Windows\System32\RPCRT4.dll
0x00007ffb8b6f0000 - 0x00007ffb8b890000 	C:\Windows\System32\USER32.dll
0x00007ffb8a070000 - 0x00007ffb8a092000 	C:\Windows\System32\win32u.dll
0x00007ffb8b1d0000 - 0x00007ffb8b1fa000 	C:\Windows\System32\GDI32.dll
0x00007ffb806d0000 - 0x00007ffb8096a000 	C:\Windows\WinSxS\amd64_microsoft.windows.common-controls_6595b64144ccf1df_6.0.19041.1052_none_60b8f8fd71f5e8cb\COMCTL32.dll
0x00007ffb8a4d0000 - 0x00007ffb8a5db000 	C:\Windows\System32\gdi32full.dll
0x00007ffb8a5e0000 - 0x00007ffb8a67d000 	C:\Windows\System32\msvcp_win.dll
0x00007ffb84bc0000 - 0x00007ffb84bca000 	C:\Windows\SYSTEM32\VERSION.dll
0x00007ffb8a6e0000 - 0x00007ffb8a710000 	C:\Windows\System32\IMM32.DLL
0x00007ffb67ff0000 - 0x00007ffb6808b000 	C:\Program Files (x86)\Java\jdk-14.0.2\bin\msvcp140.dll
0x00007ffb26920000 - 0x00007ffb2743e000 	C:\Program Files (x86)\Java\jdk-14.0.2\bin\server\jvm.dll
0x00007ffb8b650000 - 0x00007ffb8b658000 	C:\Windows\System32\PSAPI.DLL
0x00007ffb77e90000 - 0x00007ffb77eb7000 	C:\Windows\SYSTEM32\WINMM.dll
0x00007ffb76720000 - 0x00007ffb76729000 	C:\Windows\SYSTEM32\WSOCK32.dll
0x00007ffb8b8f0000 - 0x00007ffb8b95b000 	C:\Windows\System32\WS2_32.dll
0x00007ffb87c80000 - 0x00007ffb87c92000 	C:\Windows\SYSTEM32\kernel.appcore.dll
0x00007ffb77650000 - 0x00007ffb7765a000 	C:\Program Files (x86)\Java\jdk-14.0.2\bin\jimage.dll
0x00007ffb74c50000 - 0x00007ffb74e34000 	C:\Windows\SYSTEM32\DBGHELP.DLL
0x00007ffb75fd0000 - 0x00007ffb75ffc000 	C:\Windows\SYSTEM32\dbgcore.DLL
0x00007ffb89fe0000 - 0x00007ffb8a063000 	C:\Windows\System32\bcryptPrimitives.dll
0x00007ffb70090000 - 0x00007ffb700b5000 	C:\Program Files (x86)\Java\jdk-14.0.2\bin\java.dll
0x00007ffb6b130000 - 0x00007ffb6b146000 	C:\Program Files (x86)\Java\jdk-14.0.2\bin\zip.dll
0x00007ffb8b980000 - 0x00007ffb8c0bf000 	C:\Windows\System32\SHELL32.dll
0x00007ffb87e80000 - 0x00007ffb88610000 	C:\Windows\SYSTEM32\windows.storage.dll
0x00007ffb8ae70000 - 0x00007ffb8b1c5000 	C:\Windows\System32\combase.dll
0x00007ffb896f0000 - 0x00007ffb8971c000 	C:\Windows\SYSTEM32\Wldp.dll
0x00007ffb8c2c0000 - 0x00007ffb8c36e000 	C:\Windows\System32\SHCORE.dll
0x00007ffb8b890000 - 0x00007ffb8b8e5000 	C:\Windows\System32\shlwapi.dll
0x00007ffb89c90000 - 0x00007ffb89caf000 	C:\Windows\SYSTEM32\profapi.dll
0x00007ffb6b110000 - 0x00007ffb6b129000 	C:\Program Files (x86)\Java\jdk-14.0.2\bin\net.dll
0x00007ffb82370000 - 0x00007ffb8247b000 	C:\Windows\SYSTEM32\WINHTTP.dll
0x00007ffb894d0000 - 0x00007ffb8953a000 	C:\Windows\system32\mswsock.dll
0x00007ffb6b0f0000 - 0x00007ffb6b102000 	C:\Program Files (x86)\Java\jdk-14.0.2\bin\nio.dll
0x00007ffb59370000 - 0x00007ffb59509000 	C:\Program Files (x86)\Java\jdk-14.0.2\bin\awt.dll
0x00007ffb8c130000 - 0x00007ffb8c1fd000 	C:\Windows\System32\OLEAUT32.dll
0x00007ffb876f0000 - 0x00007ffb87780000 	C:\Windows\SYSTEM32\apphelp.dll
0x00007ffb87a70000 - 0x00007ffb87a9f000 	C:\Windows\system32\DWMAPI.DLL
0x00007ffb87990000 - 0x00007ffb87a2e000 	C:\Windows\system32\uxtheme.dll
0x00007ffb6e040000 - 0x00007ffb6e166000 	C:\Windows\system32\opengl32.dll
0x00007ffb76d80000 - 0x00007ffb76dac000 	C:\Windows\SYSTEM32\GLU32.dll
0x00007ffb8c370000 - 0x00007ffb8c485000 	C:\Windows\System32\MSCTF.dll
0x00007ffb8a7f0000 - 0x00007ffb8a91a000 	C:\Windows\System32\ole32.dll
0x00007ffb80500000 - 0x00007ffb806ce000 	C:\Windows\system32\d3d9.dll
0x00007ffb7aed0000 - 0x00007ffb7afd2000 	C:\Windows\System32\DriverStore\FileRepository\nv_dispi.inf_amd64_1c83a5d7cffd7bff\nvldumdx.dll
0x00007ffb89a70000 - 0x00007ffb89a82000 	C:\Windows\SYSTEM32\msasn1.dll
0x00007ffb84b80000 - 0x00007ffb84bb1000 	C:\Windows\SYSTEM32\cryptnet.dll
0x00007ffb89e50000 - 0x00007ffb89faf000 	C:\Windows\System32\CRYPT32.dll
0x00007ffb89650000 - 0x00007ffb8965c000 	C:\Windows\SYSTEM32\cryptbase.dll
0x00007ffb8a470000 - 0x00007ffb8a4d0000 	C:\Windows\System32\WINTRUST.DLL
0x00007ffb8b960000 - 0x00007ffb8b97d000 	C:\Windows\System32\imagehlp.dll
0x00007ffb88a50000 - 0x00007ffb88a83000 	C:\Windows\SYSTEM32\ntmarta.dll
0x00007ffb89a20000 - 0x00007ffb89a38000 	C:\Windows\SYSTEM32\CRYPTSP.dll
0x00007ffb88e20000 - 0x00007ffb88e54000 	C:\Windows\system32\rsaenh.dll
0x00007ffb89fb0000 - 0x00007ffb89fd7000 	C:\Windows\System32\bcrypt.dll
0x00007ffb89c50000 - 0x00007ffb89c7e000 	C:\Windows\SYSTEM32\USERENV.dll
0x00007ffb326d0000 - 0x00007ffb340eb000 	C:\Windows\System32\DriverStore\FileRepository\nv_dispi.inf_amd64_1c83a5d7cffd7bff\nvd3dumx.dll
0x00007ffb89190000 - 0x00007ffb891cb000 	C:\Windows\SYSTEM32\IPHLPAPI.DLL
0x00007ffb8c120000 - 0x00007ffb8c128000 	C:\Windows\System32\NSI.dll
0x00007ffb83bf0000 - 0x00007ffb83c07000 	C:\Windows\SYSTEM32\dhcpcsvc6.DLL
0x00007ffb83bd0000 - 0x00007ffb83bed000 	C:\Windows\SYSTEM32\dhcpcsvc.DLL
0x00007ffb891d0000 - 0x00007ffb8929c000 	C:\Windows\SYSTEM32\DNSAPI.dll
0x00007ffb5f530000 - 0x00007ffb5f7e7000 	C:\Windows\system32\nvspcap64.dll
0x00007ffb709c0000 - 0x00007ffb70a02000 	C:\Users\John\AppData\Local\Temp\jna-2314539\jna3585840463370186398.dll
0x00007ffb88620000 - 0x00007ffb88643000 	C:\Windows\SYSTEM32\gpapi.dll
0x00007ffb858e0000 - 0x00007ffb8591b000 	C:\Windows\SYSTEM32\dxcore.dll
0x00007ffb8a0a0000 - 0x00007ffb8a0ee000 	C:\Windows\System32\cfgmgr32.dll
0x00007ffb70990000 - 0x00007ffb709be000 	D:\Program Files\GitHub\Flyves\Boss-Battle\build\dll\RLBot_Core_Interface.dll
0x00007ffb6e870000 - 0x00007ffb6e8f2000 	C:\Program Files (x86)\Java\jdk-14.0.2\bin\freetype.dll
0x00007ffb6d3d0000 - 0x00007ffb6d476000 	C:\Program Files (x86)\Java\jdk-14.0.2\bin\fontmanager.dll
0x00007ffb7e0d0000 - 0x00007ffb7e1c9000 	C:\Windows\SYSTEM32\textinputframework.dll
0x00007ffb87490000 - 0x00007ffb87582000 	C:\Windows\System32\CoreMessaging.dll
0x00007ffb87130000 - 0x00007ffb8748e000 	C:\Windows\System32\CoreUIComponents.dll
0x00007ffb86fd0000 - 0x00007ffb87124000 	C:\Windows\SYSTEM32\wintypes.dll

dbghelp: loaded successfully - version: 4.0.5 - missing functions: none
symbol engine: initialized successfully - sym options: 0x614 - pdb path: .;C:\Program Files (x86)\Java\jdk-14.0.2\bin;C:\Windows\SYSTEM32;C:\Windows\WinSxS\amd64_microsoft.windows.common-controls_6595b64144ccf1df_6.0.19041.1052_none_60b8f8fd71f5e8cb;C:\Program Files (x86)\Java\jdk-14.0.2\bin\server;C:\Windows\System32\DriverStore\FileRepository\nv_dispi.inf_amd64_1c83a5d7cffd7bff;C:\Users\John\AppData\Local\Temp\jna-2314539;D:\Program Files\GitHub\Flyves\Boss-Battle\build\dll

VM Arguments:
jvm_args: -Dfile.encoding=windows-1252 -Duser.country=CA -Duser.language=fr -Duser.variant 
java_command: rlbotexample.JavaExample
java_class_path (initial): D:\Program Files\GitHub\Flyves\Boss-Battle\build\classes\java\main;D:\Program Files\GitHub\Flyves\Boss-Battle\build\resources\main;D:\Program Files\GitHub\Flyves\Boss-Battle\build\dll;C:\Users\John\.gradle\caches\modules-2\files-2.1\org.rlbot.commons\framework\1.11.0\107a09070a1232a0977f8cfaf439b6e06813211a\framework-1.11.0.jar;C:\Users\John\.gradle\caches\modules-2\files-2.1\net.java.dev.jna\jna-platform\4.5.1\117d52c9f672d8b7ea80a81464c33ef843de9254\jna-platform-4.5.1.jar;C:\Users\John\.gradle\caches\modules-2\files-2.1\net.java.dev.jna\jna\4.5.1\65bd0cacc9c79a21c6ed8e9f588577cd3c2f85b9\jna-4.5.1.jar;C:\Users\John\.gradle\caches\modules-2\files-2.1\net.sf.py4j\py4j\0.10.6\2204994fdaa4ba9c9e6f35fa3c700df454954cdf\py4j-0.10.6.jar;C:\Users\John\.gradle\caches\modules-2\files-2.1\com.github.davidmoten\flatbuffers-java\1.9.0.1\eaa1b27095bb5127879458bc2ee1b78e00d4a20\flatbuffers-java-1.9.0.1.jar
Launcher Type: SUN_STANDARD

[Global flags]
     intx CICompilerCount                          = 3                                         {product} {ergonomic}
     uint ConcGCThreads                            = 2                                         {product} {ergonomic}
     uint G1ConcRefinementThreads                  = 6                                         {product} {ergonomic}
   size_t G1HeapRegionSize                         = 1048576                                   {product} {ergonomic}
    uintx GCDrainStackTargetSize                   = 64                                        {product} {ergonomic}
   size_t InitialHeapSize                          = 268435456                                 {product} {ergonomic}
   size_t MarkStackSize                            = 4194304                                   {product} {ergonomic}
   size_t MaxHeapSize                              = 4280287232                                {product} {ergonomic}
   size_t MaxNewSize                               = 2567962624                                {product} {ergonomic}
   size_t MinHeapDeltaBytes                        = 1048576                                   {product} {ergonomic}
   size_t MinHeapSize                              = 8388608                                   {product} {ergonomic}
    uintx NonNMethodCodeHeapSize                   = 5832780                                {pd product} {ergonomic}
    uintx NonProfiledCodeHeapSize                  = 122912730                              {pd product} {ergonomic}
    uintx ProfiledCodeHeapSize                     = 122912730                              {pd product} {ergonomic}
    uintx ReservedCodeCacheSize                    = 251658240                              {pd product} {ergonomic}
     bool SegmentedCodeCache                       = true                                      {product} {ergonomic}
   size_t SoftMaxHeapSize                          = 4280287232                             {manageable} {ergonomic}
     bool UseCompressedClassPointers               = true                                 {lp64_product} {ergonomic}
     bool UseCompressedOops                        = true                                 {lp64_product} {ergonomic}
     bool UseG1GC                                  = true                                      {product} {ergonomic}
     bool UseLargePagesIndividualAllocation        = false                                  {pd product} {ergonomic}

Logging:
Log output configuration:
 #0: stdout all=warning uptime,level,tags
 #1: stderr all=off uptime,level,tags

Environment Variables:
JAVA_HOME=C:\Program Files (x86)\Java\jdk-14.0.2\jdk-14.0.2
PATH=C:\Program Files (x86)\Common Files\Oracle\Java\javapath;C:\Windows\system32;C:\Windows;C:\Windows\System32\Wbem;C:\Windows\System32\WindowsPowerShell\v1.0\;C:\Windows\System32\OpenSSH\;C:\Program Files (x86)\NVIDIA Corporation\PhysX\Common;C:\Program Files\NVIDIA Corporation\NVIDIA NvDLISR;C:\Program Files\Git\cmd;C:\Program Files (x86)\Java\jdk-14.0.2\jdk-14.0.2\bin;C:\Program Files\dotnet\;C:\Program Files\Microsoft SQL Server\130\Tools\Binn\;C:\Program Files\Microsoft SQL Server\Client SDK\ODBC\170\Tools\Binn\;C:\Program Files\Docker\Docker\resources\bin;C:\ProgramData\DockerDesktop\version-bin;C:\Program Files\apache-maven-3.6.3\bin;C:\Program Files\PuTTY\;C:\Users\John\AppData\Local\Programs\Python\Launcher\;C:\Users\John\AppData\Local\Microsoft\WindowsApps;C:\Program Files\JetBrains\IntelliJ IDEA Community Edition 2020.1.4\bin;;C:\Users\John\.dotnet\tools;C:\Users\John\AppData\Local\GitHubDesktop\bin;C:\Program Files (x86)\FAHClient;C:\Users\John\AppData\Local\Programs\Microsoft VS Code\bin;C:\Program Files (x86)\Arduino\arduino-cli;D:\Program Files\7-Zip;
USERNAME=John
OS=Windows_NT
PROCESSOR_IDENTIFIER=Intel64 Family 6 Model 158 Stepping 10, GenuineIntel



---------------  S Y S T E M  ---------------

OS: Windows 10 , 64 bit Build 19041 (10.0.19041.1023)
OS uptime: 13 days 10:09 hours
HyperV virtualization detected

CPU:total 6 (initial active 6) (6 cores per cpu, 1 threads per core) family 6 model 158 stepping 10, cmov, cx8, fxsr, mmx, sse, sse2, sse3, ssse3, sse4.1, sse4.2, popcnt, avx, avx2, aes, clmul, erms, rtm, 3dnowpref, lzcnt, tsc, tscinvbit, bmi1, bmi2, adx, fma

Memory: 4k page, system-wide physical 16325M (2162M free)
TotalPageFile size 65477M (AvailPageFile size 5M)
current process WorkingSet (physical memory assigned to process): 358M, peak: 358M
current process commit charge ("private bytes"): 463M, peak: 463M

vm_info: Java HotSpot(TM) 64-Bit Server VM (14.0.2+12-46) for windows-amd64 JRE (14.0.2+12-46), built on Jul  9 2020 00:35:52 by "mach5one" with MS VC++ 15.9 (VS2017)

END.
