#
# There is insufficient memory for the Java Runtime Environment to continue.
# Native memory allocation (malloc) failed to allocate 1516896 bytes for Chunk::new
# Possible reasons:
#   The system is out of physical RAM or swap space
#   The process is running with CompressedOops enabled, and the Java Heap may be blocking the growth of the native heap
# Possible solutions:
#   Reduce memory load on the system
#   Increase physical memory or swap space
#   Check if swap backing store is full
#   Decrease Java heap size (-Xmx/-Xms)
#   Decrease number of Java threads
#   Decrease Java thread stack sizes (-Xss)
#   Set larger code cache with -XX:ReservedCodeCacheSize=
#   JVM is running with Zero Based Compressed Oops mode in which the Java heap is
#     placed in the first 32GB address space. The Java Heap base address is the
#     maximum limit for the native heap growth. Please use -XX:HeapBaseMinAddress
#     to set the Java Heap base and to place the Java Heap above 32GB virtual address.
# This output file may be truncated or incomplete.
#
#  Out of Memory Error (./open/src/hotspot/share/memory/arena.cpp:195), pid=1456, tid=22516
#
# JRE version: Java(TM) SE Runtime Environment (14.0.2+12) (build 14.0.2+12-46)
# Java VM: Java HotSpot(TM) 64-Bit Server VM (14.0.2+12-46, mixed mode, sharing, tiered, compressed oops, g1 gc, windows-amd64)
# No core dump will be written. Minidumps are not enabled by default on client versions of Windows
#

---------------  S U M M A R Y ------------

Command Line: -Dfile.encoding=windows-1252 -Duser.country=CA -Duser.language=fr -Duser.variant rlbotexample.JavaExample

Host: Intel(R) Core(TM) i5-8600K CPU @ 3.60GHz, 6 cores, 15G,  Windows 10 , 64 bit Build 19041 (10.0.19041.1023)
Time: Tue Jul 13 19:55:54 2021 Est (É.-U. - heure d’été) elapsed time: 2 seconds (0d 0h 0m 2s)

---------------  T H R E A D  ---------------

Current thread (0x0000016d6f832000):  JavaThread "C2 CompilerThread0" daemon [_thread_in_native, id=22516, stack(0x00000002cef00000,0x00000002cf000000)]


Current CompileTask:
C2:   2149 1632       4       rlbotexample.dynamic_objects.DataPacket::<init> (333 bytes)

Stack: [0x00000002cef00000,0x00000002cf000000]
Native frames: (J=compiled Java code, j=interpreted, Vv=VM code, C=native code)
V  [jvm.dll+0x5f8a9a]
V  [jvm.dll+0x74247a]
V  [jvm.dll+0x743c2f]
V  [jvm.dll+0x744273]
V  [jvm.dll+0x20d288]
V  [jvm.dll+0xabb07]
V  [jvm.dll+0xac1fc]
V  [jvm.dll+0x31c495]
V  [jvm.dll+0x2e6b38]
V  [jvm.dll+0x2e5f3a]
V  [jvm.dll+0x1e5e16]
V  [jvm.dll+0x1e50b8]
V  [jvm.dll+0x1779cc]
V  [jvm.dll+0x1f4105]
V  [jvm.dll+0x1f22eb]
V  [jvm.dll+0x7070cd]
V  [jvm.dll+0x6ffeda]
V  [jvm.dll+0x5f78f6]
C  [ucrtbase.dll+0x21bb2]
C  [KERNEL32.DLL+0x17034]
C  [ntdll.dll+0x52651]


---------------  P R O C E S S  ---------------

Threads class SMR info:
_java_thread_list=0x0000016d75cef890, length=72, elements={
0x0000016d6f80e800, 0x0000016d6f810000, 0x0000016d6f82c800, 0x0000016d6f830000,
0x0000016d6f831000, 0x0000016d6f832000, 0x0000016d700ca800, 0x0000016d700cd800,
0x0000016d7020c000, 0x0000016d70217000, 0x0000016d70266800, 0x0000016d70795000,
0x0000016d7079a000, 0x0000016d7079d800, 0x0000016d70e99800, 0x0000016d70e91000,
0x0000016d70e92800, 0x0000016d75502000, 0x0000016d7550c000, 0x0000016d7550f800,
0x0000016d7550d000, 0x0000016d75509800, 0x0000016d7550d800, 0x0000016d7550a800,
0x0000016d75510000, 0x0000016d7550e800, 0x0000016d7550b800, 0x0000016d75530800,
0x0000016d75531800, 0x0000016d75533000, 0x0000016d75530000, 0x0000016d7552e000,
0x0000016d75532800, 0x0000016d7552d800, 0x0000016d7552f000, 0x0000016d75534000,
0x0000016d75539800, 0x0000016d7553a800, 0x0000016d75536800, 0x0000016d75534800,
0x0000016d75535800, 0x0000016d75537000, 0x0000016d7553b000, 0x0000016d7553c000,
0x0000016d75539000, 0x0000016d75538000, 0x0000016d75b2c800, 0x0000016d75b29800,
0x0000016d75b2a800, 0x0000016d75b28000, 0x0000016d75b27000, 0x0000016d75b28800,
0x0000016d75b2d800, 0x0000016d75b2e800, 0x0000016d75b2c000, 0x0000016d75b2f000,
0x0000016d75b30000, 0x0000016d75b31000, 0x0000016d75b2b000, 0x0000016d75b33800,
0x0000016d75b31800, 0x0000016d75b32800, 0x0000016d75b34000, 0x0000016d75b35000,
0x0000016d75b35800, 0x0000016d75d99800, 0x0000016d75d9c000, 0x0000016d75d9b000,
0x0000016d75d98800, 0x0000016d75d96800, 0x0000016d75d9a800, 0x0000016d75d9d000
}

Java Threads: ( => current thread )
  0x0000016d6f80e800 JavaThread "Reference Handler" daemon [_thread_blocked, id=15120, stack(0x00000002cea00000,0x00000002ceb00000)]
  0x0000016d6f810000 JavaThread "Finalizer" daemon [_thread_blocked, id=12612, stack(0x00000002ceb00000,0x00000002cec00000)]
  0x0000016d6f82c800 JavaThread "Signal Dispatcher" daemon [_thread_blocked, id=22936, stack(0x00000002cec00000,0x00000002ced00000)]
  0x0000016d6f830000 JavaThread "Attach Listener" daemon [_thread_blocked, id=7268, stack(0x00000002ced00000,0x00000002cee00000)]
  0x0000016d6f831000 JavaThread "Service Thread" daemon [_thread_blocked, id=18640, stack(0x00000002cee00000,0x00000002cef00000)]
=>0x0000016d6f832000 JavaThread "C2 CompilerThread0" daemon [_thread_in_native, id=22516, stack(0x00000002cef00000,0x00000002cf000000)]
  0x0000016d700ca800 JavaThread "C1 CompilerThread0" daemon [_thread_blocked, id=7612, stack(0x00000002cf000000,0x00000002cf100000)]
  0x0000016d700cd800 JavaThread "Sweeper thread" daemon [_thread_blocked, id=17956, stack(0x00000002cf100000,0x00000002cf200000)]
  0x0000016d7020c000 JavaThread "Notification Thread" daemon [_thread_blocked, id=16764, stack(0x00000002cf200000,0x00000002cf300000)]
  0x0000016d70217000 JavaThread "Common-Cleaner" daemon [_thread_blocked, id=6412, stack(0x00000002cf400000,0x00000002cf500000)]
  0x0000016d70266800 JavaThread "Thread-0" [_thread_in_native, id=15872, stack(0x00000002cf500000,0x00000002cf600000)]
  0x0000016d70795000 JavaThread "Java2D Disposer" daemon [_thread_blocked, id=22108, stack(0x00000002cf700000,0x00000002cf800000)]
  0x0000016d7079a000 JavaThread "AWT-Shutdown" [_thread_blocked, id=23620, stack(0x00000002cf800000,0x00000002cf900000)]
  0x0000016d7079d800 JavaThread "AWT-Windows" daemon [_thread_in_native, id=14060, stack(0x00000002cf900000,0x00000002cfa00000)]
  0x0000016d70e99800 JavaThread "Thread-1" [_thread_in_native, id=14492, stack(0x00000002cfb00000,0x00000002cfc00000)]
  0x0000016d70e91000 JavaThread "Thread-2" [_thread_blocked, id=19156, stack(0x00000002cfd00000,0x00000002cfe00000)]
  0x0000016d70e92800 JavaThread "Thread-3" [_thread_blocked, id=5536, stack(0x00000002cfe00000,0x00000002cff00000)]
  0x0000016d75502000 JavaThread "Thread-4" [_thread_blocked, id=11260, stack(0x00000002cff00000,0x00000002d0000000)]
  0x0000016d7550c000 JavaThread "Thread-5" [_thread_blocked, id=9992, stack(0x00000002d0000000,0x00000002d0100000)]
  0x0000016d7550f800 JavaThread "Thread-6" [_thread_blocked, id=18208, stack(0x00000002d0100000,0x00000002d0200000)]
  0x0000016d7550d000 JavaThread "Thread-7" [_thread_blocked, id=22800, stack(0x00000002d0200000,0x00000002d0300000)]
  0x0000016d75509800 JavaThread "Thread-8" [_thread_blocked, id=14400, stack(0x00000002d0300000,0x00000002d0400000)]
  0x0000016d7550d800 JavaThread "Thread-9" [_thread_blocked, id=14556, stack(0x00000002d0400000,0x00000002d0500000)]
  0x0000016d7550a800 JavaThread "Thread-10" [_thread_blocked, id=6004, stack(0x00000002d0500000,0x00000002d0600000)]
  0x0000016d75510000 JavaThread "Thread-11" [_thread_blocked, id=25584, stack(0x00000002d0600000,0x00000002d0700000)]
  0x0000016d7550e800 JavaThread "Thread-12" [_thread_blocked, id=7648, stack(0x00000002d0700000,0x00000002d0800000)]
  0x0000016d7550b800 JavaThread "Thread-13" [_thread_in_native, id=18192, stack(0x00000002d0800000,0x00000002d0900000)]
  0x0000016d75530800 JavaThread "Thread-14" [_thread_blocked, id=7728, stack(0x00000002d0900000,0x00000002d0a00000)]
  0x0000016d75531800 JavaThread "Thread-15" [_thread_blocked, id=20416, stack(0x00000002d0a00000,0x00000002d0b00000)]
  0x0000016d75533000 JavaThread "Thread-16" [_thread_blocked, id=24764, stack(0x00000002d0b00000,0x00000002d0c00000)]
  0x0000016d75530000 JavaThread "Thread-17" [_thread_blocked, id=1868, stack(0x00000002d0c00000,0x00000002d0d00000)]
  0x0000016d7552e000 JavaThread "Thread-18" [_thread_blocked, id=21276, stack(0x00000002d0d00000,0x00000002d0e00000)]
  0x0000016d75532800 JavaThread "Thread-19" [_thread_blocked, id=11320, stack(0x00000002d0f00000,0x00000002d1000000)]
  0x0000016d7552d800 JavaThread "Thread-20" [_thread_blocked, id=21292, stack(0x00000002d1000000,0x00000002d1100000)]
  0x0000016d7552f000 JavaThread "Thread-21" [_thread_blocked, id=19092, stack(0x00000002d1100000,0x00000002d1200000)]
  0x0000016d75534000 JavaThread "Thread-22" [_thread_blocked, id=23364, stack(0x00000002d1200000,0x00000002d1300000)]
  0x0000016d75539800 JavaThread "Thread-23" [_thread_blocked, id=9300, stack(0x00000002d1300000,0x00000002d1400000)]
  0x0000016d7553a800 JavaThread "Thread-24" [_thread_blocked, id=20528, stack(0x00000002cf600000,0x00000002cf700000)]
  0x0000016d75536800 JavaThread "Thread-25" [_thread_blocked, id=13672, stack(0x00000002d1400000,0x00000002d1500000)]
  0x0000016d75534800 JavaThread "Thread-26" [_thread_blocked, id=8240, stack(0x00000002d1500000,0x00000002d1600000)]
  0x0000016d75535800 JavaThread "Thread-27" [_thread_blocked, id=16524, stack(0x00000002d1600000,0x00000002d1700000)]
  0x0000016d75537000 JavaThread "Image Fetcher 0" daemon [_thread_blocked, id=22416, stack(0x00000002d1700000,0x00000002d1800000)]
  0x0000016d7553b000 JavaThread "Thread-28" [_thread_blocked, id=23832, stack(0x00000002d1800000,0x00000002d1900000)]
  0x0000016d7553c000 JavaThread "Thread-29" [_thread_blocked, id=5744, stack(0x00000002d1900000,0x00000002d1a00000)]
  0x0000016d75539000 JavaThread "Thread-30" [_thread_blocked, id=16564, stack(0x00000002d1a00000,0x00000002d1b00000)]
  0x0000016d75538000 JavaThread "Thread-31" [_thread_blocked, id=19844, stack(0x00000002d1b00000,0x00000002d1c00000)]
  0x0000016d75b2c800 JavaThread "Thread-32" [_thread_blocked, id=21092, stack(0x00000002d1c00000,0x00000002d1d00000)]
  0x0000016d75b29800 JavaThread "Thread-33" [_thread_blocked, id=3204, stack(0x00000002d1d00000,0x00000002d1e00000)]
  0x0000016d75b2a800 JavaThread "Thread-34" [_thread_blocked, id=8500, stack(0x00000002d1e00000,0x00000002d1f00000)]
  0x0000016d75b28000 JavaThread "AWT-EventQueue-0" [_thread_blocked, id=10916, stack(0x00000002d1f00000,0x00000002d2000000)]
  0x0000016d75b27000 JavaThread "Thread-35" [_thread_blocked, id=25116, stack(0x00000002d2000000,0x00000002d2100000)]
  0x0000016d75b28800 JavaThread "Thread-36" [_thread_blocked, id=9268, stack(0x00000002d2100000,0x00000002d2200000)]
  0x0000016d75b2d800 JavaThread "Thread-37" [_thread_blocked, id=13680, stack(0x00000002d2200000,0x00000002d2300000)]
  0x0000016d75b2e800 JavaThread "Thread-38" [_thread_blocked, id=20860, stack(0x00000002d2300000,0x00000002d2400000)]
  0x0000016d75b2c000 JavaThread "Thread-39" [_thread_blocked, id=25128, stack(0x00000002d2500000,0x00000002d2600000)]
  0x0000016d75b2f000 JavaThread "Thread-40" [_thread_blocked, id=10108, stack(0x00000002d2600000,0x00000002d2700000)]
  0x0000016d75b30000 JavaThread "Thread-41" [_thread_blocked, id=15656, stack(0x00000002d2700000,0x00000002d2800000)]
  0x0000016d75b31000 JavaThread "Thread-42" [_thread_blocked, id=16960, stack(0x00000002d2800000,0x00000002d2900000)]
  0x0000016d75b2b000 JavaThread "Thread-43" [_thread_blocked, id=5108, stack(0x00000002d2900000,0x00000002d2a00000)]
  0x0000016d75b33800 JavaThread "Thread-44" [_thread_blocked, id=16416, stack(0x00000002d2a00000,0x00000002d2b00000)]
  0x0000016d75b31800 JavaThread "Thread-45" [_thread_blocked, id=14016, stack(0x00000002d2b00000,0x00000002d2c00000)]
  0x0000016d75b32800 JavaThread "Thread-46" [_thread_blocked, id=23476, stack(0x00000002d2c00000,0x00000002d2d00000)]
  0x0000016d75b34000 JavaThread "TimerQueue" daemon [_thread_blocked, id=19320, stack(0x00000002d2d00000,0x00000002d2e00000)]
  0x0000016d75b35000 JavaThread "DestroyJavaVM" [_thread_blocked, id=23892, stack(0x00000002ce300000,0x00000002ce400000)]
  0x0000016d75b35800 JavaThread "D3D Screen Updater" daemon [_thread_blocked, id=11424, stack(0x00000002d2e00000,0x00000002d2f00000)]
  0x0000016d75d99800 JavaThread "Thread-47" [_thread_blocked, id=22004, stack(0x00000002d2f00000,0x00000002d3000000)]
  0x0000016d75d9c000 JavaThread "Thread-48" [_thread_blocked, id=24528, stack(0x00000002d3000000,0x00000002d3100000)]
  0x0000016d75d9b000 JavaThread "Thread-49" [_thread_blocked, id=18880, stack(0x00000002d3100000,0x00000002d3200000)]
  0x0000016d75d98800 JavaThread "Thread-50" [_thread_blocked, id=24828, stack(0x00000002d3200000,0x00000002d3300000)]
  0x0000016d75d96800 JavaThread "Thread-51" [_thread_blocked, id=21184, stack(0x00000002d3300000,0x00000002d3400000)]
  0x0000016d75d9a800 JavaThread "Thread-52" [_thread_blocked, id=5080, stack(0x00000002d3400000,0x00000002d3500000)]
  0x0000016d75d9d000 JavaThread "Thread-53" [_thread_blocked, id=516, stack(0x00000002d3500000,0x00000002d3600000)]

Other Threads:
  0x0000016d6f80c000 VMThread "VM Thread" [stack: 0x00000002ce900000,0x00000002cea00000] [id=5100]
  0x0000016d70215800 WatcherThread [stack: 0x00000002cf300000,0x00000002cf400000] [id=15280]
  0x0000016d4bed2000 GCTaskThread "GC Thread#0" [stack: 0x00000002ce400000,0x00000002ce500000] [id=23300]
  0x0000016d75bd0800 GCTaskThread "GC Thread#1" [stack: 0x00000002d2400000,0x00000002d2500000] [id=1360]
  0x0000016d75bd1800 GCTaskThread "GC Thread#2" [stack: 0x00000002d3600000,0x00000002d3700000] [id=12676]
  0x0000016d75bd2800 GCTaskThread "GC Thread#3" [stack: 0x00000002d3700000,0x00000002d3800000] [id=14728]
  0x0000016d75bd3000 GCTaskThread "GC Thread#4" [stack: 0x00000002d3800000,0x00000002d3900000] [id=15092]
  0x0000016d75bd3800 GCTaskThread "GC Thread#5" [stack: 0x00000002d3900000,0x00000002d3a00000] [id=22388]
  0x0000016d4bef4000 ConcurrentGCThread "G1 Main Marker" [stack: 0x00000002ce500000,0x00000002ce600000] [id=19256]
  0x0000016d4bef5800 ConcurrentGCThread "G1 Conc#0" [stack: 0x00000002ce600000,0x00000002ce700000] [id=21408]
  0x0000016d6f6fd800 ConcurrentGCThread "G1 Refine#0" [stack: 0x00000002ce700000,0x00000002ce800000] [id=22120]
  0x0000016d6f6ff000 ConcurrentGCThread "G1 Young RemSet Sampling" [stack: 0x00000002ce800000,0x00000002ce900000] [id=8644]

Threads with active compile tasks:
C2 CompilerThread0     2464 1632       4       rlbotexample.dynamic_objects.DataPacket::<init> (333 bytes)

VM state:not at safepoint (normal execution)

VM Mutex/Monitor currently owned by a thread: None

Heap address: 0x0000000700e00000, size: 4082 MB, Compressed Oops mode: Zero based, Oop shift amount: 3
Narrow klass base: 0x0000000800000000, Narrow klass shift: 3
Compressed class space size: 1073741824 Address: 0x0000000800b30000

Heap:
 garbage-first heap   total 262144K, used 132361K [0x0000000700e00000, 0x0000000800000000)
  region size 1024K, 127 young (130048K), 5 survivors (5120K)
 Metaspace       used 10155K, capacity 10562K, committed 10880K, reserved 1058816K
  class space    used 1129K, capacity 1300K, committed 1408K, reserved 1048576K
Heap Regions: E=young(eden), S=young(survivor), O=old, HS=humongous(starts), HC=humongous(continues), CS=collection set, F=free, OA=open archive, CA=closed archive, TAMS=top-at-mark-start (previous, next)
|   0|0x0000000700e00000, 0x0000000700f00000, 0x0000000700f00000|100%| O|  |TAMS 0x0000000700e00000, 0x0000000700e00000| Untracked 
|   1|0x0000000700f00000, 0x0000000701000000, 0x0000000701000000|100%| O|  |TAMS 0x0000000700f00000, 0x0000000700f00000| Untracked 
|   2|0x0000000701000000, 0x0000000701100000, 0x0000000701100000|100%| O|  |TAMS 0x0000000701000000, 0x0000000701000000| Untracked 
|   3|0x0000000701100000, 0x0000000701200000, 0x0000000701200000|100%|HS|  |TAMS 0x0000000701100000, 0x0000000701100000| Complete 
|   4|0x0000000701200000, 0x0000000701300000, 0x0000000701300000|100%|HS|  |TAMS 0x0000000701200000, 0x0000000701200000| Complete 
|   5|0x0000000701300000, 0x0000000701300000, 0x0000000701400000|  0%| F|  |TAMS 0x0000000701300000, 0x0000000701300000| Untracked 
|   6|0x0000000701400000, 0x0000000701400000, 0x0000000701500000|  0%| F|  |TAMS 0x0000000701400000, 0x0000000701400000| Untracked 
|   7|0x0000000701500000, 0x0000000701500000, 0x0000000701600000|  0%| F|  |TAMS 0x0000000701500000, 0x0000000701500000| Untracked 
|   8|0x0000000701600000, 0x0000000701600000, 0x0000000701700000|  0%| F|  |TAMS 0x0000000701600000, 0x0000000701600000| Untracked 
|   9|0x0000000701700000, 0x0000000701700000, 0x0000000701800000|  0%| F|  |TAMS 0x0000000701700000, 0x0000000701700000| Untracked 
|  10|0x0000000701800000, 0x0000000701800000, 0x0000000701900000|  0%| F|  |TAMS 0x0000000701800000, 0x0000000701800000| Untracked 
|  11|0x0000000701900000, 0x0000000701900000, 0x0000000701a00000|  0%| F|  |TAMS 0x0000000701900000, 0x0000000701900000| Untracked 
|  12|0x0000000701a00000, 0x0000000701a00000, 0x0000000701b00000|  0%| F|  |TAMS 0x0000000701a00000, 0x0000000701a00000| Untracked 
|  13|0x0000000701b00000, 0x0000000701b00000, 0x0000000701c00000|  0%| F|  |TAMS 0x0000000701b00000, 0x0000000701b00000| Untracked 
|  14|0x0000000701c00000, 0x0000000701c00000, 0x0000000701d00000|  0%| F|  |TAMS 0x0000000701c00000, 0x0000000701c00000| Untracked 
|  15|0x0000000701d00000, 0x0000000701d00000, 0x0000000701e00000|  0%| F|  |TAMS 0x0000000701d00000, 0x0000000701d00000| Untracked 
|  16|0x0000000701e00000, 0x0000000701e00000, 0x0000000701f00000|  0%| F|  |TAMS 0x0000000701e00000, 0x0000000701e00000| Untracked 
|  17|0x0000000701f00000, 0x0000000701f00000, 0x0000000702000000|  0%| F|  |TAMS 0x0000000701f00000, 0x0000000701f00000| Untracked 
|  18|0x0000000702000000, 0x0000000702000000, 0x0000000702100000|  0%| F|  |TAMS 0x0000000702000000, 0x0000000702000000| Untracked 
|  19|0x0000000702100000, 0x0000000702100000, 0x0000000702200000|  0%| F|  |TAMS 0x0000000702100000, 0x0000000702100000| Untracked 
|  20|0x0000000702200000, 0x0000000702200000, 0x0000000702300000|  0%| F|  |TAMS 0x0000000702200000, 0x0000000702200000| Untracked 
|  21|0x0000000702300000, 0x0000000702300000, 0x0000000702400000|  0%| F|  |TAMS 0x0000000702300000, 0x0000000702300000| Untracked 
|  22|0x0000000702400000, 0x0000000702400000, 0x0000000702500000|  0%| F|  |TAMS 0x0000000702400000, 0x0000000702400000| Untracked 
|  23|0x0000000702500000, 0x0000000702500000, 0x0000000702600000|  0%| F|  |TAMS 0x0000000702500000, 0x0000000702500000| Untracked 
|  24|0x0000000702600000, 0x0000000702600000, 0x0000000702700000|  0%| F|  |TAMS 0x0000000702600000, 0x0000000702600000| Untracked 
|  25|0x0000000702700000, 0x0000000702700000, 0x0000000702800000|  0%| F|  |TAMS 0x0000000702700000, 0x0000000702700000| Untracked 
|  26|0x0000000702800000, 0x0000000702800000, 0x0000000702900000|  0%| F|  |TAMS 0x0000000702800000, 0x0000000702800000| Untracked 
|  27|0x0000000702900000, 0x0000000702900000, 0x0000000702a00000|  0%| F|  |TAMS 0x0000000702900000, 0x0000000702900000| Untracked 
|  28|0x0000000702a00000, 0x0000000702a00000, 0x0000000702b00000|  0%| F|  |TAMS 0x0000000702a00000, 0x0000000702a00000| Untracked 
|  29|0x0000000702b00000, 0x0000000702b00000, 0x0000000702c00000|  0%| F|  |TAMS 0x0000000702b00000, 0x0000000702b00000| Untracked 
|  30|0x0000000702c00000, 0x0000000702c00000, 0x0000000702d00000|  0%| F|  |TAMS 0x0000000702c00000, 0x0000000702c00000| Untracked 
|  31|0x0000000702d00000, 0x0000000702d00000, 0x0000000702e00000|  0%| F|  |TAMS 0x0000000702d00000, 0x0000000702d00000| Untracked 
|  32|0x0000000702e00000, 0x0000000702e00000, 0x0000000702f00000|  0%| F|  |TAMS 0x0000000702e00000, 0x0000000702e00000| Untracked 
|  33|0x0000000702f00000, 0x0000000702f00000, 0x0000000703000000|  0%| F|  |TAMS 0x0000000702f00000, 0x0000000702f00000| Untracked 
|  34|0x0000000703000000, 0x0000000703000000, 0x0000000703100000|  0%| F|  |TAMS 0x0000000703000000, 0x0000000703000000| Untracked 
|  35|0x0000000703100000, 0x0000000703100000, 0x0000000703200000|  0%| F|  |TAMS 0x0000000703100000, 0x0000000703100000| Untracked 
|  36|0x0000000703200000, 0x0000000703200000, 0x0000000703300000|  0%| F|  |TAMS 0x0000000703200000, 0x0000000703200000| Untracked 
|  37|0x0000000703300000, 0x0000000703300000, 0x0000000703400000|  0%| F|  |TAMS 0x0000000703300000, 0x0000000703300000| Untracked 
|  38|0x0000000703400000, 0x0000000703400000, 0x0000000703500000|  0%| F|  |TAMS 0x0000000703400000, 0x0000000703400000| Untracked 
|  39|0x0000000703500000, 0x0000000703500000, 0x0000000703600000|  0%| F|  |TAMS 0x0000000703500000, 0x0000000703500000| Untracked 
|  40|0x0000000703600000, 0x0000000703600000, 0x0000000703700000|  0%| F|  |TAMS 0x0000000703600000, 0x0000000703600000| Untracked 
|  41|0x0000000703700000, 0x0000000703700000, 0x0000000703800000|  0%| F|  |TAMS 0x0000000703700000, 0x0000000703700000| Untracked 
|  42|0x0000000703800000, 0x0000000703800000, 0x0000000703900000|  0%| F|  |TAMS 0x0000000703800000, 0x0000000703800000| Untracked 
|  43|0x0000000703900000, 0x0000000703900000, 0x0000000703a00000|  0%| F|  |TAMS 0x0000000703900000, 0x0000000703900000| Untracked 
|  44|0x0000000703a00000, 0x0000000703a00000, 0x0000000703b00000|  0%| F|  |TAMS 0x0000000703a00000, 0x0000000703a00000| Untracked 
|  45|0x0000000703b00000, 0x0000000703b00000, 0x0000000703c00000|  0%| F|  |TAMS 0x0000000703b00000, 0x0000000703b00000| Untracked 
|  46|0x0000000703c00000, 0x0000000703c00000, 0x0000000703d00000|  0%| F|  |TAMS 0x0000000703c00000, 0x0000000703c00000| Untracked 
|  47|0x0000000703d00000, 0x0000000703d00000, 0x0000000703e00000|  0%| F|  |TAMS 0x0000000703d00000, 0x0000000703d00000| Untracked 
|  48|0x0000000703e00000, 0x0000000703e00000, 0x0000000703f00000|  0%| F|  |TAMS 0x0000000703e00000, 0x0000000703e00000| Untracked 
|  49|0x0000000703f00000, 0x0000000703f00000, 0x0000000704000000|  0%| F|  |TAMS 0x0000000703f00000, 0x0000000703f00000| Untracked 
|  50|0x0000000704000000, 0x0000000704000000, 0x0000000704100000|  0%| F|  |TAMS 0x0000000704000000, 0x0000000704000000| Untracked 
|  51|0x0000000704100000, 0x0000000704100000, 0x0000000704200000|  0%| F|  |TAMS 0x0000000704100000, 0x0000000704100000| Untracked 
|  52|0x0000000704200000, 0x0000000704200000, 0x0000000704300000|  0%| F|  |TAMS 0x0000000704200000, 0x0000000704200000| Untracked 
|  53|0x0000000704300000, 0x0000000704300000, 0x0000000704400000|  0%| F|  |TAMS 0x0000000704300000, 0x0000000704300000| Untracked 
|  54|0x0000000704400000, 0x0000000704400000, 0x0000000704500000|  0%| F|  |TAMS 0x0000000704400000, 0x0000000704400000| Untracked 
|  55|0x0000000704500000, 0x0000000704500000, 0x0000000704600000|  0%| F|  |TAMS 0x0000000704500000, 0x0000000704500000| Untracked 
|  56|0x0000000704600000, 0x0000000704600000, 0x0000000704700000|  0%| F|  |TAMS 0x0000000704600000, 0x0000000704600000| Untracked 
|  57|0x0000000704700000, 0x0000000704700000, 0x0000000704800000|  0%| F|  |TAMS 0x0000000704700000, 0x0000000704700000| Untracked 
|  58|0x0000000704800000, 0x0000000704800000, 0x0000000704900000|  0%| F|  |TAMS 0x0000000704800000, 0x0000000704800000| Untracked 
|  59|0x0000000704900000, 0x0000000704900000, 0x0000000704a00000|  0%| F|  |TAMS 0x0000000704900000, 0x0000000704900000| Untracked 
|  60|0x0000000704a00000, 0x0000000704a00000, 0x0000000704b00000|  0%| F|  |TAMS 0x0000000704a00000, 0x0000000704a00000| Untracked 
|  61|0x0000000704b00000, 0x0000000704b00000, 0x0000000704c00000|  0%| F|  |TAMS 0x0000000704b00000, 0x0000000704b00000| Untracked 
|  62|0x0000000704c00000, 0x0000000704c00000, 0x0000000704d00000|  0%| F|  |TAMS 0x0000000704c00000, 0x0000000704c00000| Untracked 
|  63|0x0000000704d00000, 0x0000000704d00000, 0x0000000704e00000|  0%| F|  |TAMS 0x0000000704d00000, 0x0000000704d00000| Untracked 
|  64|0x0000000704e00000, 0x0000000704e00000, 0x0000000704f00000|  0%| F|  |TAMS 0x0000000704e00000, 0x0000000704e00000| Untracked 
|  65|0x0000000704f00000, 0x0000000704f00000, 0x0000000705000000|  0%| F|  |TAMS 0x0000000704f00000, 0x0000000704f00000| Untracked 
|  66|0x0000000705000000, 0x0000000705000000, 0x0000000705100000|  0%| F|  |TAMS 0x0000000705000000, 0x0000000705000000| Untracked 
|  67|0x0000000705100000, 0x0000000705100000, 0x0000000705200000|  0%| F|  |TAMS 0x0000000705100000, 0x0000000705100000| Untracked 
|  68|0x0000000705200000, 0x0000000705200000, 0x0000000705300000|  0%| F|  |TAMS 0x0000000705200000, 0x0000000705200000| Untracked 
|  69|0x0000000705300000, 0x0000000705300000, 0x0000000705400000|  0%| F|  |TAMS 0x0000000705300000, 0x0000000705300000| Untracked 
|  70|0x0000000705400000, 0x0000000705400000, 0x0000000705500000|  0%| F|  |TAMS 0x0000000705400000, 0x0000000705400000| Untracked 
|  71|0x0000000705500000, 0x0000000705500000, 0x0000000705600000|  0%| F|  |TAMS 0x0000000705500000, 0x0000000705500000| Untracked 
|  72|0x0000000705600000, 0x0000000705600000, 0x0000000705700000|  0%| F|  |TAMS 0x0000000705600000, 0x0000000705600000| Untracked 
|  73|0x0000000705700000, 0x0000000705700000, 0x0000000705800000|  0%| F|  |TAMS 0x0000000705700000, 0x0000000705700000| Untracked 
|  74|0x0000000705800000, 0x0000000705800000, 0x0000000705900000|  0%| F|  |TAMS 0x0000000705800000, 0x0000000705800000| Untracked 
|  75|0x0000000705900000, 0x0000000705900000, 0x0000000705a00000|  0%| F|  |TAMS 0x0000000705900000, 0x0000000705900000| Untracked 
|  76|0x0000000705a00000, 0x0000000705a00000, 0x0000000705b00000|  0%| F|  |TAMS 0x0000000705a00000, 0x0000000705a00000| Untracked 
|  77|0x0000000705b00000, 0x0000000705b00000, 0x0000000705c00000|  0%| F|  |TAMS 0x0000000705b00000, 0x0000000705b00000| Untracked 
|  78|0x0000000705c00000, 0x0000000705c00000, 0x0000000705d00000|  0%| F|  |TAMS 0x0000000705c00000, 0x0000000705c00000| Untracked 
|  79|0x0000000705d00000, 0x0000000705d00000, 0x0000000705e00000|  0%| F|  |TAMS 0x0000000705d00000, 0x0000000705d00000| Untracked 
|  80|0x0000000705e00000, 0x0000000705e00000, 0x0000000705f00000|  0%| F|  |TAMS 0x0000000705e00000, 0x0000000705e00000| Untracked 
|  81|0x0000000705f00000, 0x0000000705f00000, 0x0000000706000000|  0%| F|  |TAMS 0x0000000705f00000, 0x0000000705f00000| Untracked 
|  82|0x0000000706000000, 0x0000000706000000, 0x0000000706100000|  0%| F|  |TAMS 0x0000000706000000, 0x0000000706000000| Untracked 
|  83|0x0000000706100000, 0x0000000706100000, 0x0000000706200000|  0%| F|  |TAMS 0x0000000706100000, 0x0000000706100000| Untracked 
|  84|0x0000000706200000, 0x0000000706200000, 0x0000000706300000|  0%| F|  |TAMS 0x0000000706200000, 0x0000000706200000| Untracked 
|  85|0x0000000706300000, 0x0000000706300000, 0x0000000706400000|  0%| F|  |TAMS 0x0000000706300000, 0x0000000706300000| Untracked 
|  86|0x0000000706400000, 0x0000000706400000, 0x0000000706500000|  0%| F|  |TAMS 0x0000000706400000, 0x0000000706400000| Untracked 
|  87|0x0000000706500000, 0x0000000706500000, 0x0000000706600000|  0%| F|  |TAMS 0x0000000706500000, 0x0000000706500000| Untracked 
|  88|0x0000000706600000, 0x0000000706600000, 0x0000000706700000|  0%| F|  |TAMS 0x0000000706600000, 0x0000000706600000| Untracked 
|  89|0x0000000706700000, 0x0000000706700000, 0x0000000706800000|  0%| F|  |TAMS 0x0000000706700000, 0x0000000706700000| Untracked 
|  90|0x0000000706800000, 0x0000000706800000, 0x0000000706900000|  0%| F|  |TAMS 0x0000000706800000, 0x0000000706800000| Untracked 
|  91|0x0000000706900000, 0x0000000706900000, 0x0000000706a00000|  0%| F|  |TAMS 0x0000000706900000, 0x0000000706900000| Untracked 
|  92|0x0000000706a00000, 0x0000000706a00000, 0x0000000706b00000|  0%| F|  |TAMS 0x0000000706a00000, 0x0000000706a00000| Untracked 
|  93|0x0000000706b00000, 0x0000000706b00000, 0x0000000706c00000|  0%| F|  |TAMS 0x0000000706b00000, 0x0000000706b00000| Untracked 
|  94|0x0000000706c00000, 0x0000000706c00000, 0x0000000706d00000|  0%| F|  |TAMS 0x0000000706c00000, 0x0000000706c00000| Untracked 
|  95|0x0000000706d00000, 0x0000000706d00000, 0x0000000706e00000|  0%| F|  |TAMS 0x0000000706d00000, 0x0000000706d00000| Untracked 
|  96|0x0000000706e00000, 0x0000000706e00000, 0x0000000706f00000|  0%| F|  |TAMS 0x0000000706e00000, 0x0000000706e00000| Untracked 
|  97|0x0000000706f00000, 0x0000000706f00000, 0x0000000707000000|  0%| F|  |TAMS 0x0000000706f00000, 0x0000000706f00000| Untracked 
|  98|0x0000000707000000, 0x0000000707042640, 0x0000000707100000| 25%| S|CS|TAMS 0x0000000707000000, 0x0000000707000000| Complete 
|  99|0x0000000707100000, 0x0000000707200000, 0x0000000707200000|100%| S|CS|TAMS 0x0000000707100000, 0x0000000707100000| Complete 
| 100|0x0000000707200000, 0x0000000707200000, 0x0000000707300000|  0%| F|  |TAMS 0x0000000707200000, 0x0000000707200000| Untracked 
| 101|0x0000000707300000, 0x0000000707400000, 0x0000000707400000|100%| S|CS|TAMS 0x0000000707300000, 0x0000000707300000| Complete 
| 102|0x0000000707400000, 0x0000000707500000, 0x0000000707500000|100%| S|CS|TAMS 0x0000000707400000, 0x0000000707400000| Complete 
| 103|0x0000000707500000, 0x0000000707500000, 0x0000000707600000|  0%| F|  |TAMS 0x0000000707500000, 0x0000000707500000| Untracked 
| 104|0x0000000707600000, 0x0000000707600000, 0x0000000707700000|  0%| F|  |TAMS 0x0000000707600000, 0x0000000707600000| Untracked 
| 105|0x0000000707700000, 0x0000000707800000, 0x0000000707800000|100%| S|CS|TAMS 0x0000000707700000, 0x0000000707700000| Complete 
| 106|0x0000000707800000, 0x0000000707800000, 0x0000000707900000|  0%| F|  |TAMS 0x0000000707800000, 0x0000000707800000| Untracked 
| 107|0x0000000707900000, 0x0000000707900000, 0x0000000707a00000|  0%| F|  |TAMS 0x0000000707900000, 0x0000000707900000| Untracked 
| 108|0x0000000707a00000, 0x0000000707a00000, 0x0000000707b00000|  0%| F|  |TAMS 0x0000000707a00000, 0x0000000707a00000| Untracked 
| 109|0x0000000707b00000, 0x0000000707b00000, 0x0000000707c00000|  0%| F|  |TAMS 0x0000000707b00000, 0x0000000707b00000| Untracked 
| 110|0x0000000707c00000, 0x0000000707c00000, 0x0000000707d00000|  0%| F|  |TAMS 0x0000000707c00000, 0x0000000707c00000| Untracked 
| 111|0x0000000707d00000, 0x0000000707d00000, 0x0000000707e00000|  0%| F|  |TAMS 0x0000000707d00000, 0x0000000707d00000| Untracked 
| 112|0x0000000707e00000, 0x0000000707e00000, 0x0000000707f00000|  0%| F|  |TAMS 0x0000000707e00000, 0x0000000707e00000| Untracked 
| 113|0x0000000707f00000, 0x0000000707f00000, 0x0000000708000000|  0%| F|  |TAMS 0x0000000707f00000, 0x0000000707f00000| Untracked 
| 114|0x0000000708000000, 0x0000000708000000, 0x0000000708100000|  0%| F|  |TAMS 0x0000000708000000, 0x0000000708000000| Untracked 
| 115|0x0000000708100000, 0x0000000708100000, 0x0000000708200000|  0%| F|  |TAMS 0x0000000708100000, 0x0000000708100000| Untracked 
| 116|0x0000000708200000, 0x0000000708200000, 0x0000000708300000|  0%| F|  |TAMS 0x0000000708200000, 0x0000000708200000| Untracked 
| 117|0x0000000708300000, 0x0000000708300000, 0x0000000708400000|  0%| F|  |TAMS 0x0000000708300000, 0x0000000708300000| Untracked 
| 118|0x0000000708400000, 0x0000000708400000, 0x0000000708500000|  0%| F|  |TAMS 0x0000000708400000, 0x0000000708400000| Untracked 
| 119|0x0000000708500000, 0x0000000708500000, 0x0000000708600000|  0%| F|  |TAMS 0x0000000708500000, 0x0000000708500000| Untracked 
| 120|0x0000000708600000, 0x0000000708600000, 0x0000000708700000|  0%| F|  |TAMS 0x0000000708600000, 0x0000000708600000| Untracked 
| 121|0x0000000708700000, 0x0000000708700000, 0x0000000708800000|  0%| F|  |TAMS 0x0000000708700000, 0x0000000708700000| Untracked 
| 122|0x0000000708800000, 0x0000000708800000, 0x0000000708900000|  0%| F|  |TAMS 0x0000000708800000, 0x0000000708800000| Untracked 
| 123|0x0000000708900000, 0x0000000708900000, 0x0000000708a00000|  0%| F|  |TAMS 0x0000000708900000, 0x0000000708900000| Untracked 
| 124|0x0000000708a00000, 0x0000000708a00000, 0x0000000708b00000|  0%| F|  |TAMS 0x0000000708a00000, 0x0000000708a00000| Untracked 
| 125|0x0000000708b00000, 0x0000000708b00000, 0x0000000708c00000|  0%| F|  |TAMS 0x0000000708b00000, 0x0000000708b00000| Untracked 
| 126|0x0000000708c00000, 0x0000000708c00000, 0x0000000708d00000|  0%| F|  |TAMS 0x0000000708c00000, 0x0000000708c00000| Untracked 
| 127|0x0000000708d00000, 0x0000000708d00000, 0x0000000708e00000|  0%| F|  |TAMS 0x0000000708d00000, 0x0000000708d00000| Untracked 
| 128|0x0000000708e00000, 0x0000000708e00000, 0x0000000708f00000|  0%| F|  |TAMS 0x0000000708e00000, 0x0000000708e00000| Untracked 
| 129|0x0000000708f00000, 0x0000000708f00000, 0x0000000709000000|  0%| F|  |TAMS 0x0000000708f00000, 0x0000000708f00000| Untracked 
| 130|0x0000000709000000, 0x0000000709000000, 0x0000000709100000|  0%| F|  |TAMS 0x0000000709000000, 0x0000000709000000| Untracked 
| 131|0x0000000709100000, 0x0000000709100000, 0x0000000709200000|  0%| F|  |TAMS 0x0000000709100000, 0x0000000709100000| Untracked 
| 132|0x0000000709200000, 0x0000000709200000, 0x0000000709300000|  0%| F|  |TAMS 0x0000000709200000, 0x0000000709200000| Untracked 
| 133|0x0000000709300000, 0x0000000709300000, 0x0000000709400000|  0%| F|  |TAMS 0x0000000709300000, 0x0000000709300000| Untracked 
| 134|0x0000000709400000, 0x00000007094f39b8, 0x0000000709500000| 95%| E|  |TAMS 0x0000000709400000, 0x0000000709400000| Complete 
| 135|0x0000000709500000, 0x0000000709600000, 0x0000000709600000|100%| E|CS|TAMS 0x0000000709500000, 0x0000000709500000| Complete 
| 136|0x0000000709600000, 0x0000000709700000, 0x0000000709700000|100%| E|CS|TAMS 0x0000000709600000, 0x0000000709600000| Complete 
| 137|0x0000000709700000, 0x0000000709800000, 0x0000000709800000|100%| E|CS|TAMS 0x0000000709700000, 0x0000000709700000| Complete 
| 138|0x0000000709800000, 0x0000000709900000, 0x0000000709900000|100%| E|CS|TAMS 0x0000000709800000, 0x0000000709800000| Complete 
| 139|0x0000000709900000, 0x0000000709a00000, 0x0000000709a00000|100%| E|CS|TAMS 0x0000000709900000, 0x0000000709900000| Complete 
| 140|0x0000000709a00000, 0x0000000709b00000, 0x0000000709b00000|100%| E|CS|TAMS 0x0000000709a00000, 0x0000000709a00000| Complete 
| 141|0x0000000709b00000, 0x0000000709c00000, 0x0000000709c00000|100%| E|CS|TAMS 0x0000000709b00000, 0x0000000709b00000| Complete 
| 142|0x0000000709c00000, 0x0000000709d00000, 0x0000000709d00000|100%| E|CS|TAMS 0x0000000709c00000, 0x0000000709c00000| Complete 
| 143|0x0000000709d00000, 0x0000000709e00000, 0x0000000709e00000|100%| E|CS|TAMS 0x0000000709d00000, 0x0000000709d00000| Complete 
| 144|0x0000000709e00000, 0x0000000709f00000, 0x0000000709f00000|100%| E|CS|TAMS 0x0000000709e00000, 0x0000000709e00000| Complete 
| 145|0x0000000709f00000, 0x000000070a000000, 0x000000070a000000|100%| E|CS|TAMS 0x0000000709f00000, 0x0000000709f00000| Complete 
| 146|0x000000070a000000, 0x000000070a100000, 0x000000070a100000|100%| E|CS|TAMS 0x000000070a000000, 0x000000070a000000| Complete 
| 147|0x000000070a100000, 0x000000070a200000, 0x000000070a200000|100%| E|CS|TAMS 0x000000070a100000, 0x000000070a100000| Complete 
| 148|0x000000070a200000, 0x000000070a300000, 0x000000070a300000|100%| E|CS|TAMS 0x000000070a200000, 0x000000070a200000| Complete 
| 149|0x000000070a300000, 0x000000070a400000, 0x000000070a400000|100%| E|CS|TAMS 0x000000070a300000, 0x000000070a300000| Complete 
| 150|0x000000070a400000, 0x000000070a500000, 0x000000070a500000|100%| E|CS|TAMS 0x000000070a400000, 0x000000070a400000| Complete 
| 151|0x000000070a500000, 0x000000070a600000, 0x000000070a600000|100%| E|CS|TAMS 0x000000070a500000, 0x000000070a500000| Complete 
| 152|0x000000070a600000, 0x000000070a700000, 0x000000070a700000|100%| E|CS|TAMS 0x000000070a600000, 0x000000070a600000| Complete 
| 153|0x000000070a700000, 0x000000070a800000, 0x000000070a800000|100%| E|CS|TAMS 0x000000070a700000, 0x000000070a700000| Complete 
| 154|0x000000070a800000, 0x000000070a900000, 0x000000070a900000|100%| E|CS|TAMS 0x000000070a800000, 0x000000070a800000| Complete 
| 155|0x000000070a900000, 0x000000070aa00000, 0x000000070aa00000|100%| E|CS|TAMS 0x000000070a900000, 0x000000070a900000| Complete 
| 156|0x000000070aa00000, 0x000000070ab00000, 0x000000070ab00000|100%| E|CS|TAMS 0x000000070aa00000, 0x000000070aa00000| Complete 
| 157|0x000000070ab00000, 0x000000070ac00000, 0x000000070ac00000|100%| E|CS|TAMS 0x000000070ab00000, 0x000000070ab00000| Complete 
| 158|0x000000070ac00000, 0x000000070ad00000, 0x000000070ad00000|100%| E|CS|TAMS 0x000000070ac00000, 0x000000070ac00000| Complete 
| 159|0x000000070ad00000, 0x000000070ae00000, 0x000000070ae00000|100%| E|CS|TAMS 0x000000070ad00000, 0x000000070ad00000| Complete 
| 160|0x000000070ae00000, 0x000000070af00000, 0x000000070af00000|100%| E|CS|TAMS 0x000000070ae00000, 0x000000070ae00000| Complete 
| 161|0x000000070af00000, 0x000000070b000000, 0x000000070b000000|100%| E|CS|TAMS 0x000000070af00000, 0x000000070af00000| Complete 
| 162|0x000000070b000000, 0x000000070b100000, 0x000000070b100000|100%| E|  |TAMS 0x000000070b000000, 0x000000070b000000| Complete 
| 163|0x000000070b100000, 0x000000070b200000, 0x000000070b200000|100%| E|CS|TAMS 0x000000070b100000, 0x000000070b100000| Complete 
| 164|0x000000070b200000, 0x000000070b300000, 0x000000070b300000|100%| E|CS|TAMS 0x000000070b200000, 0x000000070b200000| Complete 
| 165|0x000000070b300000, 0x000000070b400000, 0x000000070b400000|100%| E|CS|TAMS 0x000000070b300000, 0x000000070b300000| Complete 
| 166|0x000000070b400000, 0x000000070b500000, 0x000000070b500000|100%| E|CS|TAMS 0x000000070b400000, 0x000000070b400000| Complete 
| 167|0x000000070b500000, 0x000000070b600000, 0x000000070b600000|100%| E|CS|TAMS 0x000000070b500000, 0x000000070b500000| Complete 
| 168|0x000000070b600000, 0x000000070b700000, 0x000000070b700000|100%| E|CS|TAMS 0x000000070b600000, 0x000000070b600000| Complete 
| 169|0x000000070b700000, 0x000000070b800000, 0x000000070b800000|100%| E|CS|TAMS 0x000000070b700000, 0x000000070b700000| Complete 
| 170|0x000000070b800000, 0x000000070b900000, 0x000000070b900000|100%| E|CS|TAMS 0x000000070b800000, 0x000000070b800000| Complete 
| 171|0x000000070b900000, 0x000000070ba00000, 0x000000070ba00000|100%| E|CS|TAMS 0x000000070b900000, 0x000000070b900000| Complete 
| 172|0x000000070ba00000, 0x000000070bb00000, 0x000000070bb00000|100%| E|CS|TAMS 0x000000070ba00000, 0x000000070ba00000| Complete 
| 173|0x000000070bb00000, 0x000000070bc00000, 0x000000070bc00000|100%| E|CS|TAMS 0x000000070bb00000, 0x000000070bb00000| Complete 
| 174|0x000000070bc00000, 0x000000070bd00000, 0x000000070bd00000|100%| E|CS|TAMS 0x000000070bc00000, 0x000000070bc00000| Complete 
| 175|0x000000070bd00000, 0x000000070be00000, 0x000000070be00000|100%| E|CS|TAMS 0x000000070bd00000, 0x000000070bd00000| Complete 
| 176|0x000000070be00000, 0x000000070bf00000, 0x000000070bf00000|100%| E|CS|TAMS 0x000000070be00000, 0x000000070be00000| Complete 
| 177|0x000000070bf00000, 0x000000070c000000, 0x000000070c000000|100%| E|CS|TAMS 0x000000070bf00000, 0x000000070bf00000| Complete 
| 178|0x000000070c000000, 0x000000070c100000, 0x000000070c100000|100%| E|CS|TAMS 0x000000070c000000, 0x000000070c000000| Complete 
| 179|0x000000070c100000, 0x000000070c200000, 0x000000070c200000|100%| E|CS|TAMS 0x000000070c100000, 0x000000070c100000| Complete 
| 180|0x000000070c200000, 0x000000070c300000, 0x000000070c300000|100%| E|CS|TAMS 0x000000070c200000, 0x000000070c200000| Complete 
| 181|0x000000070c300000, 0x000000070c400000, 0x000000070c400000|100%| E|CS|TAMS 0x000000070c300000, 0x000000070c300000| Complete 
| 182|0x000000070c400000, 0x000000070c500000, 0x000000070c500000|100%| E|CS|TAMS 0x000000070c400000, 0x000000070c400000| Complete 
| 183|0x000000070c500000, 0x000000070c600000, 0x000000070c600000|100%| E|CS|TAMS 0x000000070c500000, 0x000000070c500000| Complete 
| 184|0x000000070c600000, 0x000000070c700000, 0x000000070c700000|100%| E|CS|TAMS 0x000000070c600000, 0x000000070c600000| Complete 
| 185|0x000000070c700000, 0x000000070c800000, 0x000000070c800000|100%| E|CS|TAMS 0x000000070c700000, 0x000000070c700000| Complete 
| 186|0x000000070c800000, 0x000000070c900000, 0x000000070c900000|100%| E|CS|TAMS 0x000000070c800000, 0x000000070c800000| Complete 
| 187|0x000000070c900000, 0x000000070ca00000, 0x000000070ca00000|100%| E|CS|TAMS 0x000000070c900000, 0x000000070c900000| Complete 
| 188|0x000000070ca00000, 0x000000070cb00000, 0x000000070cb00000|100%| E|CS|TAMS 0x000000070ca00000, 0x000000070ca00000| Complete 
| 189|0x000000070cb00000, 0x000000070cc00000, 0x000000070cc00000|100%| E|CS|TAMS 0x000000070cb00000, 0x000000070cb00000| Complete 
| 190|0x000000070cc00000, 0x000000070cd00000, 0x000000070cd00000|100%| E|CS|TAMS 0x000000070cc00000, 0x000000070cc00000| Complete 
| 191|0x000000070cd00000, 0x000000070ce00000, 0x000000070ce00000|100%| E|CS|TAMS 0x000000070cd00000, 0x000000070cd00000| Complete 
| 192|0x000000070ce00000, 0x000000070cf00000, 0x000000070cf00000|100%| E|CS|TAMS 0x000000070ce00000, 0x000000070ce00000| Complete 
| 193|0x000000070cf00000, 0x000000070d000000, 0x000000070d000000|100%| E|CS|TAMS 0x000000070cf00000, 0x000000070cf00000| Complete 
| 194|0x000000070d000000, 0x000000070d100000, 0x000000070d100000|100%| E|CS|TAMS 0x000000070d000000, 0x000000070d000000| Complete 
| 195|0x000000070d100000, 0x000000070d200000, 0x000000070d200000|100%| E|CS|TAMS 0x000000070d100000, 0x000000070d100000| Complete 
| 196|0x000000070d200000, 0x000000070d300000, 0x000000070d300000|100%| E|CS|TAMS 0x000000070d200000, 0x000000070d200000| Complete 
| 197|0x000000070d300000, 0x000000070d400000, 0x000000070d400000|100%| E|CS|TAMS 0x000000070d300000, 0x000000070d300000| Complete 
| 198|0x000000070d400000, 0x000000070d500000, 0x000000070d500000|100%| E|CS|TAMS 0x000000070d400000, 0x000000070d400000| Complete 
| 199|0x000000070d500000, 0x000000070d600000, 0x000000070d600000|100%| E|CS|TAMS 0x000000070d500000, 0x000000070d500000| Complete 
| 200|0x000000070d600000, 0x000000070d700000, 0x000000070d700000|100%| E|CS|TAMS 0x000000070d600000, 0x000000070d600000| Complete 
| 201|0x000000070d700000, 0x000000070d800000, 0x000000070d800000|100%| E|CS|TAMS 0x000000070d700000, 0x000000070d700000| Complete 
| 202|0x000000070d800000, 0x000000070d900000, 0x000000070d900000|100%| E|CS|TAMS 0x000000070d800000, 0x000000070d800000| Complete 
| 203|0x000000070d900000, 0x000000070da00000, 0x000000070da00000|100%| E|CS|TAMS 0x000000070d900000, 0x000000070d900000| Complete 
| 204|0x000000070da00000, 0x000000070db00000, 0x000000070db00000|100%| E|CS|TAMS 0x000000070da00000, 0x000000070da00000| Complete 
| 205|0x000000070db00000, 0x000000070dc00000, 0x000000070dc00000|100%| E|CS|TAMS 0x000000070db00000, 0x000000070db00000| Complete 
| 206|0x000000070dc00000, 0x000000070dd00000, 0x000000070dd00000|100%| E|CS|TAMS 0x000000070dc00000, 0x000000070dc00000| Complete 
| 207|0x000000070dd00000, 0x000000070de00000, 0x000000070de00000|100%| E|CS|TAMS 0x000000070dd00000, 0x000000070dd00000| Complete 
| 208|0x000000070de00000, 0x000000070df00000, 0x000000070df00000|100%| E|CS|TAMS 0x000000070de00000, 0x000000070de00000| Complete 
| 209|0x000000070df00000, 0x000000070e000000, 0x000000070e000000|100%| E|CS|TAMS 0x000000070df00000, 0x000000070df00000| Complete 
| 210|0x000000070e000000, 0x000000070e100000, 0x000000070e100000|100%| E|CS|TAMS 0x000000070e000000, 0x000000070e000000| Complete 
| 211|0x000000070e100000, 0x000000070e200000, 0x000000070e200000|100%| E|CS|TAMS 0x000000070e100000, 0x000000070e100000| Complete 
| 212|0x000000070e200000, 0x000000070e300000, 0x000000070e300000|100%| E|CS|TAMS 0x000000070e200000, 0x000000070e200000| Complete 
| 213|0x000000070e300000, 0x000000070e400000, 0x000000070e400000|100%| E|CS|TAMS 0x000000070e300000, 0x000000070e300000| Complete 
| 214|0x000000070e400000, 0x000000070e500000, 0x000000070e500000|100%| E|CS|TAMS 0x000000070e400000, 0x000000070e400000| Complete 
| 215|0x000000070e500000, 0x000000070e600000, 0x000000070e600000|100%| E|CS|TAMS 0x000000070e500000, 0x000000070e500000| Complete 
| 216|0x000000070e600000, 0x000000070e700000, 0x000000070e700000|100%| E|CS|TAMS 0x000000070e600000, 0x000000070e600000| Complete 
| 217|0x000000070e700000, 0x000000070e800000, 0x000000070e800000|100%| E|CS|TAMS 0x000000070e700000, 0x000000070e700000| Complete 
| 218|0x000000070e800000, 0x000000070e900000, 0x000000070e900000|100%| E|CS|TAMS 0x000000070e800000, 0x000000070e800000| Complete 
| 219|0x000000070e900000, 0x000000070ea00000, 0x000000070ea00000|100%| E|CS|TAMS 0x000000070e900000, 0x000000070e900000| Complete 
| 220|0x000000070ea00000, 0x000000070eb00000, 0x000000070eb00000|100%| E|CS|TAMS 0x000000070ea00000, 0x000000070ea00000| Complete 
| 221|0x000000070eb00000, 0x000000070ec00000, 0x000000070ec00000|100%| E|CS|TAMS 0x000000070eb00000, 0x000000070eb00000| Complete 
| 222|0x000000070ec00000, 0x000000070ed00000, 0x000000070ed00000|100%| E|CS|TAMS 0x000000070ec00000, 0x000000070ec00000| Complete 
| 223|0x000000070ed00000, 0x000000070ee00000, 0x000000070ee00000|100%| E|CS|TAMS 0x000000070ed00000, 0x000000070ed00000| Complete 
| 224|0x000000070ee00000, 0x000000070ef00000, 0x000000070ef00000|100%| E|CS|TAMS 0x000000070ee00000, 0x000000070ee00000| Complete 
| 225|0x000000070ef00000, 0x000000070f000000, 0x000000070f000000|100%| E|CS|TAMS 0x000000070ef00000, 0x000000070ef00000| Complete 
| 226|0x000000070f000000, 0x000000070f100000, 0x000000070f100000|100%| E|CS|TAMS 0x000000070f000000, 0x000000070f000000| Complete 
| 227|0x000000070f100000, 0x000000070f200000, 0x000000070f200000|100%| E|CS|TAMS 0x000000070f100000, 0x000000070f100000| Complete 
| 228|0x000000070f200000, 0x000000070f300000, 0x000000070f300000|100%| E|CS|TAMS 0x000000070f200000, 0x000000070f200000| Complete 
| 229|0x000000070f300000, 0x000000070f400000, 0x000000070f400000|100%| E|CS|TAMS 0x000000070f300000, 0x000000070f300000| Complete 
| 230|0x000000070f400000, 0x000000070f500000, 0x000000070f500000|100%| E|CS|TAMS 0x000000070f400000, 0x000000070f400000| Complete 
| 231|0x000000070f500000, 0x000000070f600000, 0x000000070f600000|100%| E|CS|TAMS 0x000000070f500000, 0x000000070f500000| Complete 
| 232|0x000000070f600000, 0x000000070f700000, 0x000000070f700000|100%| E|CS|TAMS 0x000000070f600000, 0x000000070f600000| Complete 
| 233|0x000000070f700000, 0x000000070f800000, 0x000000070f800000|100%| E|CS|TAMS 0x000000070f700000, 0x000000070f700000| Complete 
| 234|0x000000070f800000, 0x000000070f900000, 0x000000070f900000|100%| E|CS|TAMS 0x000000070f800000, 0x000000070f800000| Complete 
| 235|0x000000070f900000, 0x000000070fa00000, 0x000000070fa00000|100%| E|CS|TAMS 0x000000070f900000, 0x000000070f900000| Complete 
| 236|0x000000070fa00000, 0x000000070fb00000, 0x000000070fb00000|100%| E|CS|TAMS 0x000000070fa00000, 0x000000070fa00000| Complete 
| 237|0x000000070fb00000, 0x000000070fc00000, 0x000000070fc00000|100%| E|CS|TAMS 0x000000070fb00000, 0x000000070fb00000| Complete 
| 238|0x000000070fc00000, 0x000000070fd00000, 0x000000070fd00000|100%| E|CS|TAMS 0x000000070fc00000, 0x000000070fc00000| Complete 
| 239|0x000000070fd00000, 0x000000070fe00000, 0x000000070fe00000|100%| E|CS|TAMS 0x000000070fd00000, 0x000000070fd00000| Complete 
| 240|0x000000070fe00000, 0x000000070ff00000, 0x000000070ff00000|100%| E|CS|TAMS 0x000000070fe00000, 0x000000070fe00000| Complete 
| 241|0x000000070ff00000, 0x0000000710000000, 0x0000000710000000|100%| E|CS|TAMS 0x000000070ff00000, 0x000000070ff00000| Complete 
| 242|0x0000000710000000, 0x0000000710100000, 0x0000000710100000|100%| E|CS|TAMS 0x0000000710000000, 0x0000000710000000| Complete 
| 243|0x0000000710100000, 0x0000000710200000, 0x0000000710200000|100%| E|CS|TAMS 0x0000000710100000, 0x0000000710100000| Complete 
| 244|0x0000000710200000, 0x0000000710300000, 0x0000000710300000|100%| E|CS|TAMS 0x0000000710200000, 0x0000000710200000| Complete 
| 245|0x0000000710300000, 0x0000000710400000, 0x0000000710400000|100%| E|CS|TAMS 0x0000000710300000, 0x0000000710300000| Complete 
| 246|0x0000000710400000, 0x0000000710500000, 0x0000000710500000|100%| E|CS|TAMS 0x0000000710400000, 0x0000000710400000| Complete 
| 247|0x0000000710500000, 0x0000000710600000, 0x0000000710600000|100%| E|CS|TAMS 0x0000000710500000, 0x0000000710500000| Complete 
| 248|0x0000000710600000, 0x0000000710700000, 0x0000000710700000|100%| E|CS|TAMS 0x0000000710600000, 0x0000000710600000| Complete 
| 249|0x0000000710700000, 0x0000000710800000, 0x0000000710800000|100%| E|CS|TAMS 0x0000000710700000, 0x0000000710700000| Complete 
| 250|0x0000000710800000, 0x0000000710900000, 0x0000000710900000|100%| E|CS|TAMS 0x0000000710800000, 0x0000000710800000| Complete 
| 251|0x0000000710900000, 0x0000000710a00000, 0x0000000710a00000|100%| E|CS|TAMS 0x0000000710900000, 0x0000000710900000| Complete 
| 252|0x0000000710a00000, 0x0000000710b00000, 0x0000000710b00000|100%| E|CS|TAMS 0x0000000710a00000, 0x0000000710a00000| Complete 
| 253|0x0000000710b00000, 0x0000000710c00000, 0x0000000710c00000|100%| E|CS|TAMS 0x0000000710b00000, 0x0000000710b00000| Complete 
| 254|0x0000000710c00000, 0x0000000710d00000, 0x0000000710d00000|100%| E|CS|TAMS 0x0000000710c00000, 0x0000000710c00000| Complete 
| 255|0x0000000710d00000, 0x0000000710e00000, 0x0000000710e00000|100%| E|CS|TAMS 0x0000000710d00000, 0x0000000710d00000| Complete 

Card table byte_map: [0x0000016d63f30000,0x0000016d64730000] _byte_map_base: 0x0000016d60729000

Marking Bits (Prev, Next): (CMBitMap*) 0x0000016d4bed2e78, (CMBitMap*) 0x0000016d4bed2eb8
 Prev Bits: [0x0000016d64f30000, 0x0000016d68ef8000)
 Next Bits: [0x0000016d68f00000, 0x0000016d6cec8000)

Polling page: 0x0000016d49d30000

Metaspace:

Usage:
  Non-class:      9.04 MB capacity,     8.81 MB ( 97%) used,   203.02 KB (  2%) free+waste,    32.50 KB ( <1%) overhead. 
      Class:      1.27 MB capacity,     1.10 MB ( 87%) used,   150.87 KB ( 12%) free+waste,    20.13 KB (  2%) overhead. 
       Both:     10.31 MB capacity,     9.92 MB ( 96%) used,   353.88 KB (  3%) free+waste,    52.63 KB ( <1%) overhead. 

Virtual space:
  Non-class space:       10.00 MB reserved,       9.25 MB ( 93%) committed 
      Class space:        1.00 GB reserved,       1.38 MB ( <1%) committed 
             Both:        1.01 GB reserved,      10.63 MB (  1%) committed 

Chunk freelists:
   Non-Class:  18.00 KB
       Class:  12.00 KB
        Both:  30.00 KB

MaxMetaspaceSize: 17179869184.00 GB
CompressedClassSpaceSize: 1.00 GB

CodeHeap 'non-profiled nmethods': size=120000Kb used=833Kb max_used=833Kb free=119166Kb
 bounds [0x0000016d5c0f0000, 0x0000016d5c360000, 0x0000016d63620000]
CodeHeap 'profiled nmethods': size=120000Kb used=3093Kb max_used=3093Kb free=116906Kb
 bounds [0x0000016d54bc0000, 0x0000016d54ed0000, 0x0000016d5c0f0000]
CodeHeap 'non-nmethods': size=5760Kb used=1313Kb max_used=1371Kb free=4446Kb
 bounds [0x0000016d54620000, 0x0000016d54890000, 0x0000016d54bc0000]
 total_blobs=2331 nmethods=1726 adapters=517
 compilation: enabled
              stopped_count=0, restarted_count=0
 full_count=0

Compilation events (20 events):
Event: 2.047 Thread 0x0000016d75a89800 nmethod 1627 0x0000016d5c1b1690 code [0x0000016d5c1b1820, 0x0000016d5c1b18d8]
Event: 2.048 Thread 0x0000016d700ca800 nmethod 1628 0x0000016d54e7b390 code [0x0000016d54e7b720, 0x0000016d54e7d238]
Event: 2.048 Thread 0x0000016d6f832000 nmethod 1594% 0x0000016d5c1b1990 code [0x0000016d5c1b27a0, 0x0000016d5c1b9ea8]
Event: 2.053 Thread 0x0000016d700ca800 1629 %     3       java.util.ArrayList::readObject @ 41 (118 bytes)
Event: 2.054 Thread 0x0000016d700ca800 nmethod 1629% 0x0000016d54e7dc10 code [0x0000016d54e7df20, 0x0000016d54e7f148]
Event: 2.061 Thread 0x0000016d75a89800 1630       4       com.google.flatbuffers.FlatBufferBuilder::addOffset (43 bytes)
Event: 2.063 Thread 0x0000016d700ca800 1631       3       java.util.stream.AbstractPipeline::copyInto (54 bytes)
Event: 2.063 Thread 0x0000016d700ca800 nmethod 1631 0x0000016d54e7f810 code [0x0000016d54e7fa20, 0x0000016d54e80158]
Event: 2.063 Thread 0x0000016d75a89800 nmethod 1630 0x0000016d5c1bde90 code [0x0000016d5c1be080, 0x0000016d5c1be358]
Event: 2.065 Thread 0x0000016d6f832000 1632       4       rlbotexample.dynamic_objects.DataPacket::<init> (333 bytes)
Event: 2.099 Thread 0x0000016d700ca800 1633       1       com.sun.jna.Structure$LayoutInfo::access$400 (5 bytes)
Event: 2.099 Thread 0x0000016d700ca800 nmethod 1633 0x0000016d5c1be610 code [0x0000016d5c1be7a0, 0x0000016d5c1be838]
Event: 2.102 Thread 0x0000016d700ca800 1634       3       rlbot.flat.BallInfo::physics (33 bytes)
Event: 2.102 Thread 0x0000016d700ca800 nmethod 1634 0x0000016d54e80390 code [0x0000016d54e80560, 0x0000016d54e80ab8]
Event: 2.121 Thread 0x0000016d700ca800 1635       1       com.sun.jna.Structure$LayoutInfo::access$500 (5 bytes)
Event: 2.121 Thread 0x0000016d700ca800 nmethod 1635 0x0000016d5c1be910 code [0x0000016d5c1beaa0, 0x0000016d5c1beb38]
Event: 2.129 Thread 0x0000016d700ca800 1636       3       sun.nio.ch.Util::isBufferTooLarge (15 bytes)
Event: 2.129 Thread 0x0000016d700ca800 nmethod 1636 0x0000016d54e80c90 code [0x0000016d54e80e20, 0x0000016d54e80f78]
Event: 2.129 Thread 0x0000016d700ca800 1637       3       java.lang.StringCoding$Result::with (12 bytes)
Event: 2.129 Thread 0x0000016d700ca800 nmethod 1637 0x0000016d54e81010 code [0x0000016d54e811a0, 0x0000016d54e81318]

GC Heap History (8 events):
Event: 1.304 GC heap before
{Heap before GC invocations=0 (full 0):
 garbage-first heap   total 262144K, used 20480K [0x0000000700e00000, 0x0000000800000000)
  region size 1024K, 21 young (21504K), 0 survivors (0K)
 Metaspace       used 9178K, capacity 9586K, committed 9728K, reserved 1058816K
  class space    used 1033K, capacity 1218K, committed 1280K, reserved 1048576K
}
Event: 1.307 GC heap after
{Heap after GC invocations=1 (full 0):
 garbage-first heap   total 262144K, used 3248K [0x0000000700e00000, 0x0000000800000000)
  region size 1024K, 3 young (3072K), 3 survivors (3072K)
 Metaspace       used 9178K, capacity 9586K, committed 9728K, reserved 1058816K
  class space    used 1033K, capacity 1218K, committed 1280K, reserved 1048576K
}
Event: 1.337 GC heap before
{Heap before GC invocations=1 (full 0):
 garbage-first heap   total 262144K, used 29872K [0x0000000700e00000, 0x0000000800000000)
  region size 1024K, 30 young (30720K), 3 survivors (3072K)
 Metaspace       used 9810K, capacity 10190K, committed 10240K, reserved 1058816K
  class space    used 1106K, capacity 1264K, committed 1280K, reserved 1048576K
}
Event: 1.339 GC heap after
{Heap after GC invocations=2 (full 0):
 garbage-first heap   total 262144K, used 3792K [0x0000000700e00000, 0x0000000800000000)
  region size 1024K, 1 young (1024K), 1 survivors (1024K)
 Metaspace       used 9810K, capacity 10190K, committed 10240K, reserved 1058816K
  class space    used 1106K, capacity 1264K, committed 1280K, reserved 1048576K
}
Event: 1.645 GC heap before
{Heap before GC invocations=2 (full 0):
 garbage-first heap   total 262144K, used 159440K [0x0000000700e00000, 0x0000000800000000)
  region size 1024K, 153 young (156672K), 1 survivors (1024K)
 Metaspace       used 10086K, capacity 10498K, committed 10624K, reserved 1058816K
  class space    used 1129K, capacity 1300K, committed 1408K, reserved 1048576K
}
Event: 1.646 GC heap after
{Heap after GC invocations=3 (full 0):
 garbage-first heap   total 262144K, used 4455K [0x0000000700e00000, 0x0000000800000000)
  region size 1024K, 2 young (2048K), 2 survivors (2048K)
 Metaspace       used 10086K, capacity 10498K, committed 10624K, reserved 1058816K
  class space    used 1129K, capacity 1300K, committed 1408K, reserved 1048576K
}
Event: 1.968 GC heap before
{Heap before GC invocations=3 (full 0):
 garbage-first heap   total 262144K, used 159079K [0x0000000700e00000, 0x0000000800000000)
  region size 1024K, 153 young (156672K), 2 survivors (2048K)
 Metaspace       used 10120K, capacity 10562K, committed 10880K, reserved 1058816K
  class space    used 1129K, capacity 1300K, committed 1408K, reserved 1048576K
}
Event: 1.970 GC heap after
{Heap after GC invocations=4 (full 0):
 garbage-first heap   total 262144K, used 5893K [0x0000000700e00000, 0x0000000800000000)
  region size 1024K, 3 young (3072K), 3 survivors (3072K)
 Metaspace       used 10120K, capacity 10562K, committed 10880K, reserved 1058816K
  class space    used 1129K, capacity 1300K, committed 1408K, reserved 1048576K
}

Deoptimization events (20 events):
Event: 1.829 Thread 0x0000016d75538000 DEOPT PACKING pc=0x0000016d5c1a148c sp=0x00000002d1bfe980
Event: 1.830 Thread 0x0000016d75538000 DEOPT UNPACKING pc=0x0000016d5466912f sp=0x00000002d1bfe930 mode 2
Event: 1.830 Thread 0x0000016d75b2d800 Uncommon trap: trap_request=0xffffffbe fr.pc=0x0000016d5c19e83c relative=0x000000000000079c
Event: 1.830 Thread 0x0000016d75b2d800 Uncommon trap: reason=profile_predicate action=maybe_recompile pc=0x0000016d5c19e83c method=java.util.ArrayList$ArrayListSpliterator.forEachRemaining(Ljava/util/function/Consumer;)V @ 81 c2
Event: 1.830 Thread 0x0000016d75b2d800 DEOPT PACKING pc=0x0000016d5c19e83c sp=0x00000002d22fe850
Event: 1.830 Thread 0x0000016d75b2d800 DEOPT UNPACKING pc=0x0000016d5466912f sp=0x00000002d22fe820 mode 2
Event: 1.831 Thread 0x0000016d75b33800 Uncommon trap: trap_request=0xffffffbe fr.pc=0x0000016d5c19e83c relative=0x000000000000079c
Event: 1.831 Thread 0x0000016d75b33800 Uncommon trap: reason=profile_predicate action=maybe_recompile pc=0x0000016d5c19e83c method=java.util.ArrayList$ArrayListSpliterator.forEachRemaining(Ljava/util/function/Consumer;)V @ 81 c2
Event: 1.831 Thread 0x0000016d75b33800 DEOPT PACKING pc=0x0000016d5c19e83c sp=0x00000002d2afeb00
Event: 1.831 Thread 0x0000016d75b33800 DEOPT UNPACKING pc=0x0000016d5466912f sp=0x00000002d2afead0 mode 2
Event: 1.922 Thread 0x0000016d75b35800 Uncommon trap: trap_request=0xffffffcc fr.pc=0x0000016d5c1a4d2c relative=0x00000000000001ac
Event: 1.922 Thread 0x0000016d75b35800 Uncommon trap: reason=intrinsic_or_type_checked_inlining action=make_not_entrant pc=0x0000016d5c1a4d2c method=java.util.Arrays.copyOf([Ljava/lang/Object;ILjava/lang/Class;)[Ljava/lang/Object; @ 35 c2
Event: 1.922 Thread 0x0000016d75b35800 DEOPT PACKING pc=0x0000016d5c1a4d2c sp=0x00000002d2eff590
Event: 1.922 Thread 0x0000016d75b35800 DEOPT UNPACKING pc=0x0000016d5466912f sp=0x00000002d2eff538 mode 2
Event: 2.065 Thread 0x0000016d75d9b000 DEOPT PACKING pc=0x0000016d54e2a402 sp=0x00000002d31fee10
Event: 2.065 Thread 0x0000016d75d9b000 DEOPT UNPACKING pc=0x0000016d5466964e sp=0x00000002d31fe3c8 mode 0
Event: 2.100 Thread 0x0000016d75b2b000 DEOPT PACKING pc=0x0000016d54e2a402 sp=0x00000002d29fedd0
Event: 2.100 Thread 0x0000016d75b2b000 DEOPT UNPACKING pc=0x0000016d5466964e sp=0x00000002d29fe388 mode 0
Event: 2.123 Thread 0x0000016d75b2a800 DEOPT PACKING pc=0x0000016d54e2a402 sp=0x00000002d1efeda0
Event: 2.123 Thread 0x0000016d75b2a800 DEOPT UNPACKING pc=0x0000016d5466964e sp=0x00000002d1efe358 mode 0

Classes unloaded (0 events):
No events

Classes redefined (0 events):
No events

Internal exceptions (20 events):
Event: 0.261 Thread 0x0000016d70266800 Exception <a 'java/lang/NoSuchMethodError'{0x0000000710771838}: 'java.lang.Object java.lang.invoke.DirectMethodHandle$Holder.newInvokeSpecial(java.lang.Object, int)'> (0x0000000710771838) 
thrown [./open/src/hotspot/share/interpreter/linkResolver.cpp, line 766]
Event: 0.262 Thread 0x0000016d70266800 Exception <a 'java/lang/NoSuchMethodError'{0x000000071077d2b8}: 'java.lang.Object java.lang.invoke.DirectMethodHandle$Holder.invokeStatic(java.lang.Object, java.lang.Object, java.lang.Object, int, java.lang.Object)'> (0x000000071077d2b8) 
thrown [./open/src/hotspot/share/interpreter/linkResolver.cpp, line 766]
Event: 0.262 Thread 0x0000016d70266800 Exception <a 'java/lang/NoSuchMethodError'{0x00000007107830b0}: 'java.lang.Object java.lang.invoke.Invokers$Holder.linkToTargetMethod(java.lang.Object, java.lang.Object, int, java.lang.Object, java.lang.Object)'> (0x00000007107830b0) 
thrown [./open/src/hotspot/share/interpreter/linkResolver.cpp, line 766]
Event: 0.364 Thread 0x0000016d4be69000 Exception <a 'java/lang/NoSuchMethodError'{0x00000007106f7870}: 'java.lang.Object java.lang.invoke.DirectMethodHandle$Holder.invokeStatic(java.lang.Object, int, java.lang.Object, java.lang.Object, java.lang.Object, java.lang.Object)'> (0x00000007106f7870) 
thrown [./open/src/hotspot/share/interpreter/linkResolver.cpp, line 766]
Event: 0.365 Thread 0x0000016d4be69000 Exception <a 'java/lang/NoSuchMethodError'{0x00000007106fe190}: 'java.lang.Object java.lang.invoke.DirectMethodHandle$Holder.invokeStatic(java.lang.Object, int, java.lang.Object, java.lang.Object, java.lang.Object)'> (0x00000007106fe190) 
thrown [./open/src/hotspot/share/interpreter/linkResolver.cpp, line 766]
Event: 0.365 Thread 0x0000016d4be69000 Exception <a 'java/lang/NoSuchMethodError'{0x0000000710511c60}: 'java.lang.Object java.lang.invoke.DirectMethodHandle$Holder.invokeSpecial(java.lang.Object, java.lang.Object, int, java.lang.Object, java.lang.Object, java.lang.Object)'> (0x0000000710511c60) 
thrown [./open/src/hotspot/share/interpreter/linkResolver.cpp, line 766]
Event: 0.367 Thread 0x0000016d4be69000 Exception <a 'java/lang/NoSuchMethodError'{0x0000000710527fd8}: 'java.lang.Object java.lang.invoke.DirectMethodHandle$Holder.invokeStatic(java.lang.Object, int, java.lang.Object)'> (0x0000000710527fd8) 
thrown [./open/src/hotspot/share/interpreter/linkResolver.cpp, line 766]
Event: 0.382 Thread 0x0000016d4be69000 Exception <a 'java/lang/ClassNotFoundException'{0x00000007105de7d0}: com/sun/swing/internal/plaf/metal/resources/spi/metalProvider> (0x00000007105de7d0) 
thrown [./open/src/hotspot/share/classfile/systemDictionary.cpp, line 226]
Event: 0.383 Thread 0x0000016d4be69000 Exception <a 'java/lang/ClassNotFoundException'{0x00000007105e2890}: com/sun/swing/internal/plaf/basic/resources/spi/basicProvider> (0x00000007105e2890) 
thrown [./open/src/hotspot/share/classfile/systemDictionary.cpp, line 226]
Event: 0.395 Thread 0x0000016d75537000 Implicit null exception at 0x0000016d5c11b367 to 0x0000016d5c11b98c
Event: 0.396 Thread 0x0000016d75537000 Implicit null exception at 0x0000016d5c11a6e4 to 0x0000016d5c11ad44
Event: 0.443 Thread 0x0000016d4be69000 Exception <a 'java/lang/NoSuchMethodError'{0x0000000710435e68}: 'void java.lang.invoke.DirectMethodHandle$Holder.invokeStaticInit(java.lang.Object)'> (0x0000000710435e68) 
thrown [./open/src/hotspot/share/interpreter/linkResolver.cpp, line 766]
Event: 0.465 Thread 0x0000016d4be69000 Exception <a 'java/lang/NoSuchMethodError'{0x000000071017b1f0}: 'java.lang.Object java.lang.invoke.Invokers$Holder.linkToTargetMethod(java.lang.Object, int, java.lang.Object)'> (0x000000071017b1f0) 
thrown [./open/src/hotspot/share/interpreter/linkResolver.cpp, line 766]
Event: 0.507 Thread 0x0000016d4be69000 Exception <a 'java/lang/NoSuchMethodError'{0x00000007101a5c20}: 'void java.lang.invoke.DirectMethodHandle$Holder.invokeStatic(java.lang.Object, java.lang.Object, java.lang.Object, java.lang.Object)'> (0x00000007101a5c20) 
thrown [./open/src/hotspot/share/interpreter/linkResolver.cpp, line 766]
Event: 1.327 Thread 0x0000016d7550b800 Exception <a 'java/lang/NoSuchMethodError'{0x000000070fd18e40}: static Lrlbotexample/animations/CarGroupAnimation;.<clinit>()V> (0x000000070fd18e40) 
thrown [./open/src/hotspot/share/prims/jni.cpp, line 1348]
Event: 1.330 Thread 0x0000016d7550b800 Exception <a 'java/lang/NoSuchMethodError'{0x000000070fd2c4e0}: static Lrlbotexample/animations/IndexedCarGroup;.<clinit>()V> (0x000000070fd2c4e0) 
thrown [./open/src/hotspot/share/prims/jni.cpp, line 1348]
Event: 1.331 Thread 0x0000016d7550b800 Exception <a 'java/lang/NoSuchMethodError'{0x000000070fd344e8}: static Lrlbotexample/animations/CarGroup;.<clinit>()V> (0x000000070fd344e8) 
thrown [./open/src/hotspot/share/prims/jni.cpp, line 1348]
Event: 1.332 Thread 0x0000016d7550b800 Exception <a 'java/lang/NoSuchMethodError'{0x000000070fd3e268}: static Lrlbotexample/animations/AnimatedCarObject;.<clinit>()V> (0x000000070fd3e268) 
thrown [./open/src/hotspot/share/prims/jni.cpp, line 1348]
Event: 1.333 Thread 0x0000016d7550b800 Exception <a 'java/lang/NoSuchMethodError'{0x000000070fd48658}: static Lutil/math/vector/ZyxOrientedPosition;.<clinit>()V> (0x000000070fd48658) 
thrown [./open/src/hotspot/share/prims/jni.cpp, line 1348]
Event: 1.335 Thread 0x0000016d7550b800 Exception <a 'java/lang/NoSuchMethodError'{0x000000070fd665b8}: static Ljava/lang/Object;.<clinit>()V> (0x000000070fd665b8) 
thrown [./open/src/hotspot/share/prims/jni.cpp, line 1348]

Events (20 events):
Event: 1.516 Executing VM operation: HandshakeOneThread done
Event: 1.516 Executing VM operation: HandshakeOneThread
Event: 1.516 Executing VM operation: HandshakeOneThread done
Event: 1.518 Executing VM operation: HandshakeOneThread
Event: 1.518 Executing VM operation: HandshakeOneThread done
Event: 1.518 Executing VM operation: HandshakeOneThread
Event: 1.518 Executing VM operation: HandshakeOneThread done
Event: 1.518 Executing VM operation: HandshakeOneThread
Event: 1.518 Executing VM operation: HandshakeOneThread done
Event: 1.518 Executing VM operation: HandshakeOneThread
Event: 1.518 Executing VM operation: HandshakeOneThread done
Event: 1.518 Executing VM operation: HandshakeOneThread
Event: 1.518 Executing VM operation: HandshakeOneThread done
Event: 1.645 Executing VM operation: G1CollectForAllocation
Event: 1.647 Executing VM operation: G1CollectForAllocation done
Event: 1.647 Executing VM operation: HandshakeOneThread
Event: 1.647 Executing VM operation: HandshakeOneThread done
Event: 1.651 Loaded shared library C:\Users\John\AppData\Local\Temp\jna-2314539\jna1528687803165283398.dll
Event: 1.968 Executing VM operation: G1CollectForAllocation
Event: 1.970 Executing VM operation: G1CollectForAllocation done


Dynamic libraries:
0x00007ff665290000 - 0x00007ff66529f000 	C:\Program Files (x86)\Java\jdk-14.0.2\bin\java.exe
0x00007ffb8c610000 - 0x00007ffb8c805000 	C:\Windows\SYSTEM32\ntdll.dll
0x00007ffb8c200000 - 0x00007ffb8c2bd000 	C:\Windows\System32\KERNEL32.DLL
0x00007ffb8a1a0000 - 0x00007ffb8a468000 	C:\Windows\System32\KERNELBASE.dll
0x00007ffb89d50000 - 0x00007ffb89e50000 	C:\Windows\System32\ucrtbase.dll
0x00007ffb700e0000 - 0x00007ffb700f8000 	C:\Program Files (x86)\Java\jdk-14.0.2\bin\jli.dll
0x00007ffb700c0000 - 0x00007ffb700d5000 	C:\Program Files (x86)\Java\jdk-14.0.2\bin\VCRUNTIME140.dll
0x00007ffb8b5a0000 - 0x00007ffb8b64c000 	C:\Windows\System32\ADVAPI32.dll
0x00007ffb8c490000 - 0x00007ffb8c52e000 	C:\Windows\System32\msvcrt.dll
0x00007ffb8c530000 - 0x00007ffb8c5cb000 	C:\Windows\System32\sechost.dll
0x00007ffb8b200000 - 0x00007ffb8b32b000 	C:\Windows\System32\RPCRT4.dll
0x00007ffb8b6f0000 - 0x00007ffb8b890000 	C:\Windows\System32\USER32.dll
0x00007ffb806d0000 - 0x00007ffb8096a000 	C:\Windows\WinSxS\amd64_microsoft.windows.common-controls_6595b64144ccf1df_6.0.19041.1052_none_60b8f8fd71f5e8cb\COMCTL32.dll
0x00007ffb8a070000 - 0x00007ffb8a092000 	C:\Windows\System32\win32u.dll
0x00007ffb8b1d0000 - 0x00007ffb8b1fa000 	C:\Windows\System32\GDI32.dll
0x00007ffb8a4d0000 - 0x00007ffb8a5db000 	C:\Windows\System32\gdi32full.dll
0x00007ffb84bc0000 - 0x00007ffb84bca000 	C:\Windows\SYSTEM32\VERSION.dll
0x00007ffb8a5e0000 - 0x00007ffb8a67d000 	C:\Windows\System32\msvcp_win.dll
0x00007ffb8a6e0000 - 0x00007ffb8a710000 	C:\Windows\System32\IMM32.DLL
0x00007ffb67ff0000 - 0x00007ffb6808b000 	C:\Program Files (x86)\Java\jdk-14.0.2\bin\msvcp140.dll
0x00007ffb26920000 - 0x00007ffb2743e000 	C:\Program Files (x86)\Java\jdk-14.0.2\bin\server\jvm.dll
0x00007ffb8b650000 - 0x00007ffb8b658000 	C:\Windows\System32\PSAPI.DLL
0x00007ffb76720000 - 0x00007ffb76729000 	C:\Windows\SYSTEM32\WSOCK32.dll
0x00007ffb77e90000 - 0x00007ffb77eb7000 	C:\Windows\SYSTEM32\WINMM.dll
0x00007ffb8b8f0000 - 0x00007ffb8b95b000 	C:\Windows\System32\WS2_32.dll
0x00007ffb87c80000 - 0x00007ffb87c92000 	C:\Windows\SYSTEM32\kernel.appcore.dll
0x00007ffb77650000 - 0x00007ffb7765a000 	C:\Program Files (x86)\Java\jdk-14.0.2\bin\jimage.dll
0x00007ffb74c50000 - 0x00007ffb74e34000 	C:\Windows\SYSTEM32\DBGHELP.DLL
0x00007ffb75fd0000 - 0x00007ffb75ffc000 	C:\Windows\SYSTEM32\dbgcore.DLL
0x00007ffb89fe0000 - 0x00007ffb8a063000 	C:\Windows\System32\bcryptPrimitives.dll
0x00007ffb70090000 - 0x00007ffb700b5000 	C:\Program Files (x86)\Java\jdk-14.0.2\bin\java.dll
0x00007ffb6b130000 - 0x00007ffb6b146000 	C:\Program Files (x86)\Java\jdk-14.0.2\bin\zip.dll
0x00007ffb8b980000 - 0x00007ffb8c0bf000 	C:\Windows\System32\SHELL32.dll
0x00007ffb87e80000 - 0x00007ffb88610000 	C:\Windows\SYSTEM32\windows.storage.dll
0x00007ffb8ae70000 - 0x00007ffb8b1c5000 	C:\Windows\System32\combase.dll
0x00007ffb896f0000 - 0x00007ffb8971c000 	C:\Windows\SYSTEM32\Wldp.dll
0x00007ffb8c2c0000 - 0x00007ffb8c36e000 	C:\Windows\System32\SHCORE.dll
0x00007ffb8b890000 - 0x00007ffb8b8e5000 	C:\Windows\System32\shlwapi.dll
0x00007ffb89c90000 - 0x00007ffb89caf000 	C:\Windows\SYSTEM32\profapi.dll
0x00007ffb6b110000 - 0x00007ffb6b129000 	C:\Program Files (x86)\Java\jdk-14.0.2\bin\net.dll
0x00007ffb82370000 - 0x00007ffb8247b000 	C:\Windows\SYSTEM32\WINHTTP.dll
0x00007ffb894d0000 - 0x00007ffb8953a000 	C:\Windows\system32\mswsock.dll
0x00007ffb6b0f0000 - 0x00007ffb6b102000 	C:\Program Files (x86)\Java\jdk-14.0.2\bin\nio.dll
0x00007ffb59370000 - 0x00007ffb59509000 	C:\Program Files (x86)\Java\jdk-14.0.2\bin\awt.dll
0x00007ffb8c130000 - 0x00007ffb8c1fd000 	C:\Windows\System32\OLEAUT32.dll
0x00007ffb876f0000 - 0x00007ffb87780000 	C:\Windows\SYSTEM32\apphelp.dll
0x00007ffb88a50000 - 0x00007ffb88a83000 	C:\Windows\SYSTEM32\ntmarta.dll
0x00007ffb87a70000 - 0x00007ffb87a9f000 	C:\Windows\system32\DWMAPI.DLL
0x00007ffb87990000 - 0x00007ffb87a2e000 	C:\Windows\system32\uxtheme.dll
0x00007ffb89a20000 - 0x00007ffb89a38000 	C:\Windows\SYSTEM32\CRYPTSP.dll
0x00007ffb6e040000 - 0x00007ffb6e166000 	C:\Windows\system32\opengl32.dll
0x00007ffb76d80000 - 0x00007ffb76dac000 	C:\Windows\SYSTEM32\GLU32.dll
0x00007ffb88e20000 - 0x00007ffb88e54000 	C:\Windows\system32\rsaenh.dll
0x00007ffb89fb0000 - 0x00007ffb89fd7000 	C:\Windows\System32\bcrypt.dll
0x00007ffb89c50000 - 0x00007ffb89c7e000 	C:\Windows\SYSTEM32\USERENV.dll
0x00007ffb89650000 - 0x00007ffb8965c000 	C:\Windows\SYSTEM32\CRYPTBASE.dll
0x00007ffb89190000 - 0x00007ffb891cb000 	C:\Windows\SYSTEM32\IPHLPAPI.DLL
0x00007ffb8c370000 - 0x00007ffb8c485000 	C:\Windows\System32\MSCTF.dll
0x00007ffb8c120000 - 0x00007ffb8c128000 	C:\Windows\System32\NSI.dll
0x00007ffb8a7f0000 - 0x00007ffb8a91a000 	C:\Windows\System32\ole32.dll
0x00007ffb83bf0000 - 0x00007ffb83c07000 	C:\Windows\SYSTEM32\dhcpcsvc6.DLL
0x00007ffb83bd0000 - 0x00007ffb83bed000 	C:\Windows\SYSTEM32\dhcpcsvc.DLL
0x00007ffb80500000 - 0x00007ffb806ce000 	C:\Windows\system32\d3d9.dll
0x00007ffb891d0000 - 0x00007ffb8929c000 	C:\Windows\SYSTEM32\DNSAPI.dll
0x00007ffb7aed0000 - 0x00007ffb7afd2000 	C:\Windows\System32\DriverStore\FileRepository\nv_dispi.inf_amd64_1c83a5d7cffd7bff\nvldumdx.dll
0x00007ffb89a70000 - 0x00007ffb89a82000 	C:\Windows\SYSTEM32\msasn1.dll
0x00007ffb84b80000 - 0x00007ffb84bb1000 	C:\Windows\SYSTEM32\cryptnet.dll
0x00007ffb89e50000 - 0x00007ffb89faf000 	C:\Windows\System32\CRYPT32.dll
0x00007ffb8a470000 - 0x00007ffb8a4d0000 	C:\Windows\System32\WINTRUST.DLL
0x00007ffb8b960000 - 0x00007ffb8b97d000 	C:\Windows\System32\imagehlp.dll
0x00007ffb326d0000 - 0x00007ffb340eb000 	C:\Windows\System32\DriverStore\FileRepository\nv_dispi.inf_amd64_1c83a5d7cffd7bff\nvd3dumx.dll
0x00007ffb709c0000 - 0x00007ffb70a02000 	C:\Users\John\AppData\Local\Temp\jna-2314539\jna1528687803165283398.dll
0x00007ffb75ca0000 - 0x00007ffb75cce000 	D:\Program Files\GitHub\Flyves\Boss-Battle\build\dll\RLBot_Core_Interface.dll
0x00007ffb5f530000 - 0x00007ffb5f7e7000 	C:\Windows\system32\nvspcap64.dll
0x00007ffb88620000 - 0x00007ffb88643000 	C:\Windows\SYSTEM32\gpapi.dll
0x00007ffb858e0000 - 0x00007ffb8591b000 	C:\Windows\SYSTEM32\dxcore.dll
0x00007ffb8a0a0000 - 0x00007ffb8a0ee000 	C:\Windows\System32\cfgmgr32.dll
0x00007ffb70930000 - 0x00007ffb709b2000 	C:\Program Files (x86)\Java\jdk-14.0.2\bin\freetype.dll
0x00007ffb6e850000 - 0x00007ffb6e8f6000 	C:\Program Files (x86)\Java\jdk-14.0.2\bin\fontmanager.dll
0x00007ffb7e0d0000 - 0x00007ffb7e1c9000 	C:\Windows\SYSTEM32\textinputframework.dll
0x00007ffb87490000 - 0x00007ffb87582000 	C:\Windows\System32\CoreMessaging.dll
0x00007ffb87130000 - 0x00007ffb8748e000 	C:\Windows\System32\CoreUIComponents.dll
0x00007ffb86fd0000 - 0x00007ffb87124000 	C:\Windows\SYSTEM32\wintypes.dll

dbghelp: loaded successfully - version: 4.0.5 - missing functions: none
symbol engine: initialized successfully - sym options: 0x614 - pdb path: .;C:\Program Files (x86)\Java\jdk-14.0.2\bin;C:\Windows\SYSTEM32;C:\Windows\WinSxS\amd64_microsoft.windows.common-controls_6595b64144ccf1df_6.0.19041.1052_none_60b8f8fd71f5e8cb;C:\Program Files (x86)\Java\jdk-14.0.2\bin\server;C:\Windows\System32\DriverStore\FileRepository\nv_dispi.inf_amd64_1c83a5d7cffd7bff;C:\Users\John\AppData\Local\Temp\jna-2314539;D:\Program Files\GitHub\Flyves\Boss-Battle\build\dll

VM Arguments:
jvm_args: -Dfile.encoding=windows-1252 -Duser.country=CA -Duser.language=fr -Duser.variant 
java_command: rlbotexample.JavaExample
java_class_path (initial): D:\Program Files\GitHub\Flyves\Boss-Battle\build\classes\java\main;D:\Program Files\GitHub\Flyves\Boss-Battle\build\resources\main;D:\Program Files\GitHub\Flyves\Boss-Battle\build\dll;C:\Users\John\.gradle\caches\modules-2\files-2.1\org.rlbot.commons\framework\1.11.0\107a09070a1232a0977f8cfaf439b6e06813211a\framework-1.11.0.jar;C:\Users\John\.gradle\caches\modules-2\files-2.1\net.java.dev.jna\jna-platform\4.5.1\117d52c9f672d8b7ea80a81464c33ef843de9254\jna-platform-4.5.1.jar;C:\Users\John\.gradle\caches\modules-2\files-2.1\net.java.dev.jna\jna\4.5.1\65bd0cacc9c79a21c6ed8e9f588577cd3c2f85b9\jna-4.5.1.jar;C:\Users\John\.gradle\caches\modules-2\files-2.1\net.sf.py4j\py4j\0.10.6\2204994fdaa4ba9c9e6f35fa3c700df454954cdf\py4j-0.10.6.jar;C:\Users\John\.gradle\caches\modules-2\files-2.1\com.github.davidmoten\flatbuffers-java\1.9.0.1\eaa1b27095bb5127879458bc2ee1b78e00d4a20\flatbuffers-java-1.9.0.1.jar
Launcher Type: SUN_STANDARD

[Global flags]
     intx CICompilerCount                          = 3                                         {product} {ergonomic}
     uint ConcGCThreads                            = 2                                         {product} {ergonomic}
     uint G1ConcRefinementThreads                  = 6                                         {product} {ergonomic}
   size_t G1HeapRegionSize                         = 1048576                                   {product} {ergonomic}
    uintx GCDrainStackTargetSize                   = 64                                        {product} {ergonomic}
   size_t InitialHeapSize                          = 268435456                                 {product} {ergonomic}
   size_t MarkStackSize                            = 4194304                                   {product} {ergonomic}
   size_t MaxHeapSize                              = 4280287232                                {product} {ergonomic}
   size_t MaxNewSize                               = 2567962624                                {product} {ergonomic}
   size_t MinHeapDeltaBytes                        = 1048576                                   {product} {ergonomic}
   size_t MinHeapSize                              = 8388608                                   {product} {ergonomic}
    uintx NonNMethodCodeHeapSize                   = 5832780                                {pd product} {ergonomic}
    uintx NonProfiledCodeHeapSize                  = 122912730                              {pd product} {ergonomic}
    uintx ProfiledCodeHeapSize                     = 122912730                              {pd product} {ergonomic}
    uintx ReservedCodeCacheSize                    = 251658240                              {pd product} {ergonomic}
     bool SegmentedCodeCache                       = true                                      {product} {ergonomic}
   size_t SoftMaxHeapSize                          = 4280287232                             {manageable} {ergonomic}
     bool UseCompressedClassPointers               = true                                 {lp64_product} {ergonomic}
     bool UseCompressedOops                        = true                                 {lp64_product} {ergonomic}
     bool UseG1GC                                  = true                                      {product} {ergonomic}
     bool UseLargePagesIndividualAllocation        = false                                  {pd product} {ergonomic}

Logging:
Log output configuration:
 #0: stdout all=warning uptime,level,tags
 #1: stderr all=off uptime,level,tags

Environment Variables:
JAVA_HOME=C:\Program Files (x86)\Java\jdk-14.0.2\jdk-14.0.2
PATH=C:\Program Files (x86)\Common Files\Oracle\Java\javapath;C:\Windows\system32;C:\Windows;C:\Windows\System32\Wbem;C:\Windows\System32\WindowsPowerShell\v1.0\;C:\Windows\System32\OpenSSH\;C:\Program Files (x86)\NVIDIA Corporation\PhysX\Common;C:\Program Files\NVIDIA Corporation\NVIDIA NvDLISR;C:\Program Files\Git\cmd;C:\Program Files (x86)\Java\jdk-14.0.2\jdk-14.0.2\bin;C:\Program Files\dotnet\;C:\Program Files\Microsoft SQL Server\130\Tools\Binn\;C:\Program Files\Microsoft SQL Server\Client SDK\ODBC\170\Tools\Binn\;C:\Program Files\Docker\Docker\resources\bin;C:\ProgramData\DockerDesktop\version-bin;C:\Program Files\apache-maven-3.6.3\bin;C:\Program Files\PuTTY\;C:\Users\John\AppData\Local\Programs\Python\Launcher\;C:\Users\John\AppData\Local\Microsoft\WindowsApps;C:\Program Files\JetBrains\IntelliJ IDEA Community Edition 2020.1.4\bin;;C:\Users\John\.dotnet\tools;C:\Users\John\AppData\Local\GitHubDesktop\bin;C:\Program Files (x86)\FAHClient;C:\Users\John\AppData\Local\Programs\Microsoft VS Code\bin;C:\Program Files (x86)\Arduino\arduino-cli;D:\Program Files\7-Zip;
USERNAME=John
OS=Windows_NT
PROCESSOR_IDENTIFIER=Intel64 Family 6 Model 158 Stepping 10, GenuineIntel



---------------  S Y S T E M  ---------------

OS: Windows 10 , 64 bit Build 19041 (10.0.19041.1023)
OS uptime: 13 days 10:09 hours
HyperV virtualization detected

CPU:total 6 (initial active 6) (6 cores per cpu, 1 threads per core) family 6 model 158 stepping 10, cmov, cx8, fxsr, mmx, sse, sse2, sse3, ssse3, sse4.1, sse4.2, popcnt, avx, avx2, aes, clmul, erms, rtm, 3dnowpref, lzcnt, tsc, tscinvbit, bmi1, bmi2, adx, fma

Memory: 4k page, system-wide physical 16325M (2264M free)
TotalPageFile size 65477M (AvailPageFile size 11M)
current process WorkingSet (physical memory assigned to process): 263M, peak: 263M
current process commit charge ("private bytes"): 413M, peak: 417M

vm_info: Java HotSpot(TM) 64-Bit Server VM (14.0.2+12-46) for windows-amd64 JRE (14.0.2+12-46), built on Jul  9 2020 00:35:52 by "mach5one" with MS VC++ 15.9 (VS2017)

END.
