#
# There is insufficient memory for the Java Runtime Environment to continue.
# Native memory allocation (malloc) failed to allocate 750416 bytes for Chunk::new
# Possible reasons:
#   The system is out of physical RAM or swap space
#   The process is running with CompressedOops enabled, and the Java Heap may be blocking the growth of the native heap
# Possible solutions:
#   Reduce memory load on the system
#   Increase physical memory or swap space
#   Check if swap backing store is full
#   Decrease Java heap size (-Xmx/-Xms)
#   Decrease number of Java threads
#   Decrease Java thread stack sizes (-Xss)
#   Set larger code cache with -XX:ReservedCodeCacheSize=
#   JVM is running with Zero Based Compressed Oops mode in which the Java heap is
#     placed in the first 32GB address space. The Java Heap base address is the
#     maximum limit for the native heap growth. Please use -XX:HeapBaseMinAddress
#     to set the Java Heap base and to place the Java Heap above 32GB virtual address.
# This output file may be truncated or incomplete.
#
#  Out of Memory Error (./open/src/hotspot/share/memory/arena.cpp:195), pid=15852, tid=4928
#
# JRE version: Java(TM) SE Runtime Environment (14.0.2+12) (build 14.0.2+12-46)
# Java VM: Java HotSpot(TM) 64-Bit Server VM (14.0.2+12-46, mixed mode, sharing, tiered, compressed oops, g1 gc, windows-amd64)
# No core dump will be written. Minidumps are not enabled by default on client versions of Windows
#

---------------  S U M M A R Y ------------

Command Line: -Dfile.encoding=windows-1252 -Duser.country=CA -Duser.language=fr -Duser.variant rlbotexample.JavaExample

Host: Intel(R) Core(TM) i5-8600K CPU @ 3.60GHz, 6 cores, 15G,  Windows 10 , 64 bit Build 19041 (10.0.19041.1023)
Time: Tue Jun 29 22:47:54 2021 Est (É.-U. - heure d’été) elapsed time: 37 seconds (0d 0h 0m 37s)

---------------  T H R E A D  ---------------

Current thread (0x00000256ffe81000):  JavaThread "C2 CompilerThread0" daemon [_thread_in_native, id=4928, stack(0x000000e39e600000,0x000000e39e700000)]


Current CompileTask:
C2:  37202 2781       4       java.text.DecimalFormatSymbols::getInstance (37 bytes)

Stack: [0x000000e39e600000,0x000000e39e700000]
Native frames: (J=compiled Java code, j=interpreted, Vv=VM code, C=native code)
V  [jvm.dll+0x5f8a9a]
V  [jvm.dll+0x74247a]
V  [jvm.dll+0x743c2f]
V  [jvm.dll+0x744273]
V  [jvm.dll+0x20d288]
V  [jvm.dll+0xabb07]
V  [jvm.dll+0xac1fc]
V  [jvm.dll+0x276db4]
V  [jvm.dll+0x50cffa]
V  [jvm.dll+0x1ee036]
V  [jvm.dll+0x1e77c9]
V  [jvm.dll+0x1e4f98]
V  [jvm.dll+0x1779cc]
V  [jvm.dll+0x1f4105]
V  [jvm.dll+0x1f22eb]
V  [jvm.dll+0x7070cd]
V  [jvm.dll+0x6ffeda]
V  [jvm.dll+0x5f78f6]
C  [ucrtbase.dll+0x21bb2]
C  [KERNEL32.DLL+0x17034]
C  [ntdll.dll+0x52651]


---------------  P R O C E S S  ---------------

Threads class SMR info:
_java_thread_list=0x00000256a76ab510, length=76, elements={
0x00000256ffe5f800, 0x00000256ffe61800, 0x00000256ffe7b000, 0x00000256ffe7e000,
0x00000256ffe7f000, 0x00000256ffe81000, 0x00000256ffe87000, 0x000002569df8d000,
0x000002569e05b000, 0x000002569e060800, 0x000002569e0a4000, 0x000002569e43d800,
0x000002569e45d000, 0x000002569e46d000, 0x00000256a6249000, 0x00000256a62f6000,
0x00000256f9b5b800, 0x000002569ebfe000, 0x00000256a66b7000, 0x00000256a66ba800,
0x00000256a66b5800, 0x00000256a66b9800, 0x00000256a66bb000, 0x00000256a66bc000,
0x00000256a66b6800, 0x00000256a66b8000, 0x00000256a66b8800, 0x00000256a7ab6000,
0x00000256a7ab5800, 0x00000256a7ab8800, 0x00000256a7abc000, 0x00000256a7abc800,
0x00000256a7ab9800, 0x00000256a7abb000, 0x00000256a7ab7800, 0x00000256a7ab7000,
0x00000256a7abf000, 0x00000256a7abd800, 0x00000256a7abe800, 0x00000256a7ac0000,
0x00000256a7aba000, 0x00000256a7ac1800, 0x00000256a7ac0800, 0x00000256a7ac2800,
0x00000256a7ac3000, 0x00000256a7ac4000, 0x00000256a70a0800, 0x00000256a70a5800,
0x00000256a70a3000, 0x00000256a70a1000, 0x00000256a70a2000, 0x00000256a70a3800,
0x00000256a70a4800, 0x00000256a709f800, 0x00000256a70a6000, 0x00000256a70a9800,
0x00000256a70ac800, 0x00000256a70ac000, 0x00000256a70aa000, 0x00000256a70a8800,
0x00000256a70ab000, 0x00000256a70a7000, 0x00000256a70ad800, 0x00000256a70a7800,
0x00000256a70ae000, 0x00000256a8592000, 0x00000256a8595000, 0x00000256a8596000,
0x00000256a8590800, 0x00000256a8597000, 0x00000256a8593800, 0x00000256a8591000,
0x00000256a8597800, 0x00000256a8598800, 0x00000256a8592800, 0x00000256a8599800
}

Java Threads: ( => current thread )
  0x00000256ffe5f800 JavaThread "Reference Handler" daemon [_thread_blocked, id=16632, stack(0x000000e39e100000,0x000000e39e200000)]
  0x00000256ffe61800 JavaThread "Finalizer" daemon [_thread_blocked, id=25640, stack(0x000000e39e200000,0x000000e39e300000)]
  0x00000256ffe7b000 JavaThread "Signal Dispatcher" daemon [_thread_blocked, id=13236, stack(0x000000e39e300000,0x000000e39e400000)]
  0x00000256ffe7e000 JavaThread "Attach Listener" daemon [_thread_blocked, id=23520, stack(0x000000e39e400000,0x000000e39e500000)]
  0x00000256ffe7f000 JavaThread "Service Thread" daemon [_thread_blocked, id=14684, stack(0x000000e39e500000,0x000000e39e600000)]
=>0x00000256ffe81000 JavaThread "C2 CompilerThread0" daemon [_thread_in_native, id=4928, stack(0x000000e39e600000,0x000000e39e700000)]
  0x00000256ffe87000 JavaThread "C1 CompilerThread0" daemon [_thread_blocked, id=22624, stack(0x000000e39e700000,0x000000e39e800000)]
  0x000002569df8d000 JavaThread "Sweeper thread" daemon [_thread_blocked, id=26096, stack(0x000000e39e800000,0x000000e39e900000)]
  0x000002569e05b000 JavaThread "Notification Thread" daemon [_thread_blocked, id=24076, stack(0x000000e39e900000,0x000000e39ea00000)]
  0x000002569e060800 JavaThread "Common-Cleaner" daemon [_thread_blocked, id=23144, stack(0x000000e39eb00000,0x000000e39ec00000)]
  0x000002569e0a4000 JavaThread "Thread-0" [_thread_in_native, id=21824, stack(0x000000e39ec00000,0x000000e39ed00000)]
  0x000002569e43d800 JavaThread "Java2D Disposer" daemon [_thread_blocked, id=8024, stack(0x000000e39ed00000,0x000000e39ee00000)]
  0x000002569e45d000 JavaThread "AWT-Shutdown" [_thread_blocked, id=16868, stack(0x000000e39ee00000,0x000000e39ef00000)]
  0x000002569e46d000 JavaThread "AWT-Windows" daemon [_thread_in_native, id=2460, stack(0x000000e39ef00000,0x000000e39f000000)]
  0x00000256a6249000 JavaThread "AWT-EventQueue-0" [_thread_blocked, id=18516, stack(0x000000e39f300000,0x000000e39f400000)]
  0x00000256a62f6000 JavaThread "TimerQueue" daemon [_thread_blocked, id=20488, stack(0x000000e39f500000,0x000000e39f600000)]
  0x00000256f9b5b800 JavaThread "DestroyJavaVM" [_thread_blocked, id=8452, stack(0x000000e39da00000,0x000000e39db00000)]
  0x000002569ebfe000 JavaThread "D3D Screen Updater" daemon [_thread_blocked, id=5444, stack(0x000000e39f600000,0x000000e39f700000)]
  0x00000256a66b7000 JavaThread "Thread-1" [_thread_in_native, id=13936, stack(0x000000e39f700000,0x000000e39f800000)]
  0x00000256a66ba800 JavaThread "Thread-2" [_thread_blocked, id=19756, stack(0x000000e39f800000,0x000000e39f900000)]
  0x00000256a66b5800 JavaThread "Thread-3" [_thread_blocked, id=16604, stack(0x000000e39fa00000,0x000000e39fb00000)]
  0x00000256a66b9800 JavaThread "Thread-4" [_thread_blocked, id=9928, stack(0x000000e39fb00000,0x000000e39fc00000)]
  0x00000256a66bb000 JavaThread "Thread-5" [_thread_blocked, id=7972, stack(0x000000e39fc00000,0x000000e39fd00000)]
  0x00000256a66bc000 JavaThread "Thread-6" [_thread_blocked, id=20908, stack(0x000000e3a0300000,0x000000e3a0400000)]
  0x00000256a66b6800 JavaThread "Thread-7" [_thread_blocked, id=1656, stack(0x000000e3a0400000,0x000000e3a0500000)]
  0x00000256a66b8000 JavaThread "Thread-8" [_thread_blocked, id=12356, stack(0x000000e3a0500000,0x000000e3a0600000)]
  0x00000256a66b8800 JavaThread "Thread-9" [_thread_blocked, id=18600, stack(0x000000e3a0600000,0x000000e3a0700000)]
  0x00000256a7ab6000 JavaThread "Thread-10" [_thread_blocked, id=23044, stack(0x000000e3a0700000,0x000000e3a0800000)]
  0x00000256a7ab5800 JavaThread "Thread-11" [_thread_blocked, id=22008, stack(0x000000e3a0800000,0x000000e3a0900000)]
  0x00000256a7ab8800 JavaThread "Thread-12" [_thread_blocked, id=9412, stack(0x000000e3a0900000,0x000000e3a0a00000)]
  0x00000256a7abc000 JavaThread "Thread-13" [_thread_blocked, id=18576, stack(0x000000e3a0a00000,0x000000e3a0b00000)]
  0x00000256a7abc800 JavaThread "Thread-14" [_thread_blocked, id=11184, stack(0x000000e3a0b00000,0x000000e3a0c00000)]
  0x00000256a7ab9800 JavaThread "Thread-15" [_thread_blocked, id=23476, stack(0x000000e39f200000,0x000000e39f300000)]
  0x00000256a7abb000 JavaThread "Thread-16" [_thread_blocked, id=2960, stack(0x000000e3a0c00000,0x000000e3a0d00000)]
  0x00000256a7ab7800 JavaThread "Thread-17" [_thread_blocked, id=976, stack(0x000000e3a0d00000,0x000000e3a0e00000)]
  0x00000256a7ab7000 JavaThread "Thread-18" [_thread_blocked, id=26328, stack(0x000000e3a0e00000,0x000000e3a0f00000)]
  0x00000256a7abf000 JavaThread "Thread-19" [_thread_blocked, id=24668, stack(0x000000e3a0f00000,0x000000e3a1000000)]
  0x00000256a7abd800 JavaThread "Thread-20" [_thread_blocked, id=12984, stack(0x000000e3a1000000,0x000000e3a1100000)]
  0x00000256a7abe800 JavaThread "Thread-21" [_thread_blocked, id=21508, stack(0x000000e3a1100000,0x000000e3a1200000)]
  0x00000256a7ac0000 JavaThread "Thread-22" [_thread_blocked, id=4860, stack(0x000000e39fd00000,0x000000e39fe00000)]
  0x00000256a7aba000 JavaThread "Thread-23" [_thread_blocked, id=10084, stack(0x000000e3a1400000,0x000000e3a1500000)]
  0x00000256a7ac1800 JavaThread "Thread-24" [_thread_blocked, id=22840, stack(0x000000e3a1500000,0x000000e3a1600000)]
  0x00000256a7ac0800 JavaThread "Thread-25" [_thread_blocked, id=26476, stack(0x000000e3a1600000,0x000000e3a1700000)]
  0x00000256a7ac2800 JavaThread "Thread-26" [_thread_blocked, id=24496, stack(0x000000e3a1700000,0x000000e3a1800000)]
  0x00000256a7ac3000 JavaThread "Thread-27" [_thread_blocked, id=5880, stack(0x000000e3a1800000,0x000000e3a1900000)]
  0x00000256a7ac4000 JavaThread "Thread-28" [_thread_blocked, id=10416, stack(0x000000e3a1900000,0x000000e3a1a00000)]
  0x00000256a70a0800 JavaThread "Thread-29" [_thread_blocked, id=19720, stack(0x000000e3a1a00000,0x000000e3a1b00000)]
  0x00000256a70a5800 JavaThread "Thread-30" [_thread_blocked, id=25440, stack(0x000000e3a1b00000,0x000000e3a1c00000)]
  0x00000256a70a3000 JavaThread "Thread-31" [_thread_blocked, id=17936, stack(0x000000e3a1c00000,0x000000e3a1d00000)]
  0x00000256a70a1000 JavaThread "Thread-32" [_thread_blocked, id=12400, stack(0x000000e3a1d00000,0x000000e3a1e00000)]
  0x00000256a70a2000 JavaThread "Thread-33" [_thread_blocked, id=23344, stack(0x000000e3a1e00000,0x000000e3a1f00000)]
  0x00000256a70a3800 JavaThread "Thread-34" [_thread_blocked, id=9904, stack(0x000000e3a1f00000,0x000000e3a2000000)]
  0x00000256a70a4800 JavaThread "Thread-35" [_thread_blocked, id=4292, stack(0x000000e3a2000000,0x000000e3a2100000)]
  0x00000256a709f800 JavaThread "Thread-36" [_thread_blocked, id=25888, stack(0x000000e3a2100000,0x000000e3a2200000)]
  0x00000256a70a6000 JavaThread "Thread-37" [_thread_blocked, id=17588, stack(0x000000e3a2200000,0x000000e3a2300000)]
  0x00000256a70a9800 JavaThread "Thread-38" [_thread_blocked, id=2644, stack(0x000000e3a2300000,0x000000e3a2400000)]
  0x00000256a70ac800 JavaThread "Thread-39" [_thread_blocked, id=24872, stack(0x000000e3a2400000,0x000000e3a2500000)]
  0x00000256a70ac000 JavaThread "Thread-40" [_thread_blocked, id=23020, stack(0x000000e3a2500000,0x000000e3a2600000)]
  0x00000256a70aa000 JavaThread "Thread-41" [_thread_blocked, id=20476, stack(0x000000e3a2600000,0x000000e3a2700000)]
  0x00000256a70a8800 JavaThread "Thread-42" [_thread_blocked, id=1392, stack(0x000000e3a2700000,0x000000e3a2800000)]
  0x00000256a70ab000 JavaThread "Thread-43" [_thread_blocked, id=6256, stack(0x000000e3a2800000,0x000000e3a2900000)]
  0x00000256a70a7000 JavaThread "Thread-44" [_thread_blocked, id=12592, stack(0x000000e3a2900000,0x000000e3a2a00000)]
  0x00000256a70ad800 JavaThread "Thread-45" [_thread_blocked, id=14472, stack(0x000000e3a2a00000,0x000000e3a2b00000)]
  0x00000256a70a7800 JavaThread "Thread-46" [_thread_blocked, id=1720, stack(0x000000e3a2b00000,0x000000e3a2c00000)]
  0x00000256a70ae000 JavaThread "Thread-47" [_thread_blocked, id=16660, stack(0x000000e3a2c00000,0x000000e3a2d00000)]
  0x00000256a8592000 JavaThread "Thread-48" [_thread_blocked, id=15140, stack(0x000000e3a2d00000,0x000000e3a2e00000)]
  0x00000256a8595000 JavaThread "Thread-49" [_thread_blocked, id=26080, stack(0x000000e3a2e00000,0x000000e3a2f00000)]
  0x00000256a8596000 JavaThread "Thread-50" [_thread_blocked, id=21804, stack(0x000000e3a2f00000,0x000000e3a3000000)]
  0x00000256a8590800 JavaThread "Thread-51" [_thread_blocked, id=18204, stack(0x000000e3a3000000,0x000000e3a3100000)]
  0x00000256a8597000 JavaThread "Thread-52" [_thread_blocked, id=20360, stack(0x000000e39d700000,0x000000e39d800000)]
  0x00000256a8593800 JavaThread "Thread-53" [_thread_blocked, id=20460, stack(0x000000e3a3200000,0x000000e3a3300000)]
  0x00000256a8591000 JavaThread "Thread-54" [_thread_blocked, id=19940, stack(0x000000e3a3300000,0x000000e3a3400000)]
  0x00000256a8597800 JavaThread "Thread-55" [_thread_blocked, id=20864, stack(0x000000e3a3400000,0x000000e3a3500000)]
  0x00000256a8598800 JavaThread "Thread-56" [_thread_blocked, id=10904, stack(0x000000e3a3500000,0x000000e3a3600000)]
  0x00000256a8592800 JavaThread "Thread-57" [_thread_blocked, id=9800, stack(0x000000e3a3600000,0x000000e3a3700000)]
  0x00000256a8599800 JavaThread "Thread-58" [_thread_blocked, id=22416, stack(0x000000e3a3700000,0x000000e3a3800000)]

Other Threads:
  0x00000256ffe5b000 VMThread "VM Thread" [stack: 0x000000e39e000000,0x000000e39e100000] [id=16024]
  0x000002569e05f800 WatcherThread [stack: 0x000000e39ea00000,0x000000e39eb00000] [id=14380]
  0x00000256f9bc4000 GCTaskThread "GC Thread#0" [stack: 0x000000e39db00000,0x000000e39dc00000] [id=7860]
  0x00000256a6dc3800 GCTaskThread "GC Thread#1" [stack: 0x000000e39fe00000,0x000000e39ff00000] [id=17884]
  0x00000256a6a1f800 GCTaskThread "GC Thread#2" [stack: 0x000000e39ff00000,0x000000e3a0000000] [id=8204]
  0x00000256a6a38800 GCTaskThread "GC Thread#3" [stack: 0x000000e3a0000000,0x000000e3a0100000] [id=25444]
  0x00000256a6a39800 GCTaskThread "GC Thread#4" [stack: 0x000000e3a0100000,0x000000e3a0200000] [id=13600]
  0x00000256a6aa2800 GCTaskThread "GC Thread#5" [stack: 0x000000e3a0200000,0x000000e3a0300000] [id=20400]
  0x00000256f9be6800 ConcurrentGCThread "G1 Main Marker" [stack: 0x000000e39dc00000,0x000000e39dd00000] [id=8692]
  0x00000256f9be7800 ConcurrentGCThread "G1 Conc#0" [stack: 0x000000e39dd00000,0x000000e39de00000] [id=19488]
  0x00000256ffd4b800 ConcurrentGCThread "G1 Refine#0" [stack: 0x000000e39de00000,0x000000e39df00000] [id=24676]
  0x00000256ffd4e000 ConcurrentGCThread "G1 Young RemSet Sampling" [stack: 0x000000e39df00000,0x000000e39e000000] [id=18176]

Threads with active compile tasks:
C2 CompilerThread0    37904 2781       4       java.text.DecimalFormatSymbols::getInstance (37 bytes)

VM state:not at safepoint (normal execution)

VM Mutex/Monitor currently owned by a thread: None

Heap address: 0x0000000700e00000, size: 4082 MB, Compressed Oops mode: Zero based, Oop shift amount: 3
Narrow klass base: 0x0000000800000000, Narrow klass shift: 3
Compressed class space size: 1073741824 Address: 0x0000000800b30000

Heap:
 garbage-first heap   total 262144K, used 96789K [0x0000000700e00000, 0x0000000800000000)
  region size 1024K, 92 young (94208K), 1 survivors (1024K)
 Metaspace       used 10924K, capacity 11284K, committed 11392K, reserved 1058816K
  class space    used 1139K, capacity 1301K, committed 1408K, reserved 1048576K
Heap Regions: E=young(eden), S=young(survivor), O=old, HS=humongous(starts), HC=humongous(continues), CS=collection set, F=free, OA=open archive, CA=closed archive, TAMS=top-at-mark-start (previous, next)
|   0|0x0000000700e00000, 0x0000000700f00000, 0x0000000700f00000|100%| O|  |TAMS 0x0000000700e00000, 0x0000000700e00000| Untracked 
|   1|0x0000000700f00000, 0x0000000701000000, 0x0000000701000000|100%| O|  |TAMS 0x0000000700f00000, 0x0000000700f00000| Untracked 
|   2|0x0000000701000000, 0x0000000701100000, 0x0000000701100000|100%| O|  |TAMS 0x0000000701000000, 0x0000000701000000| Untracked 
|   3|0x0000000701100000, 0x0000000701200000, 0x0000000701200000|100%| O|  |TAMS 0x0000000701100000, 0x0000000701100000| Untracked 
|   4|0x0000000701200000, 0x00000007012c4800, 0x0000000701300000| 76%| O|  |TAMS 0x0000000701200000, 0x0000000701200000| Untracked 
|   5|0x0000000701300000, 0x0000000701300000, 0x0000000701400000|  0%| F|  |TAMS 0x0000000701300000, 0x0000000701300000| Untracked 
|   6|0x0000000701400000, 0x0000000701400000, 0x0000000701500000|  0%| F|  |TAMS 0x0000000701400000, 0x0000000701400000| Untracked 
|   7|0x0000000701500000, 0x0000000701500000, 0x0000000701600000|  0%| F|  |TAMS 0x0000000701500000, 0x0000000701500000| Untracked 
|   8|0x0000000701600000, 0x0000000701600000, 0x0000000701700000|  0%| F|  |TAMS 0x0000000701600000, 0x0000000701600000| Untracked 
|   9|0x0000000701700000, 0x0000000701700000, 0x0000000701800000|  0%| F|  |TAMS 0x0000000701700000, 0x0000000701700000| Untracked 
|  10|0x0000000701800000, 0x0000000701800000, 0x0000000701900000|  0%| F|  |TAMS 0x0000000701800000, 0x0000000701800000| Untracked 
|  11|0x0000000701900000, 0x0000000701900000, 0x0000000701a00000|  0%| F|  |TAMS 0x0000000701900000, 0x0000000701900000| Untracked 
|  12|0x0000000701a00000, 0x0000000701a00000, 0x0000000701b00000|  0%| F|  |TAMS 0x0000000701a00000, 0x0000000701a00000| Untracked 
|  13|0x0000000701b00000, 0x0000000701b00000, 0x0000000701c00000|  0%| F|  |TAMS 0x0000000701b00000, 0x0000000701b00000| Untracked 
|  14|0x0000000701c00000, 0x0000000701c00000, 0x0000000701d00000|  0%| F|  |TAMS 0x0000000701c00000, 0x0000000701c00000| Untracked 
|  15|0x0000000701d00000, 0x0000000701d00000, 0x0000000701e00000|  0%| F|  |TAMS 0x0000000701d00000, 0x0000000701d00000| Untracked 
|  16|0x0000000701e00000, 0x0000000701e00000, 0x0000000701f00000|  0%| F|  |TAMS 0x0000000701e00000, 0x0000000701e00000| Untracked 
|  17|0x0000000701f00000, 0x0000000701f00000, 0x0000000702000000|  0%| F|  |TAMS 0x0000000701f00000, 0x0000000701f00000| Untracked 
|  18|0x0000000702000000, 0x0000000702000000, 0x0000000702100000|  0%| F|  |TAMS 0x0000000702000000, 0x0000000702000000| Untracked 
|  19|0x0000000702100000, 0x0000000702100000, 0x0000000702200000|  0%| F|  |TAMS 0x0000000702100000, 0x0000000702100000| Untracked 
|  20|0x0000000702200000, 0x0000000702200000, 0x0000000702300000|  0%| F|  |TAMS 0x0000000702200000, 0x0000000702200000| Untracked 
|  21|0x0000000702300000, 0x0000000702300000, 0x0000000702400000|  0%| F|  |TAMS 0x0000000702300000, 0x0000000702300000| Untracked 
|  22|0x0000000702400000, 0x0000000702400000, 0x0000000702500000|  0%| F|  |TAMS 0x0000000702400000, 0x0000000702400000| Untracked 
|  23|0x0000000702500000, 0x0000000702500000, 0x0000000702600000|  0%| F|  |TAMS 0x0000000702500000, 0x0000000702500000| Untracked 
|  24|0x0000000702600000, 0x0000000702600000, 0x0000000702700000|  0%| F|  |TAMS 0x0000000702600000, 0x0000000702600000| Untracked 
|  25|0x0000000702700000, 0x0000000702700000, 0x0000000702800000|  0%| F|  |TAMS 0x0000000702700000, 0x0000000702700000| Untracked 
|  26|0x0000000702800000, 0x0000000702800000, 0x0000000702900000|  0%| F|  |TAMS 0x0000000702800000, 0x0000000702800000| Untracked 
|  27|0x0000000702900000, 0x0000000702900000, 0x0000000702a00000|  0%| F|  |TAMS 0x0000000702900000, 0x0000000702900000| Untracked 
|  28|0x0000000702a00000, 0x0000000702a00000, 0x0000000702b00000|  0%| F|  |TAMS 0x0000000702a00000, 0x0000000702a00000| Untracked 
|  29|0x0000000702b00000, 0x0000000702b00000, 0x0000000702c00000|  0%| F|  |TAMS 0x0000000702b00000, 0x0000000702b00000| Untracked 
|  30|0x0000000702c00000, 0x0000000702c00000, 0x0000000702d00000|  0%| F|  |TAMS 0x0000000702c00000, 0x0000000702c00000| Untracked 
|  31|0x0000000702d00000, 0x0000000702d00000, 0x0000000702e00000|  0%| F|  |TAMS 0x0000000702d00000, 0x0000000702d00000| Untracked 
|  32|0x0000000702e00000, 0x0000000702e00000, 0x0000000702f00000|  0%| F|  |TAMS 0x0000000702e00000, 0x0000000702e00000| Untracked 
|  33|0x0000000702f00000, 0x0000000702f00000, 0x0000000703000000|  0%| F|  |TAMS 0x0000000702f00000, 0x0000000702f00000| Untracked 
|  34|0x0000000703000000, 0x0000000703000000, 0x0000000703100000|  0%| F|  |TAMS 0x0000000703000000, 0x0000000703000000| Untracked 
|  35|0x0000000703100000, 0x0000000703100000, 0x0000000703200000|  0%| F|  |TAMS 0x0000000703100000, 0x0000000703100000| Untracked 
|  36|0x0000000703200000, 0x0000000703200000, 0x0000000703300000|  0%| F|  |TAMS 0x0000000703200000, 0x0000000703200000| Untracked 
|  37|0x0000000703300000, 0x0000000703300000, 0x0000000703400000|  0%| F|  |TAMS 0x0000000703300000, 0x0000000703300000| Untracked 
|  38|0x0000000703400000, 0x0000000703400000, 0x0000000703500000|  0%| F|  |TAMS 0x0000000703400000, 0x0000000703400000| Untracked 
|  39|0x0000000703500000, 0x0000000703500000, 0x0000000703600000|  0%| F|  |TAMS 0x0000000703500000, 0x0000000703500000| Untracked 
|  40|0x0000000703600000, 0x0000000703600000, 0x0000000703700000|  0%| F|  |TAMS 0x0000000703600000, 0x0000000703600000| Untracked 
|  41|0x0000000703700000, 0x0000000703700000, 0x0000000703800000|  0%| F|  |TAMS 0x0000000703700000, 0x0000000703700000| Untracked 
|  42|0x0000000703800000, 0x0000000703800000, 0x0000000703900000|  0%| F|  |TAMS 0x0000000703800000, 0x0000000703800000| Untracked 
|  43|0x0000000703900000, 0x0000000703900000, 0x0000000703a00000|  0%| F|  |TAMS 0x0000000703900000, 0x0000000703900000| Untracked 
|  44|0x0000000703a00000, 0x0000000703a00000, 0x0000000703b00000|  0%| F|  |TAMS 0x0000000703a00000, 0x0000000703a00000| Untracked 
|  45|0x0000000703b00000, 0x0000000703b00000, 0x0000000703c00000|  0%| F|  |TAMS 0x0000000703b00000, 0x0000000703b00000| Untracked 
|  46|0x0000000703c00000, 0x0000000703c00000, 0x0000000703d00000|  0%| F|  |TAMS 0x0000000703c00000, 0x0000000703c00000| Untracked 
|  47|0x0000000703d00000, 0x0000000703d00000, 0x0000000703e00000|  0%| F|  |TAMS 0x0000000703d00000, 0x0000000703d00000| Untracked 
|  48|0x0000000703e00000, 0x0000000703e00000, 0x0000000703f00000|  0%| F|  |TAMS 0x0000000703e00000, 0x0000000703e00000| Untracked 
|  49|0x0000000703f00000, 0x0000000703f00000, 0x0000000704000000|  0%| F|  |TAMS 0x0000000703f00000, 0x0000000703f00000| Untracked 
|  50|0x0000000704000000, 0x0000000704000000, 0x0000000704100000|  0%| F|  |TAMS 0x0000000704000000, 0x0000000704000000| Untracked 
|  51|0x0000000704100000, 0x0000000704100000, 0x0000000704200000|  0%| F|  |TAMS 0x0000000704100000, 0x0000000704100000| Untracked 
|  52|0x0000000704200000, 0x0000000704200000, 0x0000000704300000|  0%| F|  |TAMS 0x0000000704200000, 0x0000000704200000| Untracked 
|  53|0x0000000704300000, 0x0000000704300000, 0x0000000704400000|  0%| F|  |TAMS 0x0000000704300000, 0x0000000704300000| Untracked 
|  54|0x0000000704400000, 0x0000000704400000, 0x0000000704500000|  0%| F|  |TAMS 0x0000000704400000, 0x0000000704400000| Untracked 
|  55|0x0000000704500000, 0x0000000704500000, 0x0000000704600000|  0%| F|  |TAMS 0x0000000704500000, 0x0000000704500000| Untracked 
|  56|0x0000000704600000, 0x0000000704600000, 0x0000000704700000|  0%| F|  |TAMS 0x0000000704600000, 0x0000000704600000| Untracked 
|  57|0x0000000704700000, 0x0000000704700000, 0x0000000704800000|  0%| F|  |TAMS 0x0000000704700000, 0x0000000704700000| Untracked 
|  58|0x0000000704800000, 0x0000000704800000, 0x0000000704900000|  0%| F|  |TAMS 0x0000000704800000, 0x0000000704800000| Untracked 
|  59|0x0000000704900000, 0x0000000704900000, 0x0000000704a00000|  0%| F|  |TAMS 0x0000000704900000, 0x0000000704900000| Untracked 
|  60|0x0000000704a00000, 0x0000000704a00000, 0x0000000704b00000|  0%| F|  |TAMS 0x0000000704a00000, 0x0000000704a00000| Untracked 
|  61|0x0000000704b00000, 0x0000000704b00000, 0x0000000704c00000|  0%| F|  |TAMS 0x0000000704b00000, 0x0000000704b00000| Untracked 
|  62|0x0000000704c00000, 0x0000000704c00000, 0x0000000704d00000|  0%| F|  |TAMS 0x0000000704c00000, 0x0000000704c00000| Untracked 
|  63|0x0000000704d00000, 0x0000000704d00000, 0x0000000704e00000|  0%| F|  |TAMS 0x0000000704d00000, 0x0000000704d00000| Untracked 
|  64|0x0000000704e00000, 0x0000000704e00000, 0x0000000704f00000|  0%| F|  |TAMS 0x0000000704e00000, 0x0000000704e00000| Untracked 
|  65|0x0000000704f00000, 0x0000000704f00000, 0x0000000705000000|  0%| F|  |TAMS 0x0000000704f00000, 0x0000000704f00000| Untracked 
|  66|0x0000000705000000, 0x0000000705000000, 0x0000000705100000|  0%| F|  |TAMS 0x0000000705000000, 0x0000000705000000| Untracked 
|  67|0x0000000705100000, 0x0000000705100000, 0x0000000705200000|  0%| F|  |TAMS 0x0000000705100000, 0x0000000705100000| Untracked 
|  68|0x0000000705200000, 0x0000000705200000, 0x0000000705300000|  0%| F|  |TAMS 0x0000000705200000, 0x0000000705200000| Untracked 
|  69|0x0000000705300000, 0x0000000705300000, 0x0000000705400000|  0%| F|  |TAMS 0x0000000705300000, 0x0000000705300000| Untracked 
|  70|0x0000000705400000, 0x0000000705400000, 0x0000000705500000|  0%| F|  |TAMS 0x0000000705400000, 0x0000000705400000| Untracked 
|  71|0x0000000705500000, 0x0000000705500000, 0x0000000705600000|  0%| F|  |TAMS 0x0000000705500000, 0x0000000705500000| Untracked 
|  72|0x0000000705600000, 0x0000000705600000, 0x0000000705700000|  0%| F|  |TAMS 0x0000000705600000, 0x0000000705600000| Untracked 
|  73|0x0000000705700000, 0x0000000705700000, 0x0000000705800000|  0%| F|  |TAMS 0x0000000705700000, 0x0000000705700000| Untracked 
|  74|0x0000000705800000, 0x0000000705800000, 0x0000000705900000|  0%| F|  |TAMS 0x0000000705800000, 0x0000000705800000| Untracked 
|  75|0x0000000705900000, 0x0000000705900000, 0x0000000705a00000|  0%| F|  |TAMS 0x0000000705900000, 0x0000000705900000| Untracked 
|  76|0x0000000705a00000, 0x0000000705a00000, 0x0000000705b00000|  0%| F|  |TAMS 0x0000000705a00000, 0x0000000705a00000| Untracked 
|  77|0x0000000705b00000, 0x0000000705b00000, 0x0000000705c00000|  0%| F|  |TAMS 0x0000000705b00000, 0x0000000705b00000| Untracked 
|  78|0x0000000705c00000, 0x0000000705c00000, 0x0000000705d00000|  0%| F|  |TAMS 0x0000000705c00000, 0x0000000705c00000| Untracked 
|  79|0x0000000705d00000, 0x0000000705d00000, 0x0000000705e00000|  0%| F|  |TAMS 0x0000000705d00000, 0x0000000705d00000| Untracked 
|  80|0x0000000705e00000, 0x0000000705e00000, 0x0000000705f00000|  0%| F|  |TAMS 0x0000000705e00000, 0x0000000705e00000| Untracked 
|  81|0x0000000705f00000, 0x0000000705f00000, 0x0000000706000000|  0%| F|  |TAMS 0x0000000705f00000, 0x0000000705f00000| Untracked 
|  82|0x0000000706000000, 0x0000000706000000, 0x0000000706100000|  0%| F|  |TAMS 0x0000000706000000, 0x0000000706000000| Untracked 
|  83|0x0000000706100000, 0x0000000706100000, 0x0000000706200000|  0%| F|  |TAMS 0x0000000706100000, 0x0000000706100000| Untracked 
|  84|0x0000000706200000, 0x0000000706200000, 0x0000000706300000|  0%| F|  |TAMS 0x0000000706200000, 0x0000000706200000| Untracked 
|  85|0x0000000706300000, 0x0000000706300000, 0x0000000706400000|  0%| F|  |TAMS 0x0000000706300000, 0x0000000706300000| Untracked 
|  86|0x0000000706400000, 0x0000000706400000, 0x0000000706500000|  0%| F|  |TAMS 0x0000000706400000, 0x0000000706400000| Untracked 
|  87|0x0000000706500000, 0x0000000706500000, 0x0000000706600000|  0%| F|  |TAMS 0x0000000706500000, 0x0000000706500000| Untracked 
|  88|0x0000000706600000, 0x0000000706600000, 0x0000000706700000|  0%| F|  |TAMS 0x0000000706600000, 0x0000000706600000| Untracked 
|  89|0x0000000706700000, 0x0000000706700000, 0x0000000706800000|  0%| F|  |TAMS 0x0000000706700000, 0x0000000706700000| Untracked 
|  90|0x0000000706800000, 0x0000000706800000, 0x0000000706900000|  0%| F|  |TAMS 0x0000000706800000, 0x0000000706800000| Untracked 
|  91|0x0000000706900000, 0x0000000706900000, 0x0000000706a00000|  0%| F|  |TAMS 0x0000000706900000, 0x0000000706900000| Untracked 
|  92|0x0000000706a00000, 0x0000000706a00000, 0x0000000706b00000|  0%| F|  |TAMS 0x0000000706a00000, 0x0000000706a00000| Untracked 
|  93|0x0000000706b00000, 0x0000000706b00000, 0x0000000706c00000|  0%| F|  |TAMS 0x0000000706b00000, 0x0000000706b00000| Untracked 
|  94|0x0000000706c00000, 0x0000000706c00000, 0x0000000706d00000|  0%| F|  |TAMS 0x0000000706c00000, 0x0000000706c00000| Untracked 
|  95|0x0000000706d00000, 0x0000000706d00000, 0x0000000706e00000|  0%| F|  |TAMS 0x0000000706d00000, 0x0000000706d00000| Untracked 
|  96|0x0000000706e00000, 0x0000000706e00000, 0x0000000706f00000|  0%| F|  |TAMS 0x0000000706e00000, 0x0000000706e00000| Untracked 
|  97|0x0000000706f00000, 0x0000000706f00000, 0x0000000707000000|  0%| F|  |TAMS 0x0000000706f00000, 0x0000000706f00000| Untracked 
|  98|0x0000000707000000, 0x0000000707000000, 0x0000000707100000|  0%| F|  |TAMS 0x0000000707000000, 0x0000000707000000| Untracked 
|  99|0x0000000707100000, 0x0000000707100000, 0x0000000707200000|  0%| F|  |TAMS 0x0000000707100000, 0x0000000707100000| Untracked 
| 100|0x0000000707200000, 0x0000000707200000, 0x0000000707300000|  0%| F|  |TAMS 0x0000000707200000, 0x0000000707200000| Untracked 
| 101|0x0000000707300000, 0x0000000707300000, 0x0000000707400000|  0%| F|  |TAMS 0x0000000707300000, 0x0000000707300000| Untracked 
| 102|0x0000000707400000, 0x00000007074c0f40, 0x0000000707500000| 75%| S|CS|TAMS 0x0000000707400000, 0x0000000707400000| Complete 
| 103|0x0000000707500000, 0x0000000707500000, 0x0000000707600000|  0%| F|  |TAMS 0x0000000707500000, 0x0000000707500000| Untracked 
| 104|0x0000000707600000, 0x0000000707600000, 0x0000000707700000|  0%| F|  |TAMS 0x0000000707600000, 0x0000000707600000| Untracked 
| 105|0x0000000707700000, 0x0000000707700000, 0x0000000707800000|  0%| F|  |TAMS 0x0000000707700000, 0x0000000707700000| Untracked 
| 106|0x0000000707800000, 0x0000000707800000, 0x0000000707900000|  0%| F|  |TAMS 0x0000000707800000, 0x0000000707800000| Untracked 
| 107|0x0000000707900000, 0x0000000707900000, 0x0000000707a00000|  0%| F|  |TAMS 0x0000000707900000, 0x0000000707900000| Untracked 
| 108|0x0000000707a00000, 0x0000000707a00000, 0x0000000707b00000|  0%| F|  |TAMS 0x0000000707a00000, 0x0000000707a00000| Untracked 
| 109|0x0000000707b00000, 0x0000000707b00000, 0x0000000707c00000|  0%| F|  |TAMS 0x0000000707b00000, 0x0000000707b00000| Untracked 
| 110|0x0000000707c00000, 0x0000000707c00000, 0x0000000707d00000|  0%| F|  |TAMS 0x0000000707c00000, 0x0000000707c00000| Untracked 
| 111|0x0000000707d00000, 0x0000000707d00000, 0x0000000707e00000|  0%| F|  |TAMS 0x0000000707d00000, 0x0000000707d00000| Untracked 
| 112|0x0000000707e00000, 0x0000000707e00000, 0x0000000707f00000|  0%| F|  |TAMS 0x0000000707e00000, 0x0000000707e00000| Untracked 
| 113|0x0000000707f00000, 0x0000000707f00000, 0x0000000708000000|  0%| F|  |TAMS 0x0000000707f00000, 0x0000000707f00000| Untracked 
| 114|0x0000000708000000, 0x0000000708000000, 0x0000000708100000|  0%| F|  |TAMS 0x0000000708000000, 0x0000000708000000| Untracked 
| 115|0x0000000708100000, 0x0000000708100000, 0x0000000708200000|  0%| F|  |TAMS 0x0000000708100000, 0x0000000708100000| Untracked 
| 116|0x0000000708200000, 0x0000000708200000, 0x0000000708300000|  0%| F|  |TAMS 0x0000000708200000, 0x0000000708200000| Untracked 
| 117|0x0000000708300000, 0x0000000708300000, 0x0000000708400000|  0%| F|  |TAMS 0x0000000708300000, 0x0000000708300000| Untracked 
| 118|0x0000000708400000, 0x0000000708400000, 0x0000000708500000|  0%| F|  |TAMS 0x0000000708400000, 0x0000000708400000| Untracked 
| 119|0x0000000708500000, 0x0000000708500000, 0x0000000708600000|  0%| F|  |TAMS 0x0000000708500000, 0x0000000708500000| Untracked 
| 120|0x0000000708600000, 0x0000000708600000, 0x0000000708700000|  0%| F|  |TAMS 0x0000000708600000, 0x0000000708600000| Untracked 
| 121|0x0000000708700000, 0x0000000708700000, 0x0000000708800000|  0%| F|  |TAMS 0x0000000708700000, 0x0000000708700000| Untracked 
| 122|0x0000000708800000, 0x0000000708800000, 0x0000000708900000|  0%| F|  |TAMS 0x0000000708800000, 0x0000000708800000| Untracked 
| 123|0x0000000708900000, 0x0000000708900000, 0x0000000708a00000|  0%| F|  |TAMS 0x0000000708900000, 0x0000000708900000| Untracked 
| 124|0x0000000708a00000, 0x0000000708a00000, 0x0000000708b00000|  0%| F|  |TAMS 0x0000000708a00000, 0x0000000708a00000| Untracked 
| 125|0x0000000708b00000, 0x0000000708b00000, 0x0000000708c00000|  0%| F|  |TAMS 0x0000000708b00000, 0x0000000708b00000| Untracked 
| 126|0x0000000708c00000, 0x0000000708c00000, 0x0000000708d00000|  0%| F|  |TAMS 0x0000000708c00000, 0x0000000708c00000| Untracked 
| 127|0x0000000708d00000, 0x0000000708d00000, 0x0000000708e00000|  0%| F|  |TAMS 0x0000000708d00000, 0x0000000708d00000| Untracked 
| 128|0x0000000708e00000, 0x0000000708e00000, 0x0000000708f00000|  0%| F|  |TAMS 0x0000000708e00000, 0x0000000708e00000| Untracked 
| 129|0x0000000708f00000, 0x0000000708f00000, 0x0000000709000000|  0%| F|  |TAMS 0x0000000708f00000, 0x0000000708f00000| Untracked 
| 130|0x0000000709000000, 0x0000000709000000, 0x0000000709100000|  0%| F|  |TAMS 0x0000000709000000, 0x0000000709000000| Untracked 
| 131|0x0000000709100000, 0x0000000709100000, 0x0000000709200000|  0%| F|  |TAMS 0x0000000709100000, 0x0000000709100000| Untracked 
| 132|0x0000000709200000, 0x0000000709200000, 0x0000000709300000|  0%| F|  |TAMS 0x0000000709200000, 0x0000000709200000| Untracked 
| 133|0x0000000709300000, 0x0000000709300000, 0x0000000709400000|  0%| F|  |TAMS 0x0000000709300000, 0x0000000709300000| Untracked 
| 134|0x0000000709400000, 0x0000000709400000, 0x0000000709500000|  0%| F|  |TAMS 0x0000000709400000, 0x0000000709400000| Untracked 
| 135|0x0000000709500000, 0x0000000709500000, 0x0000000709600000|  0%| F|  |TAMS 0x0000000709500000, 0x0000000709500000| Untracked 
| 136|0x0000000709600000, 0x0000000709600000, 0x0000000709700000|  0%| F|  |TAMS 0x0000000709600000, 0x0000000709600000| Untracked 
| 137|0x0000000709700000, 0x0000000709700000, 0x0000000709800000|  0%| F|  |TAMS 0x0000000709700000, 0x0000000709700000| Untracked 
| 138|0x0000000709800000, 0x0000000709800000, 0x0000000709900000|  0%| F|  |TAMS 0x0000000709800000, 0x0000000709800000| Untracked 
| 139|0x0000000709900000, 0x0000000709900000, 0x0000000709a00000|  0%| F|  |TAMS 0x0000000709900000, 0x0000000709900000| Untracked 
| 140|0x0000000709a00000, 0x0000000709a00000, 0x0000000709b00000|  0%| F|  |TAMS 0x0000000709a00000, 0x0000000709a00000| Untracked 
| 141|0x0000000709b00000, 0x0000000709b00000, 0x0000000709c00000|  0%| F|  |TAMS 0x0000000709b00000, 0x0000000709b00000| Untracked 
| 142|0x0000000709c00000, 0x0000000709c00000, 0x0000000709d00000|  0%| F|  |TAMS 0x0000000709c00000, 0x0000000709c00000| Untracked 
| 143|0x0000000709d00000, 0x0000000709d00000, 0x0000000709e00000|  0%| F|  |TAMS 0x0000000709d00000, 0x0000000709d00000| Untracked 
| 144|0x0000000709e00000, 0x0000000709e00000, 0x0000000709f00000|  0%| F|  |TAMS 0x0000000709e00000, 0x0000000709e00000| Untracked 
| 145|0x0000000709f00000, 0x0000000709f00000, 0x000000070a000000|  0%| F|  |TAMS 0x0000000709f00000, 0x0000000709f00000| Untracked 
| 146|0x000000070a000000, 0x000000070a000000, 0x000000070a100000|  0%| F|  |TAMS 0x000000070a000000, 0x000000070a000000| Untracked 
| 147|0x000000070a100000, 0x000000070a100000, 0x000000070a200000|  0%| F|  |TAMS 0x000000070a100000, 0x000000070a100000| Untracked 
| 148|0x000000070a200000, 0x000000070a200000, 0x000000070a300000|  0%| F|  |TAMS 0x000000070a200000, 0x000000070a200000| Untracked 
| 149|0x000000070a300000, 0x000000070a300000, 0x000000070a400000|  0%| F|  |TAMS 0x000000070a300000, 0x000000070a300000| Untracked 
| 150|0x000000070a400000, 0x000000070a400000, 0x000000070a500000|  0%| F|  |TAMS 0x000000070a400000, 0x000000070a400000| Untracked 
| 151|0x000000070a500000, 0x000000070a500000, 0x000000070a600000|  0%| F|  |TAMS 0x000000070a500000, 0x000000070a500000| Untracked 
| 152|0x000000070a600000, 0x000000070a600000, 0x000000070a700000|  0%| F|  |TAMS 0x000000070a600000, 0x000000070a600000| Untracked 
| 153|0x000000070a700000, 0x000000070a700000, 0x000000070a800000|  0%| F|  |TAMS 0x000000070a700000, 0x000000070a700000| Untracked 
| 154|0x000000070a800000, 0x000000070a800000, 0x000000070a900000|  0%| F|  |TAMS 0x000000070a800000, 0x000000070a800000| Untracked 
| 155|0x000000070a900000, 0x000000070a900000, 0x000000070aa00000|  0%| F|  |TAMS 0x000000070a900000, 0x000000070a900000| Untracked 
| 156|0x000000070aa00000, 0x000000070aa00000, 0x000000070ab00000|  0%| F|  |TAMS 0x000000070aa00000, 0x000000070aa00000| Untracked 
| 157|0x000000070ab00000, 0x000000070ab00000, 0x000000070ac00000|  0%| F|  |TAMS 0x000000070ab00000, 0x000000070ab00000| Untracked 
| 158|0x000000070ac00000, 0x000000070ac00000, 0x000000070ad00000|  0%| F|  |TAMS 0x000000070ac00000, 0x000000070ac00000| Untracked 
| 159|0x000000070ad00000, 0x000000070ad00000, 0x000000070ae00000|  0%| F|  |TAMS 0x000000070ad00000, 0x000000070ad00000| Untracked 
| 160|0x000000070ae00000, 0x000000070ae00000, 0x000000070af00000|  0%| F|  |TAMS 0x000000070ae00000, 0x000000070ae00000| Untracked 
| 161|0x000000070af00000, 0x000000070af00000, 0x000000070b000000|  0%| F|  |TAMS 0x000000070af00000, 0x000000070af00000| Untracked 
| 162|0x000000070b000000, 0x000000070b000000, 0x000000070b100000|  0%| F|  |TAMS 0x000000070b000000, 0x000000070b000000| Untracked 
| 163|0x000000070b100000, 0x000000070b100000, 0x000000070b200000|  0%| F|  |TAMS 0x000000070b100000, 0x000000070b100000| Untracked 
| 164|0x000000070b200000, 0x000000070b200000, 0x000000070b300000|  0%| F|  |TAMS 0x000000070b200000, 0x000000070b200000| Untracked 
| 165|0x000000070b300000, 0x000000070b35ce20, 0x000000070b400000| 36%| E|  |TAMS 0x000000070b300000, 0x000000070b300000| Complete 
| 166|0x000000070b400000, 0x000000070b4ff890, 0x000000070b500000| 99%| E|  |TAMS 0x000000070b400000, 0x000000070b400000| Complete 
| 167|0x000000070b500000, 0x000000070b600000, 0x000000070b600000|100%| E|CS|TAMS 0x000000070b500000, 0x000000070b500000| Complete 
| 168|0x000000070b600000, 0x000000070b700000, 0x000000070b700000|100%| E|CS|TAMS 0x000000070b600000, 0x000000070b600000| Complete 
| 169|0x000000070b700000, 0x000000070b800000, 0x000000070b800000|100%| E|CS|TAMS 0x000000070b700000, 0x000000070b700000| Complete 
| 170|0x000000070b800000, 0x000000070b900000, 0x000000070b900000|100%| E|CS|TAMS 0x000000070b800000, 0x000000070b800000| Complete 
| 171|0x000000070b900000, 0x000000070ba00000, 0x000000070ba00000|100%| E|CS|TAMS 0x000000070b900000, 0x000000070b900000| Complete 
| 172|0x000000070ba00000, 0x000000070bb00000, 0x000000070bb00000|100%| E|CS|TAMS 0x000000070ba00000, 0x000000070ba00000| Complete 
| 173|0x000000070bb00000, 0x000000070bc00000, 0x000000070bc00000|100%| E|CS|TAMS 0x000000070bb00000, 0x000000070bb00000| Complete 
| 174|0x000000070bc00000, 0x000000070bd00000, 0x000000070bd00000|100%| E|CS|TAMS 0x000000070bc00000, 0x000000070bc00000| Complete 
| 175|0x000000070bd00000, 0x000000070be00000, 0x000000070be00000|100%| E|CS|TAMS 0x000000070bd00000, 0x000000070bd00000| Complete 
| 176|0x000000070be00000, 0x000000070bf00000, 0x000000070bf00000|100%| E|CS|TAMS 0x000000070be00000, 0x000000070be00000| Complete 
| 177|0x000000070bf00000, 0x000000070c000000, 0x000000070c000000|100%| E|CS|TAMS 0x000000070bf00000, 0x000000070bf00000| Complete 
| 178|0x000000070c000000, 0x000000070c100000, 0x000000070c100000|100%| E|CS|TAMS 0x000000070c000000, 0x000000070c000000| Complete 
| 179|0x000000070c100000, 0x000000070c200000, 0x000000070c200000|100%| E|CS|TAMS 0x000000070c100000, 0x000000070c100000| Complete 
| 180|0x000000070c200000, 0x000000070c300000, 0x000000070c300000|100%| E|CS|TAMS 0x000000070c200000, 0x000000070c200000| Complete 
| 181|0x000000070c300000, 0x000000070c400000, 0x000000070c400000|100%| E|CS|TAMS 0x000000070c300000, 0x000000070c300000| Complete 
| 182|0x000000070c400000, 0x000000070c500000, 0x000000070c500000|100%| E|CS|TAMS 0x000000070c400000, 0x000000070c400000| Complete 
| 183|0x000000070c500000, 0x000000070c600000, 0x000000070c600000|100%| E|CS|TAMS 0x000000070c500000, 0x000000070c500000| Complete 
| 184|0x000000070c600000, 0x000000070c700000, 0x000000070c700000|100%| E|CS|TAMS 0x000000070c600000, 0x000000070c600000| Complete 
| 185|0x000000070c700000, 0x000000070c800000, 0x000000070c800000|100%| E|CS|TAMS 0x000000070c700000, 0x000000070c700000| Complete 
| 186|0x000000070c800000, 0x000000070c900000, 0x000000070c900000|100%| E|CS|TAMS 0x000000070c800000, 0x000000070c800000| Complete 
| 187|0x000000070c900000, 0x000000070ca00000, 0x000000070ca00000|100%| E|CS|TAMS 0x000000070c900000, 0x000000070c900000| Complete 
| 188|0x000000070ca00000, 0x000000070cb00000, 0x000000070cb00000|100%| E|CS|TAMS 0x000000070ca00000, 0x000000070ca00000| Complete 
| 189|0x000000070cb00000, 0x000000070cc00000, 0x000000070cc00000|100%| E|CS|TAMS 0x000000070cb00000, 0x000000070cb00000| Complete 
| 190|0x000000070cc00000, 0x000000070cd00000, 0x000000070cd00000|100%| E|CS|TAMS 0x000000070cc00000, 0x000000070cc00000| Complete 
| 191|0x000000070cd00000, 0x000000070ce00000, 0x000000070ce00000|100%| E|CS|TAMS 0x000000070cd00000, 0x000000070cd00000| Complete 
| 192|0x000000070ce00000, 0x000000070cf00000, 0x000000070cf00000|100%| E|CS|TAMS 0x000000070ce00000, 0x000000070ce00000| Complete 
| 193|0x000000070cf00000, 0x000000070d000000, 0x000000070d000000|100%| E|CS|TAMS 0x000000070cf00000, 0x000000070cf00000| Complete 
| 194|0x000000070d000000, 0x000000070d100000, 0x000000070d100000|100%| E|CS|TAMS 0x000000070d000000, 0x000000070d000000| Complete 
| 195|0x000000070d100000, 0x000000070d200000, 0x000000070d200000|100%| E|CS|TAMS 0x000000070d100000, 0x000000070d100000| Complete 
| 196|0x000000070d200000, 0x000000070d300000, 0x000000070d300000|100%| E|CS|TAMS 0x000000070d200000, 0x000000070d200000| Complete 
| 197|0x000000070d300000, 0x000000070d400000, 0x000000070d400000|100%| E|CS|TAMS 0x000000070d300000, 0x000000070d300000| Complete 
| 198|0x000000070d400000, 0x000000070d500000, 0x000000070d500000|100%| E|CS|TAMS 0x000000070d400000, 0x000000070d400000| Complete 
| 199|0x000000070d500000, 0x000000070d600000, 0x000000070d600000|100%| E|CS|TAMS 0x000000070d500000, 0x000000070d500000| Complete 
| 200|0x000000070d600000, 0x000000070d700000, 0x000000070d700000|100%| E|CS|TAMS 0x000000070d600000, 0x000000070d600000| Complete 
| 201|0x000000070d700000, 0x000000070d800000, 0x000000070d800000|100%| E|CS|TAMS 0x000000070d700000, 0x000000070d700000| Complete 
| 202|0x000000070d800000, 0x000000070d900000, 0x000000070d900000|100%| E|CS|TAMS 0x000000070d800000, 0x000000070d800000| Complete 
| 203|0x000000070d900000, 0x000000070da00000, 0x000000070da00000|100%| E|CS|TAMS 0x000000070d900000, 0x000000070d900000| Complete 
| 204|0x000000070da00000, 0x000000070db00000, 0x000000070db00000|100%| E|CS|TAMS 0x000000070da00000, 0x000000070da00000| Complete 
| 205|0x000000070db00000, 0x000000070dc00000, 0x000000070dc00000|100%| E|CS|TAMS 0x000000070db00000, 0x000000070db00000| Complete 
| 206|0x000000070dc00000, 0x000000070dd00000, 0x000000070dd00000|100%| E|CS|TAMS 0x000000070dc00000, 0x000000070dc00000| Complete 
| 207|0x000000070dd00000, 0x000000070de00000, 0x000000070de00000|100%| E|CS|TAMS 0x000000070dd00000, 0x000000070dd00000| Complete 
| 208|0x000000070de00000, 0x000000070df00000, 0x000000070df00000|100%| E|CS|TAMS 0x000000070de00000, 0x000000070de00000| Complete 
| 209|0x000000070df00000, 0x000000070e000000, 0x000000070e000000|100%| E|CS|TAMS 0x000000070df00000, 0x000000070df00000| Complete 
| 210|0x000000070e000000, 0x000000070e100000, 0x000000070e100000|100%| E|CS|TAMS 0x000000070e000000, 0x000000070e000000| Complete 
| 211|0x000000070e100000, 0x000000070e200000, 0x000000070e200000|100%| E|CS|TAMS 0x000000070e100000, 0x000000070e100000| Complete 
| 212|0x000000070e200000, 0x000000070e300000, 0x000000070e300000|100%| E|CS|TAMS 0x000000070e200000, 0x000000070e200000| Complete 
| 213|0x000000070e300000, 0x000000070e400000, 0x000000070e400000|100%| E|CS|TAMS 0x000000070e300000, 0x000000070e300000| Complete 
| 214|0x000000070e400000, 0x000000070e500000, 0x000000070e500000|100%| E|CS|TAMS 0x000000070e400000, 0x000000070e400000| Complete 
| 215|0x000000070e500000, 0x000000070e600000, 0x000000070e600000|100%| E|CS|TAMS 0x000000070e500000, 0x000000070e500000| Complete 
| 216|0x000000070e600000, 0x000000070e700000, 0x000000070e700000|100%| E|CS|TAMS 0x000000070e600000, 0x000000070e600000| Complete 
| 217|0x000000070e700000, 0x000000070e800000, 0x000000070e800000|100%| E|CS|TAMS 0x000000070e700000, 0x000000070e700000| Complete 
| 218|0x000000070e800000, 0x000000070e900000, 0x000000070e900000|100%| E|CS|TAMS 0x000000070e800000, 0x000000070e800000| Complete 
| 219|0x000000070e900000, 0x000000070ea00000, 0x000000070ea00000|100%| E|CS|TAMS 0x000000070e900000, 0x000000070e900000| Complete 
| 220|0x000000070ea00000, 0x000000070eb00000, 0x000000070eb00000|100%| E|CS|TAMS 0x000000070ea00000, 0x000000070ea00000| Complete 
| 221|0x000000070eb00000, 0x000000070ec00000, 0x000000070ec00000|100%| E|CS|TAMS 0x000000070eb00000, 0x000000070eb00000| Complete 
| 222|0x000000070ec00000, 0x000000070ed00000, 0x000000070ed00000|100%| E|CS|TAMS 0x000000070ec00000, 0x000000070ec00000| Complete 
| 223|0x000000070ed00000, 0x000000070ee00000, 0x000000070ee00000|100%| E|CS|TAMS 0x000000070ed00000, 0x000000070ed00000| Complete 
| 224|0x000000070ee00000, 0x000000070ef00000, 0x000000070ef00000|100%| E|CS|TAMS 0x000000070ee00000, 0x000000070ee00000| Complete 
| 225|0x000000070ef00000, 0x000000070f000000, 0x000000070f000000|100%| E|CS|TAMS 0x000000070ef00000, 0x000000070ef00000| Complete 
| 226|0x000000070f000000, 0x000000070f100000, 0x000000070f100000|100%| E|CS|TAMS 0x000000070f000000, 0x000000070f000000| Complete 
| 227|0x000000070f100000, 0x000000070f200000, 0x000000070f200000|100%| E|CS|TAMS 0x000000070f100000, 0x000000070f100000| Complete 
| 228|0x000000070f200000, 0x000000070f300000, 0x000000070f300000|100%| E|CS|TAMS 0x000000070f200000, 0x000000070f200000| Complete 
| 229|0x000000070f300000, 0x000000070f400000, 0x000000070f400000|100%| E|CS|TAMS 0x000000070f300000, 0x000000070f300000| Complete 
| 230|0x000000070f400000, 0x000000070f500000, 0x000000070f500000|100%| E|CS|TAMS 0x000000070f400000, 0x000000070f400000| Complete 
| 231|0x000000070f500000, 0x000000070f600000, 0x000000070f600000|100%| E|CS|TAMS 0x000000070f500000, 0x000000070f500000| Complete 
| 232|0x000000070f600000, 0x000000070f700000, 0x000000070f700000|100%| E|CS|TAMS 0x000000070f600000, 0x000000070f600000| Complete 
| 233|0x000000070f700000, 0x000000070f800000, 0x000000070f800000|100%| E|CS|TAMS 0x000000070f700000, 0x000000070f700000| Complete 
| 234|0x000000070f800000, 0x000000070f900000, 0x000000070f900000|100%| E|CS|TAMS 0x000000070f800000, 0x000000070f800000| Complete 
| 235|0x000000070f900000, 0x000000070fa00000, 0x000000070fa00000|100%| E|CS|TAMS 0x000000070f900000, 0x000000070f900000| Complete 
| 236|0x000000070fa00000, 0x000000070fb00000, 0x000000070fb00000|100%| E|CS|TAMS 0x000000070fa00000, 0x000000070fa00000| Complete 
| 237|0x000000070fb00000, 0x000000070fc00000, 0x000000070fc00000|100%| E|CS|TAMS 0x000000070fb00000, 0x000000070fb00000| Complete 
| 238|0x000000070fc00000, 0x000000070fd00000, 0x000000070fd00000|100%| E|CS|TAMS 0x000000070fc00000, 0x000000070fc00000| Complete 
| 239|0x000000070fd00000, 0x000000070fe00000, 0x000000070fe00000|100%| E|CS|TAMS 0x000000070fd00000, 0x000000070fd00000| Complete 
| 240|0x000000070fe00000, 0x000000070ff00000, 0x000000070ff00000|100%| E|CS|TAMS 0x000000070fe00000, 0x000000070fe00000| Complete 
| 241|0x000000070ff00000, 0x0000000710000000, 0x0000000710000000|100%| E|CS|TAMS 0x000000070ff00000, 0x000000070ff00000| Complete 
| 242|0x0000000710000000, 0x0000000710100000, 0x0000000710100000|100%| E|CS|TAMS 0x0000000710000000, 0x0000000710000000| Complete 
| 243|0x0000000710100000, 0x0000000710200000, 0x0000000710200000|100%| E|CS|TAMS 0x0000000710100000, 0x0000000710100000| Complete 
| 244|0x0000000710200000, 0x0000000710300000, 0x0000000710300000|100%| E|CS|TAMS 0x0000000710200000, 0x0000000710200000| Complete 
| 245|0x0000000710300000, 0x0000000710400000, 0x0000000710400000|100%| E|CS|TAMS 0x0000000710300000, 0x0000000710300000| Complete 
| 246|0x0000000710400000, 0x0000000710500000, 0x0000000710500000|100%| E|CS|TAMS 0x0000000710400000, 0x0000000710400000| Complete 
| 247|0x0000000710500000, 0x0000000710600000, 0x0000000710600000|100%| E|CS|TAMS 0x0000000710500000, 0x0000000710500000| Complete 
| 248|0x0000000710600000, 0x0000000710700000, 0x0000000710700000|100%| E|CS|TAMS 0x0000000710600000, 0x0000000710600000| Complete 
| 249|0x0000000710700000, 0x0000000710800000, 0x0000000710800000|100%| E|CS|TAMS 0x0000000710700000, 0x0000000710700000| Complete 
| 250|0x0000000710800000, 0x0000000710900000, 0x0000000710900000|100%| E|CS|TAMS 0x0000000710800000, 0x0000000710800000| Complete 
| 251|0x0000000710900000, 0x0000000710a00000, 0x0000000710a00000|100%| E|CS|TAMS 0x0000000710900000, 0x0000000710900000| Complete 
| 252|0x0000000710a00000, 0x0000000710b00000, 0x0000000710b00000|100%| E|CS|TAMS 0x0000000710a00000, 0x0000000710a00000| Complete 
| 253|0x0000000710b00000, 0x0000000710c00000, 0x0000000710c00000|100%| E|CS|TAMS 0x0000000710b00000, 0x0000000710b00000| Complete 
| 254|0x0000000710c00000, 0x0000000710d00000, 0x0000000710d00000|100%| E|CS|TAMS 0x0000000710c00000, 0x0000000710c00000| Complete 
| 255|0x0000000710d00000, 0x0000000710e00000, 0x0000000710e00000|100%| E|CS|TAMS 0x0000000710d00000, 0x0000000710d00000| Complete 

Card table byte_map: [0x00000256fa550000,0x00000256fad50000] _byte_map_base: 0x00000256f6d49000

Marking Bits (Prev, Next): (CMBitMap*) 0x00000256f9bc5aa8, (CMBitMap*) 0x00000256f9bc5ae8
 Prev Bits: [0x00000256fb550000, 0x00000256ff518000)
 Next Bits: [0x00000256976d0000, 0x000002569b698000)

Polling page: 0x00000256f7b70000

Metaspace:

Usage:
  Non-class:      9.75 MB capacity,     9.56 MB ( 98%) used,   164.51 KB (  2%) free+waste,    33.88 KB ( <1%) overhead. 
      Class:      1.27 MB capacity,     1.11 MB ( 88%) used,   141.51 KB ( 11%) free+waste,    19.94 KB (  2%) overhead. 
       Both:     11.02 MB capacity,    10.67 MB ( 97%) used,   306.02 KB (  3%) free+waste,    53.81 KB ( <1%) overhead. 

Virtual space:
  Non-class space:       10.00 MB reserved,       9.75 MB ( 98%) committed 
      Class space:        1.00 GB reserved,       1.38 MB ( <1%) committed 
             Both:        1.01 GB reserved,      11.13 MB (  1%) committed 

Chunk freelists:
   Non-Class:  1.00 KB
       Class:  0 bytes
        Both:  1.00 KB

MaxMetaspaceSize: 17179869184.00 GB
CompressedClassSpaceSize: 1.00 GB

CodeHeap 'non-profiled nmethods': size=120000Kb used=1960Kb max_used=1960Kb free=118039Kb
 bounds [0x00000256901a0000, 0x0000025690410000, 0x00000256976d0000]
CodeHeap 'profiled nmethods': size=120000Kb used=5177Kb max_used=5177Kb free=114823Kb
 bounds [0x0000025688c70000, 0x0000025689180000, 0x00000256901a0000]
CodeHeap 'non-nmethods': size=5760Kb used=1314Kb max_used=1364Kb free=4445Kb
 bounds [0x00000256886d0000, 0x0000025688940000, 0x0000025688c70000]
 total_blobs=3381 nmethods=2775 adapters=518
 compilation: enabled
              stopped_count=0, restarted_count=0
 full_count=0

Compilation events (20 events):
Event: 34.794 Thread 0x00000256ffe81000 nmethod 2771 0x0000025690389210 code [0x00000256903893a0, 0x0000025690389458]
Event: 35.158 Thread 0x00000256ffe81000 2772       4       jdk.internal.util.Preconditions::outOfBounds (49 bytes)
Event: 35.161 Thread 0x00000256ffe81000 nmethod 2772 0x0000025690389510 code [0x0000025690389700, 0x0000025690389b78]
Event: 35.288 Thread 0x00000256ffe87000 2773       3       java.lang.RuntimeException::<init> (6 bytes)
Event: 35.288 Thread 0x00000256ffe87000 nmethod 2773 0x0000025689179890 code [0x0000025689179a40, 0x0000025689179be8]
Event: 35.398 Thread 0x00000256ffe87000 2774       3       java.awt.Container::countComponents (10 bytes)
Event: 35.398 Thread 0x00000256ffe87000 nmethod 2774 0x0000025689179c90 code [0x0000025689179e40, 0x000002568917a028]
Event: 35.398 Thread 0x00000256ffe87000 2775       3       javax.swing.JComponent::setFlag (34 bytes)
Event: 35.398 Thread 0x00000256ffe87000 nmethod 2775 0x000002568917a110 code [0x000002568917a2a0, 0x000002568917a458]
Event: 36.002 Thread 0x00000256ffe87000 2776       3       sun.java2d.StateTrackableDelegate$1::isCurrent (17 bytes)
Event: 36.002 Thread 0x00000256ffe87000 nmethod 2776 0x000002568917a510 code [0x000002568917a6a0, 0x000002568917a838]
Event: 36.399 Thread 0x00000256ffe87000 2777  s    3       java.awt.Toolkit::getDefaultToolkit (53 bytes)
Event: 36.399 Thread 0x00000256ffe87000 nmethod 2777 0x000002568917a910 code [0x000002568917ac00, 0x000002568917bde8]
Event: 36.399 Thread 0x00000256ffe87000 2779       3       java.util.HashMap::removeNode (291 bytes)
Event: 36.400 Thread 0x00000256ffe87000 nmethod 2779 0x000002568917c290 code [0x000002568917c520, 0x000002568917d918]
Event: 36.400 Thread 0x00000256ffe87000 2778       3       java.util.HashMap::remove (26 bytes)
Event: 36.400 Thread 0x00000256ffe87000 nmethod 2778 0x000002568917dd90 code [0x000002568917df60, 0x000002568917e2d8]
Event: 36.897 Thread 0x00000256ffe81000 2780   !   4       java.util.Locale::getDefault (132 bytes)
Event: 36.898 Thread 0x00000256ffe81000 nmethod 2780 0x0000025690389e10 code [0x0000025690389fc0, 0x000002569038a0f8]
Event: 37.113 Thread 0x00000256ffe81000 2781       4       java.text.DecimalFormatSymbols::getInstance (37 bytes)

GC Heap History (20 events):
Event: 33.038 GC heap before
{Heap before GC invocations=39 (full 0):
 garbage-first heap   total 262144K, used 160087K [0x0000000700e00000, 0x0000000800000000)
  region size 1024K, 153 young (156672K), 1 survivors (1024K)
 Metaspace       used 10905K, capacity 11284K, committed 11392K, reserved 1058816K
  class space    used 1139K, capacity 1301K, committed 1408K, reserved 1048576K
}
Event: 33.039 GC heap after
{Heap after GC invocations=40 (full 0):
 garbage-first heap   total 262144K, used 5553K [0x0000000700e00000, 0x0000000800000000)
  region size 1024K, 1 young (1024K), 1 survivors (1024K)
 Metaspace       used 10905K, capacity 11284K, committed 11392K, reserved 1058816K
  class space    used 1139K, capacity 1301K, committed 1408K, reserved 1048576K
}
Event: 33.405 GC heap before
{Heap before GC invocations=40 (full 0):
 garbage-first heap   total 262144K, used 160177K [0x0000000700e00000, 0x0000000800000000)
  region size 1024K, 153 young (156672K), 1 survivors (1024K)
 Metaspace       used 10910K, capacity 11284K, committed 11392K, reserved 1058816K
  class space    used 1139K, capacity 1301K, committed 1408K, reserved 1048576K
}
Event: 33.406 GC heap after
{Heap after GC invocations=41 (full 0):
 garbage-first heap   total 262144K, used 5462K [0x0000000700e00000, 0x0000000800000000)
  region size 1024K, 1 young (1024K), 1 survivors (1024K)
 Metaspace       used 10910K, capacity 11284K, committed 11392K, reserved 1058816K
  class space    used 1139K, capacity 1301K, committed 1408K, reserved 1048576K
}
Event: 33.920 GC heap before
{Heap before GC invocations=41 (full 0):
 garbage-first heap   total 262144K, used 160086K [0x0000000700e00000, 0x0000000800000000)
  region size 1024K, 153 young (156672K), 1 survivors (1024K)
 Metaspace       used 10910K, capacity 11284K, committed 11392K, reserved 1058816K
  class space    used 1139K, capacity 1301K, committed 1408K, reserved 1048576K
}
Event: 33.921 GC heap after
{Heap after GC invocations=42 (full 0):
 garbage-first heap   total 262144K, used 5475K [0x0000000700e00000, 0x0000000800000000)
  region size 1024K, 1 young (1024K), 1 survivors (1024K)
 Metaspace       used 10910K, capacity 11284K, committed 11392K, reserved 1058816K
  class space    used 1139K, capacity 1301K, committed 1408K, reserved 1048576K
}
Event: 34.346 GC heap before
{Heap before GC invocations=42 (full 0):
 garbage-first heap   total 262144K, used 160099K [0x0000000700e00000, 0x0000000800000000)
  region size 1024K, 153 young (156672K), 1 survivors (1024K)
 Metaspace       used 10910K, capacity 11284K, committed 11392K, reserved 1058816K
  class space    used 1139K, capacity 1301K, committed 1408K, reserved 1048576K
}
Event: 34.347 GC heap after
{Heap after GC invocations=43 (full 0):
 garbage-first heap   total 262144K, used 5554K [0x0000000700e00000, 0x0000000800000000)
  region size 1024K, 1 young (1024K), 1 survivors (1024K)
 Metaspace       used 10910K, capacity 11284K, committed 11392K, reserved 1058816K
  class space    used 1139K, capacity 1301K, committed 1408K, reserved 1048576K
}
Event: 34.756 GC heap before
{Heap before GC invocations=43 (full 0):
 garbage-first heap   total 262144K, used 160178K [0x0000000700e00000, 0x0000000800000000)
  region size 1024K, 153 young (156672K), 1 survivors (1024K)
 Metaspace       used 10915K, capacity 11284K, committed 11392K, reserved 1058816K
  class space    used 1139K, capacity 1301K, committed 1408K, reserved 1048576K
}
Event: 34.757 GC heap after
{Heap after GC invocations=44 (full 0):
 garbage-first heap   total 262144K, used 5470K [0x0000000700e00000, 0x0000000800000000)
  region size 1024K, 1 young (1024K), 1 survivors (1024K)
 Metaspace       used 10915K, capacity 11284K, committed 11392K, reserved 1058816K
  class space    used 1139K, capacity 1301K, committed 1408K, reserved 1048576K
}
Event: 35.102 GC heap before
{Heap before GC invocations=44 (full 0):
 garbage-first heap   total 262144K, used 160094K [0x0000000700e00000, 0x0000000800000000)
  region size 1024K, 153 young (156672K), 1 survivors (1024K)
 Metaspace       used 10915K, capacity 11284K, committed 11392K, reserved 1058816K
  class space    used 1139K, capacity 1301K, committed 1408K, reserved 1048576K
}
Event: 35.103 GC heap after
{Heap after GC invocations=45 (full 0):
 garbage-first heap   total 262144K, used 5497K [0x0000000700e00000, 0x0000000800000000)
  region size 1024K, 1 young (1024K), 1 survivors (1024K)
 Metaspace       used 10915K, capacity 11284K, committed 11392K, reserved 1058816K
  class space    used 1139K, capacity 1301K, committed 1408K, reserved 1048576K
}
Event: 35.508 GC heap before
{Heap before GC invocations=45 (full 0):
 garbage-first heap   total 262144K, used 160121K [0x0000000700e00000, 0x0000000800000000)
  region size 1024K, 153 young (156672K), 1 survivors (1024K)
 Metaspace       used 10916K, capacity 11284K, committed 11392K, reserved 1058816K
  class space    used 1139K, capacity 1301K, committed 1408K, reserved 1048576K
}
Event: 35.509 GC heap after
{Heap after GC invocations=46 (full 0):
 garbage-first heap   total 262144K, used 5491K [0x0000000700e00000, 0x0000000800000000)
  region size 1024K, 1 young (1024K), 1 survivors (1024K)
 Metaspace       used 10916K, capacity 11284K, committed 11392K, reserved 1058816K
  class space    used 1139K, capacity 1301K, committed 1408K, reserved 1048576K
}
Event: 35.974 GC heap before
{Heap before GC invocations=46 (full 0):
 garbage-first heap   total 262144K, used 160115K [0x0000000700e00000, 0x0000000800000000)
  region size 1024K, 153 young (156672K), 1 survivors (1024K)
 Metaspace       used 10916K, capacity 11284K, committed 11392K, reserved 1058816K
  class space    used 1139K, capacity 1301K, committed 1408K, reserved 1048576K
}
Event: 35.975 GC heap after
{Heap after GC invocations=47 (full 0):
 garbage-first heap   total 262144K, used 5525K [0x0000000700e00000, 0x0000000800000000)
  region size 1024K, 1 young (1024K), 1 survivors (1024K)
 Metaspace       used 10916K, capacity 11284K, committed 11392K, reserved 1058816K
  class space    used 1139K, capacity 1301K, committed 1408K, reserved 1048576K
}
Event: 36.413 GC heap before
{Heap before GC invocations=47 (full 0):
 garbage-first heap   total 262144K, used 160149K [0x0000000700e00000, 0x0000000800000000)
  region size 1024K, 153 young (156672K), 1 survivors (1024K)
 Metaspace       used 10924K, capacity 11284K, committed 11392K, reserved 1058816K
  class space    used 1139K, capacity 1301K, committed 1408K, reserved 1048576K
}
Event: 36.414 GC heap after
{Heap after GC invocations=48 (full 0):
 garbage-first heap   total 262144K, used 5526K [0x0000000700e00000, 0x0000000800000000)
  region size 1024K, 1 young (1024K), 1 survivors (1024K)
 Metaspace       used 10924K, capacity 11284K, committed 11392K, reserved 1058816K
  class space    used 1139K, capacity 1301K, committed 1408K, reserved 1048576K
}
Event: 36.920 GC heap before
{Heap before GC invocations=48 (full 0):
 garbage-first heap   total 262144K, used 160150K [0x0000000700e00000, 0x0000000800000000)
  region size 1024K, 153 young (156672K), 1 survivors (1024K)
 Metaspace       used 10924K, capacity 11284K, committed 11392K, reserved 1058816K
  class space    used 1139K, capacity 1301K, committed 1408K, reserved 1048576K
}
Event: 36.921 GC heap after
{Heap after GC invocations=49 (full 0):
 garbage-first heap   total 262144K, used 5653K [0x0000000700e00000, 0x0000000800000000)
  region size 1024K, 1 young (1024K), 1 survivors (1024K)
 Metaspace       used 10924K, capacity 11284K, committed 11392K, reserved 1058816K
  class space    used 1139K, capacity 1301K, committed 1408K, reserved 1048576K
}

Deoptimization events (20 events):
Event: 28.723 Thread 0x00000256a66b7000 Uncommon trap: trap_request=0xfffffff4 fr.pc=0x000002569037e43c relative=0x00000000000008fc
Event: 28.723 Thread 0x00000256a66b7000 Uncommon trap: reason=null_check action=make_not_entrant pc=0x000002569037e43c method=com.sun.jna.Structure.readField(Lcom/sun/jna/Structure$StructField;)Ljava/lang/Object; @ 41 c2
Event: 28.723 Thread 0x00000256a66b7000 DEOPT PACKING pc=0x000002569037e43c sp=0x000000e39f7fdaa0
Event: 28.723 Thread 0x00000256a66b7000 DEOPT UNPACKING pc=0x000002568871912f sp=0x000000e39f7fda58 mode 2
Event: 29.338 Thread 0x00000256a66b7000 Uncommon trap: trap_request=0xfffffff4 fr.pc=0x000002569037fac4 relative=0x0000000000000904
Event: 29.338 Thread 0x00000256a66b7000 Uncommon trap: reason=null_check action=make_not_entrant pc=0x000002569037fac4 method=com.sun.jna.Structure.readField(Lcom/sun/jna/Structure$StructField;)Ljava/lang/Object; @ 56 c2
Event: 29.338 Thread 0x00000256a66b7000 DEOPT PACKING pc=0x000002569037fac4 sp=0x000000e39f7fdaa0
Event: 29.338 Thread 0x00000256a66b7000 DEOPT UNPACKING pc=0x000002568871912f sp=0x000000e39f7fda58 mode 2
Event: 29.895 Thread 0x00000256a66b7000 Uncommon trap: trap_request=0xfffffff4 fr.pc=0x0000025690381444 relative=0x0000000000000904
Event: 29.895 Thread 0x00000256a66b7000 Uncommon trap: reason=null_check action=make_not_entrant pc=0x0000025690381444 method=com.sun.jna.Structure.readField(Lcom/sun/jna/Structure$StructField;)Ljava/lang/Object; @ 65 c2
Event: 29.895 Thread 0x00000256a66b7000 DEOPT PACKING pc=0x0000025690381444 sp=0x000000e39f7fdaa0
Event: 29.895 Thread 0x00000256a66b7000 DEOPT UNPACKING pc=0x000002568871912f sp=0x000000e39f7fda58 mode 2
Event: 30.451 Thread 0x00000256a66b7000 Uncommon trap: trap_request=0xfffffff4 fr.pc=0x0000025690382ec8 relative=0x0000000000000908
Event: 30.452 Thread 0x00000256a66b7000 Uncommon trap: reason=null_check action=make_not_entrant pc=0x0000025690382ec8 method=com.sun.jna.Structure.readField(Lcom/sun/jna/Structure$StructField;)Ljava/lang/Object; @ 74 c2
Event: 30.452 Thread 0x00000256a66b7000 DEOPT PACKING pc=0x0000025690382ec8 sp=0x000000e39f7fdaa0
Event: 30.452 Thread 0x00000256a66b7000 DEOPT UNPACKING pc=0x000002568871912f sp=0x000000e39f7fda58 mode 2
Event: 32.844 Thread 0x00000256a66b8800 Uncommon trap: trap_request=0xfffffff4 fr.pc=0x00000256903874fc relative=0x000000000000091c
Event: 32.844 Thread 0x00000256a66b8800 Uncommon trap: reason=null_check action=make_not_entrant pc=0x00000256903874fc method=com.sun.jna.Pointer.getValue(JLjava/lang/Class;Ljava/lang/Object;)Ljava/lang/Object; @ 6 c2
Event: 32.844 Thread 0x00000256a66b8800 DEOPT PACKING pc=0x00000256903874fc sp=0x000000e3a06fd9f0
Event: 32.845 Thread 0x00000256a66b8800 DEOPT UNPACKING pc=0x000002568871912f sp=0x000000e3a06fd960 mode 2

Classes unloaded (0 events):
No events

Classes redefined (0 events):
No events

Internal exceptions (20 events):
Event: 1.628 Thread 0x000002569e0a4000 Exception <a 'java/lang/NoSuchMethodError'{0x000000071031e330}: 'java.lang.Object java.lang.invoke.DirectMethodHandle$Holder.invokeStatic(java.lang.Object, java.lang.Object, java.lang.Object, int)'> (0x000000071031e330) 
thrown [./open/src/hotspot/share/interpreter/linkResolver.cpp, line 766]
Event: 1.628 Thread 0x000002569e0a4000 Exception <a 'java/lang/NoSuchMethodError'{0x00000007103217b0}: 'java.lang.Object java.lang.invoke.DirectMethodHandle$Holder.invokeSpecial(java.lang.Object, java.lang.Object, java.lang.Object, java.lang.Object, int)'> (0x00000007103217b0) 
thrown [./open/src/hotspot/share/interpreter/linkResolver.cpp, line 766]
Event: 1.629 Thread 0x000002569e0a4000 Exception <a 'java/lang/NoSuchMethodError'{0x00000007103245c8}: 'java.lang.Object java.lang.invoke.Invokers$Holder.linkToTargetMethod(java.lang.Object, java.lang.Object, int, java.lang.Object)'> (0x00000007103245c8) 
thrown [./open/src/hotspot/share/interpreter/linkResolver.cpp, line 766]
Event: 1.631 Thread 0x000002569e0a4000 Exception <a 'java/lang/NoSuchMethodError'{0x0000000710339968}: 'java.lang.Object java.lang.invoke.DirectMethodHandle$Holder.newInvokeSpecial(java.lang.Object, int)'> (0x0000000710339968) 
thrown [./open/src/hotspot/share/interpreter/linkResolver.cpp, line 766]
Event: 1.632 Thread 0x000002569e0a4000 Exception <a 'java/lang/NoSuchMethodError'{0x0000000710345048}: 'java.lang.Object java.lang.invoke.DirectMethodHandle$Holder.invokeStatic(java.lang.Object, java.lang.Object, java.lang.Object, int, java.lang.Object)'> (0x0000000710345048) 
thrown [./open/src/hotspot/share/interpreter/linkResolver.cpp, line 766]
Event: 1.633 Thread 0x000002569e0a4000 Exception <a 'java/lang/NoSuchMethodError'{0x000000071034ae40}: 'java.lang.Object java.lang.invoke.Invokers$Holder.linkToTargetMethod(java.lang.Object, java.lang.Object, int, java.lang.Object, java.lang.Object)'> (0x000000071034ae40) 
thrown [./open/src/hotspot/share/interpreter/linkResolver.cpp, line 766]
Event: 3.591 Thread 0x00000256a66b8800 Exception <a 'java/lang/NoSuchMethodError'{0x000000071008ef48}: static Lrlbotexample/input/animations/CarGroupAnimation;.<clinit>()V> (0x000000071008ef48) 
thrown [./open/src/hotspot/share/prims/jni.cpp, line 1348]
Event: 3.595 Thread 0x00000256a66b8800 Exception <a 'java/lang/NoSuchMethodError'{0x00000007100a2670}: static Lrlbotexample/input/animations/IndexedCarGroup;.<clinit>()V> (0x00000007100a2670) 
thrown [./open/src/hotspot/share/prims/jni.cpp, line 1348]
Event: 3.596 Thread 0x00000256a66b8800 Exception <a 'java/lang/NoSuchMethodError'{0x00000007100aa678}: static Lrlbotexample/input/animations/CarGroup;.<clinit>()V> (0x00000007100aa678) 
thrown [./open/src/hotspot/share/prims/jni.cpp, line 1348]
Event: 3.597 Thread 0x00000256a66b8800 Exception <a 'java/lang/NoSuchMethodError'{0x00000007100b6410}: static Lutil/math/vector/ZyxOrientedPosition;.<clinit>()V> (0x00000007100b6410) 
thrown [./open/src/hotspot/share/prims/jni.cpp, line 1348]
Event: 3.602 Thread 0x00000256a66b8800 Exception <a 'java/lang/NoSuchMethodError'{0x00000007100d6a30}: static Ljava/lang/Object;.<clinit>()V> (0x00000007100d6a30) 
thrown [./open/src/hotspot/share/prims/jni.cpp, line 1348]
Event: 4.130 Thread 0x00000256a66b8800 Exception <a 'java/lang/NoSuchMethodError'{0x000000070e4798e0}: 'void java.lang.invoke.DirectMethodHandle$Holder.invokeSpecial(java.lang.Object, java.lang.Object, java.lang.Object, java.lang.Object)'> (0x000000070e4798e0) 
thrown [./open/src/hotspot/share/interpreter/linkResolver.cpp, line 766]
Event: 28.035 Thread 0x00000256a66b7000 Implicit null exception at 0x0000025690377202 to 0x00000256903777a4
Event: 28.035 Thread 0x00000256a66b7000 Implicit null exception at 0x0000025690377e50 to 0x0000025690378340
Event: 28.161 Thread 0x00000256a66b8800 Implicit null exception at 0x000002569037bbcf to 0x000002569037c3a4
Event: 28.723 Thread 0x00000256a66b7000 Implicit null exception at 0x000002569037dbd7 to 0x000002569037e41c
Event: 29.338 Thread 0x00000256a66b7000 Implicit null exception at 0x000002569037f2a1 to 0x000002569037fa98
Event: 29.895 Thread 0x00000256a66b7000 Implicit null exception at 0x0000025690380c3d to 0x0000025690381418
Event: 30.451 Thread 0x00000256a66b7000 Implicit null exception at 0x00000256903826bd to 0x0000025690382e9c
Event: 32.844 Thread 0x00000256a66b8800 Implicit null exception at 0x0000025690386c28 to 0x00000256903874e4

Events (20 events):
Event: 33.405 Executing VM operation: G1CollectForAllocation
Event: 33.407 Executing VM operation: G1CollectForAllocation done
Event: 33.920 Executing VM operation: G1CollectForAllocation
Event: 33.921 Executing VM operation: G1CollectForAllocation done
Event: 34.346 Executing VM operation: G1CollectForAllocation
Event: 34.349 Executing VM operation: G1CollectForAllocation done
Event: 34.359 Thread 0x00000256a8592800 Thread added: 0x00000256a8592800
Event: 34.756 Executing VM operation: G1CollectForAllocation
Event: 34.757 Executing VM operation: G1CollectForAllocation done
Event: 35.102 Executing VM operation: G1CollectForAllocation
Event: 35.103 Executing VM operation: G1CollectForAllocation done
Event: 35.361 Thread 0x00000256a8599800 Thread added: 0x00000256a8599800
Event: 35.508 Executing VM operation: G1CollectForAllocation
Event: 35.509 Executing VM operation: G1CollectForAllocation done
Event: 35.974 Executing VM operation: G1CollectForAllocation
Event: 35.975 Executing VM operation: G1CollectForAllocation done
Event: 36.413 Executing VM operation: G1CollectForAllocation
Event: 36.414 Executing VM operation: G1CollectForAllocation done
Event: 36.920 Executing VM operation: G1CollectForAllocation
Event: 36.921 Executing VM operation: G1CollectForAllocation done


Dynamic libraries:
0x00007ff7f0b30000 - 0x00007ff7f0b3f000 	C:\Program Files (x86)\Java\jdk-14.0.2\bin\java.exe
0x00007ffa1d0f0000 - 0x00007ffa1d2e5000 	C:\Windows\SYSTEM32\ntdll.dll
0x00007ffa1b440000 - 0x00007ffa1b4fd000 	C:\Windows\System32\KERNEL32.DLL
0x00007ffa1aae0000 - 0x00007ffa1ada8000 	C:\Windows\System32\KERNELBASE.dll
0x00007ffa1adb0000 - 0x00007ffa1aeb0000 	C:\Windows\System32\ucrtbase.dll
0x00007ffa0d130000 - 0x00007ffa0d148000 	C:\Program Files (x86)\Java\jdk-14.0.2\bin\jli.dll
0x00007ffa1b270000 - 0x00007ffa1b31c000 	C:\Windows\System32\ADVAPI32.dll
0x00007ffa1d010000 - 0x00007ffa1d0ae000 	C:\Windows\System32\msvcrt.dll
0x00007ffa1bdd0000 - 0x00007ffa1be6b000 	C:\Windows\System32\sechost.dll
0x00007ffa1b680000 - 0x00007ffa1b7ab000 	C:\Windows\System32\RPCRT4.dll
0x00007ffa1c3d0000 - 0x00007ffa1c570000 	C:\Windows\System32\USER32.dll
0x00007ffa1a830000 - 0x00007ffa1a852000 	C:\Windows\System32\win32u.dll
0x00007ffa1c200000 - 0x00007ffa1c22a000 	C:\Windows\System32\GDI32.dll
0x00007ffa1a970000 - 0x00007ffa1aa7b000 	C:\Windows\System32\gdi32full.dll
0x00007ffa1b0c0000 - 0x00007ffa1b15d000 	C:\Windows\System32\msvcp_win.dll
0x00007ffa10f90000 - 0x00007ffa1122a000 	C:\Windows\WinSxS\amd64_microsoft.windows.common-controls_6595b64144ccf1df_6.0.19041.1052_none_60b8f8fd71f5e8cb\COMCTL32.dll
0x00007ffa159b0000 - 0x00007ffa159ba000 	C:\Windows\SYSTEM32\VERSION.dll
0x00007ffa0d2c0000 - 0x00007ffa0d2d5000 	C:\Program Files (x86)\Java\jdk-14.0.2\bin\VCRUNTIME140.dll
0x00007ffa1be70000 - 0x00007ffa1bea0000 	C:\Windows\System32\IMM32.DLL
0x00007ff9f86f0000 - 0x00007ff9f878b000 	C:\Program Files (x86)\Java\jdk-14.0.2\bin\msvcp140.dll
0x00007ff9c56c0000 - 0x00007ff9c61de000 	C:\Program Files (x86)\Java\jdk-14.0.2\bin\server\jvm.dll
0x00007ffa1d000000 - 0x00007ffa1d008000 	C:\Windows\System32\PSAPI.DLL
0x00007ffa164a0000 - 0x00007ffa164a9000 	C:\Windows\SYSTEM32\WSOCK32.dll
0x00007ffa1c300000 - 0x00007ffa1c36b000 	C:\Windows\System32\WS2_32.dll
0x00007ffa09440000 - 0x00007ffa09467000 	C:\Windows\SYSTEM32\WINMM.dll
0x00007ffa18760000 - 0x00007ffa18772000 	C:\Windows\SYSTEM32\kernel.appcore.dll
0x00007ffa12920000 - 0x00007ffa1292a000 	C:\Program Files (x86)\Java\jdk-14.0.2\bin\jimage.dll
0x00007ffa139a0000 - 0x00007ffa13b84000 	C:\Windows\SYSTEM32\DBGHELP.DLL
0x00007ffa13970000 - 0x00007ffa1399c000 	C:\Windows\SYSTEM32\dbgcore.DLL
0x00007ffa1a890000 - 0x00007ffa1a913000 	C:\Windows\System32\bcryptPrimitives.dll
0x00007ffa04cf0000 - 0x00007ffa04d15000 	C:\Program Files (x86)\Java\jdk-14.0.2\bin\java.dll
0x00007ffa04c30000 - 0x00007ffa04c46000 	C:\Program Files (x86)\Java\jdk-14.0.2\bin\zip.dll
0x00007ffa1c660000 - 0x00007ffa1cd9f000 	C:\Windows\System32\SHELL32.dll
0x00007ffa18960000 - 0x00007ffa190f0000 	C:\Windows\SYSTEM32\windows.storage.dll
0x00007ffa1bea0000 - 0x00007ffa1c1f5000 	C:\Windows\System32\combase.dll
0x00007ffa1a100000 - 0x00007ffa1a12c000 	C:\Windows\SYSTEM32\Wldp.dll
0x00007ffa1b160000 - 0x00007ffa1b20e000 	C:\Windows\System32\SHCORE.dll
0x00007ffa1b210000 - 0x00007ffa1b265000 	C:\Windows\System32\shlwapi.dll
0x00007ffa1a770000 - 0x00007ffa1a78f000 	C:\Windows\SYSTEM32\profapi.dll
0x00007ffa04c10000 - 0x00007ffa04c29000 	C:\Program Files (x86)\Java\jdk-14.0.2\bin\net.dll
0x00007ffa13b90000 - 0x00007ffa13c9b000 	C:\Windows\SYSTEM32\WINHTTP.dll
0x00007ffa19ee0000 - 0x00007ffa19f4a000 	C:\Windows\system32\mswsock.dll
0x00007ffa04bf0000 - 0x00007ffa04c02000 	C:\Program Files (x86)\Java\jdk-14.0.2\bin\nio.dll
0x00007ff9e0210000 - 0x00007ff9e03a9000 	C:\Program Files (x86)\Java\jdk-14.0.2\bin\awt.dll
0x00007ffa1c230000 - 0x00007ffa1c2fd000 	C:\Windows\System32\OLEAUT32.dll
0x00007ffa181f0000 - 0x00007ffa18280000 	C:\Windows\SYSTEM32\apphelp.dll
0x00007ffa18550000 - 0x00007ffa1857f000 	C:\Windows\system32\DWMAPI.DLL
0x00007ffa18470000 - 0x00007ffa1850e000 	C:\Windows\system32\uxtheme.dll
0x00007ff9db2c0000 - 0x00007ff9db3e6000 	C:\Windows\system32\opengl32.dll
0x00007ffa01a40000 - 0x00007ffa01a6c000 	C:\Windows\SYSTEM32\GLU32.dll
0x00007ffa1b560000 - 0x00007ffa1b675000 	C:\Windows\System32\MSCTF.dll
0x00007ffa1b7b0000 - 0x00007ffa1b8da000 	C:\Windows\System32\ole32.dll
0x00007ffa04940000 - 0x00007ffa04b0e000 	C:\Windows\system32\d3d9.dll
0x00007ffa02480000 - 0x00007ffa02582000 	C:\Windows\System32\DriverStore\FileRepository\nv_dispi.inf_amd64_1c83a5d7cffd7bff\nvldumdx.dll
0x00007ffa1a550000 - 0x00007ffa1a562000 	C:\Windows\SYSTEM32\msasn1.dll
0x00007ffa15970000 - 0x00007ffa159a1000 	C:\Windows\SYSTEM32\cryptnet.dll
0x00007ffa1af60000 - 0x00007ffa1b0bf000 	C:\Windows\System32\CRYPT32.dll
0x00007ffa1a060000 - 0x00007ffa1a06c000 	C:\Windows\SYSTEM32\cryptbase.dll
0x00007ffa1aa80000 - 0x00007ffa1aae0000 	C:\Windows\System32\WINTRUST.DLL
0x00007ffa1cda0000 - 0x00007ffa1cdbd000 	C:\Windows\System32\imagehlp.dll
0x00007ffa1a490000 - 0x00007ffa1a4a8000 	C:\Windows\SYSTEM32\CRYPTSP.dll
0x00007ffa198a0000 - 0x00007ffa198d4000 	C:\Windows\system32\rsaenh.dll
0x00007ffa1a860000 - 0x00007ffa1a887000 	C:\Windows\System32\bcrypt.dll
0x00007ff9a7670000 - 0x00007ff9a908b000 	C:\Windows\System32\DriverStore\FileRepository\nv_dispi.inf_amd64_1c83a5d7cffd7bff\nvd3dumx.dll
0x00007ff9ec6d0000 - 0x00007ff9ec987000 	C:\Windows\system32\nvspcap64.dll
0x00007ffa19530000 - 0x00007ffa19563000 	C:\Windows\SYSTEM32\ntmarta.dll
0x00007ffa19100000 - 0x00007ffa19123000 	C:\Windows\SYSTEM32\gpapi.dll
0x00007ffa03b90000 - 0x00007ffa03bcb000 	C:\Windows\SYSTEM32\dxcore.dll
0x00007ffa1a920000 - 0x00007ffa1a96e000 	C:\Windows\System32\cfgmgr32.dll
0x00007ff9c3670000 - 0x00007ff9c36f9000 	C:\Program Files (x86)\Overwolf\0.170.48.15\OWExplorer.dll
0x00007ff9f8b00000 - 0x00007ff9f8b82000 	C:\Program Files (x86)\Java\jdk-14.0.2\bin\freetype.dll
0x00007ff9f7da0000 - 0x00007ff9f7e46000 	C:\Program Files (x86)\Java\jdk-14.0.2\bin\fontmanager.dll
0x00007ffa1a6f0000 - 0x00007ffa1a71e000 	C:\Windows\SYSTEM32\USERENV.dll
0x00007ffa19bf0000 - 0x00007ffa19c2b000 	C:\Windows\SYSTEM32\IPHLPAPI.DLL
0x00007ffa1b320000 - 0x00007ffa1b328000 	C:\Windows\System32\NSI.dll
0x00007ffa15c60000 - 0x00007ffa15c77000 	C:\Windows\SYSTEM32\dhcpcsvc6.DLL
0x00007ffa15c40000 - 0x00007ffa15c5d000 	C:\Windows\SYSTEM32\dhcpcsvc.DLL
0x00007ffa19c30000 - 0x00007ffa19cfc000 	C:\Windows\SYSTEM32\DNSAPI.dll
0x00007ffa028e0000 - 0x00007ffa029d9000 	C:\Windows\SYSTEM32\textinputframework.dll
0x00007ffa17c60000 - 0x00007ffa17fbe000 	C:\Windows\System32\CoreUIComponents.dll
0x00007ffa17fc0000 - 0x00007ffa180b2000 	C:\Windows\System32\CoreMessaging.dll
0x00007ffa17b00000 - 0x00007ffa17c54000 	C:\Windows\SYSTEM32\wintypes.dll
0x00007ff9f8ab0000 - 0x00007ff9f8af2000 	C:\Users\John\AppData\Local\Temp\jna-2314539\jna15057985757019283805.dll
0x00007ff9f8a80000 - 0x00007ff9f8aae000 	D:\Program Files\GitHub\RocketLeague-PanBot\build\dll\RLBot_Core_Interface.dll

dbghelp: loaded successfully - version: 4.0.5 - missing functions: none
symbol engine: initialized successfully - sym options: 0x614 - pdb path: .;C:\Program Files (x86)\Java\jdk-14.0.2\bin;C:\Windows\SYSTEM32;C:\Windows\WinSxS\amd64_microsoft.windows.common-controls_6595b64144ccf1df_6.0.19041.1052_none_60b8f8fd71f5e8cb;C:\Program Files (x86)\Java\jdk-14.0.2\bin\server;C:\Windows\System32\DriverStore\FileRepository\nv_dispi.inf_amd64_1c83a5d7cffd7bff;C:\Program Files (x86)\Overwolf\0.170.48.15;C:\Users\John\AppData\Local\Temp\jna-2314539;D:\Program Files\GitHub\RocketLeague-PanBot\build\dll

VM Arguments:
jvm_args: -Dfile.encoding=windows-1252 -Duser.country=CA -Duser.language=fr -Duser.variant 
java_command: rlbotexample.JavaExample
java_class_path (initial): D:\Program Files\GitHub\RocketLeague-PanBot\build\classes\java\main;D:\Program Files\GitHub\RocketLeague-PanBot\build\resources\main;D:\Program Files\GitHub\RocketLeague-PanBot\build\dll;C:\Users\John\.gradle\caches\modules-2\files-2.1\org.rlbot.commons\framework\1.11.0\107a09070a1232a0977f8cfaf439b6e06813211a\framework-1.11.0.jar;C:\Users\John\.gradle\caches\modules-2\files-2.1\net.java.dev.jna\jna-platform\4.5.1\117d52c9f672d8b7ea80a81464c33ef843de9254\jna-platform-4.5.1.jar;C:\Users\John\.gradle\caches\modules-2\files-2.1\net.java.dev.jna\jna\4.5.1\65bd0cacc9c79a21c6ed8e9f588577cd3c2f85b9\jna-4.5.1.jar;C:\Users\John\.gradle\caches\modules-2\files-2.1\net.sf.py4j\py4j\0.10.6\2204994fdaa4ba9c9e6f35fa3c700df454954cdf\py4j-0.10.6.jar;C:\Users\John\.gradle\caches\modules-2\files-2.1\com.github.davidmoten\flatbuffers-java\1.9.0.1\eaa1b27095bb5127879458bc2ee1b78e00d4a20\flatbuffers-java-1.9.0.1.jar
Launcher Type: SUN_STANDARD

[Global flags]
     intx CICompilerCount                          = 3                                         {product} {ergonomic}
     uint ConcGCThreads                            = 2                                         {product} {ergonomic}
     uint G1ConcRefinementThreads                  = 6                                         {product} {ergonomic}
   size_t G1HeapRegionSize                         = 1048576                                   {product} {ergonomic}
    uintx GCDrainStackTargetSize                   = 64                                        {product} {ergonomic}
   size_t InitialHeapSize                          = 268435456                                 {product} {ergonomic}
   size_t MarkStackSize                            = 4194304                                   {product} {ergonomic}
   size_t MaxHeapSize                              = 4280287232                                {product} {ergonomic}
   size_t MaxNewSize                               = 2567962624                                {product} {ergonomic}
   size_t MinHeapDeltaBytes                        = 1048576                                   {product} {ergonomic}
   size_t MinHeapSize                              = 8388608                                   {product} {ergonomic}
    uintx NonNMethodCodeHeapSize                   = 5832780                                {pd product} {ergonomic}
    uintx NonProfiledCodeHeapSize                  = 122912730                              {pd product} {ergonomic}
    uintx ProfiledCodeHeapSize                     = 122912730                              {pd product} {ergonomic}
    uintx ReservedCodeCacheSize                    = 251658240                              {pd product} {ergonomic}
     bool SegmentedCodeCache                       = true                                      {product} {ergonomic}
   size_t SoftMaxHeapSize                          = 4280287232                             {manageable} {ergonomic}
     bool UseCompressedClassPointers               = true                                 {lp64_product} {ergonomic}
     bool UseCompressedOops                        = true                                 {lp64_product} {ergonomic}
     bool UseG1GC                                  = true                                      {product} {ergonomic}
     bool UseLargePagesIndividualAllocation        = false                                  {pd product} {ergonomic}

Logging:
Log output configuration:
 #0: stdout all=warning uptime,level,tags
 #1: stderr all=off uptime,level,tags

Environment Variables:
JAVA_HOME=C:\Program Files (x86)\Java\jdk-14.0.2\jdk-14.0.2
PATH=C:\Program Files (x86)\Common Files\Oracle\Java\javapath;C:\Windows\system32;C:\Windows;C:\Windows\System32\Wbem;C:\Windows\System32\WindowsPowerShell\v1.0\;C:\Windows\System32\OpenSSH\;C:\Program Files (x86)\NVIDIA Corporation\PhysX\Common;C:\Program Files\NVIDIA Corporation\NVIDIA NvDLISR;C:\Program Files\Git\cmd;C:\Program Files (x86)\Java\jdk-14.0.2\jdk-14.0.2\bin;C:\Program Files\dotnet\;C:\Program Files\Microsoft SQL Server\130\Tools\Binn\;C:\Program Files\Microsoft SQL Server\Client SDK\ODBC\170\Tools\Binn\;C:\Program Files\Docker\Docker\resources\bin;C:\ProgramData\DockerDesktop\version-bin;C:\Program Files\apache-maven-3.6.3\bin;C:\Program Files\PuTTY\;C:\Users\John\AppData\Local\Programs\Python\Launcher\;C:\Users\John\AppData\Local\Microsoft\WindowsApps;C:\Program Files\JetBrains\IntelliJ IDEA Community Edition 2020.1.4\bin;;C:\Users\John\.dotnet\tools;C:\Users\John\AppData\Local\GitHubDesktop\bin;C:\Program Files (x86)\FAHClient;C:\Users\John\AppData\Local\Programs\Microsoft VS Code\bin;C:\Program Files (x86)\Arduino\arduino-cli;
USERNAME=John
OS=Windows_NT
PROCESSOR_IDENTIFIER=Intel64 Family 6 Model 158 Stepping 10, GenuineIntel



---------------  S Y S T E M  ---------------

OS: Windows 10 , 64 bit Build 19041 (10.0.19041.1023)
OS uptime: 19 days 18:10 hours
HyperV virtualization detected

CPU:total 6 (initial active 6) (6 cores per cpu, 1 threads per core) family 6 model 158 stepping 10, cmov, cx8, fxsr, mmx, sse, sse2, sse3, ssse3, sse4.1, sse4.2, popcnt, avx, avx2, aes, clmul, erms, rtm, 3dnowpref, lzcnt, tsc, tscinvbit, bmi1, bmi2, adx, fma

Memory: 4k page, system-wide physical 16325M (2359M free)
TotalPageFile size 65477M (AvailPageFile size 22M)
current process WorkingSet (physical memory assigned to process): 262M, peak: 295M
current process commit charge ("private bytes"): 401M, peak: 438M

vm_info: Java HotSpot(TM) 64-Bit Server VM (14.0.2+12-46) for windows-amd64 JRE (14.0.2+12-46), built on Jul  9 2020 00:35:52 by "mach5one" with MS VC++ 15.9 (VS2017)

END.
