#
# There is insufficient memory for the Java Runtime Environment to continue.
# Native memory allocation (malloc) failed to allocate 1531056 bytes for Chunk::new
# Possible reasons:
#   The system is out of physical RAM or swap space
#   The process is running with CompressedOops enabled, and the Java Heap may be blocking the growth of the native heap
# Possible solutions:
#   Reduce memory load on the system
#   Increase physical memory or swap space
#   Check if swap backing store is full
#   Decrease Java heap size (-Xmx/-Xms)
#   Decrease number of Java threads
#   Decrease Java thread stack sizes (-Xss)
#   Set larger code cache with -XX:ReservedCodeCacheSize=
#   JVM is running with Zero Based Compressed Oops mode in which the Java heap is
#     placed in the first 32GB address space. The Java Heap base address is the
#     maximum limit for the native heap growth. Please use -XX:HeapBaseMinAddress
#     to set the Java Heap base and to place the Java Heap above 32GB virtual address.
# This output file may be truncated or incomplete.
#
#  Out of Memory Error (./open/src/hotspot/share/memory/arena.cpp:195), pid=15148, tid=17540
#
# JRE version: Java(TM) SE Runtime Environment (14.0.2+12) (build 14.0.2+12-46)
# Java VM: Java HotSpot(TM) 64-Bit Server VM (14.0.2+12-46, mixed mode, sharing, tiered, compressed oops, g1 gc, windows-amd64)
# No core dump will be written. Minidumps are not enabled by default on client versions of Windows
#

---------------  S U M M A R Y ------------

Command Line: -Dfile.encoding=windows-1252 -Duser.country=CA -Duser.language=fr -Duser.variant rlbotexample.JavaExample

Host: Intel(R) Core(TM) i5-8600K CPU @ 3.60GHz, 6 cores, 15G,  Windows 10 , 64 bit Build 19041 (10.0.19041.1023)
Time: Fri Jul  9 19:51:58 2021 Est (É.-U. - heure d’été) elapsed time: 11 seconds (0d 0h 0m 11s)

---------------  T H R E A D  ---------------

Current thread (0x00000214e64e7000):  JavaThread "C2 CompilerThread1" daemon [_thread_in_native, id=17540, stack(0x0000005291600000,0x0000005291700000)]


Current CompileTask:
C2:  11584 2144       4       rlbotexample.dynamic_objects.DataPacket::<init> (333 bytes)

Stack: [0x0000005291600000,0x0000005291700000]
Native frames: (J=compiled Java code, j=interpreted, Vv=VM code, C=native code)
V  [jvm.dll+0x5f8a9a]
V  [jvm.dll+0x74247a]
V  [jvm.dll+0x743c2f]
V  [jvm.dll+0x744273]
V  [jvm.dll+0x20d288]
V  [jvm.dll+0xabb07]
V  [jvm.dll+0xac1fc]
V  [jvm.dll+0x31c438]
V  [jvm.dll+0x2e6b38]
V  [jvm.dll+0x2e5f3a]
V  [jvm.dll+0x1e5e16]
V  [jvm.dll+0x1e50b8]
V  [jvm.dll+0x1779cc]
V  [jvm.dll+0x1f4105]
V  [jvm.dll+0x1f22eb]
V  [jvm.dll+0x7070cd]
V  [jvm.dll+0x6ffeda]
V  [jvm.dll+0x5f78f6]
C  [ucrtbase.dll+0x21bb2]
C  [KERNEL32.DLL+0x17034]
C  [ntdll.dll+0x52651]


---------------  P R O C E S S  ---------------

Threads class SMR info:
_java_thread_list=0x00000214e5a073c0, length=82, elements={
0x00000214e5120000, 0x00000214e5123000, 0x00000214e513f000, 0x00000214e5142800,
0x00000214e5143800, 0x00000214e5146800, 0x00000214e514e000, 0x00000214e59db800,
0x00000214e5b23800, 0x00000214e5b29800, 0x00000214e5b2a800, 0x00000214e6076800,
0x00000214e607a800, 0x00000214e607e800, 0x00000214eaec2000, 0x00000214eaed6800,
0x00000214eaeda000, 0x00000214eaeda800, 0x00000214eaed2800, 0x00000214eaed5000,
0x00000214eaed3800, 0x00000214eaed4000, 0x00000214eaef7000, 0x00000214eaef5000,
0x00000214eaef8000, 0x00000214eaef6800, 0x00000214eaef5800, 0x00000214eaef9000,
0x00000214eaef9800, 0x00000214eaef4000, 0x00000214eaefd000, 0x00000214eaefc000,
0x00000214eaefe800, 0x00000214eaefb800, 0x00000214eaeff800, 0x00000214eaf00000,
0x00000214eaefa800, 0x00000214eaf01000, 0x00000214eaf02000, 0x00000214eaf02800,
0x00000214eaefe000, 0x00000214eafe9800, 0x00000214eafe8800, 0x00000214eafe6800,
0x00000214eafea800, 0x00000214eafec000, 0x00000214eafe7000, 0x00000214eafeb000,
0x00000214eafed000, 0x00000214eafed800, 0x00000214eafe8000, 0x00000214eafee800,
0x00000214eaff1000, 0x00000214eaff3800, 0x00000214eafef800, 0x00000214eaff1800,
0x00000214eaff4000, 0x00000214eaff5000, 0x00000214eaff0000, 0x00000214eb3b3800,
0x00000214eb3b0800, 0x00000214eb3ae000, 0x00000214eb3b1800, 0x00000214eb3b3000,
0x00000214eb3b2000, 0x00000214eb3b4800, 0x00000214eb3af000, 0x00000214eb3b5800,
0x00000214eb3af800, 0x00000214eb3b9800, 0x00000214eb3bb000, 0x00000214eb3bc000,
0x00000214eb3b6000, 0x00000214eb3ba800, 0x00000214eb3b7000, 0x00000214eb3bc800,
0x00000214eb3b8800, 0x00000214eb3b8000, 0x00000214eb501800, 0x00000214eb503000,
0x00000214eb4ff000, 0x00000214e64e7000
}

Java Threads: ( => current thread )
  0x00000214e5120000 JavaThread "Reference Handler" daemon [_thread_blocked, id=11536, stack(0x000000528dd00000,0x000000528de00000)]
  0x00000214e5123000 JavaThread "Finalizer" daemon [_thread_blocked, id=14700, stack(0x000000528de00000,0x000000528df00000)]
  0x00000214e513f000 JavaThread "Signal Dispatcher" daemon [_thread_blocked, id=16340, stack(0x000000528df00000,0x000000528e000000)]
  0x00000214e5142800 JavaThread "Attach Listener" daemon [_thread_blocked, id=15176, stack(0x000000528e000000,0x000000528e100000)]
  0x00000214e5143800 JavaThread "Service Thread" daemon [_thread_blocked, id=24872, stack(0x000000528e100000,0x000000528e200000)]
  0x00000214e5146800 JavaThread "C2 CompilerThread0" daemon [_thread_in_native, id=5984, stack(0x000000528e200000,0x000000528e300000)]
  0x00000214e514e000 JavaThread "C1 CompilerThread0" daemon [_thread_blocked, id=1360, stack(0x000000528e300000,0x000000528e400000)]
  0x00000214e59db800 JavaThread "Sweeper thread" daemon [_thread_blocked, id=24048, stack(0x000000528e400000,0x000000528e500000)]
  0x00000214e5b23800 JavaThread "Notification Thread" daemon [_thread_blocked, id=24500, stack(0x000000528e500000,0x000000528e600000)]
  0x00000214e5b29800 JavaThread "Common-Cleaner" daemon [_thread_blocked, id=22372, stack(0x000000528e700000,0x000000528e800000)]
  0x00000214e5b2a800 JavaThread "Thread-0" [_thread_in_native, id=15124, stack(0x000000528e800000,0x000000528e900000)]
  0x00000214e6076800 JavaThread "Java2D Disposer" daemon [_thread_blocked, id=9828, stack(0x000000528e900000,0x000000528ea00000)]
  0x00000214e607a800 JavaThread "AWT-Shutdown" [_thread_blocked, id=25516, stack(0x000000528ea00000,0x000000528eb00000)]
  0x00000214e607e800 JavaThread "AWT-Windows" daemon [_thread_in_native, id=20656, stack(0x000000528eb00000,0x000000528ec00000)]
  0x00000214eaec2000 JavaThread "Thread-1" [_thread_in_native, id=23364, stack(0x000000528ee00000,0x000000528ef00000)]
  0x00000214eaed6800 JavaThread "Thread-2" [_thread_blocked, id=452, stack(0x000000528ef00000,0x000000528f000000)]
  0x00000214eaeda000 JavaThread "Thread-3" [_thread_blocked, id=18688, stack(0x000000528f000000,0x000000528f100000)]
  0x00000214eaeda800 JavaThread "Thread-4" [_thread_blocked, id=9340, stack(0x000000528f100000,0x000000528f200000)]
  0x00000214eaed2800 JavaThread "Thread-5" [_thread_blocked, id=20112, stack(0x000000528f200000,0x000000528f300000)]
  0x00000214eaed5000 JavaThread "Thread-6" [_thread_blocked, id=804, stack(0x000000528f300000,0x000000528f400000)]
  0x00000214eaed3800 JavaThread "Thread-7" [_thread_blocked, id=24284, stack(0x000000528f400000,0x000000528f500000)]
  0x00000214eaed4000 JavaThread "Thread-8" [_thread_blocked, id=17040, stack(0x000000528f500000,0x000000528f600000)]
  0x00000214eaef7000 JavaThread "Thread-9" [_thread_blocked, id=21780, stack(0x000000528f600000,0x000000528f700000)]
  0x00000214eaef5000 JavaThread "Thread-10" [_thread_blocked, id=22092, stack(0x000000528f700000,0x000000528f800000)]
  0x00000214eaef8000 JavaThread "Thread-11" [_thread_blocked, id=6504, stack(0x000000528f900000,0x000000528fa00000)]
  0x00000214eaef6800 JavaThread "Thread-12" [_thread_blocked, id=14044, stack(0x000000528fa00000,0x000000528fb00000)]
  0x00000214eaef5800 JavaThread "Thread-13" [_thread_blocked, id=22936, stack(0x000000528fb00000,0x000000528fc00000)]
  0x00000214eaef9000 JavaThread "Thread-14" [_thread_blocked, id=25552, stack(0x000000528fc00000,0x000000528fd00000)]
  0x00000214eaef9800 JavaThread "Thread-15" [_thread_blocked, id=9500, stack(0x000000528fd00000,0x000000528fe00000)]
  0x00000214eaef4000 JavaThread "Thread-16" [_thread_blocked, id=14944, stack(0x000000528fe00000,0x000000528ff00000)]
  0x00000214eaefd000 JavaThread "Thread-17" [_thread_blocked, id=5096, stack(0x000000528ff00000,0x0000005290000000)]
  0x00000214eaefc000 JavaThread "Thread-18" [_thread_blocked, id=18288, stack(0x0000005290000000,0x0000005290100000)]
  0x00000214eaefe800 JavaThread "Thread-19" [_thread_blocked, id=8136, stack(0x0000005290100000,0x0000005290200000)]
  0x00000214eaefb800 JavaThread "Thread-20" [_thread_blocked, id=16536, stack(0x0000005290200000,0x0000005290300000)]
  0x00000214eaeff800 JavaThread "Thread-21" [_thread_blocked, id=23108, stack(0x0000005290300000,0x0000005290400000)]
  0x00000214eaf00000 JavaThread "Thread-22" [_thread_blocked, id=12872, stack(0x0000005290400000,0x0000005290500000)]
  0x00000214eaefa800 JavaThread "Thread-23" [_thread_blocked, id=10364, stack(0x0000005290500000,0x0000005290600000)]
  0x00000214eaf01000 JavaThread "Thread-24" [_thread_blocked, id=20868, stack(0x0000005290600000,0x0000005290700000)]
  0x00000214eaf02000 JavaThread "Thread-25" [_thread_blocked, id=22232, stack(0x0000005290700000,0x0000005290800000)]
  0x00000214eaf02800 JavaThread "Thread-26" [_thread_blocked, id=5892, stack(0x0000005290800000,0x0000005290900000)]
  0x00000214eaefe000 JavaThread "Thread-27" [_thread_blocked, id=14556, stack(0x0000005290900000,0x0000005290a00000)]
  0x00000214eafe9800 JavaThread "Thread-28" [_thread_blocked, id=14460, stack(0x0000005290a00000,0x0000005290b00000)]
  0x00000214eafe8800 JavaThread "Thread-29" [_thread_blocked, id=16936, stack(0x0000005290b00000,0x0000005290c00000)]
  0x00000214eafe6800 JavaThread "Thread-30" [_thread_blocked, id=5476, stack(0x0000005290c00000,0x0000005290d00000)]
  0x00000214eafea800 JavaThread "Thread-31" [_thread_blocked, id=8756, stack(0x0000005290d00000,0x0000005290e00000)]
  0x00000214eafec000 JavaThread "Thread-32" [_thread_blocked, id=12296, stack(0x0000005290e00000,0x0000005290f00000)]
  0x00000214eafe7000 JavaThread "Thread-33" [_thread_blocked, id=7076, stack(0x0000005290f00000,0x0000005291000000)]
  0x00000214eafeb000 JavaThread "Thread-34" [_thread_blocked, id=19964, stack(0x0000005291000000,0x0000005291100000)]
  0x00000214eafed000 JavaThread "Thread-35" [_thread_blocked, id=9480, stack(0x0000005291100000,0x0000005291200000)]
  0x00000214eafed800 JavaThread "Thread-36" [_thread_blocked, id=4052, stack(0x0000005291200000,0x0000005291300000)]
  0x00000214eafe8000 JavaThread "Thread-37" [_thread_blocked, id=13380, stack(0x0000005291300000,0x0000005291400000)]
  0x00000214eafee800 JavaThread "Thread-38" [_thread_blocked, id=12940, stack(0x0000005291400000,0x0000005291500000)]
  0x00000214eaff1000 JavaThread "Thread-39" [_thread_blocked, id=24616, stack(0x0000005291500000,0x0000005291600000)]
  0x00000214eaff3800 JavaThread "Thread-40" [_thread_blocked, id=1760, stack(0x0000005291700000,0x0000005291800000)]
  0x00000214eafef800 JavaThread "Thread-41" [_thread_blocked, id=1332, stack(0x0000005291800000,0x0000005291900000)]
  0x00000214eaff1800 JavaThread "Thread-42" [_thread_blocked, id=14516, stack(0x0000005291900000,0x0000005291a00000)]
  0x00000214eaff4000 JavaThread "Thread-43" [_thread_blocked, id=9364, stack(0x0000005291a00000,0x0000005291b00000)]
  0x00000214eaff5000 JavaThread "Thread-44" [_thread_blocked, id=17456, stack(0x0000005291b00000,0x0000005291c00000)]
  0x00000214eaff0000 JavaThread "Thread-45" [_thread_blocked, id=24708, stack(0x0000005291c00000,0x0000005291d00000)]
  0x00000214eb3b3800 JavaThread "Thread-46" [_thread_blocked, id=20004, stack(0x0000005291d00000,0x0000005291e00000)]
  0x00000214eb3b0800 JavaThread "AWT-EventQueue-0" [_thread_blocked, id=11844, stack(0x0000005291e00000,0x0000005291f00000)]
  0x00000214eb3ae000 JavaThread "Thread-47" [_thread_blocked, id=23088, stack(0x0000005291f00000,0x0000005292000000)]
  0x00000214eb3b1800 JavaThread "Thread-48" [_thread_blocked, id=19984, stack(0x0000005292000000,0x0000005292100000)]
  0x00000214eb3b3000 JavaThread "Thread-49" [_thread_blocked, id=14488, stack(0x0000005292100000,0x0000005292200000)]
  0x00000214eb3b2000 JavaThread "Thread-50" [_thread_blocked, id=17268, stack(0x0000005292300000,0x0000005292400000)]
  0x00000214eb3b4800 JavaThread "Thread-51" [_thread_blocked, id=13956, stack(0x0000005292400000,0x0000005292500000)]
  0x00000214eb3af000 JavaThread "Thread-52" [_thread_blocked, id=12572, stack(0x0000005292500000,0x0000005292600000)]
  0x00000214eb3b5800 JavaThread "Thread-53" [_thread_blocked, id=15532, stack(0x0000005292600000,0x0000005292700000)]
  0x00000214eb3af800 JavaThread "D3D Screen Updater" daemon [_thread_blocked, id=3268, stack(0x0000005292700000,0x0000005292800000)]
  0x00000214eb3b9800 JavaThread "TimerQueue" daemon [_thread_blocked, id=8440, stack(0x0000005292800000,0x0000005292900000)]
  0x00000214eb3bb000 JavaThread "DestroyJavaVM" [_thread_blocked, id=24140, stack(0x000000528d600000,0x000000528d700000)]
  0x00000214eb3bc000 JavaThread "Thread-54" [_thread_blocked, id=11156, stack(0x0000005292900000,0x0000005292a00000)]
  0x00000214eb3b6000 JavaThread "Thread-55" [_thread_blocked, id=23004, stack(0x0000005292a00000,0x0000005292b00000)]
  0x00000214eb3ba800 JavaThread "Thread-56" [_thread_blocked, id=21284, stack(0x0000005292b00000,0x0000005292c00000)]
  0x00000214eb3b7000 JavaThread "Thread-57" [_thread_blocked, id=19668, stack(0x0000005292c00000,0x0000005292d00000)]
  0x00000214eb3bc800 JavaThread "Thread-58" [_thread_blocked, id=14924, stack(0x0000005292d00000,0x0000005292e00000)]
  0x00000214eb3b8800 JavaThread "Thread-59" [_thread_blocked, id=1480, stack(0x0000005292e00000,0x0000005292f00000)]
  0x00000214eb3b8000 JavaThread "Thread-60" [_thread_blocked, id=23320, stack(0x0000005292f00000,0x0000005293000000)]
  0x00000214eb501800 JavaThread "Thread-61" [_thread_blocked, id=24600, stack(0x0000005293000000,0x0000005293100000)]
  0x00000214eb503000 JavaThread "Thread-62" [_thread_blocked, id=16952, stack(0x0000005293100000,0x0000005293200000)]
  0x00000214eb4ff000 JavaThread "Thread-63" [_thread_blocked, id=24908, stack(0x0000005293200000,0x0000005293300000)]
=>0x00000214e64e7000 JavaThread "C2 CompilerThread1" daemon [_thread_in_native, id=17540, stack(0x0000005291600000,0x0000005291700000)]

Other Threads:
  0x00000214e511b000 VMThread "VM Thread" [stack: 0x000000528dc00000,0x000000528dd00000] [id=23644]
  0x00000214e5b12800 WatcherThread [stack: 0x000000528e600000,0x000000528e700000] [id=10452]
  0x00000214c17e1000 GCTaskThread "GC Thread#0" [stack: 0x000000528d700000,0x000000528d800000] [id=16908]
  0x00000214eb51f000 GCTaskThread "GC Thread#1" [stack: 0x0000005292200000,0x0000005292300000] [id=9928]
  0x00000214eb5cd800 GCTaskThread "GC Thread#2" [stack: 0x0000005293300000,0x0000005293400000] [id=24776]
  0x00000214eb5ce000 GCTaskThread "GC Thread#3" [stack: 0x0000005293400000,0x0000005293500000] [id=15688]
  0x00000214eb5cf000 GCTaskThread "GC Thread#4" [stack: 0x0000005293500000,0x0000005293600000] [id=5128]
  0x00000214eb5cf800 GCTaskThread "GC Thread#5" [stack: 0x0000005293600000,0x0000005293700000] [id=23944]
  0x00000214c1803000 ConcurrentGCThread "G1 Main Marker" [stack: 0x000000528d800000,0x000000528d900000] [id=23056]
  0x00000214c1805000 ConcurrentGCThread "G1 Conc#0" [stack: 0x000000528d900000,0x000000528da00000] [id=18368]
  0x00000214e5009800 ConcurrentGCThread "G1 Refine#0" [stack: 0x000000528da00000,0x000000528db00000] [id=13244]
  0x00000214ebda7000 ConcurrentGCThread "G1 Refine#1" [stack: 0x0000005293700000,0x0000005293800000] [id=15836]
  0x00000214ebda8000 ConcurrentGCThread "G1 Refine#2" [stack: 0x0000005293800000,0x0000005293900000] [id=7040]
  0x00000214e500b000 ConcurrentGCThread "G1 Young RemSet Sampling" [stack: 0x000000528db00000,0x000000528dc00000] [id=19716]

Threads with active compile tasks:
C2 CompilerThread0    11981 2413       4       rlbot.gamestate.GameState::buildPacket (286 bytes)
C2 CompilerThread1    11981 2144       4       rlbotexample.dynamic_objects.DataPacket::<init> (333 bytes)

VM state:not at safepoint (normal execution)

VM Mutex/Monitor currently owned by a thread: None

Heap address: 0x0000000700e00000, size: 4082 MB, Compressed Oops mode: Zero based, Oop shift amount: 3
Narrow klass base: 0x0000000800000000, Narrow klass shift: 3
Compressed class space size: 1073741824 Address: 0x0000000800b30000

Heap:
 garbage-first heap   total 378880K, used 246663K [0x0000000700e00000, 0x0000000800000000)
  region size 1024K, 206 young (210944K), 14 survivors (14336K)
 Metaspace       used 10910K, capacity 11444K, committed 11648K, reserved 1058816K
  class space    used 1197K, capacity 1400K, committed 1408K, reserved 1048576K
Heap Regions: E=young(eden), S=young(survivor), O=old, HS=humongous(starts), HC=humongous(continues), CS=collection set, F=free, OA=open archive, CA=closed archive, TAMS=top-at-mark-start (previous, next)
|   0|0x0000000700e00000, 0x0000000700f00000, 0x0000000700f00000|100%| O|  |TAMS 0x0000000700e00000, 0x0000000700e00000| Untracked 
|   1|0x0000000700f00000, 0x0000000701000000, 0x0000000701000000|100%| O|  |TAMS 0x0000000700f00000, 0x0000000700f00000| Untracked 
|   2|0x0000000701000000, 0x0000000701100000, 0x0000000701100000|100%| O|  |TAMS 0x0000000701000000, 0x0000000701000000| Untracked 
|   3|0x0000000701100000, 0x0000000701200000, 0x0000000701200000|100%|HS|  |TAMS 0x0000000701100000, 0x0000000701100000| Complete 
|   4|0x0000000701200000, 0x0000000701300000, 0x0000000701300000|100%|HS|  |TAMS 0x0000000701200000, 0x0000000701200000| Complete 
|   5|0x0000000701300000, 0x0000000701400000, 0x0000000701400000|100%|HS|  |TAMS 0x0000000701300000, 0x0000000701300000| Complete 
|   6|0x0000000701400000, 0x0000000701500000, 0x0000000701500000|100%|HC|  |TAMS 0x0000000701400000, 0x0000000701400000| Complete 
|   7|0x0000000701500000, 0x0000000701600000, 0x0000000701600000|100%|HS|  |TAMS 0x0000000701500000, 0x0000000701500000| Complete 
|   8|0x0000000701600000, 0x0000000701700000, 0x0000000701700000|100%|HC|  |TAMS 0x0000000701600000, 0x0000000701600000| Complete 
|   9|0x0000000701700000, 0x0000000701800000, 0x0000000701800000|100%|HS|  |TAMS 0x0000000701700000, 0x0000000701700000| Complete 
|  10|0x0000000701800000, 0x0000000701900000, 0x0000000701900000|100%|HS|  |TAMS 0x0000000701800000, 0x0000000701800000| Complete 
|  11|0x0000000701900000, 0x0000000701a00000, 0x0000000701a00000|100%| O|  |TAMS 0x0000000701900000, 0x0000000701900000| Untracked 
|  12|0x0000000701a00000, 0x0000000701b00000, 0x0000000701b00000|100%| O|  |TAMS 0x0000000701a00000, 0x0000000701a00000| Untracked 
|  13|0x0000000701b00000, 0x0000000701c00000, 0x0000000701c00000|100%| O|  |TAMS 0x0000000701b00000, 0x0000000701b00000| Untracked 
|  14|0x0000000701c00000, 0x0000000701d00000, 0x0000000701d00000|100%|HS|  |TAMS 0x0000000701c00000, 0x0000000701c00000| Complete 
|  15|0x0000000701d00000, 0x0000000701e00000, 0x0000000701e00000|100%|HS|  |TAMS 0x0000000701d00000, 0x0000000701d00000| Complete 
|  16|0x0000000701e00000, 0x0000000701f00000, 0x0000000701f00000|100%| O|  |TAMS 0x0000000701e00000, 0x0000000701e00000| Untracked 
|  17|0x0000000701f00000, 0x0000000702000000, 0x0000000702000000|100%| O|  |TAMS 0x0000000701f00000, 0x0000000701f00000| Untracked 
|  18|0x0000000702000000, 0x0000000702100000, 0x0000000702100000|100%| O|  |TAMS 0x0000000702000000, 0x0000000702000000| Untracked 
|  19|0x0000000702100000, 0x0000000702200000, 0x0000000702200000|100%| O|  |TAMS 0x0000000702100000, 0x0000000702100000| Untracked 
|  20|0x0000000702200000, 0x0000000702300000, 0x0000000702300000|100%| O|  |TAMS 0x0000000702200000, 0x0000000702200000| Untracked 
|  21|0x0000000702300000, 0x0000000702400000, 0x0000000702400000|100%| O|  |TAMS 0x0000000702300000, 0x0000000702300000| Untracked 
|  22|0x0000000702400000, 0x0000000702500000, 0x0000000702500000|100%|HS|  |TAMS 0x0000000702400000, 0x0000000702400000| Complete 
|  23|0x0000000702500000, 0x0000000702600000, 0x0000000702600000|100%|HS|  |TAMS 0x0000000702500000, 0x0000000702500000| Complete 
|  24|0x0000000702600000, 0x0000000702700000, 0x0000000702700000|100%| O|  |TAMS 0x0000000702600000, 0x0000000702600000| Untracked 
|  25|0x0000000702700000, 0x0000000702800000, 0x0000000702800000|100%| O|  |TAMS 0x0000000702700000, 0x0000000702700000| Untracked 
|  26|0x0000000702800000, 0x0000000702900000, 0x0000000702900000|100%| O|  |TAMS 0x0000000702800000, 0x0000000702800000| Untracked 
|  27|0x0000000702900000, 0x0000000702a00000, 0x0000000702a00000|100%|HS|  |TAMS 0x0000000702900000, 0x0000000702900000| Complete 
|  28|0x0000000702a00000, 0x0000000702b00000, 0x0000000702b00000|100%|HS|  |TAMS 0x0000000702a00000, 0x0000000702a00000| Complete 
|  29|0x0000000702b00000, 0x0000000702c00000, 0x0000000702c00000|100%| O|  |TAMS 0x0000000702b00000, 0x0000000702b00000| Untracked 
|  30|0x0000000702c00000, 0x0000000702d00000, 0x0000000702d00000|100%| O|  |TAMS 0x0000000702c00000, 0x0000000702c00000| Untracked 
|  31|0x0000000702d00000, 0x0000000702e00000, 0x0000000702e00000|100%| O|  |TAMS 0x0000000702d00000, 0x0000000702d00000| Untracked 
|  32|0x0000000702e00000, 0x0000000702ee1c00, 0x0000000702f00000| 88%| O|  |TAMS 0x0000000702e00000, 0x0000000702e00000| Untracked 
|  33|0x0000000702f00000, 0x0000000703000000, 0x0000000703000000|100%|HS|  |TAMS 0x0000000702f00000, 0x0000000702f00000| Complete 
|  34|0x0000000703000000, 0x0000000703100000, 0x0000000703100000|100%|HC|  |TAMS 0x0000000703000000, 0x0000000703000000| Complete 
|  35|0x0000000703100000, 0x0000000703200000, 0x0000000703200000|100%|HS|  |TAMS 0x0000000703100000, 0x0000000703100000| Complete 
|  36|0x0000000703200000, 0x0000000703300000, 0x0000000703300000|100%|HC|  |TAMS 0x0000000703200000, 0x0000000703200000| Complete 
|  37|0x0000000703300000, 0x0000000703300000, 0x0000000703400000|  0%| F|  |TAMS 0x0000000703300000, 0x0000000703300000| Untracked 
|  38|0x0000000703400000, 0x0000000703400000, 0x0000000703500000|  0%| F|  |TAMS 0x0000000703400000, 0x0000000703400000| Untracked 
|  39|0x0000000703500000, 0x0000000703500000, 0x0000000703600000|  0%| F|  |TAMS 0x0000000703500000, 0x0000000703500000| Untracked 
|  40|0x0000000703600000, 0x0000000703600000, 0x0000000703700000|  0%| F|  |TAMS 0x0000000703600000, 0x0000000703600000| Untracked 
|  41|0x0000000703700000, 0x0000000703700000, 0x0000000703800000|  0%| F|  |TAMS 0x0000000703700000, 0x0000000703700000| Untracked 
|  42|0x0000000703800000, 0x0000000703800000, 0x0000000703900000|  0%| F|  |TAMS 0x0000000703800000, 0x0000000703800000| Untracked 
|  43|0x0000000703900000, 0x0000000703900000, 0x0000000703a00000|  0%| F|  |TAMS 0x0000000703900000, 0x0000000703900000| Untracked 
|  44|0x0000000703a00000, 0x0000000703a00000, 0x0000000703b00000|  0%| F|  |TAMS 0x0000000703a00000, 0x0000000703a00000| Untracked 
|  45|0x0000000703b00000, 0x0000000703b00000, 0x0000000703c00000|  0%| F|  |TAMS 0x0000000703b00000, 0x0000000703b00000| Untracked 
|  46|0x0000000703c00000, 0x0000000703c00000, 0x0000000703d00000|  0%| F|  |TAMS 0x0000000703c00000, 0x0000000703c00000| Untracked 
|  47|0x0000000703d00000, 0x0000000703d00000, 0x0000000703e00000|  0%| F|  |TAMS 0x0000000703d00000, 0x0000000703d00000| Untracked 
|  48|0x0000000703e00000, 0x0000000703e00000, 0x0000000703f00000|  0%| F|  |TAMS 0x0000000703e00000, 0x0000000703e00000| Untracked 
|  49|0x0000000703f00000, 0x0000000703f00000, 0x0000000704000000|  0%| F|  |TAMS 0x0000000703f00000, 0x0000000703f00000| Untracked 
|  50|0x0000000704000000, 0x0000000704000000, 0x0000000704100000|  0%| F|  |TAMS 0x0000000704000000, 0x0000000704000000| Untracked 
|  51|0x0000000704100000, 0x0000000704100000, 0x0000000704200000|  0%| F|  |TAMS 0x0000000704100000, 0x0000000704100000| Untracked 
|  52|0x0000000704200000, 0x0000000704200000, 0x0000000704300000|  0%| F|  |TAMS 0x0000000704200000, 0x0000000704200000| Untracked 
|  53|0x0000000704300000, 0x0000000704300000, 0x0000000704400000|  0%| F|  |TAMS 0x0000000704300000, 0x0000000704300000| Untracked 
|  54|0x0000000704400000, 0x0000000704400000, 0x0000000704500000|  0%| F|  |TAMS 0x0000000704400000, 0x0000000704400000| Untracked 
|  55|0x0000000704500000, 0x0000000704500000, 0x0000000704600000|  0%| F|  |TAMS 0x0000000704500000, 0x0000000704500000| Untracked 
|  56|0x0000000704600000, 0x0000000704600000, 0x0000000704700000|  0%| F|  |TAMS 0x0000000704600000, 0x0000000704600000| Untracked 
|  57|0x0000000704700000, 0x0000000704700000, 0x0000000704800000|  0%| F|  |TAMS 0x0000000704700000, 0x0000000704700000| Untracked 
|  58|0x0000000704800000, 0x0000000704800000, 0x0000000704900000|  0%| F|  |TAMS 0x0000000704800000, 0x0000000704800000| Untracked 
|  59|0x0000000704900000, 0x0000000704900000, 0x0000000704a00000|  0%| F|  |TAMS 0x0000000704900000, 0x0000000704900000| Untracked 
|  60|0x0000000704a00000, 0x0000000704a00000, 0x0000000704b00000|  0%| F|  |TAMS 0x0000000704a00000, 0x0000000704a00000| Untracked 
|  61|0x0000000704b00000, 0x0000000704b00000, 0x0000000704c00000|  0%| F|  |TAMS 0x0000000704b00000, 0x0000000704b00000| Untracked 
|  62|0x0000000704c00000, 0x0000000704c00000, 0x0000000704d00000|  0%| F|  |TAMS 0x0000000704c00000, 0x0000000704c00000| Untracked 
|  63|0x0000000704d00000, 0x0000000704d00000, 0x0000000704e00000|  0%| F|  |TAMS 0x0000000704d00000, 0x0000000704d00000| Untracked 
|  64|0x0000000704e00000, 0x0000000704e00000, 0x0000000704f00000|  0%| F|  |TAMS 0x0000000704e00000, 0x0000000704e00000| Untracked 
|  65|0x0000000704f00000, 0x0000000704f00000, 0x0000000705000000|  0%| F|  |TAMS 0x0000000704f00000, 0x0000000704f00000| Untracked 
|  66|0x0000000705000000, 0x0000000705000000, 0x0000000705100000|  0%| F|  |TAMS 0x0000000705000000, 0x0000000705000000| Untracked 
|  67|0x0000000705100000, 0x0000000705100000, 0x0000000705200000|  0%| F|  |TAMS 0x0000000705100000, 0x0000000705100000| Untracked 
|  68|0x0000000705200000, 0x0000000705200000, 0x0000000705300000|  0%| F|  |TAMS 0x0000000705200000, 0x0000000705200000| Untracked 
|  69|0x0000000705300000, 0x0000000705300000, 0x0000000705400000|  0%| F|  |TAMS 0x0000000705300000, 0x0000000705300000| Untracked 
|  70|0x0000000705400000, 0x0000000705400000, 0x0000000705500000|  0%| F|  |TAMS 0x0000000705400000, 0x0000000705400000| Untracked 
|  71|0x0000000705500000, 0x0000000705500000, 0x0000000705600000|  0%| F|  |TAMS 0x0000000705500000, 0x0000000705500000| Untracked 
|  72|0x0000000705600000, 0x0000000705600000, 0x0000000705700000|  0%| F|  |TAMS 0x0000000705600000, 0x0000000705600000| Untracked 
|  73|0x0000000705700000, 0x0000000705700000, 0x0000000705800000|  0%| F|  |TAMS 0x0000000705700000, 0x0000000705700000| Untracked 
|  74|0x0000000705800000, 0x0000000705800000, 0x0000000705900000|  0%| F|  |TAMS 0x0000000705800000, 0x0000000705800000| Untracked 
|  75|0x0000000705900000, 0x0000000705900000, 0x0000000705a00000|  0%| F|  |TAMS 0x0000000705900000, 0x0000000705900000| Untracked 
|  76|0x0000000705a00000, 0x0000000705a00000, 0x0000000705b00000|  0%| F|  |TAMS 0x0000000705a00000, 0x0000000705a00000| Untracked 
|  77|0x0000000705b00000, 0x0000000705b00000, 0x0000000705c00000|  0%| F|  |TAMS 0x0000000705b00000, 0x0000000705b00000| Untracked 
|  78|0x0000000705c00000, 0x0000000705c00000, 0x0000000705d00000|  0%| F|  |TAMS 0x0000000705c00000, 0x0000000705c00000| Untracked 
|  79|0x0000000705d00000, 0x0000000705d00000, 0x0000000705e00000|  0%| F|  |TAMS 0x0000000705d00000, 0x0000000705d00000| Untracked 
|  80|0x0000000705e00000, 0x0000000705e00000, 0x0000000705f00000|  0%| F|  |TAMS 0x0000000705e00000, 0x0000000705e00000| Untracked 
|  81|0x0000000705f00000, 0x0000000705f00000, 0x0000000706000000|  0%| F|  |TAMS 0x0000000705f00000, 0x0000000705f00000| Untracked 
|  82|0x0000000706000000, 0x0000000706000000, 0x0000000706100000|  0%| F|  |TAMS 0x0000000706000000, 0x0000000706000000| Untracked 
|  83|0x0000000706100000, 0x0000000706100000, 0x0000000706200000|  0%| F|  |TAMS 0x0000000706100000, 0x0000000706100000| Untracked 
|  84|0x0000000706200000, 0x0000000706200000, 0x0000000706300000|  0%| F|  |TAMS 0x0000000706200000, 0x0000000706200000| Untracked 
|  85|0x0000000706300000, 0x0000000706300000, 0x0000000706400000|  0%| F|  |TAMS 0x0000000706300000, 0x0000000706300000| Untracked 
|  86|0x0000000706400000, 0x0000000706400000, 0x0000000706500000|  0%| F|  |TAMS 0x0000000706400000, 0x0000000706400000| Untracked 
|  87|0x0000000706500000, 0x0000000706500000, 0x0000000706600000|  0%| F|  |TAMS 0x0000000706500000, 0x0000000706500000| Untracked 
|  88|0x0000000706600000, 0x0000000706600000, 0x0000000706700000|  0%| F|  |TAMS 0x0000000706600000, 0x0000000706600000| Untracked 
|  89|0x0000000706700000, 0x0000000706700000, 0x0000000706800000|  0%| F|  |TAMS 0x0000000706700000, 0x0000000706700000| Untracked 
|  90|0x0000000706800000, 0x0000000706800000, 0x0000000706900000|  0%| F|  |TAMS 0x0000000706800000, 0x0000000706800000| Untracked 
|  91|0x0000000706900000, 0x0000000706900000, 0x0000000706a00000|  0%| F|  |TAMS 0x0000000706900000, 0x0000000706900000| Untracked 
|  92|0x0000000706a00000, 0x0000000706a00000, 0x0000000706b00000|  0%| F|  |TAMS 0x0000000706a00000, 0x0000000706a00000| Untracked 
|  93|0x0000000706b00000, 0x0000000706b00000, 0x0000000706c00000|  0%| F|  |TAMS 0x0000000706b00000, 0x0000000706b00000| Untracked 
|  94|0x0000000706c00000, 0x0000000706c00000, 0x0000000706d00000|  0%| F|  |TAMS 0x0000000706c00000, 0x0000000706c00000| Untracked 
|  95|0x0000000706d00000, 0x0000000706d00000, 0x0000000706e00000|  0%| F|  |TAMS 0x0000000706d00000, 0x0000000706d00000| Untracked 
|  96|0x0000000706e00000, 0x0000000706e00000, 0x0000000706f00000|  0%| F|  |TAMS 0x0000000706e00000, 0x0000000706e00000| Untracked 
|  97|0x0000000706f00000, 0x0000000706f00000, 0x0000000707000000|  0%| F|  |TAMS 0x0000000706f00000, 0x0000000706f00000| Untracked 
|  98|0x0000000707000000, 0x0000000707000000, 0x0000000707100000|  0%| F|  |TAMS 0x0000000707000000, 0x0000000707000000| Untracked 
|  99|0x0000000707100000, 0x0000000707100000, 0x0000000707200000|  0%| F|  |TAMS 0x0000000707100000, 0x0000000707100000| Untracked 
| 100|0x0000000707200000, 0x0000000707200000, 0x0000000707300000|  0%| F|  |TAMS 0x0000000707200000, 0x0000000707200000| Untracked 
| 101|0x0000000707300000, 0x0000000707300000, 0x0000000707400000|  0%| F|  |TAMS 0x0000000707300000, 0x0000000707300000| Untracked 
| 102|0x0000000707400000, 0x0000000707400000, 0x0000000707500000|  0%| F|  |TAMS 0x0000000707400000, 0x0000000707400000| Untracked 
| 103|0x0000000707500000, 0x0000000707500000, 0x0000000707600000|  0%| F|  |TAMS 0x0000000707500000, 0x0000000707500000| Untracked 
| 104|0x0000000707600000, 0x0000000707600000, 0x0000000707700000|  0%| F|  |TAMS 0x0000000707600000, 0x0000000707600000| Untracked 
| 105|0x0000000707700000, 0x0000000707700000, 0x0000000707800000|  0%| F|  |TAMS 0x0000000707700000, 0x0000000707700000| Untracked 
| 106|0x0000000707800000, 0x0000000707800000, 0x0000000707900000|  0%| F|  |TAMS 0x0000000707800000, 0x0000000707800000| Untracked 
| 107|0x0000000707900000, 0x0000000707900000, 0x0000000707a00000|  0%| F|  |TAMS 0x0000000707900000, 0x0000000707900000| Untracked 
| 108|0x0000000707a00000, 0x0000000707a00000, 0x0000000707b00000|  0%| F|  |TAMS 0x0000000707a00000, 0x0000000707a00000| Untracked 
| 109|0x0000000707b00000, 0x0000000707b00000, 0x0000000707c00000|  0%| F|  |TAMS 0x0000000707b00000, 0x0000000707b00000| Untracked 
| 110|0x0000000707c00000, 0x0000000707c00000, 0x0000000707d00000|  0%| F|  |TAMS 0x0000000707c00000, 0x0000000707c00000| Untracked 
| 111|0x0000000707d00000, 0x0000000707d00000, 0x0000000707e00000|  0%| F|  |TAMS 0x0000000707d00000, 0x0000000707d00000| Untracked 
| 112|0x0000000707e00000, 0x0000000707e00000, 0x0000000707f00000|  0%| F|  |TAMS 0x0000000707e00000, 0x0000000707e00000| Untracked 
| 113|0x0000000707f00000, 0x0000000707f00000, 0x0000000708000000|  0%| F|  |TAMS 0x0000000707f00000, 0x0000000707f00000| Untracked 
| 114|0x0000000708000000, 0x0000000708000000, 0x0000000708100000|  0%| F|  |TAMS 0x0000000708000000, 0x0000000708000000| Untracked 
| 115|0x0000000708100000, 0x0000000708100000, 0x0000000708200000|  0%| F|  |TAMS 0x0000000708100000, 0x0000000708100000| Untracked 
| 116|0x0000000708200000, 0x0000000708200000, 0x0000000708300000|  0%| F|  |TAMS 0x0000000708200000, 0x0000000708200000| Untracked 
| 117|0x0000000708300000, 0x0000000708300000, 0x0000000708400000|  0%| F|  |TAMS 0x0000000708300000, 0x0000000708300000| Untracked 
| 118|0x0000000708400000, 0x0000000708400000, 0x0000000708500000|  0%| F|  |TAMS 0x0000000708400000, 0x0000000708400000| Untracked 
| 119|0x0000000708500000, 0x0000000708500000, 0x0000000708600000|  0%| F|  |TAMS 0x0000000708500000, 0x0000000708500000| Untracked 
| 120|0x0000000708600000, 0x0000000708600000, 0x0000000708700000|  0%| F|  |TAMS 0x0000000708600000, 0x0000000708600000| Untracked 
| 121|0x0000000708700000, 0x0000000708700000, 0x0000000708800000|  0%| F|  |TAMS 0x0000000708700000, 0x0000000708700000| Untracked 
| 122|0x0000000708800000, 0x0000000708800000, 0x0000000708900000|  0%| F|  |TAMS 0x0000000708800000, 0x0000000708800000| Untracked 
| 123|0x0000000708900000, 0x0000000708900000, 0x0000000708a00000|  0%| F|  |TAMS 0x0000000708900000, 0x0000000708900000| Untracked 
| 124|0x0000000708a00000, 0x0000000708a00000, 0x0000000708b00000|  0%| F|  |TAMS 0x0000000708a00000, 0x0000000708a00000| Untracked 
| 125|0x0000000708b00000, 0x0000000708b00000, 0x0000000708c00000|  0%| F|  |TAMS 0x0000000708b00000, 0x0000000708b00000| Untracked 
| 126|0x0000000708c00000, 0x0000000708c00000, 0x0000000708d00000|  0%| F|  |TAMS 0x0000000708c00000, 0x0000000708c00000| Untracked 
| 127|0x0000000708d00000, 0x0000000708d00000, 0x0000000708e00000|  0%| F|  |TAMS 0x0000000708d00000, 0x0000000708d00000| Untracked 
| 128|0x0000000708e00000, 0x0000000708e00000, 0x0000000708f00000|  0%| F|  |TAMS 0x0000000708e00000, 0x0000000708e00000| Untracked 
| 129|0x0000000708f00000, 0x0000000708f00000, 0x0000000709000000|  0%| F|  |TAMS 0x0000000708f00000, 0x0000000708f00000| Untracked 
| 130|0x0000000709000000, 0x0000000709000000, 0x0000000709100000|  0%| F|  |TAMS 0x0000000709000000, 0x0000000709000000| Untracked 
| 131|0x0000000709100000, 0x0000000709100000, 0x0000000709200000|  0%| F|  |TAMS 0x0000000709100000, 0x0000000709100000| Untracked 
| 132|0x0000000709200000, 0x0000000709200000, 0x0000000709300000|  0%| F|  |TAMS 0x0000000709200000, 0x0000000709200000| Untracked 
| 133|0x0000000709300000, 0x0000000709300000, 0x0000000709400000|  0%| F|  |TAMS 0x0000000709300000, 0x0000000709300000| Untracked 
| 134|0x0000000709400000, 0x0000000709400000, 0x0000000709500000|  0%| F|  |TAMS 0x0000000709400000, 0x0000000709400000| Untracked 
| 135|0x0000000709500000, 0x0000000709500000, 0x0000000709600000|  0%| F|  |TAMS 0x0000000709500000, 0x0000000709500000| Untracked 
| 136|0x0000000709600000, 0x0000000709600000, 0x0000000709700000|  0%| F|  |TAMS 0x0000000709600000, 0x0000000709600000| Untracked 
| 137|0x0000000709700000, 0x0000000709700000, 0x0000000709800000|  0%| F|  |TAMS 0x0000000709700000, 0x0000000709700000| Untracked 
| 138|0x0000000709800000, 0x0000000709800000, 0x0000000709900000|  0%| F|  |TAMS 0x0000000709800000, 0x0000000709800000| Untracked 
| 139|0x0000000709900000, 0x0000000709900000, 0x0000000709a00000|  0%| F|  |TAMS 0x0000000709900000, 0x0000000709900000| Untracked 
| 140|0x0000000709a00000, 0x0000000709a00000, 0x0000000709b00000|  0%| F|  |TAMS 0x0000000709a00000, 0x0000000709a00000| Untracked 
| 141|0x0000000709b00000, 0x0000000709b00000, 0x0000000709c00000|  0%| F|  |TAMS 0x0000000709b00000, 0x0000000709b00000| Untracked 
| 142|0x0000000709c00000, 0x0000000709c00000, 0x0000000709d00000|  0%| F|  |TAMS 0x0000000709c00000, 0x0000000709c00000| Untracked 
| 143|0x0000000709d00000, 0x0000000709d00000, 0x0000000709e00000|  0%| F|  |TAMS 0x0000000709d00000, 0x0000000709d00000| Untracked 
| 144|0x0000000709e00000, 0x0000000709e00000, 0x0000000709f00000|  0%| F|  |TAMS 0x0000000709e00000, 0x0000000709e00000| Untracked 
| 145|0x0000000709f00000, 0x0000000709f00000, 0x000000070a000000|  0%| F|  |TAMS 0x0000000709f00000, 0x0000000709f00000| Untracked 
| 146|0x000000070a000000, 0x000000070a000000, 0x000000070a100000|  0%| F|  |TAMS 0x000000070a000000, 0x000000070a000000| Untracked 
| 147|0x000000070a100000, 0x000000070a200000, 0x000000070a200000|100%| S|CS|TAMS 0x000000070a100000, 0x000000070a100000| Complete 
| 148|0x000000070a200000, 0x000000070a300000, 0x000000070a300000|100%| S|CS|TAMS 0x000000070a200000, 0x000000070a200000| Complete 
| 149|0x000000070a300000, 0x000000070a400000, 0x000000070a400000|100%| S|CS|TAMS 0x000000070a300000, 0x000000070a300000| Complete 
| 150|0x000000070a400000, 0x000000070a500000, 0x000000070a500000|100%| S|CS|TAMS 0x000000070a400000, 0x000000070a400000| Complete 
| 151|0x000000070a500000, 0x000000070a600000, 0x000000070a600000|100%| S|CS|TAMS 0x000000070a500000, 0x000000070a500000| Complete 
| 152|0x000000070a600000, 0x000000070a700000, 0x000000070a700000|100%| S|CS|TAMS 0x000000070a600000, 0x000000070a600000| Complete 
| 153|0x000000070a700000, 0x000000070a800000, 0x000000070a800000|100%| S|CS|TAMS 0x000000070a700000, 0x000000070a700000| Complete 
| 154|0x000000070a800000, 0x000000070a900000, 0x000000070a900000|100%| S|CS|TAMS 0x000000070a800000, 0x000000070a800000| Complete 
| 155|0x000000070a900000, 0x000000070aa00000, 0x000000070aa00000|100%| S|CS|TAMS 0x000000070a900000, 0x000000070a900000| Complete 
| 156|0x000000070aa00000, 0x000000070ab00000, 0x000000070ab00000|100%| S|CS|TAMS 0x000000070aa00000, 0x000000070aa00000| Complete 
| 157|0x000000070ab00000, 0x000000070ac00000, 0x000000070ac00000|100%| S|CS|TAMS 0x000000070ab00000, 0x000000070ab00000| Complete 
| 158|0x000000070ac00000, 0x000000070ad00000, 0x000000070ad00000|100%| S|CS|TAMS 0x000000070ac00000, 0x000000070ac00000| Complete 
| 159|0x000000070ad00000, 0x000000070ae00000, 0x000000070ae00000|100%| S|CS|TAMS 0x000000070ad00000, 0x000000070ad00000| Complete 
| 160|0x000000070ae00000, 0x000000070af00000, 0x000000070af00000|100%| S|CS|TAMS 0x000000070ae00000, 0x000000070ae00000| Complete 
| 161|0x000000070af00000, 0x000000070af00000, 0x000000070b000000|  0%| F|  |TAMS 0x000000070af00000, 0x000000070af00000| Untracked 
| 162|0x000000070b000000, 0x000000070b000000, 0x000000070b100000|  0%| F|  |TAMS 0x000000070b000000, 0x000000070b000000| Untracked 
| 163|0x000000070b100000, 0x000000070b100000, 0x000000070b200000|  0%| F|  |TAMS 0x000000070b100000, 0x000000070b100000| Untracked 
| 164|0x000000070b200000, 0x000000070b200000, 0x000000070b300000|  0%| F|  |TAMS 0x000000070b200000, 0x000000070b200000| Untracked 
| 165|0x000000070b300000, 0x000000070b300000, 0x000000070b400000|  0%| F|  |TAMS 0x000000070b300000, 0x000000070b300000| Untracked 
| 166|0x000000070b400000, 0x000000070b400000, 0x000000070b500000|  0%| F|  |TAMS 0x000000070b400000, 0x000000070b400000| Untracked 
| 167|0x000000070b500000, 0x000000070b500000, 0x000000070b600000|  0%| F|  |TAMS 0x000000070b500000, 0x000000070b500000| Untracked 
| 168|0x000000070b600000, 0x000000070b600000, 0x000000070b700000|  0%| F|  |TAMS 0x000000070b600000, 0x000000070b600000| Untracked 
| 169|0x000000070b700000, 0x000000070b700000, 0x000000070b800000|  0%| F|  |TAMS 0x000000070b700000, 0x000000070b700000| Untracked 
| 170|0x000000070b800000, 0x000000070b800000, 0x000000070b900000|  0%| F|  |TAMS 0x000000070b800000, 0x000000070b800000| Untracked 
| 171|0x000000070b900000, 0x000000070b900000, 0x000000070ba00000|  0%| F|  |TAMS 0x000000070b900000, 0x000000070b900000| Untracked 
| 172|0x000000070ba00000, 0x000000070ba00000, 0x000000070bb00000|  0%| F|  |TAMS 0x000000070ba00000, 0x000000070ba00000| Untracked 
| 173|0x000000070bb00000, 0x000000070bb00000, 0x000000070bc00000|  0%| F|  |TAMS 0x000000070bb00000, 0x000000070bb00000| Untracked 
| 174|0x000000070bc00000, 0x000000070bc00000, 0x000000070bd00000|  0%| F|  |TAMS 0x000000070bc00000, 0x000000070bc00000| Untracked 
| 175|0x000000070bd00000, 0x000000070bd00000, 0x000000070be00000|  0%| F|  |TAMS 0x000000070bd00000, 0x000000070bd00000| Untracked 
| 176|0x000000070be00000, 0x000000070be00000, 0x000000070bf00000|  0%| F|  |TAMS 0x000000070be00000, 0x000000070be00000| Untracked 
| 177|0x000000070bf00000, 0x000000070bf24a90, 0x000000070c000000| 14%| E|  |TAMS 0x000000070bf00000, 0x000000070bf00000| Complete 
| 178|0x000000070c000000, 0x000000070c100000, 0x000000070c100000|100%| E|  |TAMS 0x000000070c000000, 0x000000070c000000| Complete 
| 179|0x000000070c100000, 0x000000070c200000, 0x000000070c200000|100%| E|CS|TAMS 0x000000070c100000, 0x000000070c100000| Complete 
| 180|0x000000070c200000, 0x000000070c300000, 0x000000070c300000|100%| E|CS|TAMS 0x000000070c200000, 0x000000070c200000| Complete 
| 181|0x000000070c300000, 0x000000070c400000, 0x000000070c400000|100%| E|CS|TAMS 0x000000070c300000, 0x000000070c300000| Complete 
| 182|0x000000070c400000, 0x000000070c500000, 0x000000070c500000|100%| E|CS|TAMS 0x000000070c400000, 0x000000070c400000| Complete 
| 183|0x000000070c500000, 0x000000070c600000, 0x000000070c600000|100%| E|CS|TAMS 0x000000070c500000, 0x000000070c500000| Complete 
| 184|0x000000070c600000, 0x000000070c700000, 0x000000070c700000|100%| E|CS|TAMS 0x000000070c600000, 0x000000070c600000| Complete 
| 185|0x000000070c700000, 0x000000070c800000, 0x000000070c800000|100%| E|CS|TAMS 0x000000070c700000, 0x000000070c700000| Complete 
| 186|0x000000070c800000, 0x000000070c900000, 0x000000070c900000|100%| E|CS|TAMS 0x000000070c800000, 0x000000070c800000| Complete 
| 187|0x000000070c900000, 0x000000070ca00000, 0x000000070ca00000|100%| E|CS|TAMS 0x000000070c900000, 0x000000070c900000| Complete 
| 188|0x000000070ca00000, 0x000000070cb00000, 0x000000070cb00000|100%| E|CS|TAMS 0x000000070ca00000, 0x000000070ca00000| Complete 
| 189|0x000000070cb00000, 0x000000070cc00000, 0x000000070cc00000|100%| E|CS|TAMS 0x000000070cb00000, 0x000000070cb00000| Complete 
| 190|0x000000070cc00000, 0x000000070cd00000, 0x000000070cd00000|100%| E|CS|TAMS 0x000000070cc00000, 0x000000070cc00000| Complete 
| 191|0x000000070cd00000, 0x000000070ce00000, 0x000000070ce00000|100%| E|CS|TAMS 0x000000070cd00000, 0x000000070cd00000| Complete 
| 192|0x000000070ce00000, 0x000000070cf00000, 0x000000070cf00000|100%| E|CS|TAMS 0x000000070ce00000, 0x000000070ce00000| Complete 
| 193|0x000000070cf00000, 0x000000070d000000, 0x000000070d000000|100%| E|CS|TAMS 0x000000070cf00000, 0x000000070cf00000| Complete 
| 194|0x000000070d000000, 0x000000070d100000, 0x000000070d100000|100%| E|CS|TAMS 0x000000070d000000, 0x000000070d000000| Complete 
| 195|0x000000070d100000, 0x000000070d200000, 0x000000070d200000|100%| E|CS|TAMS 0x000000070d100000, 0x000000070d100000| Complete 
| 196|0x000000070d200000, 0x000000070d300000, 0x000000070d300000|100%| E|CS|TAMS 0x000000070d200000, 0x000000070d200000| Complete 
| 197|0x000000070d300000, 0x000000070d400000, 0x000000070d400000|100%| E|CS|TAMS 0x000000070d300000, 0x000000070d300000| Complete 
| 198|0x000000070d400000, 0x000000070d500000, 0x000000070d500000|100%| E|CS|TAMS 0x000000070d400000, 0x000000070d400000| Complete 
| 199|0x000000070d500000, 0x000000070d600000, 0x000000070d600000|100%| E|CS|TAMS 0x000000070d500000, 0x000000070d500000| Complete 
| 200|0x000000070d600000, 0x000000070d700000, 0x000000070d700000|100%| E|CS|TAMS 0x000000070d600000, 0x000000070d600000| Complete 
| 201|0x000000070d700000, 0x000000070d800000, 0x000000070d800000|100%| E|CS|TAMS 0x000000070d700000, 0x000000070d700000| Complete 
| 202|0x000000070d800000, 0x000000070d900000, 0x000000070d900000|100%| E|CS|TAMS 0x000000070d800000, 0x000000070d800000| Complete 
| 203|0x000000070d900000, 0x000000070da00000, 0x000000070da00000|100%| E|CS|TAMS 0x000000070d900000, 0x000000070d900000| Complete 
| 204|0x000000070da00000, 0x000000070db00000, 0x000000070db00000|100%| E|CS|TAMS 0x000000070da00000, 0x000000070da00000| Complete 
| 205|0x000000070db00000, 0x000000070dc00000, 0x000000070dc00000|100%| E|CS|TAMS 0x000000070db00000, 0x000000070db00000| Complete 
| 206|0x000000070dc00000, 0x000000070dd00000, 0x000000070dd00000|100%| E|CS|TAMS 0x000000070dc00000, 0x000000070dc00000| Complete 
| 207|0x000000070dd00000, 0x000000070de00000, 0x000000070de00000|100%| E|CS|TAMS 0x000000070dd00000, 0x000000070dd00000| Complete 
| 208|0x000000070de00000, 0x000000070df00000, 0x000000070df00000|100%| E|CS|TAMS 0x000000070de00000, 0x000000070de00000| Complete 
| 209|0x000000070df00000, 0x000000070e000000, 0x000000070e000000|100%| E|CS|TAMS 0x000000070df00000, 0x000000070df00000| Complete 
| 210|0x000000070e000000, 0x000000070e100000, 0x000000070e100000|100%| E|CS|TAMS 0x000000070e000000, 0x000000070e000000| Complete 
| 211|0x000000070e100000, 0x000000070e200000, 0x000000070e200000|100%| E|CS|TAMS 0x000000070e100000, 0x000000070e100000| Complete 
| 212|0x000000070e200000, 0x000000070e300000, 0x000000070e300000|100%| E|CS|TAMS 0x000000070e200000, 0x000000070e200000| Complete 
| 213|0x000000070e300000, 0x000000070e400000, 0x000000070e400000|100%| E|CS|TAMS 0x000000070e300000, 0x000000070e300000| Complete 
| 214|0x000000070e400000, 0x000000070e500000, 0x000000070e500000|100%| E|CS|TAMS 0x000000070e400000, 0x000000070e400000| Complete 
| 215|0x000000070e500000, 0x000000070e600000, 0x000000070e600000|100%| E|CS|TAMS 0x000000070e500000, 0x000000070e500000| Complete 
| 216|0x000000070e600000, 0x000000070e700000, 0x000000070e700000|100%| E|CS|TAMS 0x000000070e600000, 0x000000070e600000| Complete 
| 217|0x000000070e700000, 0x000000070e800000, 0x000000070e800000|100%| E|CS|TAMS 0x000000070e700000, 0x000000070e700000| Complete 
| 218|0x000000070e800000, 0x000000070e900000, 0x000000070e900000|100%| E|CS|TAMS 0x000000070e800000, 0x000000070e800000| Complete 
| 219|0x000000070e900000, 0x000000070ea00000, 0x000000070ea00000|100%| E|CS|TAMS 0x000000070e900000, 0x000000070e900000| Complete 
| 220|0x000000070ea00000, 0x000000070eb00000, 0x000000070eb00000|100%| E|CS|TAMS 0x000000070ea00000, 0x000000070ea00000| Complete 
| 221|0x000000070eb00000, 0x000000070ec00000, 0x000000070ec00000|100%| E|CS|TAMS 0x000000070eb00000, 0x000000070eb00000| Complete 
| 222|0x000000070ec00000, 0x000000070ed00000, 0x000000070ed00000|100%| E|CS|TAMS 0x000000070ec00000, 0x000000070ec00000| Complete 
| 223|0x000000070ed00000, 0x000000070ee00000, 0x000000070ee00000|100%| E|CS|TAMS 0x000000070ed00000, 0x000000070ed00000| Complete 
| 224|0x000000070ee00000, 0x000000070ef00000, 0x000000070ef00000|100%| E|CS|TAMS 0x000000070ee00000, 0x000000070ee00000| Complete 
| 225|0x000000070ef00000, 0x000000070f000000, 0x000000070f000000|100%| E|CS|TAMS 0x000000070ef00000, 0x000000070ef00000| Complete 
| 226|0x000000070f000000, 0x000000070f100000, 0x000000070f100000|100%| E|CS|TAMS 0x000000070f000000, 0x000000070f000000| Complete 
| 227|0x000000070f100000, 0x000000070f200000, 0x000000070f200000|100%| E|CS|TAMS 0x000000070f100000, 0x000000070f100000| Complete 
| 228|0x000000070f200000, 0x000000070f300000, 0x000000070f300000|100%| E|CS|TAMS 0x000000070f200000, 0x000000070f200000| Complete 
| 229|0x000000070f300000, 0x000000070f400000, 0x000000070f400000|100%| E|CS|TAMS 0x000000070f300000, 0x000000070f300000| Complete 
| 230|0x000000070f400000, 0x000000070f500000, 0x000000070f500000|100%| E|CS|TAMS 0x000000070f400000, 0x000000070f400000| Complete 
| 231|0x000000070f500000, 0x000000070f600000, 0x000000070f600000|100%| E|CS|TAMS 0x000000070f500000, 0x000000070f500000| Complete 
| 232|0x000000070f600000, 0x000000070f700000, 0x000000070f700000|100%| E|CS|TAMS 0x000000070f600000, 0x000000070f600000| Complete 
| 233|0x000000070f700000, 0x000000070f800000, 0x000000070f800000|100%| E|CS|TAMS 0x000000070f700000, 0x000000070f700000| Complete 
| 234|0x000000070f800000, 0x000000070f900000, 0x000000070f900000|100%| E|CS|TAMS 0x000000070f800000, 0x000000070f800000| Complete 
| 235|0x000000070f900000, 0x000000070fa00000, 0x000000070fa00000|100%| E|CS|TAMS 0x000000070f900000, 0x000000070f900000| Complete 
| 236|0x000000070fa00000, 0x000000070fb00000, 0x000000070fb00000|100%| E|CS|TAMS 0x000000070fa00000, 0x000000070fa00000| Complete 
| 237|0x000000070fb00000, 0x000000070fc00000, 0x000000070fc00000|100%| E|CS|TAMS 0x000000070fb00000, 0x000000070fb00000| Complete 
| 238|0x000000070fc00000, 0x000000070fd00000, 0x000000070fd00000|100%| E|CS|TAMS 0x000000070fc00000, 0x000000070fc00000| Complete 
| 239|0x000000070fd00000, 0x000000070fe00000, 0x000000070fe00000|100%| E|CS|TAMS 0x000000070fd00000, 0x000000070fd00000| Complete 
| 240|0x000000070fe00000, 0x000000070ff00000, 0x000000070ff00000|100%| E|CS|TAMS 0x000000070fe00000, 0x000000070fe00000| Complete 
| 241|0x000000070ff00000, 0x0000000710000000, 0x0000000710000000|100%| E|CS|TAMS 0x000000070ff00000, 0x000000070ff00000| Complete 
| 242|0x0000000710000000, 0x0000000710100000, 0x0000000710100000|100%| E|CS|TAMS 0x0000000710000000, 0x0000000710000000| Complete 
| 243|0x0000000710100000, 0x0000000710200000, 0x0000000710200000|100%| E|CS|TAMS 0x0000000710100000, 0x0000000710100000| Complete 
| 244|0x0000000710200000, 0x0000000710300000, 0x0000000710300000|100%| E|CS|TAMS 0x0000000710200000, 0x0000000710200000| Complete 
| 245|0x0000000710300000, 0x0000000710400000, 0x0000000710400000|100%| E|CS|TAMS 0x0000000710300000, 0x0000000710300000| Complete 
| 246|0x0000000710400000, 0x0000000710500000, 0x0000000710500000|100%| E|CS|TAMS 0x0000000710400000, 0x0000000710400000| Complete 
| 247|0x0000000710500000, 0x0000000710600000, 0x0000000710600000|100%| E|CS|TAMS 0x0000000710500000, 0x0000000710500000| Complete 
| 248|0x0000000710600000, 0x0000000710700000, 0x0000000710700000|100%| E|CS|TAMS 0x0000000710600000, 0x0000000710600000| Complete 
| 249|0x0000000710700000, 0x0000000710800000, 0x0000000710800000|100%| E|CS|TAMS 0x0000000710700000, 0x0000000710700000| Complete 
| 250|0x0000000710800000, 0x0000000710900000, 0x0000000710900000|100%| E|CS|TAMS 0x0000000710800000, 0x0000000710800000| Complete 
| 251|0x0000000710900000, 0x0000000710a00000, 0x0000000710a00000|100%| E|CS|TAMS 0x0000000710900000, 0x0000000710900000| Complete 
| 252|0x0000000710a00000, 0x0000000710b00000, 0x0000000710b00000|100%| E|CS|TAMS 0x0000000710a00000, 0x0000000710a00000| Complete 
| 253|0x0000000710b00000, 0x0000000710c00000, 0x0000000710c00000|100%| E|CS|TAMS 0x0000000710b00000, 0x0000000710b00000| Complete 
| 254|0x0000000710c00000, 0x0000000710d00000, 0x0000000710d00000|100%| E|CS|TAMS 0x0000000710c00000, 0x0000000710c00000| Complete 
| 255|0x0000000710d00000, 0x0000000710e00000, 0x0000000710e00000|100%| E|CS|TAMS 0x0000000710d00000, 0x0000000710d00000| Complete 
| 256|0x0000000710e00000, 0x0000000710f00000, 0x0000000710f00000|100%| E|CS|TAMS 0x0000000710e00000, 0x0000000710e00000| Complete 
| 257|0x0000000710f00000, 0x0000000711000000, 0x0000000711000000|100%| E|CS|TAMS 0x0000000710f00000, 0x0000000710f00000| Complete 
| 258|0x0000000711000000, 0x0000000711100000, 0x0000000711100000|100%| E|CS|TAMS 0x0000000711000000, 0x0000000711000000| Complete 
| 259|0x0000000711100000, 0x0000000711200000, 0x0000000711200000|100%| E|CS|TAMS 0x0000000711100000, 0x0000000711100000| Complete 
| 260|0x0000000711200000, 0x0000000711300000, 0x0000000711300000|100%| E|CS|TAMS 0x0000000711200000, 0x0000000711200000| Complete 
| 261|0x0000000711300000, 0x0000000711400000, 0x0000000711400000|100%| E|CS|TAMS 0x0000000711300000, 0x0000000711300000| Complete 
| 262|0x0000000711400000, 0x0000000711500000, 0x0000000711500000|100%| E|CS|TAMS 0x0000000711400000, 0x0000000711400000| Complete 
| 263|0x0000000711500000, 0x0000000711600000, 0x0000000711600000|100%| E|CS|TAMS 0x0000000711500000, 0x0000000711500000| Complete 
| 264|0x0000000711600000, 0x0000000711700000, 0x0000000711700000|100%| E|CS|TAMS 0x0000000711600000, 0x0000000711600000| Complete 
| 265|0x0000000711700000, 0x0000000711800000, 0x0000000711800000|100%| E|CS|TAMS 0x0000000711700000, 0x0000000711700000| Complete 
| 266|0x0000000711800000, 0x0000000711900000, 0x0000000711900000|100%| E|CS|TAMS 0x0000000711800000, 0x0000000711800000| Complete 
| 267|0x0000000711900000, 0x0000000711a00000, 0x0000000711a00000|100%| E|CS|TAMS 0x0000000711900000, 0x0000000711900000| Complete 
| 268|0x0000000711a00000, 0x0000000711b00000, 0x0000000711b00000|100%| E|CS|TAMS 0x0000000711a00000, 0x0000000711a00000| Complete 
| 269|0x0000000711b00000, 0x0000000711c00000, 0x0000000711c00000|100%| E|CS|TAMS 0x0000000711b00000, 0x0000000711b00000| Complete 
| 270|0x0000000711c00000, 0x0000000711d00000, 0x0000000711d00000|100%| E|CS|TAMS 0x0000000711c00000, 0x0000000711c00000| Complete 
| 271|0x0000000711d00000, 0x0000000711e00000, 0x0000000711e00000|100%| E|CS|TAMS 0x0000000711d00000, 0x0000000711d00000| Complete 
| 272|0x0000000711e00000, 0x0000000711f00000, 0x0000000711f00000|100%| E|CS|TAMS 0x0000000711e00000, 0x0000000711e00000| Complete 
| 273|0x0000000711f00000, 0x0000000712000000, 0x0000000712000000|100%| E|CS|TAMS 0x0000000711f00000, 0x0000000711f00000| Complete 
| 274|0x0000000712000000, 0x0000000712100000, 0x0000000712100000|100%| E|CS|TAMS 0x0000000712000000, 0x0000000712000000| Complete 
| 275|0x0000000712100000, 0x0000000712200000, 0x0000000712200000|100%| E|CS|TAMS 0x0000000712100000, 0x0000000712100000| Complete 
| 276|0x0000000712200000, 0x0000000712300000, 0x0000000712300000|100%| E|CS|TAMS 0x0000000712200000, 0x0000000712200000| Complete 
| 277|0x0000000712300000, 0x0000000712400000, 0x0000000712400000|100%| E|CS|TAMS 0x0000000712300000, 0x0000000712300000| Complete 
| 278|0x0000000712400000, 0x0000000712500000, 0x0000000712500000|100%| E|CS|TAMS 0x0000000712400000, 0x0000000712400000| Complete 
| 279|0x0000000712500000, 0x0000000712600000, 0x0000000712600000|100%| E|CS|TAMS 0x0000000712500000, 0x0000000712500000| Complete 
| 280|0x0000000712600000, 0x0000000712700000, 0x0000000712700000|100%| E|CS|TAMS 0x0000000712600000, 0x0000000712600000| Complete 
| 281|0x0000000712700000, 0x0000000712800000, 0x0000000712800000|100%| E|CS|TAMS 0x0000000712700000, 0x0000000712700000| Complete 
| 282|0x0000000712800000, 0x0000000712900000, 0x0000000712900000|100%| E|CS|TAMS 0x0000000712800000, 0x0000000712800000| Complete 
| 283|0x0000000712900000, 0x0000000712a00000, 0x0000000712a00000|100%| E|CS|TAMS 0x0000000712900000, 0x0000000712900000| Complete 
| 284|0x0000000712a00000, 0x0000000712b00000, 0x0000000712b00000|100%| E|CS|TAMS 0x0000000712a00000, 0x0000000712a00000| Complete 
| 285|0x0000000712b00000, 0x0000000712c00000, 0x0000000712c00000|100%| E|CS|TAMS 0x0000000712b00000, 0x0000000712b00000| Complete 
| 286|0x0000000712c00000, 0x0000000712d00000, 0x0000000712d00000|100%| E|CS|TAMS 0x0000000712c00000, 0x0000000712c00000| Complete 
| 287|0x0000000712d00000, 0x0000000712e00000, 0x0000000712e00000|100%| E|CS|TAMS 0x0000000712d00000, 0x0000000712d00000| Complete 
| 288|0x0000000712e00000, 0x0000000712f00000, 0x0000000712f00000|100%| E|CS|TAMS 0x0000000712e00000, 0x0000000712e00000| Complete 
| 289|0x0000000712f00000, 0x0000000713000000, 0x0000000713000000|100%| E|CS|TAMS 0x0000000712f00000, 0x0000000712f00000| Complete 
| 290|0x0000000713000000, 0x0000000713100000, 0x0000000713100000|100%| E|CS|TAMS 0x0000000713000000, 0x0000000713000000| Complete 
| 291|0x0000000713100000, 0x0000000713200000, 0x0000000713200000|100%| E|CS|TAMS 0x0000000713100000, 0x0000000713100000| Complete 
| 292|0x0000000713200000, 0x0000000713300000, 0x0000000713300000|100%| E|CS|TAMS 0x0000000713200000, 0x0000000713200000| Complete 
| 293|0x0000000713300000, 0x0000000713400000, 0x0000000713400000|100%| E|CS|TAMS 0x0000000713300000, 0x0000000713300000| Complete 
| 294|0x0000000713400000, 0x0000000713500000, 0x0000000713500000|100%| E|CS|TAMS 0x0000000713400000, 0x0000000713400000| Complete 
| 295|0x0000000713500000, 0x0000000713600000, 0x0000000713600000|100%| E|CS|TAMS 0x0000000713500000, 0x0000000713500000| Complete 
| 296|0x0000000713600000, 0x0000000713700000, 0x0000000713700000|100%| E|CS|TAMS 0x0000000713600000, 0x0000000713600000| Complete 
| 297|0x0000000713700000, 0x0000000713800000, 0x0000000713800000|100%| E|CS|TAMS 0x0000000713700000, 0x0000000713700000| Complete 
| 298|0x0000000713800000, 0x0000000713900000, 0x0000000713900000|100%| E|CS|TAMS 0x0000000713800000, 0x0000000713800000| Complete 
| 299|0x0000000713900000, 0x0000000713a00000, 0x0000000713a00000|100%| E|CS|TAMS 0x0000000713900000, 0x0000000713900000| Complete 
| 300|0x0000000713a00000, 0x0000000713b00000, 0x0000000713b00000|100%| E|CS|TAMS 0x0000000713a00000, 0x0000000713a00000| Complete 
| 301|0x0000000713b00000, 0x0000000713c00000, 0x0000000713c00000|100%| E|CS|TAMS 0x0000000713b00000, 0x0000000713b00000| Complete 
| 302|0x0000000713c00000, 0x0000000713d00000, 0x0000000713d00000|100%| E|CS|TAMS 0x0000000713c00000, 0x0000000713c00000| Complete 
| 303|0x0000000713d00000, 0x0000000713e00000, 0x0000000713e00000|100%| E|CS|TAMS 0x0000000713d00000, 0x0000000713d00000| Complete 
| 304|0x0000000713e00000, 0x0000000713f00000, 0x0000000713f00000|100%| E|CS|TAMS 0x0000000713e00000, 0x0000000713e00000| Complete 
| 305|0x0000000713f00000, 0x0000000714000000, 0x0000000714000000|100%| E|CS|TAMS 0x0000000713f00000, 0x0000000713f00000| Complete 
| 306|0x0000000714000000, 0x0000000714100000, 0x0000000714100000|100%| E|CS|TAMS 0x0000000714000000, 0x0000000714000000| Complete 
| 307|0x0000000714100000, 0x0000000714200000, 0x0000000714200000|100%| E|CS|TAMS 0x0000000714100000, 0x0000000714100000| Complete 
| 308|0x0000000714200000, 0x0000000714300000, 0x0000000714300000|100%| E|CS|TAMS 0x0000000714200000, 0x0000000714200000| Complete 
| 309|0x0000000714300000, 0x0000000714400000, 0x0000000714400000|100%| E|CS|TAMS 0x0000000714300000, 0x0000000714300000| Complete 
| 310|0x0000000714400000, 0x0000000714500000, 0x0000000714500000|100%| E|CS|TAMS 0x0000000714400000, 0x0000000714400000| Complete 
| 311|0x0000000714500000, 0x0000000714600000, 0x0000000714600000|100%| E|CS|TAMS 0x0000000714500000, 0x0000000714500000| Complete 
| 312|0x0000000714600000, 0x0000000714700000, 0x0000000714700000|100%| E|CS|TAMS 0x0000000714600000, 0x0000000714600000| Complete 
| 313|0x0000000714700000, 0x0000000714800000, 0x0000000714800000|100%| E|CS|TAMS 0x0000000714700000, 0x0000000714700000| Complete 
| 314|0x0000000714800000, 0x0000000714900000, 0x0000000714900000|100%| E|CS|TAMS 0x0000000714800000, 0x0000000714800000| Complete 
| 315|0x0000000714900000, 0x0000000714a00000, 0x0000000714a00000|100%| E|CS|TAMS 0x0000000714900000, 0x0000000714900000| Complete 
| 316|0x0000000714a00000, 0x0000000714b00000, 0x0000000714b00000|100%| E|CS|TAMS 0x0000000714a00000, 0x0000000714a00000| Complete 
| 317|0x0000000714b00000, 0x0000000714c00000, 0x0000000714c00000|100%| E|CS|TAMS 0x0000000714b00000, 0x0000000714b00000| Complete 
| 318|0x0000000714c00000, 0x0000000714d00000, 0x0000000714d00000|100%| E|CS|TAMS 0x0000000714c00000, 0x0000000714c00000| Complete 
| 319|0x0000000714d00000, 0x0000000714e00000, 0x0000000714e00000|100%| E|CS|TAMS 0x0000000714d00000, 0x0000000714d00000| Complete 
| 320|0x0000000714e00000, 0x0000000714f00000, 0x0000000714f00000|100%| E|CS|TAMS 0x0000000714e00000, 0x0000000714e00000| Complete 
| 321|0x0000000714f00000, 0x0000000715000000, 0x0000000715000000|100%| E|CS|TAMS 0x0000000714f00000, 0x0000000714f00000| Complete 
| 322|0x0000000715000000, 0x0000000715100000, 0x0000000715100000|100%| E|CS|TAMS 0x0000000715000000, 0x0000000715000000| Complete 
| 323|0x0000000715100000, 0x0000000715200000, 0x0000000715200000|100%| E|CS|TAMS 0x0000000715100000, 0x0000000715100000| Complete 
| 324|0x0000000715200000, 0x0000000715300000, 0x0000000715300000|100%| E|CS|TAMS 0x0000000715200000, 0x0000000715200000| Complete 
| 325|0x0000000715300000, 0x0000000715400000, 0x0000000715400000|100%| E|CS|TAMS 0x0000000715300000, 0x0000000715300000| Complete 
| 326|0x0000000715400000, 0x0000000715500000, 0x0000000715500000|100%| E|CS|TAMS 0x0000000715400000, 0x0000000715400000| Complete 
| 327|0x0000000715500000, 0x0000000715600000, 0x0000000715600000|100%| E|CS|TAMS 0x0000000715500000, 0x0000000715500000| Complete 
| 328|0x0000000715600000, 0x0000000715700000, 0x0000000715700000|100%| E|CS|TAMS 0x0000000715600000, 0x0000000715600000| Complete 
| 329|0x0000000715700000, 0x0000000715800000, 0x0000000715800000|100%| E|CS|TAMS 0x0000000715700000, 0x0000000715700000| Complete 
| 330|0x0000000715800000, 0x0000000715900000, 0x0000000715900000|100%| E|CS|TAMS 0x0000000715800000, 0x0000000715800000| Complete 
| 331|0x0000000715900000, 0x0000000715a00000, 0x0000000715a00000|100%| E|CS|TAMS 0x0000000715900000, 0x0000000715900000| Complete 
| 332|0x0000000715a00000, 0x0000000715b00000, 0x0000000715b00000|100%| E|CS|TAMS 0x0000000715a00000, 0x0000000715a00000| Complete 
| 333|0x0000000715b00000, 0x0000000715c00000, 0x0000000715c00000|100%| E|CS|TAMS 0x0000000715b00000, 0x0000000715b00000| Complete 
| 334|0x0000000715c00000, 0x0000000715d00000, 0x0000000715d00000|100%| E|CS|TAMS 0x0000000715c00000, 0x0000000715c00000| Complete 
| 335|0x0000000715d00000, 0x0000000715e00000, 0x0000000715e00000|100%| E|CS|TAMS 0x0000000715d00000, 0x0000000715d00000| Complete 
| 336|0x0000000715e00000, 0x0000000715f00000, 0x0000000715f00000|100%| E|CS|TAMS 0x0000000715e00000, 0x0000000715e00000| Complete 
| 337|0x0000000715f00000, 0x0000000716000000, 0x0000000716000000|100%| E|CS|TAMS 0x0000000715f00000, 0x0000000715f00000| Complete 
| 338|0x0000000716000000, 0x0000000716100000, 0x0000000716100000|100%| E|CS|TAMS 0x0000000716000000, 0x0000000716000000| Complete 
| 339|0x0000000716100000, 0x0000000716200000, 0x0000000716200000|100%| E|CS|TAMS 0x0000000716100000, 0x0000000716100000| Complete 
| 340|0x0000000716200000, 0x0000000716300000, 0x0000000716300000|100%| E|CS|TAMS 0x0000000716200000, 0x0000000716200000| Complete 
| 341|0x0000000716300000, 0x0000000716400000, 0x0000000716400000|100%| E|CS|TAMS 0x0000000716300000, 0x0000000716300000| Complete 
| 342|0x0000000716400000, 0x0000000716500000, 0x0000000716500000|100%| E|CS|TAMS 0x0000000716400000, 0x0000000716400000| Complete 
| 343|0x0000000716500000, 0x0000000716600000, 0x0000000716600000|100%| E|CS|TAMS 0x0000000716500000, 0x0000000716500000| Complete 
| 344|0x0000000716600000, 0x0000000716700000, 0x0000000716700000|100%| E|CS|TAMS 0x0000000716600000, 0x0000000716600000| Complete 
| 345|0x0000000716700000, 0x0000000716800000, 0x0000000716800000|100%| E|CS|TAMS 0x0000000716700000, 0x0000000716700000| Complete 
| 346|0x0000000716800000, 0x0000000716900000, 0x0000000716900000|100%| E|CS|TAMS 0x0000000716800000, 0x0000000716800000| Complete 
| 347|0x0000000716900000, 0x0000000716a00000, 0x0000000716a00000|100%| E|CS|TAMS 0x0000000716900000, 0x0000000716900000| Complete 
| 348|0x0000000716a00000, 0x0000000716b00000, 0x0000000716b00000|100%| E|CS|TAMS 0x0000000716a00000, 0x0000000716a00000| Complete 
| 349|0x0000000716b00000, 0x0000000716c00000, 0x0000000716c00000|100%| E|CS|TAMS 0x0000000716b00000, 0x0000000716b00000| Complete 
| 350|0x0000000716c00000, 0x0000000716d00000, 0x0000000716d00000|100%| E|CS|TAMS 0x0000000716c00000, 0x0000000716c00000| Complete 
| 351|0x0000000716d00000, 0x0000000716e00000, 0x0000000716e00000|100%| E|CS|TAMS 0x0000000716d00000, 0x0000000716d00000| Complete 
| 352|0x0000000716e00000, 0x0000000716f00000, 0x0000000716f00000|100%| E|CS|TAMS 0x0000000716e00000, 0x0000000716e00000| Complete 
| 353|0x0000000716f00000, 0x0000000717000000, 0x0000000717000000|100%| E|CS|TAMS 0x0000000716f00000, 0x0000000716f00000| Complete 
| 354|0x0000000717000000, 0x0000000717100000, 0x0000000717100000|100%| E|CS|TAMS 0x0000000717000000, 0x0000000717000000| Complete 
| 355|0x0000000717100000, 0x0000000717200000, 0x0000000717200000|100%| E|CS|TAMS 0x0000000717100000, 0x0000000717100000| Complete 
| 356|0x0000000717200000, 0x0000000717300000, 0x0000000717300000|100%| E|CS|TAMS 0x0000000717200000, 0x0000000717200000| Complete 
| 357|0x0000000717300000, 0x0000000717400000, 0x0000000717400000|100%| E|CS|TAMS 0x0000000717300000, 0x0000000717300000| Complete 
| 358|0x0000000717400000, 0x0000000717500000, 0x0000000717500000|100%| E|CS|TAMS 0x0000000717400000, 0x0000000717400000| Complete 
| 359|0x0000000717500000, 0x0000000717600000, 0x0000000717600000|100%| E|CS|TAMS 0x0000000717500000, 0x0000000717500000| Complete 
| 360|0x0000000717600000, 0x0000000717700000, 0x0000000717700000|100%| E|CS|TAMS 0x0000000717600000, 0x0000000717600000| Complete 
| 361|0x0000000717700000, 0x0000000717800000, 0x0000000717800000|100%| E|CS|TAMS 0x0000000717700000, 0x0000000717700000| Complete 
| 362|0x0000000717800000, 0x0000000717900000, 0x0000000717900000|100%| E|CS|TAMS 0x0000000717800000, 0x0000000717800000| Complete 
| 363|0x0000000717900000, 0x0000000717a00000, 0x0000000717a00000|100%| E|CS|TAMS 0x0000000717900000, 0x0000000717900000| Complete 
| 364|0x0000000717a00000, 0x0000000717b00000, 0x0000000717b00000|100%| E|CS|TAMS 0x0000000717a00000, 0x0000000717a00000| Complete 
| 365|0x0000000717b00000, 0x0000000717c00000, 0x0000000717c00000|100%| E|CS|TAMS 0x0000000717b00000, 0x0000000717b00000| Complete 
| 366|0x0000000717c00000, 0x0000000717d00000, 0x0000000717d00000|100%| E|CS|TAMS 0x0000000717c00000, 0x0000000717c00000| Complete 
| 367|0x0000000717d00000, 0x0000000717e00000, 0x0000000717e00000|100%| E|CS|TAMS 0x0000000717d00000, 0x0000000717d00000| Complete 
| 368|0x0000000717e00000, 0x0000000717f00000, 0x0000000717f00000|100%| E|CS|TAMS 0x0000000717e00000, 0x0000000717e00000| Complete 
| 369|0x0000000717f00000, 0x0000000718000000, 0x0000000718000000|100%| E|CS|TAMS 0x0000000717f00000, 0x0000000717f00000| Complete 

Card table byte_map: [0x00000214d9840000,0x00000214da040000] _byte_map_base: 0x00000214d6039000

Marking Bits (Prev, Next): (CMBitMap*) 0x00000214c17e1be8, (CMBitMap*) 0x00000214c17e1c28
 Prev Bits: [0x00000214da840000, 0x00000214de808000)
 Next Bits: [0x00000214de810000, 0x00000214e27d8000)

Polling page: 0x00000214c0f60000

Metaspace:

Usage:
  Non-class:      9.81 MB capacity,     9.49 MB ( 97%) used,   288.50 KB (  3%) free+waste,    42.19 KB ( <1%) overhead. 
      Class:      1.37 MB capacity,     1.17 MB ( 86%) used,   178.36 KB ( 13%) free+waste,    24.44 KB (  2%) overhead. 
       Both:     11.18 MB capacity,    10.65 MB ( 95%) used,   466.86 KB (  4%) free+waste,    66.63 KB ( <1%) overhead. 

Virtual space:
  Non-class space:       10.00 MB reserved,      10.00 MB (100%) committed 
      Class space:        1.00 GB reserved,       1.38 MB ( <1%) committed 
             Both:        1.01 GB reserved,      11.38 MB (  1%) committed 

Chunk freelists:
   Non-Class:  4.00 KB
       Class:  8.00 KB
        Both:  12.00 KB

MaxMetaspaceSize: 17179869184.00 GB
CompressedClassSpaceSize: 1.00 GB

CodeHeap 'non-profiled nmethods': size=120000Kb used=1406Kb max_used=1406Kb free=118594Kb
 bounds [0x00000214d1a00000, 0x00000214d1c70000, 0x00000214d8f30000]
CodeHeap 'profiled nmethods': size=120000Kb used=4649Kb max_used=4649Kb free=115350Kb
 bounds [0x00000214ca4d0000, 0x00000214ca960000, 0x00000214d1a00000]
CodeHeap 'non-nmethods': size=5760Kb used=1315Kb max_used=1360Kb free=4444Kb
 bounds [0x00000214c9f30000, 0x00000214ca1a0000, 0x00000214ca4d0000]
 total_blobs=3008 nmethods=2403 adapters=517
 compilation: enabled
              stopped_count=0, restarted_count=0
 full_count=0

Compilation events (20 events):
Event: 11.478 Thread 0x00000214e514e000 nmethod 2348 0x00000214ca940710 code [0x00000214ca9408c0, 0x00000214ca940b08]
Event: 11.478 Thread 0x00000214e514e000 2349       3       java.util.stream.ReduceOps$7::makeSink (5 bytes)
Event: 11.478 Thread 0x00000214e514e000 nmethod 2349 0x00000214ca940c10 code [0x00000214ca940dc0, 0x00000214ca9410d8]
Event: 11.478 Thread 0x00000214e514e000 2350       3       java.lang.invoke.Invokers$Holder::linkToTargetMethod (13 bytes)
Event: 11.479 Thread 0x00000214e514e000 nmethod 2350 0x00000214ca941210 code [0x00000214ca9413c0, 0x00000214ca941858]
Event: 11.479 Thread 0x00000214e514e000 2351       3       rlbot.gamestate.PhysicsState::withVelocity (7 bytes)
Event: 11.479 Thread 0x00000214e514e000 nmethod 2351 0x00000214ca941990 code [0x00000214ca941b20, 0x00000214ca941c98]
Event: 11.479 Thread 0x00000214e514e000 2352       3       rlbotexample.app.physics.PhysicsOfBossBattle$$Lambda$249/0x0000000800c80440::apply (8 bytes)
Event: 11.479 Thread 0x00000214e514e000 nmethod 2352 0x00000214ca941d10 code [0x00000214ca941ec0, 0x00000214ca942118]
Event: 11.479 Thread 0x00000214e514e000 2353       3       rlbot.gamestate.DesiredRotation::toFlatbuffer (75 bytes)
Event: 11.479 Thread 0x00000214e5146800 nmethod 2340 0x00000214d1b49f90 code [0x00000214d1b4a1a0, 0x00000214d1b4a6f8]
Event: 11.479 Thread 0x00000214e5146800 2343       4       java.util.stream.ReferencePipeline::map (26 bytes)
Event: 11.480 Thread 0x00000214e514e000 nmethod 2353 0x00000214ca942210 code [0x00000214ca9425a0, 0x00000214ca943d48]
Event: 11.482 Thread 0x00000214e5146800 nmethod 2343 0x00000214d1b4a990 code [0x00000214d1b4ab40, 0x00000214d1b4af98]
Event: 11.482 Thread 0x00000214e5146800 2354       4       java.util.stream.ReferencePipeline::forEachWithCancel (23 bytes)
Event: 11.487 Thread 0x00000214e5146800 nmethod 2354 0x00000214d1b4b110 code [0x00000214d1b4b3e0, 0x00000214d1b4b9e8]
Event: 11.487 Thread 0x00000214e5146800 2355       4       java.lang.invoke.Invokers$Holder::linkToTargetMethod (9 bytes)
Event: 11.488 Thread 0x00000214e5146800 nmethod 2355 0x00000214d1b4bf10 code [0x00000214d1b4c0c0, 0x00000214d1b4c198]
Event: 11.491 Thread 0x00000214e5146800 2356       4       jdk.internal.util.ArraysSupport::mismatch (73 bytes)
Event: 11.492 Thread 0x00000214e5146800 nmethod 2356 0x00000214d1b4c290 code [0x00000214d1b4c460, 0x00000214d1b4c678]

GC Heap History (20 events):
Event: 7.287 GC heap before
{Heap before GC invocations=15 (full 0):
 garbage-first heap   total 315392K, used 204776K [0x0000000700e00000, 0x0000000800000000)
  region size 1024K, 184 young (188416K), 11 survivors (11264K)
 Metaspace       used 10493K, capacity 10877K, committed 11136K, reserved 1058816K
  class space    used 1151K, capacity 1322K, committed 1408K, reserved 1048576K
}
Event: 7.291 GC heap after
{Heap after GC invocations=16 (full 0):
 garbage-first heap   total 315392K, used 30336K [0x0000000700e00000, 0x0000000800000000)
  region size 1024K, 12 young (12288K), 12 survivors (12288K)
 Metaspace       used 10493K, capacity 10877K, committed 11136K, reserved 1058816K
  class space    used 1151K, capacity 1322K, committed 1408K, reserved 1048576K
}
Event: 7.720 GC heap before
{Heap before GC invocations=16 (full 0):
 garbage-first heap   total 315392K, used 205440K [0x0000000700e00000, 0x0000000800000000)
  region size 1024K, 184 young (188416K), 12 survivors (12288K)
 Metaspace       used 10496K, capacity 10877K, committed 11136K, reserved 1058816K
  class space    used 1151K, capacity 1322K, committed 1408K, reserved 1048576K
}
Event: 7.725 GC heap after
{Heap after GC invocations=17 (full 0):
 garbage-first heap   total 315392K, used 33102K [0x0000000700e00000, 0x0000000800000000)
  region size 1024K, 15 young (15360K), 15 survivors (15360K)
 Metaspace       used 10496K, capacity 10877K, committed 11136K, reserved 1058816K
  class space    used 1151K, capacity 1322K, committed 1408K, reserved 1048576K
}
Event: 8.155 GC heap before
{Heap before GC invocations=17 (full 0):
 garbage-first heap   total 315392K, used 205134K [0x0000000700e00000, 0x0000000800000000)
  region size 1024K, 184 young (188416K), 15 survivors (15360K)
 Metaspace       used 10501K, capacity 10877K, committed 11136K, reserved 1058816K
  class space    used 1151K, capacity 1322K, committed 1408K, reserved 1048576K
}
Event: 8.160 GC heap after
{Heap after GC invocations=18 (full 0):
 garbage-first heap   total 315392K, used 33000K [0x0000000700e00000, 0x0000000800000000)
  region size 1024K, 13 young (13312K), 13 survivors (13312K)
 Metaspace       used 10501K, capacity 10877K, committed 11136K, reserved 1058816K
  class space    used 1151K, capacity 1322K, committed 1408K, reserved 1048576K
}
Event: 8.611 GC heap before
{Heap before GC invocations=18 (full 0):
 garbage-first heap   total 315392K, used 207080K [0x0000000700e00000, 0x0000000800000000)
  region size 1024K, 184 young (188416K), 13 survivors (13312K)
 Metaspace       used 10531K, capacity 10947K, committed 11136K, reserved 1058816K
  class space    used 1151K, capacity 1322K, committed 1408K, reserved 1048576K
}
Event: 8.615 GC heap after
{Heap after GC invocations=19 (full 0):
 garbage-first heap   total 315392K, used 35319K [0x0000000700e00000, 0x0000000800000000)
  region size 1024K, 14 young (14336K), 14 survivors (14336K)
 Metaspace       used 10531K, capacity 10947K, committed 11136K, reserved 1058816K
  class space    used 1151K, capacity 1322K, committed 1408K, reserved 1048576K
}
Event: 9.032 GC heap before
{Heap before GC invocations=19 (full 0):
 garbage-first heap   total 315392K, used 210423K [0x0000000700e00000, 0x0000000800000000)
  region size 1024K, 184 young (188416K), 14 survivors (14336K)
 Metaspace       used 10534K, capacity 10947K, committed 11136K, reserved 1058816K
  class space    used 1151K, capacity 1322K, committed 1408K, reserved 1048576K
}
Event: 9.037 GC heap after
{Heap after GC invocations=20 (full 0):
 garbage-first heap   total 315392K, used 38220K [0x0000000700e00000, 0x0000000800000000)
  region size 1024K, 13 young (13312K), 13 survivors (13312K)
 Metaspace       used 10534K, capacity 10947K, committed 11136K, reserved 1058816K
  class space    used 1151K, capacity 1322K, committed 1408K, reserved 1048576K
}
Event: 9.429 GC heap before
{Heap before GC invocations=20 (full 0):
 garbage-first heap   total 315392K, used 212300K [0x0000000700e00000, 0x0000000800000000)
  region size 1024K, 184 young (188416K), 13 survivors (13312K)
 Metaspace       used 10536K, capacity 10947K, committed 11136K, reserved 1058816K
  class space    used 1151K, capacity 1322K, committed 1408K, reserved 1048576K
}
Event: 9.433 GC heap after
{Heap after GC invocations=21 (full 0):
 garbage-first heap   total 315392K, used 39877K [0x0000000700e00000, 0x0000000800000000)
  region size 1024K, 14 young (14336K), 14 survivors (14336K)
 Metaspace       used 10536K, capacity 10947K, committed 11136K, reserved 1058816K
  class space    used 1151K, capacity 1322K, committed 1408K, reserved 1048576K
}
Event: 9.862 GC heap before
{Heap before GC invocations=21 (full 0):
 garbage-first heap   total 315392K, used 212933K [0x0000000700e00000, 0x0000000800000000)
  region size 1024K, 184 young (188416K), 14 survivors (14336K)
 Metaspace       used 10536K, capacity 10947K, committed 11136K, reserved 1058816K
  class space    used 1151K, capacity 1322K, committed 1408K, reserved 1048576K
}
Event: 9.867 GC heap after
{Heap after GC invocations=22 (full 0):
 garbage-first heap   total 315392K, used 42224K [0x0000000700e00000, 0x0000000800000000)
  region size 1024K, 15 young (15360K), 15 survivors (15360K)
 Metaspace       used 10536K, capacity 10947K, committed 11136K, reserved 1058816K
  class space    used 1151K, capacity 1322K, committed 1408K, reserved 1048576K
}
Event: 10.297 GC heap before
{Heap before GC invocations=22 (full 0):
 garbage-first heap   total 315392K, used 216304K [0x0000000700e00000, 0x0000000800000000)
  region size 1024K, 184 young (188416K), 15 survivors (15360K)
 Metaspace       used 10541K, capacity 10947K, committed 11136K, reserved 1058816K
  class space    used 1151K, capacity 1322K, committed 1408K, reserved 1048576K
}
Event: 10.302 GC heap after
{Heap after GC invocations=23 (full 0):
 garbage-first heap   total 315392K, used 45294K [0x0000000700e00000, 0x0000000800000000)
  region size 1024K, 13 young (13312K), 13 survivors (13312K)
 Metaspace       used 10541K, capacity 10947K, committed 11136K, reserved 1058816K
  class space    used 1151K, capacity 1322K, committed 1408K, reserved 1048576K
}
Event: 10.742 GC heap before
{Heap before GC invocations=23 (full 0):
 garbage-first heap   total 315392K, used 219374K [0x0000000700e00000, 0x0000000800000000)
  region size 1024K, 184 young (188416K), 13 survivors (13312K)
 Metaspace       used 10541K, capacity 10947K, committed 11136K, reserved 1058816K
  class space    used 1151K, capacity 1322K, committed 1408K, reserved 1048576K
}
Event: 10.748 GC heap after
{Heap after GC invocations=24 (full 0):
 garbage-first heap   total 378880K, used 46757K [0x0000000700e00000, 0x0000000800000000)
  region size 1024K, 13 young (13312K), 13 survivors (13312K)
 Metaspace       used 10541K, capacity 10947K, committed 11136K, reserved 1058816K
  class space    used 1151K, capacity 1322K, committed 1408K, reserved 1048576K
}
Event: 11.298 GC heap before
{Heap before GC invocations=24 (full 0):
 garbage-first heap   total 378880K, used 263845K [0x0000000700e00000, 0x0000000800000000)
  region size 1024K, 222 young (227328K), 13 survivors (13312K)
 Metaspace       used 10735K, capacity 11189K, committed 11392K, reserved 1058816K
  class space    used 1186K, capacity 1363K, committed 1408K, reserved 1048576K
}
Event: 11.303 GC heap after
{Heap after GC invocations=25 (full 0):
 garbage-first heap   total 378880K, used 52103K [0x0000000700e00000, 0x0000000800000000)
  region size 1024K, 14 young (14336K), 14 survivors (14336K)
 Metaspace       used 10735K, capacity 11189K, committed 11392K, reserved 1058816K
  class space    used 1186K, capacity 1363K, committed 1408K, reserved 1048576K
}

Deoptimization events (20 events):
Event: 11.363 Thread 0x00000214eaed2800 Uncommon trap: trap_request=0xffffffc6 fr.pc=0x00000214d1b35ae4 relative=0x0000000000000384
Event: 11.363 Thread 0x00000214eaed2800 Uncommon trap: reason=bimorphic_or_optimized_type_check action=maybe_recompile pc=0x00000214d1b35ae4 method=java.util.stream.ReferencePipeline$2$1.accept(Ljava/lang/Object;)V @ 21 c2
Event: 11.363 Thread 0x00000214eaed2800 DEOPT PACKING pc=0x00000214d1b35ae4 sp=0x000000528f2fe650
Event: 11.363 Thread 0x00000214eaed2800 DEOPT UNPACKING pc=0x00000214c9f7912f sp=0x000000528f2fe5e8 mode 2
Event: 11.364 Thread 0x00000214eaed2800 Uncommon trap: trap_request=0xffffffc6 fr.pc=0x00000214d1b35ae4 relative=0x0000000000000384
Event: 11.364 Thread 0x00000214eaed2800 Uncommon trap: reason=bimorphic_or_optimized_type_check action=maybe_recompile pc=0x00000214d1b35ae4 method=java.util.stream.ReferencePipeline$2$1.accept(Ljava/lang/Object;)V @ 21 c2
Event: 11.364 Thread 0x00000214eaed2800 DEOPT PACKING pc=0x00000214d1b35ae4 sp=0x000000528f2fe650
Event: 11.364 Thread 0x00000214eaed2800 DEOPT UNPACKING pc=0x00000214c9f7912f sp=0x000000528f2fe5e8 mode 2
Event: 11.367 Thread 0x00000214eaed2800 DEOPT PACKING pc=0x00000214ca8db8e0 sp=0x000000528f2fe490
Event: 11.367 Thread 0x00000214eaed2800 DEOPT UNPACKING pc=0x00000214c9f7964e sp=0x000000528f2fd930 mode 0
Event: 11.376 Thread 0x00000214eaed2800 DEOPT PACKING pc=0x00000214ca8db8e0 sp=0x000000528f2fe4a0
Event: 11.376 Thread 0x00000214eaed2800 DEOPT UNPACKING pc=0x00000214c9f7964e sp=0x000000528f2fd940 mode 0
Event: 11.380 Thread 0x00000214eafec000 DEOPT PACKING pc=0x00000214ca8db8e0 sp=0x0000005290eff000
Event: 11.380 Thread 0x00000214eafec000 DEOPT UNPACKING pc=0x00000214c9f7964e sp=0x0000005290efe4a0 mode 0
Event: 11.382 Thread 0x00000214eaf00000 DEOPT PACKING pc=0x00000214ca8db8e0 sp=0x00000052904fe960
Event: 11.382 Thread 0x00000214eaf00000 DEOPT UNPACKING pc=0x00000214c9f7964e sp=0x00000052904fde00 mode 0
Event: 11.437 Thread 0x00000214eaefa800 DEOPT PACKING pc=0x00000214ca8db8e0 sp=0x00000052905fe810
Event: 11.437 Thread 0x00000214eaefa800 DEOPT UNPACKING pc=0x00000214c9f7964e sp=0x00000052905fdcb0 mode 0
Event: 11.439 Thread 0x00000214eaed2800 DEOPT PACKING pc=0x00000214ca8db8e0 sp=0x000000528f2fe490
Event: 11.439 Thread 0x00000214eaed2800 DEOPT UNPACKING pc=0x00000214c9f7964e sp=0x000000528f2fd930 mode 0

Classes unloaded (0 events):
No events

Classes redefined (0 events):
No events

Internal exceptions (20 events):
Event: 0.376 Thread 0x00000214c177c000 Exception <a 'java/lang/NoSuchMethodError'{0x00000007105e1a30}: 'java.lang.Object java.lang.invoke.DirectMethodHandle$Holder.invokeSpecial(java.lang.Object, java.lang.Object, int, java.lang.Object, java.lang.Object, java.lang.Object)'> (0x00000007105e1a30) 
thrown [./open/src/hotspot/share/interpreter/linkResolver.cpp, line 766]
Event: 0.379 Thread 0x00000214c177c000 Exception <a 'java/lang/NoSuchMethodError'{0x00000007105f7da8}: 'java.lang.Object java.lang.invoke.DirectMethodHandle$Holder.invokeStatic(java.lang.Object, int, java.lang.Object)'> (0x00000007105f7da8) 
thrown [./open/src/hotspot/share/interpreter/linkResolver.cpp, line 766]
Event: 0.393 Thread 0x00000214c177c000 Exception <a 'java/lang/ClassNotFoundException'{0x00000007104bea90}: com/sun/swing/internal/plaf/metal/resources/spi/metalProvider> (0x00000007104bea90) 
thrown [./open/src/hotspot/share/classfile/systemDictionary.cpp, line 226]
Event: 0.394 Thread 0x00000214c177c000 Exception <a 'java/lang/ClassNotFoundException'{0x00000007104c2b50}: com/sun/swing/internal/plaf/basic/resources/spi/basicProvider> (0x00000007104c2b50) 
thrown [./open/src/hotspot/share/classfile/systemDictionary.cpp, line 226]
Event: 0.407 Thread 0x00000214eaff2800 Implicit null exception at 0x00000214d1a2abe7 to 0x00000214d1a2b20c
Event: 0.407 Thread 0x00000214eaff2800 Implicit null exception at 0x00000214d1a29964 to 0x00000214d1a29fc4
Event: 0.466 Thread 0x00000214c177c000 Exception <a 'java/lang/NoSuchMethodError'{0x000000071011e938}: 'void java.lang.invoke.DirectMethodHandle$Holder.invokeStaticInit(java.lang.Object)'> (0x000000071011e938) 
thrown [./open/src/hotspot/share/interpreter/linkResolver.cpp, line 766]
Event: 0.501 Thread 0x00000214c177c000 Exception <a 'java/lang/NoSuchMethodError'{0x0000000710173370}: 'java.lang.Object java.lang.invoke.Invokers$Holder.linkToTargetMethod(java.lang.Object, int, java.lang.Object)'> (0x0000000710173370) 
thrown [./open/src/hotspot/share/interpreter/linkResolver.cpp, line 766]
Event: 0.540 Thread 0x00000214c177c000 Exception <a 'java/lang/NoSuchMethodError'{0x000000071008e130}: 'void java.lang.invoke.DirectMethodHandle$Holder.invokeStatic(java.lang.Object, java.lang.Object, java.lang.Object, java.lang.Object)'> (0x000000071008e130) 
thrown [./open/src/hotspot/share/interpreter/linkResolver.cpp, line 766]
Event: 2.165 Thread 0x00000214eaef8000 Exception <a 'java/lang/NoSuchMethodError'{0x000000071070c308}: 'void java.lang.invoke.DirectMethodHandle$Holder.invokeStatic(java.lang.Object, java.lang.Object, int, java.lang.Object)'> (0x000000071070c308) 
thrown [./open/src/hotspot/share/interpreter/linkResolver.cpp, line 766]
Event: 2.165 Thread 0x00000214eb3b2000 Exception <a 'java/lang/NoSuchMethodError'{0x000000070f68c600}: 'void java.lang.invoke.DirectMethodHandle$Holder.invokeStatic(java.lang.Object, java.lang.Object, int, java.lang.Object)'> (0x000000070f68c600) 
thrown [./open/src/hotspot/share/interpreter/linkResolver.cpp, line 766]
Event: 2.288 Thread 0x00000214eaed2800 Exception <a 'java/lang/NoSuchMethodError'{0x000000070ea9f0d0}: static Lrlbotexample/animations/CarGroupAnimation;.<clinit>()V> (0x000000070ea9f0d0) 
thrown [./open/src/hotspot/share/prims/jni.cpp, line 1348]
Event: 2.291 Thread 0x00000214eaed2800 Exception <a 'java/lang/NoSuchMethodError'{0x000000070eab2770}: static Lrlbotexample/animations/IndexedCarGroup;.<clinit>()V> (0x000000070eab2770) 
thrown [./open/src/hotspot/share/prims/jni.cpp, line 1348]
Event: 2.292 Thread 0x00000214eaed2800 Exception <a 'java/lang/NoSuchMethodError'{0x000000070eaba778}: static Lrlbotexample/animations/CarGroup;.<clinit>()V> (0x000000070eaba778) 
thrown [./open/src/hotspot/share/prims/jni.cpp, line 1348]
Event: 2.293 Thread 0x00000214eaed2800 Exception <a 'java/lang/NoSuchMethodError'{0x000000070eac44f8}: static Lrlbotexample/animations/AnimatedCarObject;.<clinit>()V> (0x000000070eac44f8) 
thrown [./open/src/hotspot/share/prims/jni.cpp, line 1348]
Event: 2.294 Thread 0x00000214eaed2800 Exception <a 'java/lang/NoSuchMethodError'{0x000000070eace8e8}: static Lutil/math/vector/ZyxOrientedPosition;.<clinit>()V> (0x000000070eace8e8) 
thrown [./open/src/hotspot/share/prims/jni.cpp, line 1348]
Event: 2.297 Thread 0x00000214eaed2800 Exception <a 'java/lang/NoSuchMethodError'{0x000000070eaec848}: static Ljava/lang/Object;.<clinit>()V> (0x000000070eaec848) 
thrown [./open/src/hotspot/share/prims/jni.cpp, line 1348]
Event: 5.822 Thread 0x00000214eaed2800 Implicit null exception at 0x00000214d1b06eac to 0x00000214d1b070bc
Event: 11.258 Thread 0x00000214eaed2800 Exception <a 'java/lang/NoSuchMethodError'{0x000000070bf43498}: 'java.lang.Object java.lang.invoke.DirectMethodHandle$Holder.invokeInterface(java.lang.Object, java.lang.Object, int)'> (0x000000070bf43498) 
thrown [./open/src/hotspot/share/interpreter/linkResolver.cpp, line 766]
Event: 11.364 Thread 0x00000214eaed2800 Exception <a 'java/lang/NoSuchMethodError'{0x0000000716578818}: 'void java.lang.invoke.DirectMethodHandle$Holder.invokeSpecial(java.lang.Object, java.lang.Object, java.lang.Object, java.lang.Object)'> (0x0000000716578818) 
thrown [./open/src/hotspot/share/interpreter/linkResolver.cpp, line 766]

Events (20 events):
Event: 11.255 loading class java/util/stream/ReduceOps$6
Event: 11.255 loading class java/util/stream/ReduceOps$6 done
Event: 11.256 Executing VM operation: HandshakeAllThreads
Event: 11.256 Executing VM operation: HandshakeAllThreads done
Event: 11.256 loading class java/util/stream/ReduceOps$5ReducingSink
Event: 11.256 loading class java/util/stream/ReduceOps$5ReducingSink done
Event: 11.256 Executing VM operation: HandshakeAllThreads
Event: 11.257 Executing VM operation: HandshakeAllThreads done
Event: 11.261 Thread 0x00000214e64e7000 Thread added: 0x00000214e64e7000
Event: 11.296 loading class java/util/stream/ReduceOps$7
Event: 11.296 loading class java/util/stream/ReduceOps$7 done
Event: 11.296 loading class java/util/stream/ReduceOps$6ReducingSink
Event: 11.296 loading class java/util/stream/ReduceOps$6ReducingSink done
Event: 11.298 Executing VM operation: G1CollectForAllocation
Event: 11.306 Executing VM operation: G1CollectForAllocation done
Event: 11.335 loading class java/nio/StringCharBuffer
Event: 11.335 loading class java/nio/StringCharBuffer done
Event: 11.365 Executing VM operation: HandshakeOneThread
Event: 11.365 Executing VM operation: HandshakeOneThread done
Event: 11.440 Loaded shared library C:\Program Files (x86)\Java\jdk-14.0.2\bin\java.dll


Dynamic libraries:
0x00007ff7f6f50000 - 0x00007ff7f6f5f000 	C:\Program Files (x86)\Java\jdk-14.0.2\bin\java.exe
0x00007ffb8c610000 - 0x00007ffb8c805000 	C:\Windows\SYSTEM32\ntdll.dll
0x00007ffb8c200000 - 0x00007ffb8c2bd000 	C:\Windows\System32\KERNEL32.DLL
0x00007ffb8a1a0000 - 0x00007ffb8a468000 	C:\Windows\System32\KERNELBASE.dll
0x00007ffb89d50000 - 0x00007ffb89e50000 	C:\Windows\System32\ucrtbase.dll
0x00007ffb6d2f0000 - 0x00007ffb6d305000 	C:\Program Files (x86)\Java\jdk-14.0.2\bin\VCRUNTIME140.dll
0x00007ffb6d310000 - 0x00007ffb6d328000 	C:\Program Files (x86)\Java\jdk-14.0.2\bin\jli.dll
0x00007ffb8b5a0000 - 0x00007ffb8b64c000 	C:\Windows\System32\ADVAPI32.dll
0x00007ffb8c490000 - 0x00007ffb8c52e000 	C:\Windows\System32\msvcrt.dll
0x00007ffb8c530000 - 0x00007ffb8c5cb000 	C:\Windows\System32\sechost.dll
0x00007ffb8b200000 - 0x00007ffb8b32b000 	C:\Windows\System32\RPCRT4.dll
0x00007ffb8b6f0000 - 0x00007ffb8b890000 	C:\Windows\System32\USER32.dll
0x00007ffb806d0000 - 0x00007ffb8096a000 	C:\Windows\WinSxS\amd64_microsoft.windows.common-controls_6595b64144ccf1df_6.0.19041.1052_none_60b8f8fd71f5e8cb\COMCTL32.dll
0x00007ffb8a070000 - 0x00007ffb8a092000 	C:\Windows\System32\win32u.dll
0x00007ffb8b1d0000 - 0x00007ffb8b1fa000 	C:\Windows\System32\GDI32.dll
0x00007ffb8a4d0000 - 0x00007ffb8a5db000 	C:\Windows\System32\gdi32full.dll
0x00007ffb8a5e0000 - 0x00007ffb8a67d000 	C:\Windows\System32\msvcp_win.dll
0x00007ffb84bc0000 - 0x00007ffb84bca000 	C:\Windows\SYSTEM32\VERSION.dll
0x00007ffb8a6e0000 - 0x00007ffb8a710000 	C:\Windows\System32\IMM32.DLL
0x00007ffb63a60000 - 0x00007ffb63afb000 	C:\Program Files (x86)\Java\jdk-14.0.2\bin\msvcp140.dll
0x00007ffb26d10000 - 0x00007ffb2782e000 	C:\Program Files (x86)\Java\jdk-14.0.2\bin\server\jvm.dll
0x00007ffb8b650000 - 0x00007ffb8b658000 	C:\Windows\System32\PSAPI.DLL
0x00007ffb76720000 - 0x00007ffb76729000 	C:\Windows\SYSTEM32\WSOCK32.dll
0x00007ffb8b8f0000 - 0x00007ffb8b95b000 	C:\Windows\System32\WS2_32.dll
0x00007ffb77e90000 - 0x00007ffb77eb7000 	C:\Windows\SYSTEM32\WINMM.dll
0x00007ffb87c80000 - 0x00007ffb87c92000 	C:\Windows\SYSTEM32\kernel.appcore.dll
0x00007ffb70a90000 - 0x00007ffb70a9a000 	C:\Program Files (x86)\Java\jdk-14.0.2\bin\jimage.dll
0x00007ffb74c50000 - 0x00007ffb74e34000 	C:\Windows\SYSTEM32\DBGHELP.DLL
0x00007ffb75fd0000 - 0x00007ffb75ffc000 	C:\Windows\SYSTEM32\dbgcore.DLL
0x00007ffb89fe0000 - 0x00007ffb8a063000 	C:\Windows\System32\bcryptPrimitives.dll
0x00007ffb6c930000 - 0x00007ffb6c955000 	C:\Program Files (x86)\Java\jdk-14.0.2\bin\java.dll
0x00007ffb6c910000 - 0x00007ffb6c926000 	C:\Program Files (x86)\Java\jdk-14.0.2\bin\zip.dll
0x00007ffb8b980000 - 0x00007ffb8c0bf000 	C:\Windows\System32\SHELL32.dll
0x00007ffb87e80000 - 0x00007ffb88610000 	C:\Windows\SYSTEM32\windows.storage.dll
0x00007ffb8ae70000 - 0x00007ffb8b1c5000 	C:\Windows\System32\combase.dll
0x00007ffb896f0000 - 0x00007ffb8971c000 	C:\Windows\SYSTEM32\Wldp.dll
0x00007ffb8c2c0000 - 0x00007ffb8c36e000 	C:\Windows\System32\SHCORE.dll
0x00007ffb8b890000 - 0x00007ffb8b8e5000 	C:\Windows\System32\shlwapi.dll
0x00007ffb89c90000 - 0x00007ffb89caf000 	C:\Windows\SYSTEM32\profapi.dll
0x00007ffb6c8f0000 - 0x00007ffb6c909000 	C:\Program Files (x86)\Java\jdk-14.0.2\bin\net.dll
0x00007ffb82370000 - 0x00007ffb8247b000 	C:\Windows\SYSTEM32\WINHTTP.dll
0x00007ffb894d0000 - 0x00007ffb8953a000 	C:\Windows\system32\mswsock.dll
0x00007ffb6c8d0000 - 0x00007ffb6c8e2000 	C:\Program Files (x86)\Java\jdk-14.0.2\bin\nio.dll
0x00007ffb686f0000 - 0x00007ffb68889000 	C:\Program Files (x86)\Java\jdk-14.0.2\bin\awt.dll
0x00007ffb8c130000 - 0x00007ffb8c1fd000 	C:\Windows\System32\OLEAUT32.dll
0x00007ffb876f0000 - 0x00007ffb87780000 	C:\Windows\SYSTEM32\apphelp.dll
0x00007ffb88a50000 - 0x00007ffb88a83000 	C:\Windows\SYSTEM32\ntmarta.dll
0x00007ffb87a70000 - 0x00007ffb87a9f000 	C:\Windows\system32\DWMAPI.DLL
0x00007ffb87990000 - 0x00007ffb87a2e000 	C:\Windows\system32\uxtheme.dll
0x00007ffb6e040000 - 0x00007ffb6e166000 	C:\Windows\system32\opengl32.dll
0x00007ffb76d80000 - 0x00007ffb76dac000 	C:\Windows\SYSTEM32\GLU32.dll
0x00007ffb8c370000 - 0x00007ffb8c485000 	C:\Windows\System32\MSCTF.dll
0x00007ffb8a7f0000 - 0x00007ffb8a91a000 	C:\Windows\System32\ole32.dll
0x00007ffb89a20000 - 0x00007ffb89a38000 	C:\Windows\SYSTEM32\CRYPTSP.dll
0x00007ffb80500000 - 0x00007ffb806ce000 	C:\Windows\system32\d3d9.dll
0x00007ffb88e20000 - 0x00007ffb88e54000 	C:\Windows\system32\rsaenh.dll
0x00007ffb89fb0000 - 0x00007ffb89fd7000 	C:\Windows\System32\bcrypt.dll
0x00007ffb7aed0000 - 0x00007ffb7afd2000 	C:\Windows\System32\DriverStore\FileRepository\nv_dispi.inf_amd64_1c83a5d7cffd7bff\nvldumdx.dll
0x00007ffb89c50000 - 0x00007ffb89c7e000 	C:\Windows\SYSTEM32\USERENV.dll
0x00007ffb89a70000 - 0x00007ffb89a82000 	C:\Windows\SYSTEM32\msasn1.dll
0x00007ffb84b80000 - 0x00007ffb84bb1000 	C:\Windows\SYSTEM32\cryptnet.dll
0x00007ffb89e50000 - 0x00007ffb89faf000 	C:\Windows\System32\CRYPT32.dll
0x00007ffb89650000 - 0x00007ffb8965c000 	C:\Windows\SYSTEM32\cryptbase.dll
0x00007ffb8a470000 - 0x00007ffb8a4d0000 	C:\Windows\System32\WINTRUST.DLL
0x00007ffb8b960000 - 0x00007ffb8b97d000 	C:\Windows\System32\imagehlp.dll
0x00007ffb89190000 - 0x00007ffb891cb000 	C:\Windows\SYSTEM32\IPHLPAPI.DLL
0x00007ffb8c120000 - 0x00007ffb8c128000 	C:\Windows\System32\NSI.dll
0x00007ffb83bf0000 - 0x00007ffb83c07000 	C:\Windows\SYSTEM32\dhcpcsvc6.DLL
0x00007ffb83bd0000 - 0x00007ffb83bed000 	C:\Windows\SYSTEM32\dhcpcsvc.DLL
0x00007ffb891d0000 - 0x00007ffb8929c000 	C:\Windows\SYSTEM32\DNSAPI.dll
0x00007ffb27830000 - 0x00007ffb2924b000 	C:\Windows\System32\DriverStore\FileRepository\nv_dispi.inf_amd64_1c83a5d7cffd7bff\nvd3dumx.dll
0x00007ffb71740000 - 0x00007ffb71782000 	C:\Users\John\AppData\Local\Temp\jna-2314539\jna7321110077971076307.dll
0x00007ffb5f530000 - 0x00007ffb5f7e7000 	C:\Windows\system32\nvspcap64.dll
0x00007ffb716b0000 - 0x00007ffb716de000 	D:\Program Files\GitHub\Flyves\Boss-Battle\build\dll\RLBot_Core_Interface.dll
0x00007ffb88620000 - 0x00007ffb88643000 	C:\Windows\SYSTEM32\gpapi.dll
0x00007ffb858e0000 - 0x00007ffb8591b000 	C:\Windows\SYSTEM32\dxcore.dll
0x00007ffb8a0a0000 - 0x00007ffb8a0ee000 	C:\Windows\System32\cfgmgr32.dll
0x00007ffb70a00000 - 0x00007ffb70a82000 	C:\Program Files (x86)\Java\jdk-14.0.2\bin\freetype.dll
0x00007ffb702a0000 - 0x00007ffb70346000 	C:\Program Files (x86)\Java\jdk-14.0.2\bin\fontmanager.dll
0x00007ffb7e0d0000 - 0x00007ffb7e1c9000 	C:\Windows\SYSTEM32\textinputframework.dll
0x00007ffb87130000 - 0x00007ffb8748e000 	C:\Windows\System32\CoreUIComponents.dll
0x00007ffb87490000 - 0x00007ffb87582000 	C:\Windows\System32\CoreMessaging.dll
0x00007ffb86fd0000 - 0x00007ffb87124000 	C:\Windows\SYSTEM32\wintypes.dll

dbghelp: loaded successfully - version: 4.0.5 - missing functions: none
symbol engine: initialized successfully - sym options: 0x614 - pdb path: .;C:\Program Files (x86)\Java\jdk-14.0.2\bin;C:\Windows\SYSTEM32;C:\Windows\WinSxS\amd64_microsoft.windows.common-controls_6595b64144ccf1df_6.0.19041.1052_none_60b8f8fd71f5e8cb;C:\Program Files (x86)\Java\jdk-14.0.2\bin\server;C:\Windows\System32\DriverStore\FileRepository\nv_dispi.inf_amd64_1c83a5d7cffd7bff;C:\Users\John\AppData\Local\Temp\jna-2314539;D:\Program Files\GitHub\Flyves\Boss-Battle\build\dll

VM Arguments:
jvm_args: -Dfile.encoding=windows-1252 -Duser.country=CA -Duser.language=fr -Duser.variant 
java_command: rlbotexample.JavaExample
java_class_path (initial): D:\Program Files\GitHub\Flyves\Boss-Battle\build\classes\java\main;D:\Program Files\GitHub\Flyves\Boss-Battle\build\resources\main;D:\Program Files\GitHub\Flyves\Boss-Battle\build\dll;C:\Users\John\.gradle\caches\modules-2\files-2.1\org.rlbot.commons\framework\1.11.0\107a09070a1232a0977f8cfaf439b6e06813211a\framework-1.11.0.jar;C:\Users\John\.gradle\caches\modules-2\files-2.1\net.java.dev.jna\jna-platform\4.5.1\117d52c9f672d8b7ea80a81464c33ef843de9254\jna-platform-4.5.1.jar;C:\Users\John\.gradle\caches\modules-2\files-2.1\net.java.dev.jna\jna\4.5.1\65bd0cacc9c79a21c6ed8e9f588577cd3c2f85b9\jna-4.5.1.jar;C:\Users\John\.gradle\caches\modules-2\files-2.1\net.sf.py4j\py4j\0.10.6\2204994fdaa4ba9c9e6f35fa3c700df454954cdf\py4j-0.10.6.jar;C:\Users\John\.gradle\caches\modules-2\files-2.1\com.github.davidmoten\flatbuffers-java\1.9.0.1\eaa1b27095bb5127879458bc2ee1b78e00d4a20\flatbuffers-java-1.9.0.1.jar
Launcher Type: SUN_STANDARD

[Global flags]
     intx CICompilerCount                          = 3                                         {product} {ergonomic}
     uint ConcGCThreads                            = 2                                         {product} {ergonomic}
     uint G1ConcRefinementThreads                  = 6                                         {product} {ergonomic}
   size_t G1HeapRegionSize                         = 1048576                                   {product} {ergonomic}
    uintx GCDrainStackTargetSize                   = 64                                        {product} {ergonomic}
   size_t InitialHeapSize                          = 268435456                                 {product} {ergonomic}
   size_t MarkStackSize                            = 4194304                                   {product} {ergonomic}
   size_t MaxHeapSize                              = 4280287232                                {product} {ergonomic}
   size_t MaxNewSize                               = 2567962624                                {product} {ergonomic}
   size_t MinHeapDeltaBytes                        = 1048576                                   {product} {ergonomic}
   size_t MinHeapSize                              = 8388608                                   {product} {ergonomic}
    uintx NonNMethodCodeHeapSize                   = 5832780                                {pd product} {ergonomic}
    uintx NonProfiledCodeHeapSize                  = 122912730                              {pd product} {ergonomic}
    uintx ProfiledCodeHeapSize                     = 122912730                              {pd product} {ergonomic}
    uintx ReservedCodeCacheSize                    = 251658240                              {pd product} {ergonomic}
     bool SegmentedCodeCache                       = true                                      {product} {ergonomic}
   size_t SoftMaxHeapSize                          = 4280287232                             {manageable} {ergonomic}
     bool UseCompressedClassPointers               = true                                 {lp64_product} {ergonomic}
     bool UseCompressedOops                        = true                                 {lp64_product} {ergonomic}
     bool UseG1GC                                  = true                                      {product} {ergonomic}
     bool UseLargePagesIndividualAllocation        = false                                  {pd product} {ergonomic}

Logging:
Log output configuration:
 #0: stdout all=warning uptime,level,tags
 #1: stderr all=off uptime,level,tags

Environment Variables:
JAVA_HOME=C:\Program Files (x86)\Java\jdk-14.0.2\jdk-14.0.2
PATH=C:\Program Files (x86)\Common Files\Oracle\Java\javapath;C:\Windows\system32;C:\Windows;C:\Windows\System32\Wbem;C:\Windows\System32\WindowsPowerShell\v1.0\;C:\Windows\System32\OpenSSH\;C:\Program Files (x86)\NVIDIA Corporation\PhysX\Common;C:\Program Files\NVIDIA Corporation\NVIDIA NvDLISR;C:\Program Files\Git\cmd;C:\Program Files (x86)\Java\jdk-14.0.2\jdk-14.0.2\bin;C:\Program Files\dotnet\;C:\Program Files\Microsoft SQL Server\130\Tools\Binn\;C:\Program Files\Microsoft SQL Server\Client SDK\ODBC\170\Tools\Binn\;C:\Program Files\Docker\Docker\resources\bin;C:\ProgramData\DockerDesktop\version-bin;C:\Program Files\apache-maven-3.6.3\bin;C:\Program Files\PuTTY\;C:\Users\John\AppData\Local\Programs\Python\Launcher\;C:\Users\John\AppData\Local\Microsoft\WindowsApps;C:\Program Files\JetBrains\IntelliJ IDEA Community Edition 2020.1.4\bin;;C:\Users\John\.dotnet\tools;C:\Users\John\AppData\Local\GitHubDesktop\bin;C:\Program Files (x86)\FAHClient;C:\Users\John\AppData\Local\Programs\Microsoft VS Code\bin;C:\Program Files (x86)\Arduino\arduino-cli;D:\Program Files\7-Zip;
USERNAME=John
OS=Windows_NT
PROCESSOR_IDENTIFIER=Intel64 Family 6 Model 158 Stepping 10, GenuineIntel



---------------  S Y S T E M  ---------------

OS: Windows 10 , 64 bit Build 19041 (10.0.19041.1023)
OS uptime: 9 days 10:05 hours
HyperV virtualization detected

CPU:total 6 (initial active 6) (6 cores per cpu, 1 threads per core) family 6 model 158 stepping 10, cmov, cx8, fxsr, mmx, sse, sse2, sse3, ssse3, sse4.1, sse4.2, popcnt, avx, avx2, aes, clmul, erms, rtm, 3dnowpref, lzcnt, tsc, tscinvbit, bmi1, bmi2, adx, fma

Memory: 4k page, system-wide physical 16325M (2621M free)
TotalPageFile size 65477M (AvailPageFile size 117M)
current process WorkingSet (physical memory assigned to process): 436M, peak: 436M
current process commit charge ("private bytes"): 545M, peak: 545M

vm_info: Java HotSpot(TM) 64-Bit Server VM (14.0.2+12-46) for windows-amd64 JRE (14.0.2+12-46), built on Jul  9 2020 00:35:52 by "mach5one" with MS VC++ 15.9 (VS2017)

END.
