#
# There is insufficient memory for the Java Runtime Environment to continue.
# Native memory allocation (malloc) failed to allocate 882576 bytes for Chunk::new
# Possible reasons:
#   The system is out of physical RAM or swap space
#   The process is running with CompressedOops enabled, and the Java Heap may be blocking the growth of the native heap
# Possible solutions:
#   Reduce memory load on the system
#   Increase physical memory or swap space
#   Check if swap backing store is full
#   Decrease Java heap size (-Xmx/-Xms)
#   Decrease number of Java threads
#   Decrease Java thread stack sizes (-Xss)
#   Set larger code cache with -XX:ReservedCodeCacheSize=
#   JVM is running with Zero Based Compressed Oops mode in which the Java heap is
#     placed in the first 32GB address space. The Java Heap base address is the
#     maximum limit for the native heap growth. Please use -XX:HeapBaseMinAddress
#     to set the Java Heap base and to place the Java Heap above 32GB virtual address.
# This output file may be truncated or incomplete.
#
#  Out of Memory Error (./open/src/hotspot/share/memory/arena.cpp:195), pid=19016, tid=7488
#
# JRE version: Java(TM) SE Runtime Environment (14.0.2+12) (build 14.0.2+12-46)
# Java VM: Java HotSpot(TM) 64-Bit Server VM (14.0.2+12-46, mixed mode, sharing, tiered, compressed oops, g1 gc, windows-amd64)
# No core dump will be written. Minidumps are not enabled by default on client versions of Windows
#

---------------  S U M M A R Y ------------

Command Line: -Dfile.encoding=windows-1252 -Duser.country=CA -Duser.language=fr -Duser.variant rlbotexample.JavaExample

Host: Intel(R) Core(TM) i5-8600K CPU @ 3.60GHz, 6 cores, 15G,  Windows 10 , 64 bit Build 19041 (10.0.19041.1023)
Time: Tue Jul 13 18:25:46 2021 Est (É.-U. - heure d’été) elapsed time: 9 seconds (0d 0h 0m 9s)

---------------  T H R E A D  ---------------

Current thread (0x000002814869a000):  JavaThread "C2 CompilerThread0" daemon [_thread_in_native, id=7488, stack(0x000000ce13800000,0x000000ce13900000)]


Current CompileTask:
C2:   9420 2257       4       rlbotexample.dynamic_objects.car.CarData::<init> (110 bytes)

Stack: [0x000000ce13800000,0x000000ce13900000]
Native frames: (J=compiled Java code, j=interpreted, Vv=VM code, C=native code)
V  [jvm.dll+0x5f8a9a]
V  [jvm.dll+0x74247a]
V  [jvm.dll+0x743c2f]
V  [jvm.dll+0x744273]
V  [jvm.dll+0x20d288]
V  [jvm.dll+0xabb07]
V  [jvm.dll+0xac1fc]
V  [jvm.dll+0x31c438]
V  [jvm.dll+0x2e6b38]
V  [jvm.dll+0x2e5f3a]
V  [jvm.dll+0x1e5e16]
V  [jvm.dll+0x1e50b8]
V  [jvm.dll+0x1779cc]
V  [jvm.dll+0x1f4105]
V  [jvm.dll+0x1f22eb]
V  [jvm.dll+0x7070cd]
V  [jvm.dll+0x6ffeda]
V  [jvm.dll+0x5f78f6]
C  [ucrtbase.dll+0x21bb2]
C  [KERNEL32.DLL+0x17034]
C  [ntdll.dll+0x52651]


---------------  P R O C E S S  ---------------

Threads class SMR info:
_java_thread_list=0x00000281538c6ff0, length=72, elements={
0x0000028148673800, 0x0000028148676800, 0x0000028148690000, 0x0000028148695800,
0x0000028148696800, 0x000002814869a000, 0x0000028148f2a800, 0x0000028148f2d000,
0x0000028149082000, 0x0000028149089000, 0x00000281490ba800, 0x000002814962c000,
0x000002814962f000, 0x000002814963f800, 0x000002814e2f3000, 0x000002814e2ca000,
0x0000028149d33000, 0x0000028149d36800, 0x000002814e382800, 0x000002814e383000,
0x000002814e384000, 0x000002814e386800, 0x000002814e381800, 0x000002814e380800,
0x000002814e385000, 0x000002814e387000, 0x000002814e385800, 0x000002814e656000,
0x000002814e651800, 0x000002814e654000, 0x000002814e655000, 0x000002814e658000,
0x000002814e656800, 0x000002814e652800, 0x000002814e659000, 0x000002814e653800,
0x000002814e65a800, 0x000002814e65b800, 0x000002814e65c800, 0x000002814e65d000,
0x000002814e65e800, 0x000002814e65e000, 0x000002814e65f800, 0x000002814e65a000,
0x000002814e660800, 0x000002814ead1800, 0x000002814eacf000, 0x000002814ead0000,
0x000002814ead1000, 0x000002814ead2800, 0x000002814eacc800, 0x000002814ead3000,
0x000002814eacd800, 0x000002814ead4000, 0x000002814eace800, 0x000002814ead5800,
0x000002814ead6800, 0x000002814ead7800, 0x000002814ead8000, 0x000002814ead5000,
0x000002814ead9000, 0x000002814eada800, 0x000002814ead9800, 0x000002814eadb800,
0x000002814ebe9000, 0x000002814ebea000, 0x000002814ebe7800, 0x000002814ebe8800,
0x000002814ebe6800, 0x000002814ebe5000, 0x000002814ebeb000, 0x000002814929a800
}

Java Threads: ( => current thread )
  0x0000028148673800 JavaThread "Reference Handler" daemon [_thread_blocked, id=19324, stack(0x000000ce13300000,0x000000ce13400000)]
  0x0000028148676800 JavaThread "Finalizer" daemon [_thread_blocked, id=11464, stack(0x000000ce13400000,0x000000ce13500000)]
  0x0000028148690000 JavaThread "Signal Dispatcher" daemon [_thread_blocked, id=5100, stack(0x000000ce13500000,0x000000ce13600000)]
  0x0000028148695800 JavaThread "Attach Listener" daemon [_thread_blocked, id=3048, stack(0x000000ce13600000,0x000000ce13700000)]
  0x0000028148696800 JavaThread "Service Thread" daemon [_thread_blocked, id=18484, stack(0x000000ce13700000,0x000000ce13800000)]
=>0x000002814869a000 JavaThread "C2 CompilerThread0" daemon [_thread_in_native, id=7488, stack(0x000000ce13800000,0x000000ce13900000)]
  0x0000028148f2a800 JavaThread "C1 CompilerThread0" daemon [_thread_blocked, id=20048, stack(0x000000ce13900000,0x000000ce13a00000)]
  0x0000028148f2d000 JavaThread "Sweeper thread" daemon [_thread_blocked, id=14744, stack(0x000000ce13a00000,0x000000ce13b00000)]
  0x0000028149082000 JavaThread "Notification Thread" daemon [_thread_blocked, id=16272, stack(0x000000ce13b00000,0x000000ce13c00000)]
  0x0000028149089000 JavaThread "Common-Cleaner" daemon [_thread_blocked, id=21184, stack(0x000000ce13d00000,0x000000ce13e00000)]
  0x00000281490ba800 JavaThread "Thread-0" [_thread_in_native, id=17956, stack(0x000000ce13e00000,0x000000ce13f00000)]
  0x000002814962c000 JavaThread "Java2D Disposer" daemon [_thread_blocked, id=24864, stack(0x000000ce13f00000,0x000000ce14000000)]
  0x000002814962f000 JavaThread "AWT-Shutdown" [_thread_blocked, id=20168, stack(0x000000ce14000000,0x000000ce14100000)]
  0x000002814963f800 JavaThread "AWT-Windows" daemon [_thread_in_native, id=14344, stack(0x000000ce14100000,0x000000ce14200000)]
  0x000002814e2f3000 JavaThread "Thread-1" [_thread_in_native, id=6248, stack(0x000000ce14400000,0x000000ce14500000)]
  0x000002814e2ca000 JavaThread "Thread-2" [_thread_blocked, id=22004, stack(0x000000ce14500000,0x000000ce14600000)]
  0x0000028149d33000 JavaThread "Thread-3" [_thread_blocked, id=12612, stack(0x000000ce14600000,0x000000ce14700000)]
  0x0000028149d36800 JavaThread "Thread-4" [_thread_blocked, id=21024, stack(0x000000ce14700000,0x000000ce14800000)]
  0x000002814e382800 JavaThread "Thread-5" [_thread_blocked, id=21748, stack(0x000000ce14800000,0x000000ce14900000)]
  0x000002814e383000 JavaThread "Thread-6" [_thread_blocked, id=7604, stack(0x000000ce14900000,0x000000ce14a00000)]
  0x000002814e384000 JavaThread "Thread-7" [_thread_blocked, id=20296, stack(0x000000ce14a00000,0x000000ce14b00000)]
  0x000002814e386800 JavaThread "Thread-8" [_thread_blocked, id=19520, stack(0x000000ce14b00000,0x000000ce14c00000)]
  0x000002814e381800 JavaThread "Thread-9" [_thread_blocked, id=16040, stack(0x000000ce14c00000,0x000000ce14d00000)]
  0x000002814e380800 JavaThread "Thread-10" [_thread_blocked, id=17636, stack(0x000000ce14d00000,0x000000ce14e00000)]
  0x000002814e385000 JavaThread "Thread-11" [_thread_blocked, id=14528, stack(0x000000ce14e00000,0x000000ce14f00000)]
  0x000002814e387000 JavaThread "Thread-12" [_thread_blocked, id=22740, stack(0x000000ce14f00000,0x000000ce15000000)]
  0x000002814e385800 JavaThread "Thread-13" [_thread_blocked, id=6288, stack(0x000000ce15100000,0x000000ce15200000)]
  0x000002814e656000 JavaThread "Thread-14" [_thread_blocked, id=24476, stack(0x000000ce15200000,0x000000ce15300000)]
  0x000002814e651800 JavaThread "Thread-15" [_thread_blocked, id=9516, stack(0x000000ce15300000,0x000000ce15400000)]
  0x000002814e654000 JavaThread "Thread-16" [_thread_blocked, id=12144, stack(0x000000ce15400000,0x000000ce15500000)]
  0x000002814e655000 JavaThread "Thread-17" [_thread_blocked, id=13852, stack(0x000000ce15500000,0x000000ce15600000)]
  0x000002814e658000 JavaThread "Thread-18" [_thread_blocked, id=24256, stack(0x000000ce15600000,0x000000ce15700000)]
  0x000002814e656800 JavaThread "Thread-19" [_thread_blocked, id=13960, stack(0x000000ce15700000,0x000000ce15800000)]
  0x000002814e652800 JavaThread "Thread-20" [_thread_blocked, id=17548, stack(0x000000ce15900000,0x000000ce15a00000)]
  0x000002814e659000 JavaThread "Thread-21" [_thread_blocked, id=23020, stack(0x000000ce15a00000,0x000000ce15b00000)]
  0x000002814e653800 JavaThread "Thread-22" [_thread_blocked, id=13456, stack(0x000000ce15b00000,0x000000ce15c00000)]
  0x000002814e65a800 JavaThread "Thread-23" [_thread_blocked, id=12764, stack(0x000000ce15c00000,0x000000ce15d00000)]
  0x000002814e65b800 JavaThread "Thread-24" [_thread_blocked, id=23080, stack(0x000000ce15d00000,0x000000ce15e00000)]
  0x000002814e65c800 JavaThread "Thread-25" [_thread_blocked, id=14256, stack(0x000000ce15e00000,0x000000ce15f00000)]
  0x000002814e65d000 JavaThread "Thread-26" [_thread_blocked, id=4160, stack(0x000000ce15f00000,0x000000ce16000000)]
  0x000002814e65e800 JavaThread "AWT-EventQueue-0" [_thread_blocked, id=25076, stack(0x000000ce16000000,0x000000ce16100000)]
  0x000002814e65e000 JavaThread "Thread-27" [_thread_blocked, id=9412, stack(0x000000ce16100000,0x000000ce16200000)]
  0x000002814e65f800 JavaThread "Thread-28" [_thread_blocked, id=21936, stack(0x000000ce16200000,0x000000ce16300000)]
  0x000002814e65a000 JavaThread "Thread-29" [_thread_blocked, id=15112, stack(0x000000ce16300000,0x000000ce16400000)]
  0x000002814e660800 JavaThread "Thread-30" [_thread_blocked, id=8552, stack(0x000000ce16400000,0x000000ce16500000)]
  0x000002814ead1800 JavaThread "Thread-31" [_thread_in_Java, id=18644, stack(0x000000ce16500000,0x000000ce16600000)]
  0x000002814eacf000 JavaThread "Thread-32" [_thread_blocked, id=11216, stack(0x000000ce16700000,0x000000ce16800000)]
  0x000002814ead0000 JavaThread "Thread-33" [_thread_blocked, id=16944, stack(0x000000ce16800000,0x000000ce16900000)]
  0x000002814ead1000 JavaThread "Thread-34" [_thread_blocked, id=17148, stack(0x000000ce16900000,0x000000ce16a00000)]
  0x000002814ead2800 JavaThread "Thread-35" [_thread_blocked, id=25372, stack(0x000000ce16a00000,0x000000ce16b00000)]
  0x000002814eacc800 JavaThread "Thread-36" [_thread_blocked, id=16588, stack(0x000000ce16b00000,0x000000ce16c00000)]
  0x000002814ead3000 JavaThread "Thread-37" [_thread_blocked, id=24240, stack(0x000000ce16c00000,0x000000ce16d00000)]
  0x000002814eacd800 JavaThread "Thread-38" [_thread_blocked, id=25332, stack(0x000000ce16d00000,0x000000ce16e00000)]
  0x000002814ead4000 JavaThread "Thread-39" [_thread_blocked, id=17192, stack(0x000000ce16e00000,0x000000ce16f00000)]
  0x000002814eace800 JavaThread "Thread-40" [_thread_blocked, id=10812, stack(0x000000ce16f00000,0x000000ce17000000)]
  0x000002814ead5800 JavaThread "Thread-41" [_thread_blocked, id=18564, stack(0x000000ce17000000,0x000000ce17100000)]
  0x000002814ead6800 JavaThread "Thread-42" [_thread_blocked, id=19824, stack(0x000000ce17100000,0x000000ce17200000)]
  0x000002814ead7800 JavaThread "Thread-43" [_thread_blocked, id=15120, stack(0x000000ce17200000,0x000000ce17300000)]
  0x000002814ead8000 JavaThread "TimerQueue" daemon [_thread_blocked, id=10284, stack(0x000000ce17300000,0x000000ce17400000)]
  0x000002814ead5000 JavaThread "D3D Screen Updater" daemon [_thread_blocked, id=10196, stack(0x000000ce17400000,0x000000ce17500000)]
  0x000002814ead9000 JavaThread "DestroyJavaVM" [_thread_blocked, id=13280, stack(0x000000ce12c00000,0x000000ce12d00000)]
  0x000002814eada800 JavaThread "Thread-44" [_thread_blocked, id=12196, stack(0x000000ce17510000,0x000000ce17610000)]
  0x000002814ead9800 JavaThread "Thread-45" [_thread_blocked, id=17024, stack(0x000000ce17610000,0x000000ce17710000)]
  0x000002814eadb800 JavaThread "Thread-46" [_thread_blocked, id=11792, stack(0x000000ce17710000,0x000000ce17810000)]
  0x000002814ebe9000 JavaThread "Thread-47" [_thread_blocked, id=10624, stack(0x000000ce17810000,0x000000ce17910000)]
  0x000002814ebea000 JavaThread "Thread-48" [_thread_blocked, id=17664, stack(0x000000ce17910000,0x000000ce17a10000)]
  0x000002814ebe7800 JavaThread "Thread-49" [_thread_blocked, id=11372, stack(0x000000ce17a10000,0x000000ce17b10000)]
  0x000002814ebe8800 JavaThread "Thread-50" [_thread_blocked, id=11544, stack(0x000000ce17b10000,0x000000ce17c10000)]
  0x000002814ebe6800 JavaThread "Thread-51" [_thread_blocked, id=18140, stack(0x000000ce17c10000,0x000000ce17d10000)]
  0x000002814ebe5000 JavaThread "Thread-52" [_thread_in_native, id=13412, stack(0x000000ce17d10000,0x000000ce17e10000)]
  0x000002814ebeb000 JavaThread "Thread-53" [_thread_blocked, id=6472, stack(0x000000ce17e10000,0x000000ce17f10000)]
  0x000002814929a800 JavaThread "C2 CompilerThread1" daemon [_thread_in_native, id=7100, stack(0x000000ce15800000,0x000000ce15900000)]

Other Threads:
  0x000002814866c800 VMThread "VM Thread" [stack: 0x000000ce13200000,0x000000ce13300000] [id=22772]
  0x0000028149086800 WatcherThread [stack: 0x000000ce13c00000,0x000000ce13d00000] [id=21372]
  0x0000028124d32800 GCTaskThread "GC Thread#0" [stack: 0x000000ce12d00000,0x000000ce12e00000] [id=19256]
  0x000002814e738000 GCTaskThread "GC Thread#1" [stack: 0x000000ce16600000,0x000000ce16700000] [id=13068]
  0x000002814e8c5800 GCTaskThread "GC Thread#2" [stack: 0x000000ce17f10000,0x000000ce18010000] [id=15484]
  0x000002814e8c6000 GCTaskThread "GC Thread#3" [stack: 0x000000ce18010000,0x000000ce18110000] [id=19900]
  0x000002814e8c7800 GCTaskThread "GC Thread#4" [stack: 0x000000ce18110000,0x000000ce18210000] [id=1688]
  0x000002814e8c8800 GCTaskThread "GC Thread#5" [stack: 0x000000ce18210000,0x000000ce18310000] [id=492]
  0x0000028124d54000 ConcurrentGCThread "G1 Main Marker" [stack: 0x000000ce12e00000,0x000000ce12f00000] [id=7476]
  0x0000028124d56000 ConcurrentGCThread "G1 Conc#0" [stack: 0x000000ce12f00000,0x000000ce13000000] [id=14792]
  0x000002814855d800 ConcurrentGCThread "G1 Refine#0" [stack: 0x000000ce13000000,0x000000ce13100000] [id=25036]
  0x000002814ea20000 ConcurrentGCThread "G1 Refine#1" [stack: 0x000000ce18310000,0x000000ce18410000] [id=24872]
  0x0000028153cdb800 ConcurrentGCThread "G1 Refine#2" [stack: 0x000000ce18470000,0x000000ce18570000] [id=9576]
  0x0000028148560000 ConcurrentGCThread "G1 Young RemSet Sampling" [stack: 0x000000ce13100000,0x000000ce13200000] [id=22292]

Threads with active compile tasks:
C2 CompilerThread0     9461 2257       4       rlbotexample.dynamic_objects.car.CarData::<init> (110 bytes)
C2 CompilerThread1     9461 2259       4       rlbotexample.dynamic_objects.car.ExtendedCarData::<init> (90 bytes)

VM state:not at safepoint (normal execution)

VM Mutex/Monitor currently owned by a thread: None

Heap address: 0x0000000700e00000, size: 4082 MB, Compressed Oops mode: Zero based, Oop shift amount: 3
Narrow klass base: 0x0000000800000000, Narrow klass shift: 3
Compressed class space size: 1073741824 Address: 0x0000000800b30000

Heap:
 garbage-first heap   total 315392K, used 192386K [0x0000000700e00000, 0x0000000800000000)
  region size 1024K, 152 young (155648K), 13 survivors (13312K)
 Metaspace       used 10679K, capacity 11151K, committed 11392K, reserved 1058816K
  class space    used 1163K, capacity 1364K, committed 1408K, reserved 1048576K
Heap Regions: E=young(eden), S=young(survivor), O=old, HS=humongous(starts), HC=humongous(continues), CS=collection set, F=free, OA=open archive, CA=closed archive, TAMS=top-at-mark-start (previous, next)
|   0|0x0000000700e00000, 0x0000000700f00000, 0x0000000700f00000|100%| O|  |TAMS 0x0000000700e00000, 0x0000000700e00000| Untracked 
|   1|0x0000000700f00000, 0x0000000701000000, 0x0000000701000000|100%| O|  |TAMS 0x0000000700f00000, 0x0000000700f00000| Untracked 
|   2|0x0000000701000000, 0x0000000701100000, 0x0000000701100000|100%| O|  |TAMS 0x0000000701000000, 0x0000000701000000| Untracked 
|   3|0x0000000701100000, 0x0000000701200000, 0x0000000701200000|100%|HS|  |TAMS 0x0000000701100000, 0x0000000701100000| Complete 
|   4|0x0000000701200000, 0x0000000701300000, 0x0000000701300000|100%|HS|  |TAMS 0x0000000701200000, 0x0000000701200000| Complete 
|   5|0x0000000701300000, 0x0000000701400000, 0x0000000701400000|100%|HS|  |TAMS 0x0000000701300000, 0x0000000701300000| Complete 
|   6|0x0000000701400000, 0x0000000701500000, 0x0000000701500000|100%|HC|  |TAMS 0x0000000701400000, 0x0000000701400000| Complete 
|   7|0x0000000701500000, 0x0000000701600000, 0x0000000701600000|100%|HS|  |TAMS 0x0000000701500000, 0x0000000701500000| Complete 
|   8|0x0000000701600000, 0x0000000701700000, 0x0000000701700000|100%|HC|  |TAMS 0x0000000701600000, 0x0000000701600000| Complete 
|   9|0x0000000701700000, 0x0000000701800000, 0x0000000701800000|100%|HS|  |TAMS 0x0000000701700000, 0x0000000701700000| Complete 
|  10|0x0000000701800000, 0x0000000701900000, 0x0000000701900000|100%|HS|  |TAMS 0x0000000701800000, 0x0000000701800000| Complete 
|  11|0x0000000701900000, 0x0000000701a00000, 0x0000000701a00000|100%| O|  |TAMS 0x0000000701900000, 0x0000000701900000| Untracked 
|  12|0x0000000701a00000, 0x0000000701b00000, 0x0000000701b00000|100%| O|  |TAMS 0x0000000701a00000, 0x0000000701a00000| Untracked 
|  13|0x0000000701b00000, 0x0000000701c00000, 0x0000000701c00000|100%| O|  |TAMS 0x0000000701b00000, 0x0000000701b00000| Untracked 
|  14|0x0000000701c00000, 0x0000000701d00000, 0x0000000701d00000|100%| O|  |TAMS 0x0000000701c00000, 0x0000000701c00000| Untracked 
|  15|0x0000000701d00000, 0x0000000701e00000, 0x0000000701e00000|100%|HS|  |TAMS 0x0000000701d00000, 0x0000000701d00000| Complete 
|  16|0x0000000701e00000, 0x0000000701f00000, 0x0000000701f00000|100%|HS|  |TAMS 0x0000000701e00000, 0x0000000701e00000| Complete 
|  17|0x0000000701f00000, 0x0000000702000000, 0x0000000702000000|100%| O|  |TAMS 0x0000000701f00000, 0x0000000701f00000| Untracked 
|  18|0x0000000702000000, 0x0000000702100000, 0x0000000702100000|100%| O|  |TAMS 0x0000000702000000, 0x0000000702000000| Untracked 
|  19|0x0000000702100000, 0x0000000702200000, 0x0000000702200000|100%| O|  |TAMS 0x0000000702100000, 0x0000000702100000| Untracked 
|  20|0x0000000702200000, 0x0000000702300000, 0x0000000702300000|100%| O|  |TAMS 0x0000000702200000, 0x0000000702200000| Untracked 
|  21|0x0000000702300000, 0x0000000702400000, 0x0000000702400000|100%|HS|  |TAMS 0x0000000702300000, 0x0000000702300000| Complete 
|  22|0x0000000702400000, 0x0000000702500000, 0x0000000702500000|100%|HS|  |TAMS 0x0000000702400000, 0x0000000702400000| Complete 
|  23|0x0000000702500000, 0x0000000702600000, 0x0000000702600000|100%| O|  |TAMS 0x0000000702500000, 0x0000000702500000| Untracked 
|  24|0x0000000702600000, 0x0000000702700000, 0x0000000702700000|100%| O|  |TAMS 0x0000000702600000, 0x0000000702600000| Untracked 
|  25|0x0000000702700000, 0x0000000702800000, 0x0000000702800000|100%| O|  |TAMS 0x0000000702700000, 0x0000000702700000| Untracked 
|  26|0x0000000702800000, 0x0000000702900000, 0x0000000702900000|100%| O|  |TAMS 0x0000000702800000, 0x0000000702800000| Untracked 
|  27|0x0000000702900000, 0x0000000702a00000, 0x0000000702a00000|100%|HS|  |TAMS 0x0000000702900000, 0x0000000702900000| Complete 
|  28|0x0000000702a00000, 0x0000000702b00000, 0x0000000702b00000|100%|HS|  |TAMS 0x0000000702a00000, 0x0000000702a00000| Complete 
|  29|0x0000000702b00000, 0x0000000702c00000, 0x0000000702c00000|100%| O|  |TAMS 0x0000000702b00000, 0x0000000702b00000| Untracked 
|  30|0x0000000702c00000, 0x0000000702d00000, 0x0000000702d00000|100%| O|  |TAMS 0x0000000702c00000, 0x0000000702c00000| Untracked 
|  31|0x0000000702d00000, 0x0000000702e00000, 0x0000000702e00000|100%| O|  |TAMS 0x0000000702d00000, 0x0000000702d00000| Untracked 
|  32|0x0000000702e00000, 0x0000000702f00000, 0x0000000702f00000|100%| O|  |TAMS 0x0000000702e00000, 0x0000000702e00000| Untracked 
|  33|0x0000000702f00000, 0x0000000703000000, 0x0000000703000000|100%|HS|  |TAMS 0x0000000702f00000, 0x0000000702f00000| Complete 
|  34|0x0000000703000000, 0x0000000703100000, 0x0000000703100000|100%|HC|  |TAMS 0x0000000703000000, 0x0000000703000000| Complete 
|  35|0x0000000703100000, 0x0000000703200000, 0x0000000703200000|100%|HS|  |TAMS 0x0000000703100000, 0x0000000703100000| Complete 
|  36|0x0000000703200000, 0x0000000703300000, 0x0000000703300000|100%|HC|  |TAMS 0x0000000703200000, 0x0000000703200000| Complete 
|  37|0x0000000703300000, 0x0000000703400000, 0x0000000703400000|100%| O|  |TAMS 0x0000000703300000, 0x0000000703300000| Untracked 
|  38|0x0000000703400000, 0x0000000703417200, 0x0000000703500000|  9%| O|  |TAMS 0x0000000703400000, 0x0000000703400000| Untracked 
|  39|0x0000000703500000, 0x0000000703500000, 0x0000000703600000|  0%| F|  |TAMS 0x0000000703500000, 0x0000000703500000| Untracked 
|  40|0x0000000703600000, 0x0000000703600000, 0x0000000703700000|  0%| F|  |TAMS 0x0000000703600000, 0x0000000703600000| Untracked 
|  41|0x0000000703700000, 0x0000000703700000, 0x0000000703800000|  0%| F|  |TAMS 0x0000000703700000, 0x0000000703700000| Untracked 
|  42|0x0000000703800000, 0x0000000703800000, 0x0000000703900000|  0%| F|  |TAMS 0x0000000703800000, 0x0000000703800000| Untracked 
|  43|0x0000000703900000, 0x0000000703900000, 0x0000000703a00000|  0%| F|  |TAMS 0x0000000703900000, 0x0000000703900000| Untracked 
|  44|0x0000000703a00000, 0x0000000703a00000, 0x0000000703b00000|  0%| F|  |TAMS 0x0000000703a00000, 0x0000000703a00000| Untracked 
|  45|0x0000000703b00000, 0x0000000703b00000, 0x0000000703c00000|  0%| F|  |TAMS 0x0000000703b00000, 0x0000000703b00000| Untracked 
|  46|0x0000000703c00000, 0x0000000703c00000, 0x0000000703d00000|  0%| F|  |TAMS 0x0000000703c00000, 0x0000000703c00000| Untracked 
|  47|0x0000000703d00000, 0x0000000703d00000, 0x0000000703e00000|  0%| F|  |TAMS 0x0000000703d00000, 0x0000000703d00000| Untracked 
|  48|0x0000000703e00000, 0x0000000703e00000, 0x0000000703f00000|  0%| F|  |TAMS 0x0000000703e00000, 0x0000000703e00000| Untracked 
|  49|0x0000000703f00000, 0x0000000703f00000, 0x0000000704000000|  0%| F|  |TAMS 0x0000000703f00000, 0x0000000703f00000| Untracked 
|  50|0x0000000704000000, 0x0000000704000000, 0x0000000704100000|  0%| F|  |TAMS 0x0000000704000000, 0x0000000704000000| Untracked 
|  51|0x0000000704100000, 0x0000000704100000, 0x0000000704200000|  0%| F|  |TAMS 0x0000000704100000, 0x0000000704100000| Untracked 
|  52|0x0000000704200000, 0x0000000704200000, 0x0000000704300000|  0%| F|  |TAMS 0x0000000704200000, 0x0000000704200000| Untracked 
|  53|0x0000000704300000, 0x0000000704300000, 0x0000000704400000|  0%| F|  |TAMS 0x0000000704300000, 0x0000000704300000| Untracked 
|  54|0x0000000704400000, 0x0000000704400000, 0x0000000704500000|  0%| F|  |TAMS 0x0000000704400000, 0x0000000704400000| Untracked 
|  55|0x0000000704500000, 0x0000000704500000, 0x0000000704600000|  0%| F|  |TAMS 0x0000000704500000, 0x0000000704500000| Untracked 
|  56|0x0000000704600000, 0x0000000704600000, 0x0000000704700000|  0%| F|  |TAMS 0x0000000704600000, 0x0000000704600000| Untracked 
|  57|0x0000000704700000, 0x0000000704700000, 0x0000000704800000|  0%| F|  |TAMS 0x0000000704700000, 0x0000000704700000| Untracked 
|  58|0x0000000704800000, 0x0000000704800000, 0x0000000704900000|  0%| F|  |TAMS 0x0000000704800000, 0x0000000704800000| Untracked 
|  59|0x0000000704900000, 0x0000000704900000, 0x0000000704a00000|  0%| F|  |TAMS 0x0000000704900000, 0x0000000704900000| Untracked 
|  60|0x0000000704a00000, 0x0000000704a00000, 0x0000000704b00000|  0%| F|  |TAMS 0x0000000704a00000, 0x0000000704a00000| Untracked 
|  61|0x0000000704b00000, 0x0000000704b00000, 0x0000000704c00000|  0%| F|  |TAMS 0x0000000704b00000, 0x0000000704b00000| Untracked 
|  62|0x0000000704c00000, 0x0000000704c00000, 0x0000000704d00000|  0%| F|  |TAMS 0x0000000704c00000, 0x0000000704c00000| Untracked 
|  63|0x0000000704d00000, 0x0000000704d00000, 0x0000000704e00000|  0%| F|  |TAMS 0x0000000704d00000, 0x0000000704d00000| Untracked 
|  64|0x0000000704e00000, 0x0000000704e00000, 0x0000000704f00000|  0%| F|  |TAMS 0x0000000704e00000, 0x0000000704e00000| Untracked 
|  65|0x0000000704f00000, 0x0000000704f00000, 0x0000000705000000|  0%| F|  |TAMS 0x0000000704f00000, 0x0000000704f00000| Untracked 
|  66|0x0000000705000000, 0x0000000705000000, 0x0000000705100000|  0%| F|  |TAMS 0x0000000705000000, 0x0000000705000000| Untracked 
|  67|0x0000000705100000, 0x0000000705100000, 0x0000000705200000|  0%| F|  |TAMS 0x0000000705100000, 0x0000000705100000| Untracked 
|  68|0x0000000705200000, 0x0000000705200000, 0x0000000705300000|  0%| F|  |TAMS 0x0000000705200000, 0x0000000705200000| Untracked 
|  69|0x0000000705300000, 0x0000000705300000, 0x0000000705400000|  0%| F|  |TAMS 0x0000000705300000, 0x0000000705300000| Untracked 
|  70|0x0000000705400000, 0x0000000705400000, 0x0000000705500000|  0%| F|  |TAMS 0x0000000705400000, 0x0000000705400000| Untracked 
|  71|0x0000000705500000, 0x0000000705500000, 0x0000000705600000|  0%| F|  |TAMS 0x0000000705500000, 0x0000000705500000| Untracked 
|  72|0x0000000705600000, 0x0000000705600000, 0x0000000705700000|  0%| F|  |TAMS 0x0000000705600000, 0x0000000705600000| Untracked 
|  73|0x0000000705700000, 0x0000000705700000, 0x0000000705800000|  0%| F|  |TAMS 0x0000000705700000, 0x0000000705700000| Untracked 
|  74|0x0000000705800000, 0x0000000705800000, 0x0000000705900000|  0%| F|  |TAMS 0x0000000705800000, 0x0000000705800000| Untracked 
|  75|0x0000000705900000, 0x0000000705900000, 0x0000000705a00000|  0%| F|  |TAMS 0x0000000705900000, 0x0000000705900000| Untracked 
|  76|0x0000000705a00000, 0x0000000705a00000, 0x0000000705b00000|  0%| F|  |TAMS 0x0000000705a00000, 0x0000000705a00000| Untracked 
|  77|0x0000000705b00000, 0x0000000705b00000, 0x0000000705c00000|  0%| F|  |TAMS 0x0000000705b00000, 0x0000000705b00000| Untracked 
|  78|0x0000000705c00000, 0x0000000705c00000, 0x0000000705d00000|  0%| F|  |TAMS 0x0000000705c00000, 0x0000000705c00000| Untracked 
|  79|0x0000000705d00000, 0x0000000705d00000, 0x0000000705e00000|  0%| F|  |TAMS 0x0000000705d00000, 0x0000000705d00000| Untracked 
|  80|0x0000000705e00000, 0x0000000705e00000, 0x0000000705f00000|  0%| F|  |TAMS 0x0000000705e00000, 0x0000000705e00000| Untracked 
|  81|0x0000000705f00000, 0x0000000705f00000, 0x0000000706000000|  0%| F|  |TAMS 0x0000000705f00000, 0x0000000705f00000| Untracked 
|  82|0x0000000706000000, 0x0000000706000000, 0x0000000706100000|  0%| F|  |TAMS 0x0000000706000000, 0x0000000706000000| Untracked 
|  83|0x0000000706100000, 0x0000000706100000, 0x0000000706200000|  0%| F|  |TAMS 0x0000000706100000, 0x0000000706100000| Untracked 
|  84|0x0000000706200000, 0x0000000706200000, 0x0000000706300000|  0%| F|  |TAMS 0x0000000706200000, 0x0000000706200000| Untracked 
|  85|0x0000000706300000, 0x0000000706300000, 0x0000000706400000|  0%| F|  |TAMS 0x0000000706300000, 0x0000000706300000| Untracked 
|  86|0x0000000706400000, 0x0000000706400000, 0x0000000706500000|  0%| F|  |TAMS 0x0000000706400000, 0x0000000706400000| Untracked 
|  87|0x0000000706500000, 0x0000000706500000, 0x0000000706600000|  0%| F|  |TAMS 0x0000000706500000, 0x0000000706500000| Untracked 
|  88|0x0000000706600000, 0x0000000706600000, 0x0000000706700000|  0%| F|  |TAMS 0x0000000706600000, 0x0000000706600000| Untracked 
|  89|0x0000000706700000, 0x0000000706700000, 0x0000000706800000|  0%| F|  |TAMS 0x0000000706700000, 0x0000000706700000| Untracked 
|  90|0x0000000706800000, 0x0000000706800000, 0x0000000706900000|  0%| F|  |TAMS 0x0000000706800000, 0x0000000706800000| Untracked 
|  91|0x0000000706900000, 0x0000000706900000, 0x0000000706a00000|  0%| F|  |TAMS 0x0000000706900000, 0x0000000706900000| Untracked 
|  92|0x0000000706a00000, 0x0000000706a00000, 0x0000000706b00000|  0%| F|  |TAMS 0x0000000706a00000, 0x0000000706a00000| Untracked 
|  93|0x0000000706b00000, 0x0000000706b00000, 0x0000000706c00000|  0%| F|  |TAMS 0x0000000706b00000, 0x0000000706b00000| Untracked 
|  94|0x0000000706c00000, 0x0000000706c00000, 0x0000000706d00000|  0%| F|  |TAMS 0x0000000706c00000, 0x0000000706c00000| Untracked 
|  95|0x0000000706d00000, 0x0000000706d00000, 0x0000000706e00000|  0%| F|  |TAMS 0x0000000706d00000, 0x0000000706d00000| Untracked 
|  96|0x0000000706e00000, 0x0000000706e00000, 0x0000000706f00000|  0%| F|  |TAMS 0x0000000706e00000, 0x0000000706e00000| Untracked 
|  97|0x0000000706f00000, 0x0000000706f00000, 0x0000000707000000|  0%| F|  |TAMS 0x0000000706f00000, 0x0000000706f00000| Untracked 
|  98|0x0000000707000000, 0x0000000707000000, 0x0000000707100000|  0%| F|  |TAMS 0x0000000707000000, 0x0000000707000000| Untracked 
|  99|0x0000000707100000, 0x0000000707100000, 0x0000000707200000|  0%| F|  |TAMS 0x0000000707100000, 0x0000000707100000| Untracked 
| 100|0x0000000707200000, 0x0000000707200000, 0x0000000707300000|  0%| F|  |TAMS 0x0000000707200000, 0x0000000707200000| Untracked 
| 101|0x0000000707300000, 0x0000000707300000, 0x0000000707400000|  0%| F|  |TAMS 0x0000000707300000, 0x0000000707300000| Untracked 
| 102|0x0000000707400000, 0x0000000707400000, 0x0000000707500000|  0%| F|  |TAMS 0x0000000707400000, 0x0000000707400000| Untracked 
| 103|0x0000000707500000, 0x0000000707500000, 0x0000000707600000|  0%| F|  |TAMS 0x0000000707500000, 0x0000000707500000| Untracked 
| 104|0x0000000707600000, 0x0000000707600000, 0x0000000707700000|  0%| F|  |TAMS 0x0000000707600000, 0x0000000707600000| Untracked 
| 105|0x0000000707700000, 0x0000000707700000, 0x0000000707800000|  0%| F|  |TAMS 0x0000000707700000, 0x0000000707700000| Untracked 
| 106|0x0000000707800000, 0x0000000707800000, 0x0000000707900000|  0%| F|  |TAMS 0x0000000707800000, 0x0000000707800000| Untracked 
| 107|0x0000000707900000, 0x0000000707900000, 0x0000000707a00000|  0%| F|  |TAMS 0x0000000707900000, 0x0000000707900000| Untracked 
| 108|0x0000000707a00000, 0x0000000707a00000, 0x0000000707b00000|  0%| F|  |TAMS 0x0000000707a00000, 0x0000000707a00000| Untracked 
| 109|0x0000000707b00000, 0x0000000707b00000, 0x0000000707c00000|  0%| F|  |TAMS 0x0000000707b00000, 0x0000000707b00000| Untracked 
| 110|0x0000000707c00000, 0x0000000707c00000, 0x0000000707d00000|  0%| F|  |TAMS 0x0000000707c00000, 0x0000000707c00000| Untracked 
| 111|0x0000000707d00000, 0x0000000707dc97c0, 0x0000000707e00000| 78%| S|CS|TAMS 0x0000000707d00000, 0x0000000707d00000| Complete 
| 112|0x0000000707e00000, 0x0000000707e00000, 0x0000000707f00000|  0%| F|  |TAMS 0x0000000707e00000, 0x0000000707e00000| Untracked 
| 113|0x0000000707f00000, 0x0000000707f00000, 0x0000000708000000|  0%| F|  |TAMS 0x0000000707f00000, 0x0000000707f00000| Untracked 
| 114|0x0000000708000000, 0x0000000708000000, 0x0000000708100000|  0%| F|  |TAMS 0x0000000708000000, 0x0000000708000000| Untracked 
| 115|0x0000000708100000, 0x0000000708100000, 0x0000000708200000|  0%| F|  |TAMS 0x0000000708100000, 0x0000000708100000| Untracked 
| 116|0x0000000708200000, 0x0000000708200000, 0x0000000708300000|  0%| F|  |TAMS 0x0000000708200000, 0x0000000708200000| Untracked 
| 117|0x0000000708300000, 0x0000000708300000, 0x0000000708400000|  0%| F|  |TAMS 0x0000000708300000, 0x0000000708300000| Untracked 
| 118|0x0000000708400000, 0x0000000708400000, 0x0000000708500000|  0%| F|  |TAMS 0x0000000708400000, 0x0000000708400000| Untracked 
| 119|0x0000000708500000, 0x0000000708500000, 0x0000000708600000|  0%| F|  |TAMS 0x0000000708500000, 0x0000000708500000| Untracked 
| 120|0x0000000708600000, 0x0000000708600000, 0x0000000708700000|  0%| F|  |TAMS 0x0000000708600000, 0x0000000708600000| Untracked 
| 121|0x0000000708700000, 0x0000000708700000, 0x0000000708800000|  0%| F|  |TAMS 0x0000000708700000, 0x0000000708700000| Untracked 
| 122|0x0000000708800000, 0x0000000708900000, 0x0000000708900000|100%| S|CS|TAMS 0x0000000708800000, 0x0000000708800000| Complete 
| 123|0x0000000708900000, 0x0000000708a00000, 0x0000000708a00000|100%| S|CS|TAMS 0x0000000708900000, 0x0000000708900000| Complete 
| 124|0x0000000708a00000, 0x0000000708b00000, 0x0000000708b00000|100%| S|CS|TAMS 0x0000000708a00000, 0x0000000708a00000| Complete 
| 125|0x0000000708b00000, 0x0000000708c00000, 0x0000000708c00000|100%| S|CS|TAMS 0x0000000708b00000, 0x0000000708b00000| Complete 
| 126|0x0000000708c00000, 0x0000000708d00000, 0x0000000708d00000|100%| S|CS|TAMS 0x0000000708c00000, 0x0000000708c00000| Complete 
| 127|0x0000000708d00000, 0x0000000708e00000, 0x0000000708e00000|100%| S|CS|TAMS 0x0000000708d00000, 0x0000000708d00000| Complete 
| 128|0x0000000708e00000, 0x0000000708f00000, 0x0000000708f00000|100%| S|CS|TAMS 0x0000000708e00000, 0x0000000708e00000| Complete 
| 129|0x0000000708f00000, 0x0000000709000000, 0x0000000709000000|100%| S|CS|TAMS 0x0000000708f00000, 0x0000000708f00000| Complete 
| 130|0x0000000709000000, 0x0000000709100000, 0x0000000709100000|100%| S|CS|TAMS 0x0000000709000000, 0x0000000709000000| Complete 
| 131|0x0000000709100000, 0x0000000709200000, 0x0000000709200000|100%| S|CS|TAMS 0x0000000709100000, 0x0000000709100000| Complete 
| 132|0x0000000709200000, 0x0000000709300000, 0x0000000709300000|100%| S|CS|TAMS 0x0000000709200000, 0x0000000709200000| Complete 
| 133|0x0000000709300000, 0x0000000709400000, 0x0000000709400000|100%| S|CS|TAMS 0x0000000709300000, 0x0000000709300000| Complete 
| 134|0x0000000709400000, 0x0000000709400000, 0x0000000709500000|  0%| F|  |TAMS 0x0000000709400000, 0x0000000709400000| Untracked 
| 135|0x0000000709500000, 0x0000000709500000, 0x0000000709600000|  0%| F|  |TAMS 0x0000000709500000, 0x0000000709500000| Untracked 
| 136|0x0000000709600000, 0x0000000709600000, 0x0000000709700000|  0%| F|  |TAMS 0x0000000709600000, 0x0000000709600000| Untracked 
| 137|0x0000000709700000, 0x0000000709700000, 0x0000000709800000|  0%| F|  |TAMS 0x0000000709700000, 0x0000000709700000| Untracked 
| 138|0x0000000709800000, 0x0000000709800000, 0x0000000709900000|  0%| F|  |TAMS 0x0000000709800000, 0x0000000709800000| Untracked 
| 139|0x0000000709900000, 0x0000000709900000, 0x0000000709a00000|  0%| F|  |TAMS 0x0000000709900000, 0x0000000709900000| Untracked 
| 140|0x0000000709a00000, 0x0000000709a00000, 0x0000000709b00000|  0%| F|  |TAMS 0x0000000709a00000, 0x0000000709a00000| Untracked 
| 141|0x0000000709b00000, 0x0000000709b00000, 0x0000000709c00000|  0%| F|  |TAMS 0x0000000709b00000, 0x0000000709b00000| Untracked 
| 142|0x0000000709c00000, 0x0000000709c00000, 0x0000000709d00000|  0%| F|  |TAMS 0x0000000709c00000, 0x0000000709c00000| Untracked 
| 143|0x0000000709d00000, 0x0000000709d00000, 0x0000000709e00000|  0%| F|  |TAMS 0x0000000709d00000, 0x0000000709d00000| Untracked 
| 144|0x0000000709e00000, 0x0000000709e00000, 0x0000000709f00000|  0%| F|  |TAMS 0x0000000709e00000, 0x0000000709e00000| Untracked 
| 145|0x0000000709f00000, 0x0000000709f00000, 0x000000070a000000|  0%| F|  |TAMS 0x0000000709f00000, 0x0000000709f00000| Untracked 
| 146|0x000000070a000000, 0x000000070a000000, 0x000000070a100000|  0%| F|  |TAMS 0x000000070a000000, 0x000000070a000000| Untracked 
| 147|0x000000070a100000, 0x000000070a100000, 0x000000070a200000|  0%| F|  |TAMS 0x000000070a100000, 0x000000070a100000| Untracked 
| 148|0x000000070a200000, 0x000000070a200000, 0x000000070a300000|  0%| F|  |TAMS 0x000000070a200000, 0x000000070a200000| Untracked 
| 149|0x000000070a300000, 0x000000070a300000, 0x000000070a400000|  0%| F|  |TAMS 0x000000070a300000, 0x000000070a300000| Untracked 
| 150|0x000000070a400000, 0x000000070a400000, 0x000000070a500000|  0%| F|  |TAMS 0x000000070a400000, 0x000000070a400000| Untracked 
| 151|0x000000070a500000, 0x000000070a500000, 0x000000070a600000|  0%| F|  |TAMS 0x000000070a500000, 0x000000070a500000| Untracked 
| 152|0x000000070a600000, 0x000000070a600000, 0x000000070a700000|  0%| F|  |TAMS 0x000000070a600000, 0x000000070a600000| Untracked 
| 153|0x000000070a700000, 0x000000070a700000, 0x000000070a800000|  0%| F|  |TAMS 0x000000070a700000, 0x000000070a700000| Untracked 
| 154|0x000000070a800000, 0x000000070a800000, 0x000000070a900000|  0%| F|  |TAMS 0x000000070a800000, 0x000000070a800000| Untracked 
| 155|0x000000070a900000, 0x000000070a900000, 0x000000070aa00000|  0%| F|  |TAMS 0x000000070a900000, 0x000000070a900000| Untracked 
| 156|0x000000070aa00000, 0x000000070aa00000, 0x000000070ab00000|  0%| F|  |TAMS 0x000000070aa00000, 0x000000070aa00000| Untracked 
| 157|0x000000070ab00000, 0x000000070ab00000, 0x000000070ac00000|  0%| F|  |TAMS 0x000000070ab00000, 0x000000070ab00000| Untracked 
| 158|0x000000070ac00000, 0x000000070ac00000, 0x000000070ad00000|  0%| F|  |TAMS 0x000000070ac00000, 0x000000070ac00000| Untracked 
| 159|0x000000070ad00000, 0x000000070ad00000, 0x000000070ae00000|  0%| F|  |TAMS 0x000000070ad00000, 0x000000070ad00000| Untracked 
| 160|0x000000070ae00000, 0x000000070ae00000, 0x000000070af00000|  0%| F|  |TAMS 0x000000070ae00000, 0x000000070ae00000| Untracked 
| 161|0x000000070af00000, 0x000000070af00000, 0x000000070b000000|  0%| F|  |TAMS 0x000000070af00000, 0x000000070af00000| Untracked 
| 162|0x000000070b000000, 0x000000070b000000, 0x000000070b100000|  0%| F|  |TAMS 0x000000070b000000, 0x000000070b000000| Untracked 
| 163|0x000000070b100000, 0x000000070b100000, 0x000000070b200000|  0%| F|  |TAMS 0x000000070b100000, 0x000000070b100000| Untracked 
| 164|0x000000070b200000, 0x000000070b200000, 0x000000070b300000|  0%| F|  |TAMS 0x000000070b200000, 0x000000070b200000| Untracked 
| 165|0x000000070b300000, 0x000000070b300000, 0x000000070b400000|  0%| F|  |TAMS 0x000000070b300000, 0x000000070b300000| Untracked 
| 166|0x000000070b400000, 0x000000070b400000, 0x000000070b500000|  0%| F|  |TAMS 0x000000070b400000, 0x000000070b400000| Untracked 
| 167|0x000000070b500000, 0x000000070b5304d0, 0x000000070b600000| 18%| E|  |TAMS 0x000000070b500000, 0x000000070b500000| Complete 
| 168|0x000000070b600000, 0x000000070b700000, 0x000000070b700000|100%| E|  |TAMS 0x000000070b600000, 0x000000070b600000| Complete 
| 169|0x000000070b700000, 0x000000070b800000, 0x000000070b800000|100%| E|CS|TAMS 0x000000070b700000, 0x000000070b700000| Complete 
| 170|0x000000070b800000, 0x000000070b900000, 0x000000070b900000|100%| E|CS|TAMS 0x000000070b800000, 0x000000070b800000| Complete 
| 171|0x000000070b900000, 0x000000070ba00000, 0x000000070ba00000|100%| E|CS|TAMS 0x000000070b900000, 0x000000070b900000| Complete 
| 172|0x000000070ba00000, 0x000000070bb00000, 0x000000070bb00000|100%| E|CS|TAMS 0x000000070ba00000, 0x000000070ba00000| Complete 
| 173|0x000000070bb00000, 0x000000070bc00000, 0x000000070bc00000|100%| E|CS|TAMS 0x000000070bb00000, 0x000000070bb00000| Complete 
| 174|0x000000070bc00000, 0x000000070bd00000, 0x000000070bd00000|100%| E|CS|TAMS 0x000000070bc00000, 0x000000070bc00000| Complete 
| 175|0x000000070bd00000, 0x000000070be00000, 0x000000070be00000|100%| E|CS|TAMS 0x000000070bd00000, 0x000000070bd00000| Complete 
| 176|0x000000070be00000, 0x000000070bf00000, 0x000000070bf00000|100%| E|CS|TAMS 0x000000070be00000, 0x000000070be00000| Complete 
| 177|0x000000070bf00000, 0x000000070c000000, 0x000000070c000000|100%| E|CS|TAMS 0x000000070bf00000, 0x000000070bf00000| Complete 
| 178|0x000000070c000000, 0x000000070c100000, 0x000000070c100000|100%| E|CS|TAMS 0x000000070c000000, 0x000000070c000000| Complete 
| 179|0x000000070c100000, 0x000000070c200000, 0x000000070c200000|100%| E|CS|TAMS 0x000000070c100000, 0x000000070c100000| Complete 
| 180|0x000000070c200000, 0x000000070c300000, 0x000000070c300000|100%| E|CS|TAMS 0x000000070c200000, 0x000000070c200000| Complete 
| 181|0x000000070c300000, 0x000000070c400000, 0x000000070c400000|100%| E|CS|TAMS 0x000000070c300000, 0x000000070c300000| Complete 
| 182|0x000000070c400000, 0x000000070c500000, 0x000000070c500000|100%| E|CS|TAMS 0x000000070c400000, 0x000000070c400000| Complete 
| 183|0x000000070c500000, 0x000000070c600000, 0x000000070c600000|100%| E|CS|TAMS 0x000000070c500000, 0x000000070c500000| Complete 
| 184|0x000000070c600000, 0x000000070c700000, 0x000000070c700000|100%| E|CS|TAMS 0x000000070c600000, 0x000000070c600000| Complete 
| 185|0x000000070c700000, 0x000000070c800000, 0x000000070c800000|100%| E|CS|TAMS 0x000000070c700000, 0x000000070c700000| Complete 
| 186|0x000000070c800000, 0x000000070c900000, 0x000000070c900000|100%| E|CS|TAMS 0x000000070c800000, 0x000000070c800000| Complete 
| 187|0x000000070c900000, 0x000000070ca00000, 0x000000070ca00000|100%| E|CS|TAMS 0x000000070c900000, 0x000000070c900000| Complete 
| 188|0x000000070ca00000, 0x000000070cb00000, 0x000000070cb00000|100%| E|CS|TAMS 0x000000070ca00000, 0x000000070ca00000| Complete 
| 189|0x000000070cb00000, 0x000000070cc00000, 0x000000070cc00000|100%| E|CS|TAMS 0x000000070cb00000, 0x000000070cb00000| Complete 
| 190|0x000000070cc00000, 0x000000070cd00000, 0x000000070cd00000|100%| E|CS|TAMS 0x000000070cc00000, 0x000000070cc00000| Complete 
| 191|0x000000070cd00000, 0x000000070ce00000, 0x000000070ce00000|100%| E|CS|TAMS 0x000000070cd00000, 0x000000070cd00000| Complete 
| 192|0x000000070ce00000, 0x000000070cf00000, 0x000000070cf00000|100%| E|CS|TAMS 0x000000070ce00000, 0x000000070ce00000| Complete 
| 193|0x000000070cf00000, 0x000000070d000000, 0x000000070d000000|100%| E|CS|TAMS 0x000000070cf00000, 0x000000070cf00000| Complete 
| 194|0x000000070d000000, 0x000000070d100000, 0x000000070d100000|100%| E|CS|TAMS 0x000000070d000000, 0x000000070d000000| Complete 
| 195|0x000000070d100000, 0x000000070d200000, 0x000000070d200000|100%| E|CS|TAMS 0x000000070d100000, 0x000000070d100000| Complete 
| 196|0x000000070d200000, 0x000000070d300000, 0x000000070d300000|100%| E|CS|TAMS 0x000000070d200000, 0x000000070d200000| Complete 
| 197|0x000000070d300000, 0x000000070d400000, 0x000000070d400000|100%| E|CS|TAMS 0x000000070d300000, 0x000000070d300000| Complete 
| 198|0x000000070d400000, 0x000000070d500000, 0x000000070d500000|100%| E|CS|TAMS 0x000000070d400000, 0x000000070d400000| Complete 
| 199|0x000000070d500000, 0x000000070d600000, 0x000000070d600000|100%| E|CS|TAMS 0x000000070d500000, 0x000000070d500000| Complete 
| 200|0x000000070d600000, 0x000000070d700000, 0x000000070d700000|100%| E|CS|TAMS 0x000000070d600000, 0x000000070d600000| Complete 
| 201|0x000000070d700000, 0x000000070d800000, 0x000000070d800000|100%| E|CS|TAMS 0x000000070d700000, 0x000000070d700000| Complete 
| 202|0x000000070d800000, 0x000000070d900000, 0x000000070d900000|100%| E|CS|TAMS 0x000000070d800000, 0x000000070d800000| Complete 
| 203|0x000000070d900000, 0x000000070da00000, 0x000000070da00000|100%| E|CS|TAMS 0x000000070d900000, 0x000000070d900000| Complete 
| 204|0x000000070da00000, 0x000000070db00000, 0x000000070db00000|100%| E|CS|TAMS 0x000000070da00000, 0x000000070da00000| Complete 
| 205|0x000000070db00000, 0x000000070dc00000, 0x000000070dc00000|100%| E|CS|TAMS 0x000000070db00000, 0x000000070db00000| Complete 
| 206|0x000000070dc00000, 0x000000070dd00000, 0x000000070dd00000|100%| E|CS|TAMS 0x000000070dc00000, 0x000000070dc00000| Complete 
| 207|0x000000070dd00000, 0x000000070de00000, 0x000000070de00000|100%| E|CS|TAMS 0x000000070dd00000, 0x000000070dd00000| Complete 
| 208|0x000000070de00000, 0x000000070df00000, 0x000000070df00000|100%| E|CS|TAMS 0x000000070de00000, 0x000000070de00000| Complete 
| 209|0x000000070df00000, 0x000000070e000000, 0x000000070e000000|100%| E|CS|TAMS 0x000000070df00000, 0x000000070df00000| Complete 
| 210|0x000000070e000000, 0x000000070e100000, 0x000000070e100000|100%| E|CS|TAMS 0x000000070e000000, 0x000000070e000000| Complete 
| 211|0x000000070e100000, 0x000000070e200000, 0x000000070e200000|100%| E|CS|TAMS 0x000000070e100000, 0x000000070e100000| Complete 
| 212|0x000000070e200000, 0x000000070e300000, 0x000000070e300000|100%| E|CS|TAMS 0x000000070e200000, 0x000000070e200000| Complete 
| 213|0x000000070e300000, 0x000000070e400000, 0x000000070e400000|100%| E|CS|TAMS 0x000000070e300000, 0x000000070e300000| Complete 
| 214|0x000000070e400000, 0x000000070e500000, 0x000000070e500000|100%| E|CS|TAMS 0x000000070e400000, 0x000000070e400000| Complete 
| 215|0x000000070e500000, 0x000000070e600000, 0x000000070e600000|100%| E|CS|TAMS 0x000000070e500000, 0x000000070e500000| Complete 
| 216|0x000000070e600000, 0x000000070e700000, 0x000000070e700000|100%| E|CS|TAMS 0x000000070e600000, 0x000000070e600000| Complete 
| 217|0x000000070e700000, 0x000000070e800000, 0x000000070e800000|100%| E|CS|TAMS 0x000000070e700000, 0x000000070e700000| Complete 
| 218|0x000000070e800000, 0x000000070e900000, 0x000000070e900000|100%| E|CS|TAMS 0x000000070e800000, 0x000000070e800000| Complete 
| 219|0x000000070e900000, 0x000000070ea00000, 0x000000070ea00000|100%| E|CS|TAMS 0x000000070e900000, 0x000000070e900000| Complete 
| 220|0x000000070ea00000, 0x000000070eb00000, 0x000000070eb00000|100%| E|CS|TAMS 0x000000070ea00000, 0x000000070ea00000| Complete 
| 221|0x000000070eb00000, 0x000000070ec00000, 0x000000070ec00000|100%| E|CS|TAMS 0x000000070eb00000, 0x000000070eb00000| Complete 
| 222|0x000000070ec00000, 0x000000070ed00000, 0x000000070ed00000|100%| E|CS|TAMS 0x000000070ec00000, 0x000000070ec00000| Complete 
| 223|0x000000070ed00000, 0x000000070ee00000, 0x000000070ee00000|100%| E|CS|TAMS 0x000000070ed00000, 0x000000070ed00000| Complete 
| 224|0x000000070ee00000, 0x000000070ef00000, 0x000000070ef00000|100%| E|CS|TAMS 0x000000070ee00000, 0x000000070ee00000| Complete 
| 225|0x000000070ef00000, 0x000000070f000000, 0x000000070f000000|100%| E|CS|TAMS 0x000000070ef00000, 0x000000070ef00000| Complete 
| 226|0x000000070f000000, 0x000000070f100000, 0x000000070f100000|100%| E|CS|TAMS 0x000000070f000000, 0x000000070f000000| Complete 
| 227|0x000000070f100000, 0x000000070f200000, 0x000000070f200000|100%| E|CS|TAMS 0x000000070f100000, 0x000000070f100000| Complete 
| 228|0x000000070f200000, 0x000000070f300000, 0x000000070f300000|100%| E|CS|TAMS 0x000000070f200000, 0x000000070f200000| Complete 
| 229|0x000000070f300000, 0x000000070f400000, 0x000000070f400000|100%| E|CS|TAMS 0x000000070f300000, 0x000000070f300000| Complete 
| 230|0x000000070f400000, 0x000000070f500000, 0x000000070f500000|100%| E|CS|TAMS 0x000000070f400000, 0x000000070f400000| Complete 
| 231|0x000000070f500000, 0x000000070f600000, 0x000000070f600000|100%| E|CS|TAMS 0x000000070f500000, 0x000000070f500000| Complete 
| 232|0x000000070f600000, 0x000000070f700000, 0x000000070f700000|100%| E|CS|TAMS 0x000000070f600000, 0x000000070f600000| Complete 
| 233|0x000000070f700000, 0x000000070f800000, 0x000000070f800000|100%| E|CS|TAMS 0x000000070f700000, 0x000000070f700000| Complete 
| 234|0x000000070f800000, 0x000000070f900000, 0x000000070f900000|100%| E|CS|TAMS 0x000000070f800000, 0x000000070f800000| Complete 
| 235|0x000000070f900000, 0x000000070fa00000, 0x000000070fa00000|100%| E|CS|TAMS 0x000000070f900000, 0x000000070f900000| Complete 
| 236|0x000000070fa00000, 0x000000070fb00000, 0x000000070fb00000|100%| E|CS|TAMS 0x000000070fa00000, 0x000000070fa00000| Complete 
| 237|0x000000070fb00000, 0x000000070fc00000, 0x000000070fc00000|100%| E|CS|TAMS 0x000000070fb00000, 0x000000070fb00000| Complete 
| 238|0x000000070fc00000, 0x000000070fd00000, 0x000000070fd00000|100%| E|CS|TAMS 0x000000070fc00000, 0x000000070fc00000| Complete 
| 239|0x000000070fd00000, 0x000000070fe00000, 0x000000070fe00000|100%| E|CS|TAMS 0x000000070fd00000, 0x000000070fd00000| Complete 
| 240|0x000000070fe00000, 0x000000070ff00000, 0x000000070ff00000|100%| E|CS|TAMS 0x000000070fe00000, 0x000000070fe00000| Complete 
| 241|0x000000070ff00000, 0x0000000710000000, 0x0000000710000000|100%| E|CS|TAMS 0x000000070ff00000, 0x000000070ff00000| Complete 
| 242|0x0000000710000000, 0x0000000710100000, 0x0000000710100000|100%| E|CS|TAMS 0x0000000710000000, 0x0000000710000000| Complete 
| 243|0x0000000710100000, 0x0000000710200000, 0x0000000710200000|100%| E|CS|TAMS 0x0000000710100000, 0x0000000710100000| Complete 
| 244|0x0000000710200000, 0x0000000710300000, 0x0000000710300000|100%| E|CS|TAMS 0x0000000710200000, 0x0000000710200000| Complete 
| 245|0x0000000710300000, 0x0000000710400000, 0x0000000710400000|100%| E|CS|TAMS 0x0000000710300000, 0x0000000710300000| Complete 
| 246|0x0000000710400000, 0x0000000710500000, 0x0000000710500000|100%| E|CS|TAMS 0x0000000710400000, 0x0000000710400000| Complete 
| 247|0x0000000710500000, 0x0000000710600000, 0x0000000710600000|100%| E|CS|TAMS 0x0000000710500000, 0x0000000710500000| Complete 
| 248|0x0000000710600000, 0x0000000710700000, 0x0000000710700000|100%| E|CS|TAMS 0x0000000710600000, 0x0000000710600000| Complete 
| 249|0x0000000710700000, 0x0000000710800000, 0x0000000710800000|100%| E|CS|TAMS 0x0000000710700000, 0x0000000710700000| Complete 
| 250|0x0000000710800000, 0x0000000710900000, 0x0000000710900000|100%| E|CS|TAMS 0x0000000710800000, 0x0000000710800000| Complete 
| 251|0x0000000710900000, 0x0000000710a00000, 0x0000000710a00000|100%| E|CS|TAMS 0x0000000710900000, 0x0000000710900000| Complete 
| 252|0x0000000710a00000, 0x0000000710b00000, 0x0000000710b00000|100%| E|CS|TAMS 0x0000000710a00000, 0x0000000710a00000| Complete 
| 253|0x0000000710b00000, 0x0000000710c00000, 0x0000000710c00000|100%| E|CS|TAMS 0x0000000710b00000, 0x0000000710b00000| Complete 
| 254|0x0000000710c00000, 0x0000000710d00000, 0x0000000710d00000|100%| E|CS|TAMS 0x0000000710c00000, 0x0000000710c00000| Complete 
| 255|0x0000000710d00000, 0x0000000710e00000, 0x0000000710e00000|100%| E|CS|TAMS 0x0000000710d00000, 0x0000000710d00000| Complete 
| 256|0x0000000710e00000, 0x0000000710f00000, 0x0000000710f00000|100%| E|CS|TAMS 0x0000000710e00000, 0x0000000710e00000| Complete 
| 257|0x0000000710f00000, 0x0000000711000000, 0x0000000711000000|100%| E|CS|TAMS 0x0000000710f00000, 0x0000000710f00000| Complete 
| 258|0x0000000711000000, 0x0000000711100000, 0x0000000711100000|100%| E|CS|TAMS 0x0000000711000000, 0x0000000711000000| Complete 
| 259|0x0000000711100000, 0x0000000711200000, 0x0000000711200000|100%| E|CS|TAMS 0x0000000711100000, 0x0000000711100000| Complete 
| 260|0x0000000711200000, 0x0000000711300000, 0x0000000711300000|100%| E|CS|TAMS 0x0000000711200000, 0x0000000711200000| Complete 
| 261|0x0000000711300000, 0x0000000711400000, 0x0000000711400000|100%| E|CS|TAMS 0x0000000711300000, 0x0000000711300000| Complete 
| 262|0x0000000711400000, 0x0000000711500000, 0x0000000711500000|100%| E|CS|TAMS 0x0000000711400000, 0x0000000711400000| Complete 
| 263|0x0000000711500000, 0x0000000711600000, 0x0000000711600000|100%| E|CS|TAMS 0x0000000711500000, 0x0000000711500000| Complete 
| 264|0x0000000711600000, 0x0000000711700000, 0x0000000711700000|100%| E|CS|TAMS 0x0000000711600000, 0x0000000711600000| Complete 
| 265|0x0000000711700000, 0x0000000711800000, 0x0000000711800000|100%| E|CS|TAMS 0x0000000711700000, 0x0000000711700000| Complete 
| 266|0x0000000711800000, 0x0000000711900000, 0x0000000711900000|100%| E|CS|TAMS 0x0000000711800000, 0x0000000711800000| Complete 
| 267|0x0000000711900000, 0x0000000711a00000, 0x0000000711a00000|100%| E|CS|TAMS 0x0000000711900000, 0x0000000711900000| Complete 
| 268|0x0000000711a00000, 0x0000000711b00000, 0x0000000711b00000|100%| E|CS|TAMS 0x0000000711a00000, 0x0000000711a00000| Complete 
| 269|0x0000000711b00000, 0x0000000711c00000, 0x0000000711c00000|100%| E|CS|TAMS 0x0000000711b00000, 0x0000000711b00000| Complete 
| 270|0x0000000711c00000, 0x0000000711d00000, 0x0000000711d00000|100%| E|CS|TAMS 0x0000000711c00000, 0x0000000711c00000| Complete 
| 271|0x0000000711d00000, 0x0000000711e00000, 0x0000000711e00000|100%| E|CS|TAMS 0x0000000711d00000, 0x0000000711d00000| Complete 
| 272|0x0000000711e00000, 0x0000000711f00000, 0x0000000711f00000|100%| E|CS|TAMS 0x0000000711e00000, 0x0000000711e00000| Complete 
| 273|0x0000000711f00000, 0x0000000712000000, 0x0000000712000000|100%| E|CS|TAMS 0x0000000711f00000, 0x0000000711f00000| Complete 
| 274|0x0000000712000000, 0x0000000712100000, 0x0000000712100000|100%| E|CS|TAMS 0x0000000712000000, 0x0000000712000000| Complete 
| 275|0x0000000712100000, 0x0000000712200000, 0x0000000712200000|100%| E|CS|TAMS 0x0000000712100000, 0x0000000712100000| Complete 
| 276|0x0000000712200000, 0x0000000712300000, 0x0000000712300000|100%| E|CS|TAMS 0x0000000712200000, 0x0000000712200000| Complete 
| 277|0x0000000712300000, 0x0000000712400000, 0x0000000712400000|100%| E|CS|TAMS 0x0000000712300000, 0x0000000712300000| Complete 
| 278|0x0000000712400000, 0x0000000712500000, 0x0000000712500000|100%| E|CS|TAMS 0x0000000712400000, 0x0000000712400000| Complete 
| 279|0x0000000712500000, 0x0000000712600000, 0x0000000712600000|100%| E|CS|TAMS 0x0000000712500000, 0x0000000712500000| Complete 
| 280|0x0000000712600000, 0x0000000712700000, 0x0000000712700000|100%| E|CS|TAMS 0x0000000712600000, 0x0000000712600000| Complete 
| 281|0x0000000712700000, 0x0000000712800000, 0x0000000712800000|100%| E|CS|TAMS 0x0000000712700000, 0x0000000712700000| Complete 
| 282|0x0000000712800000, 0x0000000712900000, 0x0000000712900000|100%| E|CS|TAMS 0x0000000712800000, 0x0000000712800000| Complete 
| 283|0x0000000712900000, 0x0000000712a00000, 0x0000000712a00000|100%| E|CS|TAMS 0x0000000712900000, 0x0000000712900000| Complete 
| 284|0x0000000712a00000, 0x0000000712b00000, 0x0000000712b00000|100%| E|CS|TAMS 0x0000000712a00000, 0x0000000712a00000| Complete 
| 285|0x0000000712b00000, 0x0000000712c00000, 0x0000000712c00000|100%| E|CS|TAMS 0x0000000712b00000, 0x0000000712b00000| Complete 
| 286|0x0000000712c00000, 0x0000000712d00000, 0x0000000712d00000|100%| E|CS|TAMS 0x0000000712c00000, 0x0000000712c00000| Complete 
| 287|0x0000000712d00000, 0x0000000712e00000, 0x0000000712e00000|100%| E|CS|TAMS 0x0000000712d00000, 0x0000000712d00000| Complete 
| 288|0x0000000712e00000, 0x0000000712f00000, 0x0000000712f00000|100%| E|CS|TAMS 0x0000000712e00000, 0x0000000712e00000| Complete 
| 289|0x0000000712f00000, 0x0000000713000000, 0x0000000713000000|100%| E|CS|TAMS 0x0000000712f00000, 0x0000000712f00000| Complete 
| 290|0x0000000713000000, 0x0000000713100000, 0x0000000713100000|100%| E|CS|TAMS 0x0000000713000000, 0x0000000713000000| Complete 
| 291|0x0000000713100000, 0x0000000713200000, 0x0000000713200000|100%| E|CS|TAMS 0x0000000713100000, 0x0000000713100000| Complete 
| 292|0x0000000713200000, 0x0000000713300000, 0x0000000713300000|100%| E|CS|TAMS 0x0000000713200000, 0x0000000713200000| Complete 
| 293|0x0000000713300000, 0x0000000713400000, 0x0000000713400000|100%| E|CS|TAMS 0x0000000713300000, 0x0000000713300000| Complete 
| 294|0x0000000713400000, 0x0000000713500000, 0x0000000713500000|100%| E|CS|TAMS 0x0000000713400000, 0x0000000713400000| Complete 
| 295|0x0000000713500000, 0x0000000713600000, 0x0000000713600000|100%| E|CS|TAMS 0x0000000713500000, 0x0000000713500000| Complete 
| 296|0x0000000713600000, 0x0000000713700000, 0x0000000713700000|100%| E|CS|TAMS 0x0000000713600000, 0x0000000713600000| Complete 
| 297|0x0000000713700000, 0x0000000713800000, 0x0000000713800000|100%| E|CS|TAMS 0x0000000713700000, 0x0000000713700000| Complete 
| 298|0x0000000713800000, 0x0000000713900000, 0x0000000713900000|100%| E|CS|TAMS 0x0000000713800000, 0x0000000713800000| Complete 
| 299|0x0000000713900000, 0x0000000713a00000, 0x0000000713a00000|100%| E|CS|TAMS 0x0000000713900000, 0x0000000713900000| Complete 
| 300|0x0000000713a00000, 0x0000000713b00000, 0x0000000713b00000|100%| E|CS|TAMS 0x0000000713a00000, 0x0000000713a00000| Complete 
| 301|0x0000000713b00000, 0x0000000713c00000, 0x0000000713c00000|100%| E|CS|TAMS 0x0000000713b00000, 0x0000000713b00000| Complete 
| 302|0x0000000713c00000, 0x0000000713d00000, 0x0000000713d00000|100%| E|CS|TAMS 0x0000000713c00000, 0x0000000713c00000| Complete 
| 303|0x0000000713d00000, 0x0000000713e00000, 0x0000000713e00000|100%| E|CS|TAMS 0x0000000713d00000, 0x0000000713d00000| Complete 
| 304|0x0000000713e00000, 0x0000000713f00000, 0x0000000713f00000|100%| E|CS|TAMS 0x0000000713e00000, 0x0000000713e00000| Complete 
| 305|0x0000000713f00000, 0x0000000714000000, 0x0000000714000000|100%| E|CS|TAMS 0x0000000713f00000, 0x0000000713f00000| Complete 
| 306|0x0000000714000000, 0x0000000714100000, 0x0000000714100000|100%| E|CS|TAMS 0x0000000714000000, 0x0000000714000000| Complete 
| 307|0x0000000714100000, 0x0000000714200000, 0x0000000714200000|100%| E|CS|TAMS 0x0000000714100000, 0x0000000714100000| Complete 

Card table byte_map: [0x000002813cd90000,0x000002813d590000] _byte_map_base: 0x0000028139589000

Marking Bits (Prev, Next): (CMBitMap*) 0x0000028124d33268, (CMBitMap*) 0x0000028124d332a8
 Prev Bits: [0x000002813dd90000, 0x0000028141d58000)
 Next Bits: [0x0000028141d60000, 0x0000028145d28000)

Polling page: 0x0000028122e80000

Metaspace:

Usage:
  Non-class:      9.56 MB capacity,     9.29 MB ( 97%) used,   232.59 KB (  2%) free+waste,    37.94 KB ( <1%) overhead. 
      Class:      1.33 MB capacity,     1.14 MB ( 85%) used,   178.58 KB ( 13%) free+waste,    22.19 KB (  2%) overhead. 
       Both:     10.89 MB capacity,    10.43 MB ( 96%) used,   411.16 KB (  4%) free+waste,    60.13 KB ( <1%) overhead. 

Virtual space:
  Non-class space:       10.00 MB reserved,       9.75 MB ( 98%) committed 
      Class space:        1.00 GB reserved,       1.38 MB ( <1%) committed 
             Both:        1.01 GB reserved,      11.13 MB (  1%) committed 

Chunk freelists:
   Non-Class:  5.00 KB
       Class:  12.00 KB
        Both:  17.00 KB

MaxMetaspaceSize: 17179869184.00 GB
CompressedClassSpaceSize: 1.00 GB

CodeHeap 'non-profiled nmethods': size=120000Kb used=1273Kb max_used=1273Kb free=118726Kb
 bounds [0x0000028134f50000, 0x00000281351c0000, 0x000002813c480000]
CodeHeap 'profiled nmethods': size=120000Kb used=4415Kb max_used=4415Kb free=115584Kb
 bounds [0x000002812da20000, 0x000002812de70000, 0x0000028134f50000]
CodeHeap 'non-nmethods': size=5760Kb used=1311Kb max_used=1354Kb free=4448Kb
 bounds [0x000002812d480000, 0x000002812d6f0000, 0x000002812da20000]
 total_blobs=2938 nmethods=2333 adapters=517
 compilation: enabled
              stopped_count=0, restarted_count=0
 full_count=0

Compilation events (20 events):
Event: 9.315 Thread 0x0000028148f2a800 2334       3       rlbotexample.app.physics.PhysicsOfBossBattle$$Lambda$228/0x0000000800c79c40::<init> (10 bytes)
Event: 9.315 Thread 0x0000028148f2a800 nmethod 2334 0x000002812de6c290 code [0x000002812de6c420, 0x000002812de6c5f8]
Event: 9.363 Thread 0x0000028148f2a800 2336       3       rlbotexample.app.physics.PhysicsOfBossBattle$$Lambda$229/0x0000000800c7a040::get$Lambda (9 bytes)
Event: 9.363 Thread 0x0000028148f2a800 nmethod 2336 0x000002812de6c690 code [0x000002812de6c840, 0x000002812de6ca98]
Event: 9.363 Thread 0x0000028148f2a800 2337       3       rlbotexample.app.physics.PhysicsOfBossBattle$$Lambda$229/0x0000000800c7a040::<init> (10 bytes)
Event: 9.364 Thread 0x0000028148f2a800 nmethod 2337 0x000002812de6cb90 code [0x000002812de6cd20, 0x000002812de6cef8]
Event: 9.364 Thread 0x0000028148f2a800 2338       3       rlbotexample.app.physics.PhysicsOfBossBattle$$Lambda$230/0x0000000800c7a840::get$Lambda (12 bytes)
Event: 9.364 Thread 0x0000028148f2a800 nmethod 2338 0x000002812de6cf90 code [0x000002812de6d140, 0x000002812de6d4d8]
Event: 9.364 Thread 0x0000028148f2a800 2339       3       rlbotexample.app.physics.PhysicsOfBossBattle$$Lambda$230/0x0000000800c7a840::<init> (26 bytes)
Event: 9.364 Thread 0x0000028148f2a800 nmethod 2339 0x000002812de6d610 code [0x000002812de6d7c0, 0x000002812de6dad8]
Event: 9.364 Thread 0x0000028148f2a800 2340       3       rlbotexample.app.physics.PhysicsOfBossBattle$$Lambda$231/0x0000000800c7ac40::get$Lambda (10 bytes)
Event: 9.364 Thread 0x0000028148f2a800 nmethod 2340 0x000002812de6db90 code [0x000002812de6dd40, 0x000002812de6e018]
Event: 9.364 Thread 0x0000028148f2a800 2341       3       rlbotexample.app.physics.PhysicsOfBossBattle$$Lambda$231/0x0000000800c7ac40::<init> (15 bytes)
Event: 9.364 Thread 0x0000028148f2a800 nmethod 2341 0x000002812de6e110 code [0x000002812de6e2c0, 0x000002812de6e4f8]
Event: 9.364 Thread 0x0000028148f2a800 2342       3       rlbot.gamestate.GameState$$Lambda$232/0x0000000800c7b040::applyAsInt (8 bytes)
Event: 9.364 Thread 0x0000028148f2a800 nmethod 2342 0x000002812de6e590 code [0x000002812de6e740, 0x000002812de6e9d8]
Event: 9.364 Thread 0x0000028148f2a800 2343       3       rlbot.gamestate.GameState::lambda$buildPacket$0 (7 bytes)
Event: 9.364 Thread 0x0000028148f2a800 nmethod 2343 0x000002812de6eb10 code [0x000002812de6eca0, 0x000002812de6ed98]
Event: 9.364 Thread 0x0000028148f2a800 2344       3       java.util.stream.ReduceOps$6ReducingSink::accept (39 bytes)
Event: 9.364 Thread 0x0000028148f2a800 nmethod 2344 0x000002812de6ee90 code [0x000002812de6f040, 0x000002812de6f2a8]

GC Heap History (20 events):
Event: 4.607 GC heap before
{Heap before GC invocations=9 (full 0):
 garbage-first heap   total 262144K, used 166506K [0x0000000700e00000, 0x0000000800000000)
  region size 1024K, 153 young (156672K), 12 survivors (12288K)
 Metaspace       used 10224K, capacity 10653K, committed 10880K, reserved 1058816K
  class space    used 1116K, capacity 1286K, committed 1408K, reserved 1048576K
}
Event: 4.612 GC heap after
{Heap after GC invocations=10 (full 0):
 garbage-first heap   total 262144K, used 24293K [0x0000000700e00000, 0x0000000800000000)
  region size 1024K, 12 young (12288K), 12 survivors (12288K)
 Metaspace       used 10224K, capacity 10653K, committed 10880K, reserved 1058816K
  class space    used 1116K, capacity 1286K, committed 1408K, reserved 1048576K
}
Event: 5.017 GC heap before
{Heap before GC invocations=10 (full 0):
 garbage-first heap   total 262144K, used 168677K [0x0000000700e00000, 0x0000000800000000)
  region size 1024K, 153 young (156672K), 12 survivors (12288K)
 Metaspace       used 10249K, capacity 10654K, committed 10880K, reserved 1058816K
  class space    used 1116K, capacity 1286K, committed 1408K, reserved 1048576K
}
Event: 5.022 GC heap after
{Heap after GC invocations=11 (full 0):
 garbage-first heap   total 262144K, used 27072K [0x0000000700e00000, 0x0000000800000000)
  region size 1024K, 12 young (12288K), 12 survivors (12288K)
 Metaspace       used 10249K, capacity 10654K, committed 10880K, reserved 1058816K
  class space    used 1116K, capacity 1286K, committed 1408K, reserved 1048576K
}
Event: 5.439 GC heap before
{Heap before GC invocations=11 (full 0):
 garbage-first heap   total 262144K, used 172480K [0x0000000700e00000, 0x0000000800000000)
  region size 1024K, 153 young (156672K), 12 survivors (12288K)
 Metaspace       used 10252K, capacity 10654K, committed 10880K, reserved 1058816K
  class space    used 1116K, capacity 1286K, committed 1408K, reserved 1048576K
}
Event: 5.444 GC heap after
{Heap after GC invocations=12 (full 0):
 garbage-first heap   total 315392K, used 29518K [0x0000000700e00000, 0x0000000800000000)
  region size 1024K, 11 young (11264K), 11 survivors (11264K)
 Metaspace       used 10252K, capacity 10654K, committed 10880K, reserved 1058816K
  class space    used 1116K, capacity 1286K, committed 1408K, reserved 1048576K
}
Event: 5.928 GC heap before
{Heap before GC invocations=12 (full 0):
 garbage-first heap   total 315392K, used 205646K [0x0000000700e00000, 0x0000000800000000)
  region size 1024K, 184 young (188416K), 11 survivors (11264K)
 Metaspace       used 10253K, capacity 10654K, committed 10880K, reserved 1058816K
  class space    used 1116K, capacity 1286K, committed 1408K, reserved 1048576K
}
Event: 5.932 GC heap after
{Heap after GC invocations=13 (full 0):
 garbage-first heap   total 315392K, used 32579K [0x0000000700e00000, 0x0000000800000000)
  region size 1024K, 14 young (14336K), 14 survivors (14336K)
 Metaspace       used 10253K, capacity 10654K, committed 10880K, reserved 1058816K
  class space    used 1116K, capacity 1286K, committed 1408K, reserved 1048576K
}
Event: 6.430 GC heap before
{Heap before GC invocations=13 (full 0):
 garbage-first heap   total 315392K, used 205635K [0x0000000700e00000, 0x0000000800000000)
  region size 1024K, 184 young (188416K), 14 survivors (14336K)
 Metaspace       used 10261K, capacity 10654K, committed 10880K, reserved 1058816K
  class space    used 1116K, capacity 1286K, committed 1408K, reserved 1048576K
}
Event: 6.434 GC heap after
{Heap after GC invocations=14 (full 0):
 garbage-first heap   total 315392K, used 34586K [0x0000000700e00000, 0x0000000800000000)
  region size 1024K, 14 young (14336K), 14 survivors (14336K)
 Metaspace       used 10261K, capacity 10654K, committed 10880K, reserved 1058816K
  class space    used 1116K, capacity 1286K, committed 1408K, reserved 1048576K
}
Event: 6.958 GC heap before
{Heap before GC invocations=14 (full 0):
 garbage-first heap   total 315392K, used 209690K [0x0000000700e00000, 0x0000000800000000)
  region size 1024K, 184 young (188416K), 14 survivors (14336K)
 Metaspace       used 10275K, capacity 10654K, committed 10880K, reserved 1058816K
  class space    used 1116K, capacity 1286K, committed 1408K, reserved 1048576K
}
Event: 6.962 GC heap after
{Heap after GC invocations=15 (full 0):
 garbage-first heap   total 315392K, used 37542K [0x0000000700e00000, 0x0000000800000000)
  region size 1024K, 13 young (13312K), 13 survivors (13312K)
 Metaspace       used 10275K, capacity 10654K, committed 10880K, reserved 1058816K
  class space    used 1116K, capacity 1286K, committed 1408K, reserved 1048576K
}
Event: 7.459 GC heap before
{Heap before GC invocations=15 (full 0):
 garbage-first heap   total 315392K, used 211622K [0x0000000700e00000, 0x0000000800000000)
  region size 1024K, 184 young (188416K), 13 survivors (13312K)
 Metaspace       used 10296K, capacity 10718K, committed 10880K, reserved 1058816K
  class space    used 1116K, capacity 1286K, committed 1408K, reserved 1048576K
}
Event: 7.463 GC heap after
{Heap after GC invocations=16 (full 0):
 garbage-first heap   total 315392K, used 40130K [0x0000000700e00000, 0x0000000800000000)
  region size 1024K, 14 young (14336K), 14 survivors (14336K)
 Metaspace       used 10296K, capacity 10718K, committed 10880K, reserved 1058816K
  class space    used 1116K, capacity 1286K, committed 1408K, reserved 1048576K
}
Event: 7.978 GC heap before
{Heap before GC invocations=16 (full 0):
 garbage-first heap   total 315392K, used 213186K [0x0000000700e00000, 0x0000000800000000)
  region size 1024K, 184 young (188416K), 14 survivors (14336K)
 Metaspace       used 10296K, capacity 10718K, committed 10880K, reserved 1058816K
  class space    used 1116K, capacity 1286K, committed 1408K, reserved 1048576K
}
Event: 7.983 GC heap after
{Heap after GC invocations=17 (full 0):
 garbage-first heap   total 315392K, used 42765K [0x0000000700e00000, 0x0000000800000000)
  region size 1024K, 15 young (15360K), 15 survivors (15360K)
 Metaspace       used 10296K, capacity 10718K, committed 10880K, reserved 1058816K
  class space    used 1116K, capacity 1286K, committed 1408K, reserved 1048576K
}
Event: 8.499 GC heap before
{Heap before GC invocations=17 (full 0):
 garbage-first heap   total 315392K, used 216845K [0x0000000700e00000, 0x0000000800000000)
  region size 1024K, 184 young (188416K), 15 survivors (15360K)
 Metaspace       used 10299K, capacity 10718K, committed 10880K, reserved 1058816K
  class space    used 1116K, capacity 1286K, committed 1408K, reserved 1048576K
}
Event: 8.504 GC heap after
{Heap after GC invocations=18 (full 0):
 garbage-first heap   total 315392K, used 46077K [0x0000000700e00000, 0x0000000800000000)
  region size 1024K, 13 young (13312K), 13 survivors (13312K)
 Metaspace       used 10299K, capacity 10718K, committed 10880K, reserved 1058816K
  class space    used 1116K, capacity 1286K, committed 1408K, reserved 1048576K
}
Event: 9.005 GC heap before
{Heap before GC invocations=18 (full 0):
 garbage-first heap   total 315392K, used 224253K [0x0000000700e00000, 0x0000000800000000)
  region size 1024K, 184 young (188416K), 13 survivors (13312K)
 Metaspace       used 10302K, capacity 10718K, committed 10880K, reserved 1058816K
  class space    used 1116K, capacity 1286K, committed 1408K, reserved 1048576K
}
Event: 9.011 GC heap after
{Heap after GC invocations=19 (full 0):
 garbage-first heap   total 315392K, used 52098K [0x0000000700e00000, 0x0000000800000000)
  region size 1024K, 13 young (13312K), 13 survivors (13312K)
 Metaspace       used 10302K, capacity 10718K, committed 10880K, reserved 1058816K
  class space    used 1116K, capacity 1286K, committed 1408K, reserved 1048576K
}

Deoptimization events (20 events):
Event: 9.243 Thread 0x000002814ead0000 DEOPT PACKING pc=0x000002812dddd8e0 sp=0x000000ce168fed30
Event: 9.243 Thread 0x000002814ead0000 DEOPT UNPACKING pc=0x000002812d4c964e sp=0x000000ce168fe1d0 mode 0
Event: 9.264 Thread 0x000002814ead0000 DEOPT PACKING pc=0x000002812dddd8e0 sp=0x000000ce168fed30
Event: 9.264 Thread 0x000002814ead0000 DEOPT UNPACKING pc=0x000002812d4c964e sp=0x000000ce168fe1d0 mode 0
Event: 9.268 Thread 0x000002814ead0000 DEOPT PACKING pc=0x000002812dddd8e0 sp=0x000000ce168fed20
Event: 9.268 Thread 0x000002814ead0000 DEOPT UNPACKING pc=0x000002812d4c964e sp=0x000000ce168fe1c0 mode 0
Event: 9.272 Thread 0x000002814e65f800 DEOPT PACKING pc=0x000002812de2405a sp=0x000000ce162fee30
Event: 9.272 Thread 0x000002814e65f800 DEOPT UNPACKING pc=0x000002812d4c964e sp=0x000000ce162fe3e8 mode 0
Event: 9.275 Thread 0x000002814e655000 DEOPT PACKING pc=0x000002812dddd8e0 sp=0x000000ce155fefb0
Event: 9.275 Thread 0x000002814e655000 DEOPT UNPACKING pc=0x000002812d4c964e sp=0x000000ce155fe450 mode 0
Event: 9.304 Thread 0x000002814eada800 DEOPT PACKING pc=0x000002812dddd8e0 sp=0x000000ce1760efc0
Event: 9.304 Thread 0x000002814eada800 DEOPT UNPACKING pc=0x000002812d4c964e sp=0x000000ce1760e460 mode 0
Event: 9.308 Thread 0x000002814ead3000 DEOPT PACKING pc=0x000002812de2405a sp=0x000000ce16cfebe0
Event: 9.308 Thread 0x000002814ead3000 DEOPT UNPACKING pc=0x000002812d4c964e sp=0x000000ce16cfe198 mode 0
Event: 9.367 Thread 0x000002814e384000 DEOPT PACKING pc=0x000002812de2405a sp=0x000000ce14afef00
Event: 9.367 Thread 0x000002814e384000 DEOPT UNPACKING pc=0x000002812d4c964e sp=0x000000ce14afe4b8 mode 0
Event: 9.415 Thread 0x000002814ead0000 Uncommon trap: trap_request=0xffffff45 fr.pc=0x0000028135050f14 relative=0x0000000000000e74
Event: 9.415 Thread 0x000002814ead0000 Uncommon trap: reason=unstable_if action=reinterpret pc=0x0000028135050f14 method=java.util.WeakHashMap.put(Ljava/lang/Object;Ljava/lang/Object;)Ljava/lang/Object; @ 148 c2
Event: 9.415 Thread 0x000002814ead0000 DEOPT PACKING pc=0x0000028135050f14 sp=0x000000ce168fefc0
Event: 9.415 Thread 0x000002814ead0000 DEOPT UNPACKING pc=0x000002812d4c912f sp=0x000000ce168fee40 mode 2

Classes unloaded (0 events):
No events

Classes redefined (0 events):
No events

Internal exceptions (20 events):
Event: 0.345 Thread 0x0000028124ccb000 Exception <a 'java/lang/NoSuchMethodError'{0x0000000710532070}: 'java.lang.Object java.lang.invoke.DirectMethodHandle$Holder.invokeStatic(java.lang.Object, int, java.lang.Object, java.lang.Object, java.lang.Object, java.lang.Object)'> (0x0000000710532070) 
thrown [./open/src/hotspot/share/interpreter/linkResolver.cpp, line 766]
Event: 0.346 Thread 0x0000028124ccb000 Exception <a 'java/lang/NoSuchMethodError'{0x0000000710538990}: 'java.lang.Object java.lang.invoke.DirectMethodHandle$Holder.invokeStatic(java.lang.Object, int, java.lang.Object, java.lang.Object, java.lang.Object)'> (0x0000000710538990) 
thrown [./open/src/hotspot/share/interpreter/linkResolver.cpp, line 766]
Event: 0.346 Thread 0x0000028124ccb000 Exception <a 'java/lang/NoSuchMethodError'{0x000000071053c1e0}: 'java.lang.Object java.lang.invoke.DirectMethodHandle$Holder.invokeSpecial(java.lang.Object, java.lang.Object, int, java.lang.Object, java.lang.Object, java.lang.Object)'> (0x000000071053c1e0) 
thrown [./open/src/hotspot/share/interpreter/linkResolver.cpp, line 766]
Event: 0.348 Thread 0x0000028124ccb000 Exception <a 'java/lang/NoSuchMethodError'{0x0000000710552558}: 'java.lang.Object java.lang.invoke.DirectMethodHandle$Holder.invokeStatic(java.lang.Object, int, java.lang.Object)'> (0x0000000710552558) 
thrown [./open/src/hotspot/share/interpreter/linkResolver.cpp, line 766]
Event: 0.363 Thread 0x0000028124ccb000 Exception <a 'java/lang/ClassNotFoundException'{0x00000007105f8f50}: com/sun/swing/internal/plaf/metal/resources/spi/metalProvider> (0x00000007105f8f50) 
thrown [./open/src/hotspot/share/classfile/systemDictionary.cpp, line 226]
Event: 0.363 Thread 0x0000028124ccb000 Exception <a 'java/lang/ClassNotFoundException'{0x00000007105fd010}: com/sun/swing/internal/plaf/basic/resources/spi/basicProvider> (0x00000007105fd010) 
thrown [./open/src/hotspot/share/classfile/systemDictionary.cpp, line 226]
Event: 0.377 Thread 0x000002814e657800 Implicit null exception at 0x0000028134f7a367 to 0x0000028134f7a98c
Event: 0.377 Thread 0x000002814e657800 Implicit null exception at 0x0000028134f790e4 to 0x0000028134f79744
Event: 0.425 Thread 0x0000028124ccb000 Exception <a 'java/lang/NoSuchMethodError'{0x00000007104405d0}: 'void java.lang.invoke.DirectMethodHandle$Holder.invokeStaticInit(java.lang.Object)'> (0x00000007104405d0) 
thrown [./open/src/hotspot/share/interpreter/linkResolver.cpp, line 766]
Event: 0.446 Thread 0x0000028124ccb000 Exception <a 'java/lang/NoSuchMethodError'{0x00000007102a9208}: 'java.lang.Object java.lang.invoke.Invokers$Holder.linkToTargetMethod(java.lang.Object, int, java.lang.Object)'> (0x00000007102a9208) 
thrown [./open/src/hotspot/share/interpreter/linkResolver.cpp, line 766]
Event: 0.492 Thread 0x0000028124ccb000 Exception <a 'java/lang/NoSuchMethodError'{0x00000007102d3c18}: 'void java.lang.invoke.DirectMethodHandle$Holder.invokeStatic(java.lang.Object, java.lang.Object, java.lang.Object, java.lang.Object)'> (0x00000007102d3c18) 
thrown [./open/src/hotspot/share/interpreter/linkResolver.cpp, line 766]
Event: 1.350 Thread 0x000002814ead0000 Exception <a 'java/lang/NoSuchMethodError'{0x000000070f2a30c8}: static Lrlbotexample/animations/CarGroupAnimation;.<clinit>()V> (0x000000070f2a30c8) 
thrown [./open/src/hotspot/share/prims/jni.cpp, line 1348]
Event: 1.352 Thread 0x000002814ead0000 Exception <a 'java/lang/NoSuchMethodError'{0x000000070f2b6768}: static Lrlbotexample/animations/IndexedCarGroup;.<clinit>()V> (0x000000070f2b6768) 
thrown [./open/src/hotspot/share/prims/jni.cpp, line 1348]
Event: 1.353 Thread 0x000002814ead0000 Exception <a 'java/lang/NoSuchMethodError'{0x000000070f2be770}: static Lrlbotexample/animations/CarGroup;.<clinit>()V> (0x000000070f2be770) 
thrown [./open/src/hotspot/share/prims/jni.cpp, line 1348]
Event: 1.354 Thread 0x000002814ead0000 Exception <a 'java/lang/NoSuchMethodError'{0x000000070f2c84f0}: static Lrlbotexample/animations/AnimatedCarObject;.<clinit>()V> (0x000000070f2c84f0) 
thrown [./open/src/hotspot/share/prims/jni.cpp, line 1348]
Event: 1.355 Thread 0x000002814ead0000 Exception <a 'java/lang/NoSuchMethodError'{0x000000070f2d28e0}: static Lutil/math/vector/ZyxOrientedPosition;.<clinit>()V> (0x000000070f2d28e0) 
thrown [./open/src/hotspot/share/prims/jni.cpp, line 1348]
Event: 1.357 Thread 0x000002814ead0000 Exception <a 'java/lang/NoSuchMethodError'{0x000000070f2f0840}: static Ljava/lang/Object;.<clinit>()V> (0x000000070f2f0840) 
thrown [./open/src/hotspot/share/prims/jni.cpp, line 1348]
Event: 3.461 Thread 0x000002814ead0000 Implicit null exception at 0x0000028134ffff40 to 0x0000028135000a50
Event: 9.064 Thread 0x000002814ead0000 Exception <a 'java/lang/NoSuchMethodError'{0x0000000713107178}: 'java.lang.Object java.lang.invoke.DirectMethodHandle$Holder.invokeInterface(java.lang.Object, java.lang.Object, int)'> (0x0000000713107178) 
thrown [./open/src/hotspot/share/interpreter/linkResolver.cpp, line 766]
Event: 9.132 Thread 0x000002814ead0000 Exception <a 'java/lang/NoSuchMethodError'{0x0000000711fb8618}: 'void java.lang.invoke.DirectMethodHandle$Holder.invokeSpecial(java.lang.Object, java.lang.Object, java.lang.Object, java.lang.Object)'> (0x0000000711fb8618) 
thrown [./open/src/hotspot/share/interpreter/linkResolver.cpp, line 766]

Events (20 events):
Event: 9.005 Executing VM operation: G1CollectForAllocation
Event: 9.011 Executing VM operation: G1CollectForAllocation done
Event: 9.059 loading class java/util/function/IntBinaryOperator
Event: 9.059 loading class java/util/function/IntBinaryOperator done
Event: 9.060 loading class java/util/stream/ReduceOps$6
Event: 9.060 loading class java/util/stream/ReduceOps$6 done
Event: 9.061 Executing VM operation: HandshakeAllThreads
Event: 9.061 Executing VM operation: HandshakeAllThreads done
Event: 9.061 loading class java/util/stream/ReduceOps$5ReducingSink
Event: 9.062 loading class java/util/stream/ReduceOps$5ReducingSink done
Event: 9.062 Executing VM operation: HandshakeAllThreads
Event: 9.062 Executing VM operation: HandshakeAllThreads done
Event: 9.077 loading class java/util/stream/ReduceOps$7
Event: 9.078 loading class java/util/stream/ReduceOps$7 done
Event: 9.078 loading class java/util/stream/ReduceOps$6ReducingSink
Event: 9.078 loading class java/util/stream/ReduceOps$6ReducingSink done
Event: 9.082 Thread 0x000002814929a800 Thread added: 0x000002814929a800
Event: 9.132 Executing VM operation: HandshakeOneThread
Event: 9.132 Executing VM operation: HandshakeOneThread done
Event: 9.183 Loaded shared library C:\Program Files (x86)\Java\jdk-14.0.2\bin\java.dll


Dynamic libraries:
0x00007ff665290000 - 0x00007ff66529f000 	C:\Program Files (x86)\Java\jdk-14.0.2\bin\java.exe
0x00007ffb8c610000 - 0x00007ffb8c805000 	C:\Windows\SYSTEM32\ntdll.dll
0x00007ffb8c200000 - 0x00007ffb8c2bd000 	C:\Windows\System32\KERNEL32.DLL
0x00007ffb8a1a0000 - 0x00007ffb8a468000 	C:\Windows\System32\KERNELBASE.dll
0x00007ffb89d50000 - 0x00007ffb89e50000 	C:\Windows\System32\ucrtbase.dll
0x00007ffb700c0000 - 0x00007ffb700d5000 	C:\Program Files (x86)\Java\jdk-14.0.2\bin\VCRUNTIME140.dll
0x00007ffb700e0000 - 0x00007ffb700f8000 	C:\Program Files (x86)\Java\jdk-14.0.2\bin\jli.dll
0x00007ffb8b5a0000 - 0x00007ffb8b64c000 	C:\Windows\System32\ADVAPI32.dll
0x00007ffb8c490000 - 0x00007ffb8c52e000 	C:\Windows\System32\msvcrt.dll
0x00007ffb8c530000 - 0x00007ffb8c5cb000 	C:\Windows\System32\sechost.dll
0x00007ffb8b200000 - 0x00007ffb8b32b000 	C:\Windows\System32\RPCRT4.dll
0x00007ffb8b6f0000 - 0x00007ffb8b890000 	C:\Windows\System32\USER32.dll
0x00007ffb806d0000 - 0x00007ffb8096a000 	C:\Windows\WinSxS\amd64_microsoft.windows.common-controls_6595b64144ccf1df_6.0.19041.1052_none_60b8f8fd71f5e8cb\COMCTL32.dll
0x00007ffb8a070000 - 0x00007ffb8a092000 	C:\Windows\System32\win32u.dll
0x00007ffb8b1d0000 - 0x00007ffb8b1fa000 	C:\Windows\System32\GDI32.dll
0x00007ffb8a4d0000 - 0x00007ffb8a5db000 	C:\Windows\System32\gdi32full.dll
0x00007ffb8a5e0000 - 0x00007ffb8a67d000 	C:\Windows\System32\msvcp_win.dll
0x00007ffb84bc0000 - 0x00007ffb84bca000 	C:\Windows\SYSTEM32\VERSION.dll
0x00007ffb8a6e0000 - 0x00007ffb8a710000 	C:\Windows\System32\IMM32.DLL
0x00007ffb67ff0000 - 0x00007ffb6808b000 	C:\Program Files (x86)\Java\jdk-14.0.2\bin\msvcp140.dll
0x00007ffb26920000 - 0x00007ffb2743e000 	C:\Program Files (x86)\Java\jdk-14.0.2\bin\server\jvm.dll
0x00007ffb8b650000 - 0x00007ffb8b658000 	C:\Windows\System32\PSAPI.DLL
0x00007ffb76720000 - 0x00007ffb76729000 	C:\Windows\SYSTEM32\WSOCK32.dll
0x00007ffb77e90000 - 0x00007ffb77eb7000 	C:\Windows\SYSTEM32\WINMM.dll
0x00007ffb8b8f0000 - 0x00007ffb8b95b000 	C:\Windows\System32\WS2_32.dll
0x00007ffb87c80000 - 0x00007ffb87c92000 	C:\Windows\SYSTEM32\kernel.appcore.dll
0x00007ffb77650000 - 0x00007ffb7765a000 	C:\Program Files (x86)\Java\jdk-14.0.2\bin\jimage.dll
0x00007ffb74c50000 - 0x00007ffb74e34000 	C:\Windows\SYSTEM32\DBGHELP.DLL
0x00007ffb75fd0000 - 0x00007ffb75ffc000 	C:\Windows\SYSTEM32\dbgcore.DLL
0x00007ffb89fe0000 - 0x00007ffb8a063000 	C:\Windows\System32\bcryptPrimitives.dll
0x00007ffb70090000 - 0x00007ffb700b5000 	C:\Program Files (x86)\Java\jdk-14.0.2\bin\java.dll
0x00007ffb6b130000 - 0x00007ffb6b146000 	C:\Program Files (x86)\Java\jdk-14.0.2\bin\zip.dll
0x00007ffb8b980000 - 0x00007ffb8c0bf000 	C:\Windows\System32\SHELL32.dll
0x00007ffb87e80000 - 0x00007ffb88610000 	C:\Windows\SYSTEM32\windows.storage.dll
0x00007ffb8ae70000 - 0x00007ffb8b1c5000 	C:\Windows\System32\combase.dll
0x00007ffb896f0000 - 0x00007ffb8971c000 	C:\Windows\SYSTEM32\Wldp.dll
0x00007ffb8c2c0000 - 0x00007ffb8c36e000 	C:\Windows\System32\SHCORE.dll
0x00007ffb8b890000 - 0x00007ffb8b8e5000 	C:\Windows\System32\shlwapi.dll
0x00007ffb89c90000 - 0x00007ffb89caf000 	C:\Windows\SYSTEM32\profapi.dll
0x00007ffb6b110000 - 0x00007ffb6b129000 	C:\Program Files (x86)\Java\jdk-14.0.2\bin\net.dll
0x00007ffb82370000 - 0x00007ffb8247b000 	C:\Windows\SYSTEM32\WINHTTP.dll
0x00007ffb894d0000 - 0x00007ffb8953a000 	C:\Windows\system32\mswsock.dll
0x00007ffb6b0f0000 - 0x00007ffb6b102000 	C:\Program Files (x86)\Java\jdk-14.0.2\bin\nio.dll
0x00007ffb6f000000 - 0x00007ffb6f199000 	C:\Program Files (x86)\Java\jdk-14.0.2\bin\awt.dll
0x00007ffb8c130000 - 0x00007ffb8c1fd000 	C:\Windows\System32\OLEAUT32.dll
0x00007ffb876f0000 - 0x00007ffb87780000 	C:\Windows\SYSTEM32\apphelp.dll
0x00007ffb88a50000 - 0x00007ffb88a83000 	C:\Windows\SYSTEM32\ntmarta.dll
0x00007ffb87a70000 - 0x00007ffb87a9f000 	C:\Windows\system32\DWMAPI.DLL
0x00007ffb87990000 - 0x00007ffb87a2e000 	C:\Windows\system32\uxtheme.dll
0x00007ffb6e040000 - 0x00007ffb6e166000 	C:\Windows\system32\opengl32.dll
0x00007ffb76d80000 - 0x00007ffb76dac000 	C:\Windows\SYSTEM32\GLU32.dll
0x00007ffb8c370000 - 0x00007ffb8c485000 	C:\Windows\System32\MSCTF.dll
0x00007ffb8a7f0000 - 0x00007ffb8a91a000 	C:\Windows\System32\ole32.dll
0x00007ffb80500000 - 0x00007ffb806ce000 	C:\Windows\system32\d3d9.dll
0x00007ffb7aed0000 - 0x00007ffb7afd2000 	C:\Windows\System32\DriverStore\FileRepository\nv_dispi.inf_amd64_1c83a5d7cffd7bff\nvldumdx.dll
0x00007ffb89a20000 - 0x00007ffb89a38000 	C:\Windows\SYSTEM32\CRYPTSP.dll
0x00007ffb89a70000 - 0x00007ffb89a82000 	C:\Windows\SYSTEM32\msasn1.dll
0x00007ffb84b80000 - 0x00007ffb84bb1000 	C:\Windows\SYSTEM32\cryptnet.dll
0x00007ffb89e50000 - 0x00007ffb89faf000 	C:\Windows\System32\CRYPT32.dll
0x00007ffb89650000 - 0x00007ffb8965c000 	C:\Windows\SYSTEM32\cryptbase.dll
0x00007ffb88e20000 - 0x00007ffb88e54000 	C:\Windows\system32\rsaenh.dll
0x00007ffb89fb0000 - 0x00007ffb89fd7000 	C:\Windows\System32\bcrypt.dll
0x00007ffb8a470000 - 0x00007ffb8a4d0000 	C:\Windows\System32\WINTRUST.DLL
0x00007ffb89c50000 - 0x00007ffb89c7e000 	C:\Windows\SYSTEM32\USERENV.dll
0x00007ffb8b960000 - 0x00007ffb8b97d000 	C:\Windows\System32\imagehlp.dll
0x00007ffb89190000 - 0x00007ffb891cb000 	C:\Windows\SYSTEM32\IPHLPAPI.DLL
0x00007ffb8c120000 - 0x00007ffb8c128000 	C:\Windows\System32\NSI.dll
0x00007ffb83bf0000 - 0x00007ffb83c07000 	C:\Windows\SYSTEM32\dhcpcsvc6.DLL
0x00007ffb83bd0000 - 0x00007ffb83bed000 	C:\Windows\SYSTEM32\dhcpcsvc.DLL
0x00007ffb891d0000 - 0x00007ffb8929c000 	C:\Windows\SYSTEM32\DNSAPI.dll
0x00007ffb326d0000 - 0x00007ffb340eb000 	C:\Windows\System32\DriverStore\FileRepository\nv_dispi.inf_amd64_1c83a5d7cffd7bff\nvd3dumx.dll
0x00007ffb70a50000 - 0x00007ffb70a92000 	C:\Users\John\AppData\Local\Temp\jna-2314539\jna7421828709628234912.dll
0x00007ffb5f530000 - 0x00007ffb5f7e7000 	C:\Windows\system32\nvspcap64.dll
0x00007ffb71760000 - 0x00007ffb7178e000 	D:\Program Files\GitHub\Flyves\Boss-Battle\build\dll\RLBot_Core_Interface.dll
0x00007ffb88620000 - 0x00007ffb88643000 	C:\Windows\SYSTEM32\gpapi.dll
0x00007ffb858e0000 - 0x00007ffb8591b000 	C:\Windows\SYSTEM32\dxcore.dll
0x00007ffb8a0a0000 - 0x00007ffb8a0ee000 	C:\Windows\System32\cfgmgr32.dll
0x00007ffb6e580000 - 0x00007ffb6e602000 	C:\Program Files (x86)\Java\jdk-14.0.2\bin\freetype.dll
0x00007ffb6e270000 - 0x00007ffb6e316000 	C:\Program Files (x86)\Java\jdk-14.0.2\bin\fontmanager.dll
0x00007ffb7e0d0000 - 0x00007ffb7e1c9000 	C:\Windows\SYSTEM32\textinputframework.dll
0x00007ffb87490000 - 0x00007ffb87582000 	C:\Windows\System32\CoreMessaging.dll
0x00007ffb87130000 - 0x00007ffb8748e000 	C:\Windows\System32\CoreUIComponents.dll
0x00007ffb86fd0000 - 0x00007ffb87124000 	C:\Windows\SYSTEM32\wintypes.dll

dbghelp: loaded successfully - version: 4.0.5 - missing functions: none
symbol engine: initialized successfully - sym options: 0x614 - pdb path: .;C:\Program Files (x86)\Java\jdk-14.0.2\bin;C:\Windows\SYSTEM32;C:\Windows\WinSxS\amd64_microsoft.windows.common-controls_6595b64144ccf1df_6.0.19041.1052_none_60b8f8fd71f5e8cb;C:\Program Files (x86)\Java\jdk-14.0.2\bin\server;C:\Windows\System32\DriverStore\FileRepository\nv_dispi.inf_amd64_1c83a5d7cffd7bff;C:\Users\John\AppData\Local\Temp\jna-2314539;D:\Program Files\GitHub\Flyves\Boss-Battle\build\dll

VM Arguments:
jvm_args: -Dfile.encoding=windows-1252 -Duser.country=CA -Duser.language=fr -Duser.variant 
java_command: rlbotexample.JavaExample
java_class_path (initial): D:\Program Files\GitHub\Flyves\Boss-Battle\build\classes\java\main;D:\Program Files\GitHub\Flyves\Boss-Battle\build\resources\main;D:\Program Files\GitHub\Flyves\Boss-Battle\build\dll;C:\Users\John\.gradle\caches\modules-2\files-2.1\org.rlbot.commons\framework\1.11.0\107a09070a1232a0977f8cfaf439b6e06813211a\framework-1.11.0.jar;C:\Users\John\.gradle\caches\modules-2\files-2.1\net.java.dev.jna\jna-platform\4.5.1\117d52c9f672d8b7ea80a81464c33ef843de9254\jna-platform-4.5.1.jar;C:\Users\John\.gradle\caches\modules-2\files-2.1\net.java.dev.jna\jna\4.5.1\65bd0cacc9c79a21c6ed8e9f588577cd3c2f85b9\jna-4.5.1.jar;C:\Users\John\.gradle\caches\modules-2\files-2.1\net.sf.py4j\py4j\0.10.6\2204994fdaa4ba9c9e6f35fa3c700df454954cdf\py4j-0.10.6.jar;C:\Users\John\.gradle\caches\modules-2\files-2.1\com.github.davidmoten\flatbuffers-java\1.9.0.1\eaa1b27095bb5127879458bc2ee1b78e00d4a20\flatbuffers-java-1.9.0.1.jar
Launcher Type: SUN_STANDARD

[Global flags]
     intx CICompilerCount                          = 3                                         {product} {ergonomic}
     uint ConcGCThreads                            = 2                                         {product} {ergonomic}
     uint G1ConcRefinementThreads                  = 6                                         {product} {ergonomic}
   size_t G1HeapRegionSize                         = 1048576                                   {product} {ergonomic}
    uintx GCDrainStackTargetSize                   = 64                                        {product} {ergonomic}
   size_t InitialHeapSize                          = 268435456                                 {product} {ergonomic}
   size_t MarkStackSize                            = 4194304                                   {product} {ergonomic}
   size_t MaxHeapSize                              = 4280287232                                {product} {ergonomic}
   size_t MaxNewSize                               = 2567962624                                {product} {ergonomic}
   size_t MinHeapDeltaBytes                        = 1048576                                   {product} {ergonomic}
   size_t MinHeapSize                              = 8388608                                   {product} {ergonomic}
    uintx NonNMethodCodeHeapSize                   = 5832780                                {pd product} {ergonomic}
    uintx NonProfiledCodeHeapSize                  = 122912730                              {pd product} {ergonomic}
    uintx ProfiledCodeHeapSize                     = 122912730                              {pd product} {ergonomic}
    uintx ReservedCodeCacheSize                    = 251658240                              {pd product} {ergonomic}
     bool SegmentedCodeCache                       = true                                      {product} {ergonomic}
   size_t SoftMaxHeapSize                          = 4280287232                             {manageable} {ergonomic}
     bool UseCompressedClassPointers               = true                                 {lp64_product} {ergonomic}
     bool UseCompressedOops                        = true                                 {lp64_product} {ergonomic}
     bool UseG1GC                                  = true                                      {product} {ergonomic}
     bool UseLargePagesIndividualAllocation        = false                                  {pd product} {ergonomic}

Logging:
Log output configuration:
 #0: stdout all=warning uptime,level,tags
 #1: stderr all=off uptime,level,tags

Environment Variables:
JAVA_HOME=C:\Program Files (x86)\Java\jdk-14.0.2\jdk-14.0.2
PATH=C:\Program Files (x86)\Common Files\Oracle\Java\javapath;C:\Windows\system32;C:\Windows;C:\Windows\System32\Wbem;C:\Windows\System32\WindowsPowerShell\v1.0\;C:\Windows\System32\OpenSSH\;C:\Program Files (x86)\NVIDIA Corporation\PhysX\Common;C:\Program Files\NVIDIA Corporation\NVIDIA NvDLISR;C:\Program Files\Git\cmd;C:\Program Files (x86)\Java\jdk-14.0.2\jdk-14.0.2\bin;C:\Program Files\dotnet\;C:\Program Files\Microsoft SQL Server\130\Tools\Binn\;C:\Program Files\Microsoft SQL Server\Client SDK\ODBC\170\Tools\Binn\;C:\Program Files\Docker\Docker\resources\bin;C:\ProgramData\DockerDesktop\version-bin;C:\Program Files\apache-maven-3.6.3\bin;C:\Program Files\PuTTY\;C:\Users\John\AppData\Local\Programs\Python\Launcher\;C:\Users\John\AppData\Local\Microsoft\WindowsApps;C:\Program Files\JetBrains\IntelliJ IDEA Community Edition 2020.1.4\bin;;C:\Users\John\.dotnet\tools;C:\Users\John\AppData\Local\GitHubDesktop\bin;C:\Program Files (x86)\FAHClient;C:\Users\John\AppData\Local\Programs\Microsoft VS Code\bin;C:\Program Files (x86)\Arduino\arduino-cli;D:\Program Files\7-Zip;
USERNAME=John
OS=Windows_NT
PROCESSOR_IDENTIFIER=Intel64 Family 6 Model 158 Stepping 10, GenuineIntel



---------------  S Y S T E M  ---------------

OS: Windows 10 , 64 bit Build 19041 (10.0.19041.1023)
OS uptime: 13 days 8:39 hours
HyperV virtualization detected

CPU:total 6 (initial active 6) (6 cores per cpu, 1 threads per core) family 6 model 158 stepping 10, cmov, cx8, fxsr, mmx, sse, sse2, sse3, ssse3, sse4.1, sse4.2, popcnt, avx, avx2, aes, clmul, erms, rtm, 3dnowpref, lzcnt, tsc, tscinvbit, bmi1, bmi2, adx, fma

Memory: 4k page, system-wide physical 16325M (2239M free)
TotalPageFile size 65477M (AvailPageFile size 34M)
current process WorkingSet (physical memory assigned to process): 365M, peak: 365M
current process commit charge ("private bytes"): 470M, peak: 470M

vm_info: Java HotSpot(TM) 64-Bit Server VM (14.0.2+12-46) for windows-amd64 JRE (14.0.2+12-46), built on Jul  9 2020 00:35:52 by "mach5one" with MS VC++ 15.9 (VS2017)

END.
