#
# There is insufficient memory for the Java Runtime Environment to continue.
# Native memory allocation (malloc) failed to allocate 1741504 bytes for Chunk::new
# Possible reasons:
#   The system is out of physical RAM or swap space
#   The process is running with CompressedOops enabled, and the Java Heap may be blocking the growth of the native heap
# Possible solutions:
#   Reduce memory load on the system
#   Increase physical memory or swap space
#   Check if swap backing store is full
#   Decrease Java heap size (-Xmx/-Xms)
#   Decrease number of Java threads
#   Decrease Java thread stack sizes (-Xss)
#   Set larger code cache with -XX:ReservedCodeCacheSize=
#   JVM is running with Zero Based Compressed Oops mode in which the Java heap is
#     placed in the first 32GB address space. The Java Heap base address is the
#     maximum limit for the native heap growth. Please use -XX:HeapBaseMinAddress
#     to set the Java Heap base and to place the Java Heap above 32GB virtual address.
# This output file may be truncated or incomplete.
#
#  Out of Memory Error (./open/src/hotspot/share/memory/arena.cpp:195), pid=20876, tid=15852
#
# JRE version: OpenJDK Runtime Environment (14.0.2+12) (build 14.0.2+12-46)
# Java VM: OpenJDK 64-Bit Server VM (14.0.2+12-46, mixed mode, sharing, tiered, compressed oops, g1 gc, windows-amd64)
# No core dump will be written. Minidumps are not enabled by default on client versions of Windows
#

---------------  S U M M A R Y ------------

Command Line: -Dfile.encoding=windows-1252 -Duser.country=CA -Duser.language=en -Duser.variant rlbotexample.JavaExample

Host: Intel(R) Core(TM) i5-8600K CPU @ 3.60GHz, 6 cores, 15G,  Windows 10 , 64 bit Build 19041 (10.0.19041.1503)
Time: Fri Feb 18 02:15:19 2022 Easter Island Daylight Time elapsed time: 2 seconds (0d 0h 0m 2s)

---------------  T H R E A D  ---------------

Current thread (0x000002733ac82000):  JavaThread "C2 CompilerThread0" daemon [_thread_in_native, id=15852, stack(0x0000007b6ea00000,0x0000007b6eb00000)]


Current CompileTask:
C2:   2089 1712       4       rlbot.gamestate.GameState::buildPacket (286 bytes)

Stack: [0x0000007b6ea00000,0x0000007b6eb00000]
Native frames: (J=compiled Java code, j=interpreted, Vv=VM code, C=native code)
V  [jvm.dll+0x5f8a9a]
V  [jvm.dll+0x74247a]
V  [jvm.dll+0x743c2f]
V  [jvm.dll+0x744273]
V  [jvm.dll+0x20d288]
V  [jvm.dll+0xabb07]
V  [jvm.dll+0xac1fc]
V  [jvm.dll+0x31c495]
V  [jvm.dll+0x2e6b38]
V  [jvm.dll+0x2e5f3a]
V  [jvm.dll+0x1e5e16]
V  [jvm.dll+0x1e50b8]
V  [jvm.dll+0x1779cc]
V  [jvm.dll+0x1f4105]
V  [jvm.dll+0x1f22eb]
V  [jvm.dll+0x7070cd]
V  [jvm.dll+0x6ffeda]
V  [jvm.dll+0x5f78f6]
C  [ucrtbase.dll+0x21bb2]
C  [KERNEL32.DLL+0x17034]
C  [ntdll.dll+0x52651]


---------------  P R O C E S S  ---------------

Threads class SMR info:
_java_thread_list=0x00000273406a0f20, length=23, elements={
0x000002733a3d9800, 0x000002733a3da800, 0x000002733a3f7000, 0x000002733a3fa000,
0x000002733a3fb800, 0x000002733ac82000, 0x000002733ac85800, 0x000002733ac87800,
0x000002733adc6800, 0x000002733adde000, 0x000002733ae14000, 0x000002733b303000,
0x000002733b309000, 0x000002733b32c000, 0x000002733fff9000, 0x000002733ff88000,
0x00000273406dd800, 0x00000273406cf800, 0x00000273408f0000, 0x00000273408f1000,
0x00000273408ed800, 0x00000273408ee800, 0x00000273407bb800
}

Java Threads: ( => current thread )
  0x000002733a3d9800 JavaThread "Reference Handler" daemon [_thread_blocked, id=21720, stack(0x0000007b6e500000,0x0000007b6e600000)]
  0x000002733a3da800 JavaThread "Finalizer" daemon [_thread_blocked, id=15900, stack(0x0000007b6e600000,0x0000007b6e700000)]
  0x000002733a3f7000 JavaThread "Signal Dispatcher" daemon [_thread_blocked, id=10200, stack(0x0000007b6e700000,0x0000007b6e800000)]
  0x000002733a3fa000 JavaThread "Attach Listener" daemon [_thread_blocked, id=12904, stack(0x0000007b6e800000,0x0000007b6e900000)]
  0x000002733a3fb800 JavaThread "Service Thread" daemon [_thread_blocked, id=18608, stack(0x0000007b6e900000,0x0000007b6ea00000)]
=>0x000002733ac82000 JavaThread "C2 CompilerThread0" daemon [_thread_in_native, id=15852, stack(0x0000007b6ea00000,0x0000007b6eb00000)]
  0x000002733ac85800 JavaThread "C1 CompilerThread0" daemon [_thread_blocked, id=5344, stack(0x0000007b6eb00000,0x0000007b6ec00000)]
  0x000002733ac87800 JavaThread "Sweeper thread" daemon [_thread_blocked, id=16112, stack(0x0000007b6ec00000,0x0000007b6ed00000)]
  0x000002733adc6800 JavaThread "Notification Thread" daemon [_thread_blocked, id=1236, stack(0x0000007b6ed00000,0x0000007b6ee00000)]
  0x000002733adde000 JavaThread "Common-Cleaner" daemon [_thread_blocked, id=24656, stack(0x0000007b6ef00000,0x0000007b6f000000)]
  0x000002733ae14000 JavaThread "Thread-0" [_thread_in_native, id=11896, stack(0x0000007b6f000000,0x0000007b6f100000)]
  0x000002733b303000 JavaThread "Java2D Disposer" daemon [_thread_blocked, id=11952, stack(0x0000007b6f200000,0x0000007b6f300000)]
  0x000002733b309000 JavaThread "AWT-Shutdown" [_thread_blocked, id=24136, stack(0x0000007b6f300000,0x0000007b6f400000)]
  0x000002733b32c000 JavaThread "AWT-Windows" daemon [_thread_in_native, id=10644, stack(0x0000007b6f400000,0x0000007b6f500000)]
  0x000002733fff9000 JavaThread "Thread-1" [_thread_in_native, id=11136, stack(0x0000007b6f700000,0x0000007b6f800000)]
  0x000002733ff88000 JavaThread "Thread-2" [_thread_blocked, id=12140, stack(0x0000007b6f900000,0x0000007b6fa00000)]
  0x00000273406dd800 JavaThread "Image Fetcher 0" daemon [_thread_blocked, id=14748, stack(0x0000007b6f100000,0x0000007b6f200000)]
  0x00000273406cf800 JavaThread "AWT-EventQueue-0" [_thread_blocked, id=10008, stack(0x0000007b6fa00000,0x0000007b6fb00000)]
  0x00000273408f0000 JavaThread "TimerQueue" daemon [_thread_blocked, id=9792, stack(0x0000007b6fb00000,0x0000007b6fc00000)]
  0x00000273408f1000 JavaThread "DestroyJavaVM" [_thread_blocked, id=12928, stack(0x0000007b6de00000,0x0000007b6df00000)]
  0x00000273408ed800 JavaThread "D3D Screen Updater" daemon [_thread_blocked, id=23728, stack(0x0000007b6fc00000,0x0000007b6fd00000)]
  0x00000273408ee800 JavaThread "Thread-3" [_thread_in_native, id=10064, stack(0x0000007b6fd00000,0x0000007b6fe00000)]
  0x00000273407bb800 JavaThread "C2 CompilerThread1" daemon [_thread_blocked, id=21136, stack(0x0000007b6fe00000,0x0000007b6ff00000)]

Other Threads:
  0x000002733a3d6800 VMThread "VM Thread" [stack: 0x0000007b6e400000,0x0000007b6e500000] [id=11940]
  0x000002733add2800 WatcherThread [stack: 0x0000007b6ee00000,0x0000007b6ef00000] [id=5536]
  0x0000027316a9a800 GCTaskThread "GC Thread#0" [stack: 0x0000007b6df00000,0x0000007b6e000000] [id=26056]
  0x00000273407db000 GCTaskThread "GC Thread#1" [stack: 0x0000007b6ff00000,0x0000007b70000000] [id=15664]
  0x000002734078d000 GCTaskThread "GC Thread#2" [stack: 0x0000007b70000000,0x0000007b70100000] [id=25660]
  0x000002734078d800 GCTaskThread "GC Thread#3" [stack: 0x0000007b70100000,0x0000007b70200000] [id=26204]
  0x000002734078e800 GCTaskThread "GC Thread#4" [stack: 0x0000007b70200000,0x0000007b70300000] [id=23076]
  0x0000027340793000 GCTaskThread "GC Thread#5" [stack: 0x0000007b70300000,0x0000007b70400000] [id=3944]
  0x0000027316abd000 ConcurrentGCThread "G1 Main Marker" [stack: 0x0000007b6e000000,0x0000007b6e100000] [id=20696]
  0x0000027316abe800 ConcurrentGCThread "G1 Conc#0" [stack: 0x0000007b6e100000,0x0000007b6e200000] [id=9584]
  0x000002733a2c4000 ConcurrentGCThread "G1 Refine#0" [stack: 0x0000007b6e200000,0x0000007b6e300000] [id=24168]
  0x000002733a2c5000 ConcurrentGCThread "G1 Young RemSet Sampling" [stack: 0x0000007b6e300000,0x0000007b6e400000] [id=13360]

Threads with active compile tasks:
C2 CompilerThread0     2152 1712       4       rlbot.gamestate.GameState::buildPacket (286 bytes)

VM state:not at safepoint (normal execution)

VM Mutex/Monitor currently owned by a thread: None

Heap address: 0x0000000700e00000, size: 4082 MB, Compressed Oops mode: Zero based, Oop shift amount: 3
Narrow klass base: 0x0000000800000000, Narrow klass shift: 3
Compressed class space size: 1073741824 Address: 0x0000000800b30000

Heap:
 garbage-first heap   total 262144K, used 20283K [0x0000000700e00000, 0x0000000800000000)
  region size 1024K, 18 young (18432K), 2 survivors (2048K)
 Metaspace       used 10281K, capacity 10724K, committed 10880K, reserved 1058816K
  class space    used 1148K, capacity 1342K, committed 1408K, reserved 1048576K
Heap Regions: E=young(eden), S=young(survivor), O=old, HS=humongous(starts), HC=humongous(continues), CS=collection set, F=free, OA=open archive, CA=closed archive, TAMS=top-at-mark-start (previous, next)
|   0|0x0000000700e00000, 0x0000000700f00000, 0x0000000700f00000|100%| O|  |TAMS 0x0000000700e00000, 0x0000000700e00000| Untracked 
|   1|0x0000000700f00000, 0x0000000701000000, 0x0000000701000000|100%| O|  |TAMS 0x0000000700f00000, 0x0000000700f00000| Untracked 
|   2|0x0000000701000000, 0x0000000701100000, 0x0000000701100000|100%| O|  |TAMS 0x0000000701000000, 0x0000000701000000| Untracked 
|   3|0x0000000701100000, 0x0000000701118a00, 0x0000000701200000|  9%| O|  |TAMS 0x0000000701100000, 0x0000000701100000| Untracked 
|   4|0x0000000701200000, 0x0000000701200000, 0x0000000701300000|  0%| F|  |TAMS 0x0000000701200000, 0x0000000701200000| Untracked 
|   5|0x0000000701300000, 0x0000000701300000, 0x0000000701400000|  0%| F|  |TAMS 0x0000000701300000, 0x0000000701300000| Untracked 
|   6|0x0000000701400000, 0x0000000701400000, 0x0000000701500000|  0%| F|  |TAMS 0x0000000701400000, 0x0000000701400000| Untracked 
|   7|0x0000000701500000, 0x0000000701500000, 0x0000000701600000|  0%| F|  |TAMS 0x0000000701500000, 0x0000000701500000| Untracked 
|   8|0x0000000701600000, 0x0000000701600000, 0x0000000701700000|  0%| F|  |TAMS 0x0000000701600000, 0x0000000701600000| Untracked 
|   9|0x0000000701700000, 0x0000000701700000, 0x0000000701800000|  0%| F|  |TAMS 0x0000000701700000, 0x0000000701700000| Untracked 
|  10|0x0000000701800000, 0x0000000701800000, 0x0000000701900000|  0%| F|  |TAMS 0x0000000701800000, 0x0000000701800000| Untracked 
|  11|0x0000000701900000, 0x0000000701900000, 0x0000000701a00000|  0%| F|  |TAMS 0x0000000701900000, 0x0000000701900000| Untracked 
|  12|0x0000000701a00000, 0x0000000701a00000, 0x0000000701b00000|  0%| F|  |TAMS 0x0000000701a00000, 0x0000000701a00000| Untracked 
|  13|0x0000000701b00000, 0x0000000701b00000, 0x0000000701c00000|  0%| F|  |TAMS 0x0000000701b00000, 0x0000000701b00000| Untracked 
|  14|0x0000000701c00000, 0x0000000701c00000, 0x0000000701d00000|  0%| F|  |TAMS 0x0000000701c00000, 0x0000000701c00000| Untracked 
|  15|0x0000000701d00000, 0x0000000701d00000, 0x0000000701e00000|  0%| F|  |TAMS 0x0000000701d00000, 0x0000000701d00000| Untracked 
|  16|0x0000000701e00000, 0x0000000701e00000, 0x0000000701f00000|  0%| F|  |TAMS 0x0000000701e00000, 0x0000000701e00000| Untracked 
|  17|0x0000000701f00000, 0x0000000701f00000, 0x0000000702000000|  0%| F|  |TAMS 0x0000000701f00000, 0x0000000701f00000| Untracked 
|  18|0x0000000702000000, 0x0000000702000000, 0x0000000702100000|  0%| F|  |TAMS 0x0000000702000000, 0x0000000702000000| Untracked 
|  19|0x0000000702100000, 0x0000000702100000, 0x0000000702200000|  0%| F|  |TAMS 0x0000000702100000, 0x0000000702100000| Untracked 
|  20|0x0000000702200000, 0x0000000702200000, 0x0000000702300000|  0%| F|  |TAMS 0x0000000702200000, 0x0000000702200000| Untracked 
|  21|0x0000000702300000, 0x0000000702300000, 0x0000000702400000|  0%| F|  |TAMS 0x0000000702300000, 0x0000000702300000| Untracked 
|  22|0x0000000702400000, 0x0000000702400000, 0x0000000702500000|  0%| F|  |TAMS 0x0000000702400000, 0x0000000702400000| Untracked 
|  23|0x0000000702500000, 0x0000000702500000, 0x0000000702600000|  0%| F|  |TAMS 0x0000000702500000, 0x0000000702500000| Untracked 
|  24|0x0000000702600000, 0x0000000702600000, 0x0000000702700000|  0%| F|  |TAMS 0x0000000702600000, 0x0000000702600000| Untracked 
|  25|0x0000000702700000, 0x0000000702700000, 0x0000000702800000|  0%| F|  |TAMS 0x0000000702700000, 0x0000000702700000| Untracked 
|  26|0x0000000702800000, 0x0000000702800000, 0x0000000702900000|  0%| F|  |TAMS 0x0000000702800000, 0x0000000702800000| Untracked 
|  27|0x0000000702900000, 0x0000000702900000, 0x0000000702a00000|  0%| F|  |TAMS 0x0000000702900000, 0x0000000702900000| Untracked 
|  28|0x0000000702a00000, 0x0000000702a00000, 0x0000000702b00000|  0%| F|  |TAMS 0x0000000702a00000, 0x0000000702a00000| Untracked 
|  29|0x0000000702b00000, 0x0000000702b00000, 0x0000000702c00000|  0%| F|  |TAMS 0x0000000702b00000, 0x0000000702b00000| Untracked 
|  30|0x0000000702c00000, 0x0000000702c00000, 0x0000000702d00000|  0%| F|  |TAMS 0x0000000702c00000, 0x0000000702c00000| Untracked 
|  31|0x0000000702d00000, 0x0000000702d00000, 0x0000000702e00000|  0%| F|  |TAMS 0x0000000702d00000, 0x0000000702d00000| Untracked 
|  32|0x0000000702e00000, 0x0000000702e00000, 0x0000000702f00000|  0%| F|  |TAMS 0x0000000702e00000, 0x0000000702e00000| Untracked 
|  33|0x0000000702f00000, 0x0000000702f00000, 0x0000000703000000|  0%| F|  |TAMS 0x0000000702f00000, 0x0000000702f00000| Untracked 
|  34|0x0000000703000000, 0x0000000703000000, 0x0000000703100000|  0%| F|  |TAMS 0x0000000703000000, 0x0000000703000000| Untracked 
|  35|0x0000000703100000, 0x0000000703100000, 0x0000000703200000|  0%| F|  |TAMS 0x0000000703100000, 0x0000000703100000| Untracked 
|  36|0x0000000703200000, 0x0000000703200000, 0x0000000703300000|  0%| F|  |TAMS 0x0000000703200000, 0x0000000703200000| Untracked 
|  37|0x0000000703300000, 0x0000000703300000, 0x0000000703400000|  0%| F|  |TAMS 0x0000000703300000, 0x0000000703300000| Untracked 
|  38|0x0000000703400000, 0x0000000703400000, 0x0000000703500000|  0%| F|  |TAMS 0x0000000703400000, 0x0000000703400000| Untracked 
|  39|0x0000000703500000, 0x0000000703500000, 0x0000000703600000|  0%| F|  |TAMS 0x0000000703500000, 0x0000000703500000| Untracked 
|  40|0x0000000703600000, 0x0000000703600000, 0x0000000703700000|  0%| F|  |TAMS 0x0000000703600000, 0x0000000703600000| Untracked 
|  41|0x0000000703700000, 0x0000000703700000, 0x0000000703800000|  0%| F|  |TAMS 0x0000000703700000, 0x0000000703700000| Untracked 
|  42|0x0000000703800000, 0x0000000703800000, 0x0000000703900000|  0%| F|  |TAMS 0x0000000703800000, 0x0000000703800000| Untracked 
|  43|0x0000000703900000, 0x0000000703900000, 0x0000000703a00000|  0%| F|  |TAMS 0x0000000703900000, 0x0000000703900000| Untracked 
|  44|0x0000000703a00000, 0x0000000703a00000, 0x0000000703b00000|  0%| F|  |TAMS 0x0000000703a00000, 0x0000000703a00000| Untracked 
|  45|0x0000000703b00000, 0x0000000703b00000, 0x0000000703c00000|  0%| F|  |TAMS 0x0000000703b00000, 0x0000000703b00000| Untracked 
|  46|0x0000000703c00000, 0x0000000703c00000, 0x0000000703d00000|  0%| F|  |TAMS 0x0000000703c00000, 0x0000000703c00000| Untracked 
|  47|0x0000000703d00000, 0x0000000703d00000, 0x0000000703e00000|  0%| F|  |TAMS 0x0000000703d00000, 0x0000000703d00000| Untracked 
|  48|0x0000000703e00000, 0x0000000703e00000, 0x0000000703f00000|  0%| F|  |TAMS 0x0000000703e00000, 0x0000000703e00000| Untracked 
|  49|0x0000000703f00000, 0x0000000703f00000, 0x0000000704000000|  0%| F|  |TAMS 0x0000000703f00000, 0x0000000703f00000| Untracked 
|  50|0x0000000704000000, 0x0000000704000000, 0x0000000704100000|  0%| F|  |TAMS 0x0000000704000000, 0x0000000704000000| Untracked 
|  51|0x0000000704100000, 0x0000000704100000, 0x0000000704200000|  0%| F|  |TAMS 0x0000000704100000, 0x0000000704100000| Untracked 
|  52|0x0000000704200000, 0x0000000704200000, 0x0000000704300000|  0%| F|  |TAMS 0x0000000704200000, 0x0000000704200000| Untracked 
|  53|0x0000000704300000, 0x0000000704300000, 0x0000000704400000|  0%| F|  |TAMS 0x0000000704300000, 0x0000000704300000| Untracked 
|  54|0x0000000704400000, 0x0000000704400000, 0x0000000704500000|  0%| F|  |TAMS 0x0000000704400000, 0x0000000704400000| Untracked 
|  55|0x0000000704500000, 0x0000000704500000, 0x0000000704600000|  0%| F|  |TAMS 0x0000000704500000, 0x0000000704500000| Untracked 
|  56|0x0000000704600000, 0x0000000704600000, 0x0000000704700000|  0%| F|  |TAMS 0x0000000704600000, 0x0000000704600000| Untracked 
|  57|0x0000000704700000, 0x0000000704700000, 0x0000000704800000|  0%| F|  |TAMS 0x0000000704700000, 0x0000000704700000| Untracked 
|  58|0x0000000704800000, 0x0000000704800000, 0x0000000704900000|  0%| F|  |TAMS 0x0000000704800000, 0x0000000704800000| Untracked 
|  59|0x0000000704900000, 0x0000000704900000, 0x0000000704a00000|  0%| F|  |TAMS 0x0000000704900000, 0x0000000704900000| Untracked 
|  60|0x0000000704a00000, 0x0000000704a00000, 0x0000000704b00000|  0%| F|  |TAMS 0x0000000704a00000, 0x0000000704a00000| Untracked 
|  61|0x0000000704b00000, 0x0000000704b00000, 0x0000000704c00000|  0%| F|  |TAMS 0x0000000704b00000, 0x0000000704b00000| Untracked 
|  62|0x0000000704c00000, 0x0000000704c00000, 0x0000000704d00000|  0%| F|  |TAMS 0x0000000704c00000, 0x0000000704c00000| Untracked 
|  63|0x0000000704d00000, 0x0000000704d00000, 0x0000000704e00000|  0%| F|  |TAMS 0x0000000704d00000, 0x0000000704d00000| Untracked 
|  64|0x0000000704e00000, 0x0000000704e00000, 0x0000000704f00000|  0%| F|  |TAMS 0x0000000704e00000, 0x0000000704e00000| Untracked 
|  65|0x0000000704f00000, 0x0000000704f00000, 0x0000000705000000|  0%| F|  |TAMS 0x0000000704f00000, 0x0000000704f00000| Untracked 
|  66|0x0000000705000000, 0x0000000705000000, 0x0000000705100000|  0%| F|  |TAMS 0x0000000705000000, 0x0000000705000000| Untracked 
|  67|0x0000000705100000, 0x0000000705100000, 0x0000000705200000|  0%| F|  |TAMS 0x0000000705100000, 0x0000000705100000| Untracked 
|  68|0x0000000705200000, 0x0000000705200000, 0x0000000705300000|  0%| F|  |TAMS 0x0000000705200000, 0x0000000705200000| Untracked 
|  69|0x0000000705300000, 0x0000000705300000, 0x0000000705400000|  0%| F|  |TAMS 0x0000000705300000, 0x0000000705300000| Untracked 
|  70|0x0000000705400000, 0x0000000705400000, 0x0000000705500000|  0%| F|  |TAMS 0x0000000705400000, 0x0000000705400000| Untracked 
|  71|0x0000000705500000, 0x0000000705500000, 0x0000000705600000|  0%| F|  |TAMS 0x0000000705500000, 0x0000000705500000| Untracked 
|  72|0x0000000705600000, 0x0000000705600000, 0x0000000705700000|  0%| F|  |TAMS 0x0000000705600000, 0x0000000705600000| Untracked 
|  73|0x0000000705700000, 0x0000000705700000, 0x0000000705800000|  0%| F|  |TAMS 0x0000000705700000, 0x0000000705700000| Untracked 
|  74|0x0000000705800000, 0x0000000705800000, 0x0000000705900000|  0%| F|  |TAMS 0x0000000705800000, 0x0000000705800000| Untracked 
|  75|0x0000000705900000, 0x0000000705900000, 0x0000000705a00000|  0%| F|  |TAMS 0x0000000705900000, 0x0000000705900000| Untracked 
|  76|0x0000000705a00000, 0x0000000705a00000, 0x0000000705b00000|  0%| F|  |TAMS 0x0000000705a00000, 0x0000000705a00000| Untracked 
|  77|0x0000000705b00000, 0x0000000705b00000, 0x0000000705c00000|  0%| F|  |TAMS 0x0000000705b00000, 0x0000000705b00000| Untracked 
|  78|0x0000000705c00000, 0x0000000705c00000, 0x0000000705d00000|  0%| F|  |TAMS 0x0000000705c00000, 0x0000000705c00000| Untracked 
|  79|0x0000000705d00000, 0x0000000705d00000, 0x0000000705e00000|  0%| F|  |TAMS 0x0000000705d00000, 0x0000000705d00000| Untracked 
|  80|0x0000000705e00000, 0x0000000705e00000, 0x0000000705f00000|  0%| F|  |TAMS 0x0000000705e00000, 0x0000000705e00000| Untracked 
|  81|0x0000000705f00000, 0x0000000705f00000, 0x0000000706000000|  0%| F|  |TAMS 0x0000000705f00000, 0x0000000705f00000| Untracked 
|  82|0x0000000706000000, 0x0000000706000000, 0x0000000706100000|  0%| F|  |TAMS 0x0000000706000000, 0x0000000706000000| Untracked 
|  83|0x0000000706100000, 0x0000000706100000, 0x0000000706200000|  0%| F|  |TAMS 0x0000000706100000, 0x0000000706100000| Untracked 
|  84|0x0000000706200000, 0x0000000706200000, 0x0000000706300000|  0%| F|  |TAMS 0x0000000706200000, 0x0000000706200000| Untracked 
|  85|0x0000000706300000, 0x0000000706300000, 0x0000000706400000|  0%| F|  |TAMS 0x0000000706300000, 0x0000000706300000| Untracked 
|  86|0x0000000706400000, 0x0000000706400000, 0x0000000706500000|  0%| F|  |TAMS 0x0000000706400000, 0x0000000706400000| Untracked 
|  87|0x0000000706500000, 0x0000000706500000, 0x0000000706600000|  0%| F|  |TAMS 0x0000000706500000, 0x0000000706500000| Untracked 
|  88|0x0000000706600000, 0x0000000706600000, 0x0000000706700000|  0%| F|  |TAMS 0x0000000706600000, 0x0000000706600000| Untracked 
|  89|0x0000000706700000, 0x0000000706700000, 0x0000000706800000|  0%| F|  |TAMS 0x0000000706700000, 0x0000000706700000| Untracked 
|  90|0x0000000706800000, 0x0000000706800000, 0x0000000706900000|  0%| F|  |TAMS 0x0000000706800000, 0x0000000706800000| Untracked 
|  91|0x0000000706900000, 0x0000000706900000, 0x0000000706a00000|  0%| F|  |TAMS 0x0000000706900000, 0x0000000706900000| Untracked 
|  92|0x0000000706a00000, 0x0000000706a00000, 0x0000000706b00000|  0%| F|  |TAMS 0x0000000706a00000, 0x0000000706a00000| Untracked 
|  93|0x0000000706b00000, 0x0000000706b00000, 0x0000000706c00000|  0%| F|  |TAMS 0x0000000706b00000, 0x0000000706b00000| Untracked 
|  94|0x0000000706c00000, 0x0000000706c00000, 0x0000000706d00000|  0%| F|  |TAMS 0x0000000706c00000, 0x0000000706c00000| Untracked 
|  95|0x0000000706d00000, 0x0000000706d00000, 0x0000000706e00000|  0%| F|  |TAMS 0x0000000706d00000, 0x0000000706d00000| Untracked 
|  96|0x0000000706e00000, 0x0000000706e00000, 0x0000000706f00000|  0%| F|  |TAMS 0x0000000706e00000, 0x0000000706e00000| Untracked 
|  97|0x0000000706f00000, 0x0000000706f00000, 0x0000000707000000|  0%| F|  |TAMS 0x0000000706f00000, 0x0000000706f00000| Untracked 
|  98|0x0000000707000000, 0x0000000707000000, 0x0000000707100000|  0%| F|  |TAMS 0x0000000707000000, 0x0000000707000000| Untracked 
|  99|0x0000000707100000, 0x0000000707100000, 0x0000000707200000|  0%| F|  |TAMS 0x0000000707100000, 0x0000000707100000| Untracked 
| 100|0x0000000707200000, 0x0000000707200000, 0x0000000707300000|  0%| F|  |TAMS 0x0000000707200000, 0x0000000707200000| Untracked 
| 101|0x0000000707300000, 0x0000000707300000, 0x0000000707400000|  0%| F|  |TAMS 0x0000000707300000, 0x0000000707300000| Untracked 
| 102|0x0000000707400000, 0x0000000707400000, 0x0000000707500000|  0%| F|  |TAMS 0x0000000707400000, 0x0000000707400000| Untracked 
| 103|0x0000000707500000, 0x0000000707500000, 0x0000000707600000|  0%| F|  |TAMS 0x0000000707500000, 0x0000000707500000| Untracked 
| 104|0x0000000707600000, 0x0000000707600000, 0x0000000707700000|  0%| F|  |TAMS 0x0000000707600000, 0x0000000707600000| Untracked 
| 105|0x0000000707700000, 0x0000000707700000, 0x0000000707800000|  0%| F|  |TAMS 0x0000000707700000, 0x0000000707700000| Untracked 
| 106|0x0000000707800000, 0x0000000707800000, 0x0000000707900000|  0%| F|  |TAMS 0x0000000707800000, 0x0000000707800000| Untracked 
| 107|0x0000000707900000, 0x0000000707900000, 0x0000000707a00000|  0%| F|  |TAMS 0x0000000707900000, 0x0000000707900000| Untracked 
| 108|0x0000000707a00000, 0x0000000707a00000, 0x0000000707b00000|  0%| F|  |TAMS 0x0000000707a00000, 0x0000000707a00000| Untracked 
| 109|0x0000000707b00000, 0x0000000707b00000, 0x0000000707c00000|  0%| F|  |TAMS 0x0000000707b00000, 0x0000000707b00000| Untracked 
| 110|0x0000000707c00000, 0x0000000707c00000, 0x0000000707d00000|  0%| F|  |TAMS 0x0000000707c00000, 0x0000000707c00000| Untracked 
| 111|0x0000000707d00000, 0x0000000707d00000, 0x0000000707e00000|  0%| F|  |TAMS 0x0000000707d00000, 0x0000000707d00000| Untracked 
| 112|0x0000000707e00000, 0x0000000707e00000, 0x0000000707f00000|  0%| F|  |TAMS 0x0000000707e00000, 0x0000000707e00000| Untracked 
| 113|0x0000000707f00000, 0x0000000707f00000, 0x0000000708000000|  0%| F|  |TAMS 0x0000000707f00000, 0x0000000707f00000| Untracked 
| 114|0x0000000708000000, 0x0000000708000000, 0x0000000708100000|  0%| F|  |TAMS 0x0000000708000000, 0x0000000708000000| Untracked 
| 115|0x0000000708100000, 0x0000000708100000, 0x0000000708200000|  0%| F|  |TAMS 0x0000000708100000, 0x0000000708100000| Untracked 
| 116|0x0000000708200000, 0x0000000708200000, 0x0000000708300000|  0%| F|  |TAMS 0x0000000708200000, 0x0000000708200000| Untracked 
| 117|0x0000000708300000, 0x0000000708300000, 0x0000000708400000|  0%| F|  |TAMS 0x0000000708300000, 0x0000000708300000| Untracked 
| 118|0x0000000708400000, 0x0000000708400000, 0x0000000708500000|  0%| F|  |TAMS 0x0000000708400000, 0x0000000708400000| Untracked 
| 119|0x0000000708500000, 0x0000000708500000, 0x0000000708600000|  0%| F|  |TAMS 0x0000000708500000, 0x0000000708500000| Untracked 
| 120|0x0000000708600000, 0x0000000708600000, 0x0000000708700000|  0%| F|  |TAMS 0x0000000708600000, 0x0000000708600000| Untracked 
| 121|0x0000000708700000, 0x0000000708700000, 0x0000000708800000|  0%| F|  |TAMS 0x0000000708700000, 0x0000000708700000| Untracked 
| 122|0x0000000708800000, 0x0000000708800000, 0x0000000708900000|  0%| F|  |TAMS 0x0000000708800000, 0x0000000708800000| Untracked 
| 123|0x0000000708900000, 0x0000000708900000, 0x0000000708a00000|  0%| F|  |TAMS 0x0000000708900000, 0x0000000708900000| Untracked 
| 124|0x0000000708a00000, 0x0000000708a00000, 0x0000000708b00000|  0%| F|  |TAMS 0x0000000708a00000, 0x0000000708a00000| Untracked 
| 125|0x0000000708b00000, 0x0000000708b00000, 0x0000000708c00000|  0%| F|  |TAMS 0x0000000708b00000, 0x0000000708b00000| Untracked 
| 126|0x0000000708c00000, 0x0000000708c00000, 0x0000000708d00000|  0%| F|  |TAMS 0x0000000708c00000, 0x0000000708c00000| Untracked 
| 127|0x0000000708d00000, 0x0000000708d00000, 0x0000000708e00000|  0%| F|  |TAMS 0x0000000708d00000, 0x0000000708d00000| Untracked 
| 128|0x0000000708e00000, 0x0000000708e00000, 0x0000000708f00000|  0%| F|  |TAMS 0x0000000708e00000, 0x0000000708e00000| Untracked 
| 129|0x0000000708f00000, 0x0000000708f00000, 0x0000000709000000|  0%| F|  |TAMS 0x0000000708f00000, 0x0000000708f00000| Untracked 
| 130|0x0000000709000000, 0x0000000709000000, 0x0000000709100000|  0%| F|  |TAMS 0x0000000709000000, 0x0000000709000000| Untracked 
| 131|0x0000000709100000, 0x0000000709100000, 0x0000000709200000|  0%| F|  |TAMS 0x0000000709100000, 0x0000000709100000| Untracked 
| 132|0x0000000709200000, 0x0000000709200000, 0x0000000709300000|  0%| F|  |TAMS 0x0000000709200000, 0x0000000709200000| Untracked 
| 133|0x0000000709300000, 0x0000000709300000, 0x0000000709400000|  0%| F|  |TAMS 0x0000000709300000, 0x0000000709300000| Untracked 
| 134|0x0000000709400000, 0x0000000709400000, 0x0000000709500000|  0%| F|  |TAMS 0x0000000709400000, 0x0000000709400000| Untracked 
| 135|0x0000000709500000, 0x0000000709500000, 0x0000000709600000|  0%| F|  |TAMS 0x0000000709500000, 0x0000000709500000| Untracked 
| 136|0x0000000709600000, 0x0000000709600000, 0x0000000709700000|  0%| F|  |TAMS 0x0000000709600000, 0x0000000709600000| Untracked 
| 137|0x0000000709700000, 0x0000000709700000, 0x0000000709800000|  0%| F|  |TAMS 0x0000000709700000, 0x0000000709700000| Untracked 
| 138|0x0000000709800000, 0x0000000709800000, 0x0000000709900000|  0%| F|  |TAMS 0x0000000709800000, 0x0000000709800000| Untracked 
| 139|0x0000000709900000, 0x0000000709900000, 0x0000000709a00000|  0%| F|  |TAMS 0x0000000709900000, 0x0000000709900000| Untracked 
| 140|0x0000000709a00000, 0x0000000709a00000, 0x0000000709b00000|  0%| F|  |TAMS 0x0000000709a00000, 0x0000000709a00000| Untracked 
| 141|0x0000000709b00000, 0x0000000709b00000, 0x0000000709c00000|  0%| F|  |TAMS 0x0000000709b00000, 0x0000000709b00000| Untracked 
| 142|0x0000000709c00000, 0x0000000709c00000, 0x0000000709d00000|  0%| F|  |TAMS 0x0000000709c00000, 0x0000000709c00000| Untracked 
| 143|0x0000000709d00000, 0x0000000709d00000, 0x0000000709e00000|  0%| F|  |TAMS 0x0000000709d00000, 0x0000000709d00000| Untracked 
| 144|0x0000000709e00000, 0x0000000709e00000, 0x0000000709f00000|  0%| F|  |TAMS 0x0000000709e00000, 0x0000000709e00000| Untracked 
| 145|0x0000000709f00000, 0x0000000709f00000, 0x000000070a000000|  0%| F|  |TAMS 0x0000000709f00000, 0x0000000709f00000| Untracked 
| 146|0x000000070a000000, 0x000000070a000000, 0x000000070a100000|  0%| F|  |TAMS 0x000000070a000000, 0x000000070a000000| Untracked 
| 147|0x000000070a100000, 0x000000070a100000, 0x000000070a200000|  0%| F|  |TAMS 0x000000070a100000, 0x000000070a100000| Untracked 
| 148|0x000000070a200000, 0x000000070a200000, 0x000000070a300000|  0%| F|  |TAMS 0x000000070a200000, 0x000000070a200000| Untracked 
| 149|0x000000070a300000, 0x000000070a300000, 0x000000070a400000|  0%| F|  |TAMS 0x000000070a300000, 0x000000070a300000| Untracked 
| 150|0x000000070a400000, 0x000000070a400000, 0x000000070a500000|  0%| F|  |TAMS 0x000000070a400000, 0x000000070a400000| Untracked 
| 151|0x000000070a500000, 0x000000070a500000, 0x000000070a600000|  0%| F|  |TAMS 0x000000070a500000, 0x000000070a500000| Untracked 
| 152|0x000000070a600000, 0x000000070a600000, 0x000000070a700000|  0%| F|  |TAMS 0x000000070a600000, 0x000000070a600000| Untracked 
| 153|0x000000070a700000, 0x000000070a700000, 0x000000070a800000|  0%| F|  |TAMS 0x000000070a700000, 0x000000070a700000| Untracked 
| 154|0x000000070a800000, 0x000000070a800000, 0x000000070a900000|  0%| F|  |TAMS 0x000000070a800000, 0x000000070a800000| Untracked 
| 155|0x000000070a900000, 0x000000070a900000, 0x000000070aa00000|  0%| F|  |TAMS 0x000000070a900000, 0x000000070a900000| Untracked 
| 156|0x000000070aa00000, 0x000000070aa00000, 0x000000070ab00000|  0%| F|  |TAMS 0x000000070aa00000, 0x000000070aa00000| Untracked 
| 157|0x000000070ab00000, 0x000000070ab00000, 0x000000070ac00000|  0%| F|  |TAMS 0x000000070ab00000, 0x000000070ab00000| Untracked 
| 158|0x000000070ac00000, 0x000000070ac00000, 0x000000070ad00000|  0%| F|  |TAMS 0x000000070ac00000, 0x000000070ac00000| Untracked 
| 159|0x000000070ad00000, 0x000000070ad00000, 0x000000070ae00000|  0%| F|  |TAMS 0x000000070ad00000, 0x000000070ad00000| Untracked 
| 160|0x000000070ae00000, 0x000000070ae00000, 0x000000070af00000|  0%| F|  |TAMS 0x000000070ae00000, 0x000000070ae00000| Untracked 
| 161|0x000000070af00000, 0x000000070af00000, 0x000000070b000000|  0%| F|  |TAMS 0x000000070af00000, 0x000000070af00000| Untracked 
| 162|0x000000070b000000, 0x000000070b000000, 0x000000070b100000|  0%| F|  |TAMS 0x000000070b000000, 0x000000070b000000| Untracked 
| 163|0x000000070b100000, 0x000000070b100000, 0x000000070b200000|  0%| F|  |TAMS 0x000000070b100000, 0x000000070b100000| Untracked 
| 164|0x000000070b200000, 0x000000070b200000, 0x000000070b300000|  0%| F|  |TAMS 0x000000070b200000, 0x000000070b200000| Untracked 
| 165|0x000000070b300000, 0x000000070b300000, 0x000000070b400000|  0%| F|  |TAMS 0x000000070b300000, 0x000000070b300000| Untracked 
| 166|0x000000070b400000, 0x000000070b400000, 0x000000070b500000|  0%| F|  |TAMS 0x000000070b400000, 0x000000070b400000| Untracked 
| 167|0x000000070b500000, 0x000000070b500000, 0x000000070b600000|  0%| F|  |TAMS 0x000000070b500000, 0x000000070b500000| Untracked 
| 168|0x000000070b600000, 0x000000070b600000, 0x000000070b700000|  0%| F|  |TAMS 0x000000070b600000, 0x000000070b600000| Untracked 
| 169|0x000000070b700000, 0x000000070b700000, 0x000000070b800000|  0%| F|  |TAMS 0x000000070b700000, 0x000000070b700000| Untracked 
| 170|0x000000070b800000, 0x000000070b800000, 0x000000070b900000|  0%| F|  |TAMS 0x000000070b800000, 0x000000070b800000| Untracked 
| 171|0x000000070b900000, 0x000000070b900000, 0x000000070ba00000|  0%| F|  |TAMS 0x000000070b900000, 0x000000070b900000| Untracked 
| 172|0x000000070ba00000, 0x000000070ba00000, 0x000000070bb00000|  0%| F|  |TAMS 0x000000070ba00000, 0x000000070ba00000| Untracked 
| 173|0x000000070bb00000, 0x000000070bb00000, 0x000000070bc00000|  0%| F|  |TAMS 0x000000070bb00000, 0x000000070bb00000| Untracked 
| 174|0x000000070bc00000, 0x000000070bc00000, 0x000000070bd00000|  0%| F|  |TAMS 0x000000070bc00000, 0x000000070bc00000| Untracked 
| 175|0x000000070bd00000, 0x000000070bd00000, 0x000000070be00000|  0%| F|  |TAMS 0x000000070bd00000, 0x000000070bd00000| Untracked 
| 176|0x000000070be00000, 0x000000070be00000, 0x000000070bf00000|  0%| F|  |TAMS 0x000000070be00000, 0x000000070be00000| Untracked 
| 177|0x000000070bf00000, 0x000000070bf00000, 0x000000070c000000|  0%| F|  |TAMS 0x000000070bf00000, 0x000000070bf00000| Untracked 
| 178|0x000000070c000000, 0x000000070c000000, 0x000000070c100000|  0%| F|  |TAMS 0x000000070c000000, 0x000000070c000000| Untracked 
| 179|0x000000070c100000, 0x000000070c100000, 0x000000070c200000|  0%| F|  |TAMS 0x000000070c100000, 0x000000070c100000| Untracked 
| 180|0x000000070c200000, 0x000000070c200000, 0x000000070c300000|  0%| F|  |TAMS 0x000000070c200000, 0x000000070c200000| Untracked 
| 181|0x000000070c300000, 0x000000070c300000, 0x000000070c400000|  0%| F|  |TAMS 0x000000070c300000, 0x000000070c300000| Untracked 
| 182|0x000000070c400000, 0x000000070c400000, 0x000000070c500000|  0%| F|  |TAMS 0x000000070c400000, 0x000000070c400000| Untracked 
| 183|0x000000070c500000, 0x000000070c500000, 0x000000070c600000|  0%| F|  |TAMS 0x000000070c500000, 0x000000070c500000| Untracked 
| 184|0x000000070c600000, 0x000000070c600000, 0x000000070c700000|  0%| F|  |TAMS 0x000000070c600000, 0x000000070c600000| Untracked 
| 185|0x000000070c700000, 0x000000070c700000, 0x000000070c800000|  0%| F|  |TAMS 0x000000070c700000, 0x000000070c700000| Untracked 
| 186|0x000000070c800000, 0x000000070c800000, 0x000000070c900000|  0%| F|  |TAMS 0x000000070c800000, 0x000000070c800000| Untracked 
| 187|0x000000070c900000, 0x000000070c900000, 0x000000070ca00000|  0%| F|  |TAMS 0x000000070c900000, 0x000000070c900000| Untracked 
| 188|0x000000070ca00000, 0x000000070ca00000, 0x000000070cb00000|  0%| F|  |TAMS 0x000000070ca00000, 0x000000070ca00000| Untracked 
| 189|0x000000070cb00000, 0x000000070cb00000, 0x000000070cc00000|  0%| F|  |TAMS 0x000000070cb00000, 0x000000070cb00000| Untracked 
| 190|0x000000070cc00000, 0x000000070cc00000, 0x000000070cd00000|  0%| F|  |TAMS 0x000000070cc00000, 0x000000070cc00000| Untracked 
| 191|0x000000070cd00000, 0x000000070cd00000, 0x000000070ce00000|  0%| F|  |TAMS 0x000000070cd00000, 0x000000070cd00000| Untracked 
| 192|0x000000070ce00000, 0x000000070ce00000, 0x000000070cf00000|  0%| F|  |TAMS 0x000000070ce00000, 0x000000070ce00000| Untracked 
| 193|0x000000070cf00000, 0x000000070cf00000, 0x000000070d000000|  0%| F|  |TAMS 0x000000070cf00000, 0x000000070cf00000| Untracked 
| 194|0x000000070d000000, 0x000000070d000000, 0x000000070d100000|  0%| F|  |TAMS 0x000000070d000000, 0x000000070d000000| Untracked 
| 195|0x000000070d100000, 0x000000070d100000, 0x000000070d200000|  0%| F|  |TAMS 0x000000070d100000, 0x000000070d100000| Untracked 
| 196|0x000000070d200000, 0x000000070d200000, 0x000000070d300000|  0%| F|  |TAMS 0x000000070d200000, 0x000000070d200000| Untracked 
| 197|0x000000070d300000, 0x000000070d300000, 0x000000070d400000|  0%| F|  |TAMS 0x000000070d300000, 0x000000070d300000| Untracked 
| 198|0x000000070d400000, 0x000000070d400000, 0x000000070d500000|  0%| F|  |TAMS 0x000000070d400000, 0x000000070d400000| Untracked 
| 199|0x000000070d500000, 0x000000070d500000, 0x000000070d600000|  0%| F|  |TAMS 0x000000070d500000, 0x000000070d500000| Untracked 
| 200|0x000000070d600000, 0x000000070d600000, 0x000000070d700000|  0%| F|  |TAMS 0x000000070d600000, 0x000000070d600000| Untracked 
| 201|0x000000070d700000, 0x000000070d700000, 0x000000070d800000|  0%| F|  |TAMS 0x000000070d700000, 0x000000070d700000| Untracked 
| 202|0x000000070d800000, 0x000000070d800000, 0x000000070d900000|  0%| F|  |TAMS 0x000000070d800000, 0x000000070d800000| Untracked 
| 203|0x000000070d900000, 0x000000070d900000, 0x000000070da00000|  0%| F|  |TAMS 0x000000070d900000, 0x000000070d900000| Untracked 
| 204|0x000000070da00000, 0x000000070da00000, 0x000000070db00000|  0%| F|  |TAMS 0x000000070da00000, 0x000000070da00000| Untracked 
| 205|0x000000070db00000, 0x000000070db00000, 0x000000070dc00000|  0%| F|  |TAMS 0x000000070db00000, 0x000000070db00000| Untracked 
| 206|0x000000070dc00000, 0x000000070dc00000, 0x000000070dd00000|  0%| F|  |TAMS 0x000000070dc00000, 0x000000070dc00000| Untracked 
| 207|0x000000070dd00000, 0x000000070dd00000, 0x000000070de00000|  0%| F|  |TAMS 0x000000070dd00000, 0x000000070dd00000| Untracked 
| 208|0x000000070de00000, 0x000000070de00000, 0x000000070df00000|  0%| F|  |TAMS 0x000000070de00000, 0x000000070de00000| Untracked 
| 209|0x000000070df00000, 0x000000070df00000, 0x000000070e000000|  0%| F|  |TAMS 0x000000070df00000, 0x000000070df00000| Untracked 
| 210|0x000000070e000000, 0x000000070e000000, 0x000000070e100000|  0%| F|  |TAMS 0x000000070e000000, 0x000000070e000000| Untracked 
| 211|0x000000070e100000, 0x000000070e100000, 0x000000070e200000|  0%| F|  |TAMS 0x000000070e100000, 0x000000070e100000| Untracked 
| 212|0x000000070e200000, 0x000000070e200000, 0x000000070e300000|  0%| F|  |TAMS 0x000000070e200000, 0x000000070e200000| Untracked 
| 213|0x000000070e300000, 0x000000070e300000, 0x000000070e400000|  0%| F|  |TAMS 0x000000070e300000, 0x000000070e300000| Untracked 
| 214|0x000000070e400000, 0x000000070e400000, 0x000000070e500000|  0%| F|  |TAMS 0x000000070e400000, 0x000000070e400000| Untracked 
| 215|0x000000070e500000, 0x000000070e500000, 0x000000070e600000|  0%| F|  |TAMS 0x000000070e500000, 0x000000070e500000| Untracked 
| 216|0x000000070e600000, 0x000000070e600000, 0x000000070e700000|  0%| F|  |TAMS 0x000000070e600000, 0x000000070e600000| Untracked 
| 217|0x000000070e700000, 0x000000070e700000, 0x000000070e800000|  0%| F|  |TAMS 0x000000070e700000, 0x000000070e700000| Untracked 
| 218|0x000000070e800000, 0x000000070e800000, 0x000000070e900000|  0%| F|  |TAMS 0x000000070e800000, 0x000000070e800000| Untracked 
| 219|0x000000070e900000, 0x000000070e900000, 0x000000070ea00000|  0%| F|  |TAMS 0x000000070e900000, 0x000000070e900000| Untracked 
| 220|0x000000070ea00000, 0x000000070ea00000, 0x000000070eb00000|  0%| F|  |TAMS 0x000000070ea00000, 0x000000070ea00000| Untracked 
| 221|0x000000070eb00000, 0x000000070eb00000, 0x000000070ec00000|  0%| F|  |TAMS 0x000000070eb00000, 0x000000070eb00000| Untracked 
| 222|0x000000070ec00000, 0x000000070ec00000, 0x000000070ed00000|  0%| F|  |TAMS 0x000000070ec00000, 0x000000070ec00000| Untracked 
| 223|0x000000070ed00000, 0x000000070ed00000, 0x000000070ee00000|  0%| F|  |TAMS 0x000000070ed00000, 0x000000070ed00000| Untracked 
| 224|0x000000070ee00000, 0x000000070eeb6318, 0x000000070ef00000| 71%| S|CS|TAMS 0x000000070ee00000, 0x000000070ee00000| Complete 
| 225|0x000000070ef00000, 0x000000070f000000, 0x000000070f000000|100%| S|CS|TAMS 0x000000070ef00000, 0x000000070ef00000| Complete 
| 226|0x000000070f000000, 0x000000070f000000, 0x000000070f100000|  0%| F|  |TAMS 0x000000070f000000, 0x000000070f000000| Untracked 
| 227|0x000000070f100000, 0x000000070f100000, 0x000000070f200000|  0%| F|  |TAMS 0x000000070f100000, 0x000000070f100000| Untracked 
| 228|0x000000070f200000, 0x000000070f200000, 0x000000070f300000|  0%| F|  |TAMS 0x000000070f200000, 0x000000070f200000| Untracked 
| 229|0x000000070f300000, 0x000000070f300000, 0x000000070f400000|  0%| F|  |TAMS 0x000000070f300000, 0x000000070f300000| Untracked 
| 230|0x000000070f400000, 0x000000070f400000, 0x000000070f500000|  0%| F|  |TAMS 0x000000070f400000, 0x000000070f400000| Untracked 
| 231|0x000000070f500000, 0x000000070f500000, 0x000000070f600000|  0%| F|  |TAMS 0x000000070f500000, 0x000000070f500000| Untracked 
| 232|0x000000070f600000, 0x000000070f600000, 0x000000070f700000|  0%| F|  |TAMS 0x000000070f600000, 0x000000070f600000| Untracked 
| 233|0x000000070f700000, 0x000000070f700000, 0x000000070f800000|  0%| F|  |TAMS 0x000000070f700000, 0x000000070f700000| Untracked 
| 234|0x000000070f800000, 0x000000070f800000, 0x000000070f900000|  0%| F|  |TAMS 0x000000070f800000, 0x000000070f800000| Untracked 
| 235|0x000000070f900000, 0x000000070f900000, 0x000000070fa00000|  0%| F|  |TAMS 0x000000070f900000, 0x000000070f900000| Untracked 
| 236|0x000000070fa00000, 0x000000070fa00000, 0x000000070fb00000|  0%| F|  |TAMS 0x000000070fa00000, 0x000000070fa00000| Untracked 
| 237|0x000000070fb00000, 0x000000070fb00000, 0x000000070fc00000|  0%| F|  |TAMS 0x000000070fb00000, 0x000000070fb00000| Untracked 
| 238|0x000000070fc00000, 0x000000070fc00000, 0x000000070fd00000|  0%| F|  |TAMS 0x000000070fc00000, 0x000000070fc00000| Untracked 
| 239|0x000000070fd00000, 0x000000070fd80800, 0x000000070fe00000| 50%| E|  |TAMS 0x000000070fd00000, 0x000000070fd00000| Complete 
| 240|0x000000070fe00000, 0x000000070ff00000, 0x000000070ff00000|100%| E|CS|TAMS 0x000000070fe00000, 0x000000070fe00000| Complete 
| 241|0x000000070ff00000, 0x0000000710000000, 0x0000000710000000|100%| E|CS|TAMS 0x000000070ff00000, 0x000000070ff00000| Complete 
| 242|0x0000000710000000, 0x0000000710100000, 0x0000000710100000|100%| E|CS|TAMS 0x0000000710000000, 0x0000000710000000| Complete 
| 243|0x0000000710100000, 0x0000000710200000, 0x0000000710200000|100%| E|CS|TAMS 0x0000000710100000, 0x0000000710100000| Complete 
| 244|0x0000000710200000, 0x0000000710300000, 0x0000000710300000|100%| E|CS|TAMS 0x0000000710200000, 0x0000000710200000| Complete 
| 245|0x0000000710300000, 0x0000000710400000, 0x0000000710400000|100%| E|CS|TAMS 0x0000000710300000, 0x0000000710300000| Complete 
| 246|0x0000000710400000, 0x0000000710500000, 0x0000000710500000|100%| E|CS|TAMS 0x0000000710400000, 0x0000000710400000| Complete 
| 247|0x0000000710500000, 0x0000000710600000, 0x0000000710600000|100%| E|CS|TAMS 0x0000000710500000, 0x0000000710500000| Complete 
| 248|0x0000000710600000, 0x0000000710700000, 0x0000000710700000|100%| E|CS|TAMS 0x0000000710600000, 0x0000000710600000| Complete 
| 249|0x0000000710700000, 0x0000000710800000, 0x0000000710800000|100%| E|CS|TAMS 0x0000000710700000, 0x0000000710700000| Complete 
| 250|0x0000000710800000, 0x0000000710900000, 0x0000000710900000|100%| E|CS|TAMS 0x0000000710800000, 0x0000000710800000| Complete 
| 251|0x0000000710900000, 0x0000000710a00000, 0x0000000710a00000|100%| E|CS|TAMS 0x0000000710900000, 0x0000000710900000| Complete 
| 252|0x0000000710a00000, 0x0000000710b00000, 0x0000000710b00000|100%| E|CS|TAMS 0x0000000710a00000, 0x0000000710a00000| Complete 
| 253|0x0000000710b00000, 0x0000000710c00000, 0x0000000710c00000|100%| E|CS|TAMS 0x0000000710b00000, 0x0000000710b00000| Complete 
| 254|0x0000000710c00000, 0x0000000710d00000, 0x0000000710d00000|100%| E|CS|TAMS 0x0000000710c00000, 0x0000000710c00000| Complete 
| 255|0x0000000710d00000, 0x0000000710e00000, 0x0000000710e00000|100%| E|CS|TAMS 0x0000000710d00000, 0x0000000710d00000| Complete 

Card table byte_map: [0x000002732eaf0000,0x000002732f2f0000] _byte_map_base: 0x000002732b2e9000

Marking Bits (Prev, Next): (CMBitMap*) 0x0000027316a9b1b8, (CMBitMap*) 0x0000027316a9b1f8
 Prev Bits: [0x000002732faf0000, 0x0000027333ab8000)
 Next Bits: [0x0000027333ac0000, 0x0000027337a88000)

Polling page: 0x0000027314be0000

Metaspace:

Usage:
  Non-class:      9.16 MB capacity,     8.92 MB ( 97%) used,   213.40 KB (  2%) free+waste,    35.13 KB ( <1%) overhead. 
      Class:      1.31 MB capacity,     1.12 MB ( 86%) used,   172.70 KB ( 13%) free+waste,    20.81 KB (  2%) overhead. 
       Both:     10.47 MB capacity,    10.04 MB ( 96%) used,   386.09 KB (  4%) free+waste,    55.94 KB ( <1%) overhead. 

Virtual space:
  Non-class space:       10.00 MB reserved,       9.25 MB ( 93%) committed 
      Class space:        1.00 GB reserved,       1.38 MB ( <1%) committed 
             Both:        1.01 GB reserved,      10.63 MB (  1%) committed 

Chunk freelists:
   Non-Class:  26.00 KB
       Class:  2.00 KB
        Both:  28.00 KB

MaxMetaspaceSize: 17179869184.00 GB
CompressedClassSpaceSize: 1.00 GB

CodeHeap 'non-profiled nmethods': size=120000Kb used=737Kb max_used=737Kb free=119262Kb
 bounds [0x0000027326cb0000, 0x0000027326f20000, 0x000002732e1e0000]
CodeHeap 'profiled nmethods': size=120000Kb used=3104Kb max_used=3104Kb free=116895Kb
 bounds [0x000002731f780000, 0x000002731fa90000, 0x0000027326cb0000]
CodeHeap 'non-nmethods': size=5760Kb used=1315Kb max_used=1355Kb free=4444Kb
 bounds [0x000002731f1e0000, 0x000002731f450000, 0x000002731f780000]
 total_blobs=2359 nmethods=1753 adapters=518
 compilation: enabled
              stopped_count=0, restarted_count=0
 full_count=0

Compilation events (20 events):
Event: 2.044 Thread 0x00000273407bb800 1734       4       util.math.vector.Vector2::plusAngle (57 bytes)
Event: 2.046 Thread 0x00000273407bb800 nmethod 1734 0x0000027326d64090 code [0x0000027326d64260, 0x0000027326d64498]
Event: 2.050 Thread 0x00000273407bb800 1735       4       java.nio.ByteBuffer::order (48 bytes)
Event: 2.050 Thread 0x00000273407bb800 nmethod 1735 0x0000027326d64610 code [0x0000027326d647a0, 0x0000027326d64858]
Event: 2.050 Thread 0x00000273407bb800 1736       4       java.nio.HeapByteBuffer::<init> (21 bytes)
Event: 2.053 Thread 0x00000273407bb800 nmethod 1736 0x0000027326d64910 code [0x0000027326d64ac0, 0x0000027326d64f38]
Event: 2.053 Thread 0x00000273407bb800 1737       4       java.util.stream.StreamOpFlag::fromCharacteristics (37 bytes)
Event: 2.054 Thread 0x00000273407bb800 nmethod 1737 0x0000027326d65190 code [0x0000027326d65320, 0x0000027326d653b8]
Event: 2.054 Thread 0x000002733ac85800 1739       3       java.nio.StringCharBuffer::get (19 bytes)
Event: 2.054 Thread 0x00000273407bb800 1738       4       java.util.stream.AbstractPipeline::<init> (55 bytes)
Event: 2.054 Thread 0x000002733ac85800 nmethod 1739 0x000002731fa80e10 code [0x000002731fa80fe0, 0x000002731fa81318]
Event: 2.054 Thread 0x000002733ac85800 1741       3       java.nio.HeapByteBuffer::put (21 bytes)
Event: 2.054 Thread 0x000002733ac85800 nmethod 1741 0x000002731fa81490 code [0x000002731fa81660, 0x000002731fa819e8]
Event: 2.054 Thread 0x000002733ac85800 1740       3       java.nio.HeapByteBuffer::put (20 bytes)
Event: 2.054 Thread 0x000002733ac85800 nmethod 1740 0x000002731fa81b90 code [0x000002731fa81d60, 0x000002731fa821d8]
Event: 2.055 Thread 0x00000273407bb800 nmethod 1738 0x0000027326d65490 code [0x0000027326d65600, 0x0000027326d658f8]
Event: 2.073 Thread 0x000002733ac85800 1742       3       java.util.ArrayList::readObject (118 bytes)
Event: 2.074 Thread 0x000002733ac85800 nmethod 1742 0x000002731fa82410 code [0x000002731fa82720, 0x000002731fa838a8]
Event: 2.076 Thread 0x00000273407bb800 1743       4       java.nio.HeapByteBuffer::put (179 bytes)
Event: 2.079 Thread 0x00000273407bb800 nmethod 1743 0x0000027326d65990 code [0x0000027326d65be0, 0x0000027326d660d8]

GC Heap History (4 events):
Event: 1.623 GC heap before
{Heap before GC invocations=0 (full 0):
 garbage-first heap   total 262144K, used 20480K [0x0000000700e00000, 0x0000000800000000)
  region size 1024K, 21 young (21504K), 0 survivors (0K)
 Metaspace       used 9945K, capacity 10364K, committed 10496K, reserved 1058816K
  class space    used 1117K, capacity 1272K, committed 1280K, reserved 1048576K
}
Event: 1.628 GC heap after
{Heap after GC invocations=1 (full 0):
 garbage-first heap   total 262144K, used 3344K [0x0000000700e00000, 0x0000000800000000)
  region size 1024K, 3 young (3072K), 3 survivors (3072K)
 Metaspace       used 9945K, capacity 10364K, committed 10496K, reserved 1058816K
  class space    used 1117K, capacity 1272K, committed 1280K, reserved 1048576K
}
Event: 1.992 GC heap before
{Heap before GC invocations=1 (full 0):
 garbage-first heap   total 262144K, used 29968K [0x0000000700e00000, 0x0000000800000000)
  region size 1024K, 30 young (30720K), 3 survivors (3072K)
 Metaspace       used 10263K, capacity 10724K, committed 10880K, reserved 1058816K
  class space    used 1148K, capacity 1342K, committed 1408K, reserved 1048576K
}
Event: 1.994 GC heap after
{Heap after GC invocations=2 (full 0):
 garbage-first heap   total 262144K, used 4923K [0x0000000700e00000, 0x0000000800000000)
  region size 1024K, 2 young (2048K), 2 survivors (2048K)
 Metaspace       used 10263K, capacity 10724K, committed 10880K, reserved 1058816K
  class space    used 1148K, capacity 1342K, committed 1408K, reserved 1048576K
}

Deoptimization events (20 events):
Event: 1.950 Thread 0x000002733ff88000 DEOPT PACKING pc=0x000002731f9fbd71 sp=0x0000007b6f9fe8b0
Event: 1.950 Thread 0x000002733ff88000 DEOPT UNPACKING pc=0x000002731f22964e sp=0x0000007b6f9fddc8 mode 0
Event: 1.969 Thread 0x000002733ff88000 DEOPT PACKING pc=0x000002731f9fbd71 sp=0x0000007b6f9fe8b0
Event: 1.969 Thread 0x000002733ff88000 DEOPT UNPACKING pc=0x000002731f22964e sp=0x0000007b6f9fddc8 mode 0
Event: 2.001 Thread 0x000002733ff88000 DEOPT PACKING pc=0x000002731f9fb9e5 sp=0x0000007b6f9fe8b0
Event: 2.001 Thread 0x000002733ff88000 DEOPT UNPACKING pc=0x000002731f22964e sp=0x0000007b6f9fde38 mode 0
Event: 2.001 Thread 0x000002733ff88000 DEOPT PACKING pc=0x000002731f9fbd71 sp=0x0000007b6f9fe8b0
Event: 2.001 Thread 0x000002733ff88000 DEOPT UNPACKING pc=0x000002731f22964e sp=0x0000007b6f9fddc8 mode 0
Event: 2.027 Thread 0x000002733ff88000 DEOPT PACKING pc=0x000002731f9fb9e5 sp=0x0000007b6f9fe8b0
Event: 2.027 Thread 0x000002733ff88000 DEOPT UNPACKING pc=0x000002731f22964e sp=0x0000007b6f9fde38 mode 0
Event: 2.027 Thread 0x000002733ff88000 DEOPT PACKING pc=0x000002731f9fbd71 sp=0x0000007b6f9fe8b0
Event: 2.027 Thread 0x000002733ff88000 DEOPT UNPACKING pc=0x000002731f22964e sp=0x0000007b6f9fddc8 mode 0
Event: 2.052 Thread 0x000002733ff88000 DEOPT PACKING pc=0x000002731f9fb9e5 sp=0x0000007b6f9fe8b0
Event: 2.052 Thread 0x000002733ff88000 DEOPT UNPACKING pc=0x000002731f22964e sp=0x0000007b6f9fde38 mode 0
Event: 2.052 Thread 0x000002733ff88000 DEOPT PACKING pc=0x000002731f9fbd71 sp=0x0000007b6f9fe8b0
Event: 2.052 Thread 0x000002733ff88000 DEOPT UNPACKING pc=0x000002731f22964e sp=0x0000007b6f9fddc8 mode 0
Event: 2.074 Thread 0x000002733ff88000 DEOPT PACKING pc=0x000002731f9fb9e5 sp=0x0000007b6f9fe8b0
Event: 2.074 Thread 0x000002733ff88000 DEOPT UNPACKING pc=0x000002731f22964e sp=0x0000007b6f9fde38 mode 0
Event: 2.074 Thread 0x000002733ff88000 DEOPT PACKING pc=0x000002731f9fbd71 sp=0x0000007b6f9fe8b0
Event: 2.074 Thread 0x000002733ff88000 DEOPT UNPACKING pc=0x000002731f22964e sp=0x0000007b6f9fddc8 mode 0

Classes unloaded (0 events):
No events

Classes redefined (0 events):
No events

Internal exceptions (20 events):
Event: 0.559 Thread 0x000002733ae14000 Exception <a 'java/lang/NoSuchMethodError'{0x00000007108fbf10}: 'java.lang.Object java.lang.invoke.DirectMethodHandle$Holder.newInvokeSpecial(java.lang.Object, int)'> (0x00000007108fbf10) 
thrown [./open/src/hotspot/share/interpreter/linkResolver.cpp, line 766]
Event: 0.560 Thread 0x000002733ae14000 Exception <a 'java/lang/NoSuchMethodError'{0x0000000710707f68}: 'java.lang.Object java.lang.invoke.DirectMethodHandle$Holder.invokeStatic(java.lang.Object, java.lang.Object, java.lang.Object, int, java.lang.Object)'> (0x0000000710707f68) 
thrown [./open/src/hotspot/share/interpreter/linkResolver.cpp, line 766]
Event: 0.561 Thread 0x000002733ae14000 Exception <a 'java/lang/NoSuchMethodError'{0x000000071070dd60}: 'java.lang.Object java.lang.invoke.Invokers$Holder.linkToTargetMethod(java.lang.Object, java.lang.Object, int, java.lang.Object, java.lang.Object)'> (0x000000071070dd60) 
thrown [./open/src/hotspot/share/interpreter/linkResolver.cpp, line 766]
Event: 0.726 Thread 0x0000027316a2f800 Exception <a 'java/lang/NoSuchMethodError'{0x00000007105a5d00}: 'java.lang.Object java.lang.invoke.DirectMethodHandle$Holder.invokeStatic(java.lang.Object, int, java.lang.Object, java.lang.Object, java.lang.Object, java.lang.Object)'> (0x00000007105a5d00) 
thrown [./open/src/hotspot/share/interpreter/linkResolver.cpp, line 766]
Event: 0.726 Thread 0x0000027316a2f800 Exception <a 'java/lang/NoSuchMethodError'{0x00000007105ac620}: 'java.lang.Object java.lang.invoke.DirectMethodHandle$Holder.invokeStatic(java.lang.Object, int, java.lang.Object, java.lang.Object, java.lang.Object)'> (0x00000007105ac620) 
thrown [./open/src/hotspot/share/interpreter/linkResolver.cpp, line 766]
Event: 0.726 Thread 0x0000027316a2f800 Exception <a 'java/lang/NoSuchMethodError'{0x00000007105afe70}: 'java.lang.Object java.lang.invoke.DirectMethodHandle$Holder.invokeSpecial(java.lang.Object, java.lang.Object, int, java.lang.Object, java.lang.Object, java.lang.Object)'> (0x00000007105afe70) 
thrown [./open/src/hotspot/share/interpreter/linkResolver.cpp, line 766]
Event: 0.729 Thread 0x0000027316a2f800 Exception <a 'java/lang/NoSuchMethodError'{0x00000007105c61e8}: 'java.lang.Object java.lang.invoke.DirectMethodHandle$Holder.invokeStatic(java.lang.Object, int, java.lang.Object)'> (0x00000007105c61e8) 
thrown [./open/src/hotspot/share/interpreter/linkResolver.cpp, line 766]
Event: 0.746 Thread 0x0000027316a2f800 Exception <a 'java/lang/ClassNotFoundException'{0x000000071049cf08}: com/sun/swing/internal/plaf/metal/resources/spi/metalProvider> (0x000000071049cf08) 
thrown [./open/src/hotspot/share/classfile/systemDictionary.cpp, line 226]
Event: 0.747 Thread 0x0000027316a2f800 Exception <a 'java/lang/ClassNotFoundException'{0x00000007104a10c8}: com/sun/swing/internal/plaf/basic/resources/spi/basicProvider> (0x00000007104a10c8) 
thrown [./open/src/hotspot/share/classfile/systemDictionary.cpp, line 226]
Event: 0.762 Thread 0x00000273406dd800 Implicit null exception at 0x0000027326ce0b67 to 0x0000027326ce11ac
Event: 0.814 Thread 0x0000027316a2f800 Exception <a 'java/lang/NoSuchMethodError'{0x00000007104e4630}: 'void java.lang.invoke.DirectMethodHandle$Holder.invokeStaticInit(java.lang.Object)'> (0x00000007104e4630) 
thrown [./open/src/hotspot/share/interpreter/linkResolver.cpp, line 766]
Event: 0.835 Thread 0x0000027316a2f800 Exception <a 'java/lang/NoSuchMethodError'{0x00000007100246a8}: 'java.lang.Object java.lang.invoke.Invokers$Holder.linkToTargetMethod(java.lang.Object, int, java.lang.Object)'> (0x00000007100246a8) 
thrown [./open/src/hotspot/share/interpreter/linkResolver.cpp, line 766]
Event: 0.879 Thread 0x0000027316a2f800 Exception <a 'java/lang/NoSuchMethodError'{0x000000071004ee60}: 'void java.lang.invoke.DirectMethodHandle$Holder.invokeStatic(java.lang.Object, java.lang.Object, java.lang.Object, java.lang.Object)'> (0x000000071004ee60) 
thrown [./open/src/hotspot/share/interpreter/linkResolver.cpp, line 766]
Event: 1.587 Thread 0x000002733ff88000 Exception <a 'java/lang/NoSuchMethodError'{0x000000070fcba6c0}: 'java.lang.Object java.lang.invoke.DirectMethodHandle$Holder.invokeInterface(java.lang.Object, java.lang.Object, int)'> (0x000000070fcba6c0) 
thrown [./open/src/hotspot/share/interpreter/linkResolver.cpp, line 766]
Event: 1.588 Thread 0x00000273408ee800 Exception <a 'java/lang/NoSuchMethodError'{0x000000070fb30858}: static Lrlbotexample/animations/CarGroupAnimation;.<clinit>()V> (0x000000070fb30858) 
thrown [./open/src/hotspot/share/prims/jni.cpp, line 1348]
Event: 1.591 Thread 0x00000273408ee800 Exception <a 'java/lang/NoSuchMethodError'{0x000000070fb42a10}: static Lrlbotexample/animations/IndexedCarGroup;.<clinit>()V> (0x000000070fb42a10) 
thrown [./open/src/hotspot/share/prims/jni.cpp, line 1348]
Event: 1.592 Thread 0x00000273408ee800 Exception <a 'java/lang/NoSuchMethodError'{0x000000070fb4a770}: static Lrlbotexample/animations/CarGroup;.<clinit>()V> (0x000000070fb4a770) 
thrown [./open/src/hotspot/share/prims/jni.cpp, line 1348]
Event: 1.593 Thread 0x00000273408ee800 Exception <a 'java/lang/NoSuchMethodError'{0x000000070fb54550}: static Lrlbotexample/animations/AnimatedCarObject;.<clinit>()V> (0x000000070fb54550) 
thrown [./open/src/hotspot/share/prims/jni.cpp, line 1348]
Event: 1.594 Thread 0x00000273408ee800 Exception <a 'java/lang/NoSuchMethodError'{0x000000070fb5d158}: static Lutil/math/vector/ZyxOrientedPosition;.<clinit>()V> (0x000000070fb5d158) 
thrown [./open/src/hotspot/share/prims/jni.cpp, line 1348]
Event: 1.597 Thread 0x00000273408ee800 Exception <a 'java/lang/NoSuchMethodError'{0x000000070fb79d30}: static Ljava/lang/Object;.<clinit>()V> (0x000000070fb79d30) 
thrown [./open/src/hotspot/share/prims/jni.cpp, line 1348]

Events (20 events):
Event: 1.900 Executing VM operation: HandshakeOneThread done
Event: 1.900 Executing VM operation: HandshakeOneThread
Event: 1.900 Executing VM operation: HandshakeOneThread done
Event: 1.901 Executing VM operation: HandshakeOneThread
Event: 1.901 Executing VM operation: HandshakeOneThread done
Event: 1.906 Executing VM operation: HandshakeOneThread
Event: 1.906 Executing VM operation: HandshakeOneThread done
Event: 1.906 Executing VM operation: HandshakeOneThread
Event: 1.906 Executing VM operation: HandshakeOneThread done
Event: 1.906 Executing VM operation: HandshakeOneThread
Event: 1.906 Executing VM operation: HandshakeOneThread done
Event: 1.906 Executing VM operation: HandshakeOneThread
Event: 1.906 Executing VM operation: HandshakeOneThread done
Event: 1.906 Executing VM operation: HandshakeOneThread
Event: 1.906 Executing VM operation: HandshakeOneThread done
Event: 1.949 loading class jdk/internal/access/foreign/MemorySegmentProxy
Event: 1.949 loading class jdk/internal/access/foreign/MemorySegmentProxy done
Event: 1.991 Executing VM operation: G1CollectForAllocation
Event: 1.994 Executing VM operation: G1CollectForAllocation done
Event: 2.003 Loaded shared library C:\Users\Plads\AppData\Local\Temp\jna-77195540\jna12195772723867188071.dll


Dynamic libraries:
0x00007ff7fa410000 - 0x00007ff7fa41d000 	C:\Program Files\Java\jdk-14.0.2\bin\java.exe
0x00007ffa59090000 - 0x00007ffa59285000 	C:\Windows\SYSTEM32\ntdll.dll
0x00007ffa377c0000 - 0x00007ffa377d6000 	C:\Program Files\Avast Software\Avast\aswhook.dll
0x00007ffa57220000 - 0x00007ffa572de000 	C:\Windows\System32\KERNEL32.DLL
0x00007ffa568c0000 - 0x00007ffa56b88000 	C:\Windows\System32\KERNELBASE.dll
0x00007ffa56fe0000 - 0x00007ffa570e0000 	C:\Windows\System32\ucrtbase.dll
0x00007ffa34560000 - 0x00007ffa34575000 	C:\Program Files\Java\jdk-14.0.2\bin\VCRUNTIME140.dll
0x00007ffa34540000 - 0x00007ffa34558000 	C:\Program Files\Java\jdk-14.0.2\bin\jli.dll
0x00007ffa574c0000 - 0x00007ffa57660000 	C:\Windows\System32\USER32.dll
0x00007ffa567a0000 - 0x00007ffa567c2000 	C:\Windows\System32\win32u.dll
0x00007ffa372f0000 - 0x00007ffa3758a000 	C:\Windows\WinSxS\amd64_microsoft.windows.common-controls_6595b64144ccf1df_6.0.19041.1110_none_60b5254171f9507e\COMCTL32.dll
0x00007ffa58e20000 - 0x00007ffa58e4b000 	C:\Windows\System32\GDI32.dll
0x00007ffa58d80000 - 0x00007ffa58e1e000 	C:\Windows\System32\msvcrt.dll
0x00007ffa56cc0000 - 0x00007ffa56dcd000 	C:\Windows\System32\gdi32full.dll
0x00007ffa56b90000 - 0x00007ffa56c2d000 	C:\Windows\System32\msvcp_win.dll
0x00007ffa57ea0000 - 0x00007ffa57ed0000 	C:\Windows\System32\IMM32.DLL
0x00007ffa281b0000 - 0x00007ffa2824b000 	C:\Program Files\Java\jdk-14.0.2\bin\msvcp140.dll
0x00007ff9bc300000 - 0x00007ff9bce1e000 	C:\Program Files\Java\jdk-14.0.2\bin\server\jvm.dll
0x00007ffa57170000 - 0x00007ffa5721e000 	C:\Windows\System32\ADVAPI32.dll
0x00007ffa58360000 - 0x00007ffa583fc000 	C:\Windows\System32\sechost.dll
0x00007ffa587c0000 - 0x00007ffa588e5000 	C:\Windows\System32\RPCRT4.dll
0x00007ffa57160000 - 0x00007ffa57168000 	C:\Windows\System32\PSAPI.DLL
0x00007ffa49ab0000 - 0x00007ffa49ab9000 	C:\Windows\SYSTEM32\WSOCK32.dll
0x00007ffa507f0000 - 0x00007ffa507fa000 	C:\Windows\SYSTEM32\VERSION.dll
0x00007ffa41d60000 - 0x00007ffa41d87000 	C:\Windows\SYSTEM32\WINMM.dll
0x00007ffa57660000 - 0x00007ffa576cb000 	C:\Windows\System32\WS2_32.dll
0x00007ffa546b0000 - 0x00007ffa546c2000 	C:\Windows\SYSTEM32\kernel.appcore.dll
0x00007ffa3c1c0000 - 0x00007ffa3c1ca000 	C:\Program Files\Java\jdk-14.0.2\bin\jimage.dll
0x00007ffa4d930000 - 0x00007ffa4db14000 	C:\Windows\SYSTEM32\DBGHELP.DLL
0x00007ffa4d900000 - 0x00007ffa4d92c000 	C:\Windows\SYSTEM32\dbgcore.DLL
0x00007ffa56c30000 - 0x00007ffa56cb2000 	C:\Windows\System32\bcryptPrimitives.dll
0x00007ffa34510000 - 0x00007ffa34535000 	C:\Program Files\Java\jdk-14.0.2\bin\java.dll
0x00007ffa344d0000 - 0x00007ffa344e6000 	C:\Program Files\Java\jdk-14.0.2\bin\zip.dll
0x00007ffa576d0000 - 0x00007ffa57e14000 	C:\Windows\System32\SHELL32.dll
0x00007ffa548b0000 - 0x00007ffa55044000 	C:\Windows\SYSTEM32\windows.storage.dll
0x00007ffa58400000 - 0x00007ffa58755000 	C:\Windows\System32\combase.dll
0x00007ffa561f0000 - 0x00007ffa5621e000 	C:\Windows\SYSTEM32\Wldp.dll
0x00007ffa572e0000 - 0x00007ffa5738d000 	C:\Windows\System32\SHCORE.dll
0x00007ffa58760000 - 0x00007ffa587b5000 	C:\Windows\System32\shlwapi.dll
0x00007ffa566e0000 - 0x00007ffa566ff000 	C:\Windows\SYSTEM32\profapi.dll
0x00007ffa344b0000 - 0x00007ffa344c9000 	C:\Program Files\Java\jdk-14.0.2\bin\net.dll
0x00007ffa4f5e0000 - 0x00007ffa4f6ec000 	C:\Windows\SYSTEM32\WINHTTP.dll
0x00007ffa55f50000 - 0x00007ffa55fba000 	C:\Windows\system32\mswsock.dll
0x00007ffa34250000 - 0x00007ffa34262000 	C:\Program Files\Java\jdk-14.0.2\bin\nio.dll
0x00007ff9e0ca0000 - 0x00007ff9e0e38000 	C:\Program Files\Java\jdk-14.0.2\bin\awt.dll
0x00007ffa58f80000 - 0x00007ffa5904d000 	C:\Windows\System32\OLEAUT32.dll
0x00007ffa54220000 - 0x00007ffa542b0000 	C:\Windows\SYSTEM32\apphelp.dll
0x00007ffa55280000 - 0x00007ffa552b3000 	C:\Windows\SYSTEM32\ntmarta.dll
0x00007ffa56140000 - 0x00007ffa56158000 	C:\Windows\SYSTEM32\CRYPTSP.dll
0x00007ffa55860000 - 0x00007ffa55894000 	C:\Windows\system32\rsaenh.dll
0x00007ffa567d0000 - 0x00007ffa567f7000 	C:\Windows\System32\bcrypt.dll
0x00007ffa566a0000 - 0x00007ffa566ce000 	C:\Windows\SYSTEM32\USERENV.dll
0x00007ffa56160000 - 0x00007ffa5616c000 	C:\Windows\SYSTEM32\CRYPTBASE.dll
0x00007ffa55bf0000 - 0x00007ffa55c2b000 	C:\Windows\SYSTEM32\IPHLPAPI.DLL
0x00007ffa58350000 - 0x00007ffa58358000 	C:\Windows\System32\NSI.dll
0x00007ffa50ff0000 - 0x00007ffa51007000 	C:\Windows\SYSTEM32\dhcpcsvc6.DLL
0x00007ffa50e60000 - 0x00007ffa50e7d000 	C:\Windows\SYSTEM32\dhcpcsvc.DLL
0x00007ffa545a0000 - 0x00007ffa545cf000 	C:\Windows\system32\DWMAPI.DLL
0x00007ffa543b0000 - 0x00007ffa5444e000 	C:\Windows\system32\uxtheme.dll
0x00007ffa55c30000 - 0x00007ffa55cfb000 	C:\Windows\SYSTEM32\DNSAPI.dll
0x00007ffa11020000 - 0x00007ffa11145000 	C:\Windows\system32\opengl32.dll
0x00007ffa10ff0000 - 0x00007ffa1101c000 	C:\Windows\SYSTEM32\GLU32.dll
0x00007ffa57390000 - 0x00007ffa574a6000 	C:\Windows\System32\MSCTF.dll
0x00007ffa58e50000 - 0x00007ffa58f7a000 	C:\Windows\System32\ole32.dll
0x00007ffa4a150000 - 0x00007ffa4a320000 	C:\Windows\system32\d3d9.dll
0x00007ffa4a040000 - 0x00007ffa4a147000 	C:\Windows\System32\DriverStore\FileRepository\nv_dispig.inf_amd64_31a2adf8c49e7799\nvldumdx.dll
0x00007ffa56380000 - 0x00007ffa56392000 	C:\Windows\SYSTEM32\msasn1.dll
0x00007ffa507b0000 - 0x00007ffa507e1000 	C:\Windows\SYSTEM32\cryptnet.dll
0x00007ffa56e80000 - 0x00007ffa56fd6000 	C:\Windows\System32\CRYPT32.dll
0x00007ffa4d7b0000 - 0x00007ffa4d8fa000 	C:\Windows\SYSTEM32\drvstore.dll
0x00007ffa56540000 - 0x00007ffa56574000 	C:\Windows\SYSTEM32\devobj.dll
0x00007ffa56800000 - 0x00007ffa5684e000 	C:\Windows\System32\cfgmgr32.dll
0x00007ffa56850000 - 0x00007ffa568b9000 	C:\Windows\System32\WINTRUST.DLL
0x00007ffa57140000 - 0x00007ffa5715d000 	C:\Windows\System32\imagehlp.dll
0x00007ffa32fb0000 - 0x00007ffa32ff2000 	C:\Users\Plads\AppData\Local\Temp\jna-77195540\jna12195772723867188071.dll
0x00007ff9bdba0000 - 0x00007ff9bf328000 	C:\Windows\System32\DriverStore\FileRepository\nv_dispig.inf_amd64_31a2adf8c49e7799\nvd3dumx.dll
0x00007ffa3bdb0000 - 0x00007ffa3bdde000 	C:\Users\Plads\Documents\GitHub\Flyve\Boss-Battle\build\dll\RLBot_Core_Interface.dll
0x00007ffa55060000 - 0x00007ffa55083000 	C:\Windows\SYSTEM32\gpapi.dll
0x00007ffa4a4f0000 - 0x00007ffa4a52b000 	C:\Windows\SYSTEM32\dxcore.dll
0x00007ffa32f20000 - 0x00007ffa32fa2000 	C:\Program Files\Java\jdk-14.0.2\bin\freetype.dll
0x00007ffa24e10000 - 0x00007ffa24eb6000 	C:\Program Files\Java\jdk-14.0.2\bin\fontmanager.dll
0x00007ffa34080000 - 0x00007ffa34179000 	C:\Windows\SYSTEM32\textinputframework.dll
0x00007ffa53f00000 - 0x00007ffa53ff2000 	C:\Windows\System32\CoreMessaging.dll
0x00007ffa53ba0000 - 0x00007ffa53efe000 	C:\Windows\System32\CoreUIComponents.dll
0x00007ffa52c80000 - 0x00007ffa52dd4000 	C:\Windows\SYSTEM32\wintypes.dll

dbghelp: loaded successfully - version: 4.0.5 - missing functions: none
symbol engine: initialized successfully - sym options: 0x614 - pdb path: .;C:\Program Files\Java\jdk-14.0.2\bin;C:\Windows\SYSTEM32;C:\Program Files\Avast Software\Avast;C:\Windows\WinSxS\amd64_microsoft.windows.common-controls_6595b64144ccf1df_6.0.19041.1110_none_60b5254171f9507e;C:\Program Files\Java\jdk-14.0.2\bin\server;C:\Windows\System32\DriverStore\FileRepository\nv_dispig.inf_amd64_31a2adf8c49e7799;C:\Users\Plads\AppData\Local\Temp\jna-77195540;C:\Users\Plads\Documents\GitHub\Flyve\Boss-Battle\build\dll

VM Arguments:
jvm_args: -Dfile.encoding=windows-1252 -Duser.country=CA -Duser.language=en -Duser.variant 
java_command: rlbotexample.JavaExample
java_class_path (initial): C:\Users\Plads\Documents\GitHub\Flyve\Boss-Battle\build\classes\java\main;C:\Users\Plads\Documents\GitHub\Flyve\Boss-Battle\build\resources\main;C:\Users\Plads\Documents\GitHub\Flyve\Boss-Battle\build\dll;C:\Users\Plads\.gradle\caches\modules-2\files-2.1\org.rlbot.commons\framework\2.1.0\30b955d146d454cbe8606b4e68752843b7b43dc6\framework-2.1.0.jar;C:\Users\Plads\.gradle\caches\modules-2\files-2.1\net.java.dev.jna\jna-platform\4.5.1\117d52c9f672d8b7ea80a81464c33ef843de9254\jna-platform-4.5.1.jar;C:\Users\Plads\.gradle\caches\modules-2\files-2.1\net.java.dev.jna\jna\4.5.1\65bd0cacc9c79a21c6ed8e9f588577cd3c2f85b9\jna-4.5.1.jar;C:\Users\Plads\.gradle\caches\modules-2\files-2.1\com.github.davidmoten\flatbuffers-java\1.9.0.1\eaa1b27095bb5127879458bc2ee1b78e00d4a20\flatbuffers-java-1.9.0.1.jar
Launcher Type: SUN_STANDARD

[Global flags]
     intx CICompilerCount                          = 3                                         {product} {ergonomic}
     uint ConcGCThreads                            = 2                                         {product} {ergonomic}
     uint G1ConcRefinementThreads                  = 6                                         {product} {ergonomic}
   size_t G1HeapRegionSize                         = 1048576                                   {product} {ergonomic}
    uintx GCDrainStackTargetSize                   = 64                                        {product} {ergonomic}
   size_t InitialHeapSize                          = 268435456                                 {product} {ergonomic}
   size_t MarkStackSize                            = 4194304                                   {product} {ergonomic}
   size_t MaxHeapSize                              = 4280287232                                {product} {ergonomic}
   size_t MaxNewSize                               = 2567962624                                {product} {ergonomic}
   size_t MinHeapDeltaBytes                        = 1048576                                   {product} {ergonomic}
   size_t MinHeapSize                              = 8388608                                   {product} {ergonomic}
    uintx NonNMethodCodeHeapSize                   = 5832780                                {pd product} {ergonomic}
    uintx NonProfiledCodeHeapSize                  = 122912730                              {pd product} {ergonomic}
    uintx ProfiledCodeHeapSize                     = 122912730                              {pd product} {ergonomic}
    uintx ReservedCodeCacheSize                    = 251658240                              {pd product} {ergonomic}
     bool SegmentedCodeCache                       = true                                      {product} {ergonomic}
   size_t SoftMaxHeapSize                          = 4280287232                             {manageable} {ergonomic}
     bool UseCompressedClassPointers               = true                                 {lp64_product} {ergonomic}
     bool UseCompressedOops                        = true                                 {lp64_product} {ergonomic}
     bool UseG1GC                                  = true                                      {product} {ergonomic}
     bool UseLargePagesIndividualAllocation        = false                                  {pd product} {ergonomic}

Logging:
Log output configuration:
 #0: stdout all=warning uptime,level,tags
 #1: stderr all=off uptime,level,tags

Environment Variables:
JAVA_HOME=C:\Program Files\Java\jdk-14.0.2
PATH=C:\Program Files (x86)\Common Files\Oracle\Java\javapath;C:\Program Files (x86)\VMware\VMware Player\bin\;C:\Python310\Scripts\;C:\Python310\;C:\Windows\system32;C:\Windows;C:\Windows\System32\Wbem;C:\Windows\System32\WindowsPowerShell\v1.0\;C:\Windows\System32\OpenSSH\;C:\Program Files\nodejs\;C:\ProgramData\chocolatey\bin;C:\Program Files (x86)\NVIDIA Corporation\PhysX\Common;C:\Program Files\Git\cmd;C:\Users\Plads\AppData\Local\Microsoft\WindowsApps;C:\Users\Plads\AppData\Roaming\npm;C:\Users\Plads\AppData\Local\atom\bin;C:\Program Files\JetBrains\IntelliJ IDEA Community Edition 2021.3.2\bin;;C:\Users\Plads\AppData\Local\GitHubDesktop\bin;C:\Program Files\JetBrains\PyCharm Community Edition 2021.3.2\bin;
USERNAME=Plads
OS=Windows_NT
PROCESSOR_IDENTIFIER=Intel64 Family 6 Model 158 Stepping 10, GenuineIntel



---------------  S Y S T E M  ---------------

OS: Windows 10 , 64 bit Build 19041 (10.0.19041.1503)
OS uptime: 3 days 2:43 hours

CPU:total 6 (initial active 6) (6 cores per cpu, 1 threads per core) family 6 model 158 stepping 10, cmov, cx8, fxsr, mmx, sse, sse2, sse3, ssse3, sse4.1, sse4.2, popcnt, avx, avx2, aes, clmul, erms, rtm, 3dnowpref, lzcnt, tsc, tscinvbit, bmi1, bmi2, adx, fma

Memory: 4k page, system-wide physical 16325M (1916M free)
TotalPageFile size 65477M (AvailPageFile size 4M)
current process WorkingSet (physical memory assigned to process): 133M, peak: 133M
current process commit charge ("private bytes"): 400M, peak: 401M

vm_info: OpenJDK 64-Bit Server VM (14.0.2+12-46) for windows-amd64 JRE (14.0.2+12-46), built on Jul  9 2020 00:31:16 by "mach5one" with MS VC++ 15.9 (VS2017)

END.
