#
# There is insufficient memory for the Java Runtime Environment to continue.
# Native memory allocation (mmap) failed to map 54525952 bytes for Failed to commit area from 0x0000000711200000 to 0x0000000714600000 of length 54525952.
# Possible reasons:
#   The system is out of physical RAM or swap space
#   The process is running with CompressedOops enabled, and the Java Heap may be blocking the growth of the native heap
# Possible solutions:
#   Reduce memory load on the system
#   Increase physical memory or swap space
#   Check if swap backing store is full
#   Decrease Java heap size (-Xmx/-Xms)
#   Decrease number of Java threads
#   Decrease Java thread stack sizes (-Xss)
#   Set larger code cache with -XX:ReservedCodeCacheSize=
#   JVM is running with Zero Based Compressed Oops mode in which the Java heap is
#     placed in the first 32GB address space. The Java Heap base address is the
#     maximum limit for the native heap growth. Please use -XX:HeapBaseMinAddress
#     to set the Java Heap base and to place the Java Heap above 32GB virtual address.
# This output file may be truncated or incomplete.
#
#  Out of Memory Error (./open/src/hotspot/os/windows/os_windows.cpp:3315), pid=9940, tid=22420
#
# JRE version: OpenJDK Runtime Environment (14.0.2+12) (build 14.0.2+12-46)
# Java VM: OpenJDK 64-Bit Server VM (14.0.2+12-46, mixed mode, sharing, tiered, compressed oops, g1 gc, windows-amd64)
# No core dump will be written. Minidumps are not enabled by default on client versions of Windows
#

---------------  S U M M A R Y ------------

Command Line: -Dfile.encoding=windows-1252 -Duser.country=CA -Duser.language=en -Duser.variant rlbotexample.JavaExample

Host: Intel(R) Core(TM) i5-8600K CPU @ 3.60GHz, 6 cores, 15G,  Windows 10 , 64 bit Build 19041 (10.0.19041.1503)
Time: Fri Feb 18 02:15:06 2022 Easter Island Daylight Time elapsed time: 98 seconds (0d 0h 1m 38s)

---------------  T H R E A D  ---------------

Current thread (0x0000026b67f6f800):  VMThread "VM Thread" [stack: 0x0000009e74500000,0x0000009e74600000] [id=22420]

Stack: [0x0000009e74500000,0x0000009e74600000]
[error occurred during error reporting (printing stack bounds), id 0xc0000005, EXCEPTION_ACCESS_VIOLATION (0xc0000005) at pc=0x0000026b4cd810ad]

Native frames: (J=compiled Java code, j=interpreted, Vv=VM code, C=native code)
V  [jvm.dll+0x5f8a9a]
V  [jvm.dll+0x74247a]
V  [jvm.dll+0x743c2f]
V  [jvm.dll+0x7441d5]
V  [jvm.dll+0x74418b]
V  [jvm.dll+0x5f7f6f]
V  [jvm.dll+0x5f8738]
C  [ntdll.dll+0xa20cf]
C  [ntdll.dll+0x51454]
C  [ntdll.dll+0xa0bfe]
C  0x0000026b4cd810ad

VM_Operation (0x0000009e75d0e9b0): G1CollectForAllocation, mode: safepoint, requested by thread 0x0000026b70380000


---------------  P R O C E S S  ---------------

Threads class SMR info:
_java_thread_list=0x0000026b72b2a260, length=21, elements={
0x0000026b67f75800, 0x0000026b67f78000, 0x0000026b67f95800, 0x0000026b67f99000,
0x0000026b67f9a000, 0x0000026b67f9d000, 0x0000026b68824000, 0x0000026b68831800,
0x0000026b689af800, 0x0000026b689b8800, 0x0000026b689f2800, 0x0000026b68e28800,
0x0000026b68e2b000, 0x0000026b68e39800, 0x0000026b700b2800, 0x0000026b70073800,
0x0000026b445d0000, 0x0000026b7000c000, 0x0000026b70384800, 0x0000026b70380000,
0x0000026b70384000
}

Java Threads: ( => current thread )
  0x0000026b67f75800 JavaThread "Reference Handler" daemon [_thread_blocked, id=23572, stack(0x0000009e74600000,0x0000009e74700000)]
  0x0000026b67f78000 JavaThread "Finalizer" daemon [_thread_blocked, id=9964, stack(0x0000009e74700000,0x0000009e74800000)]
  0x0000026b67f95800 JavaThread "Signal Dispatcher" daemon [_thread_blocked, id=15824, stack(0x0000009e74800000,0x0000009e74900000)]
  0x0000026b67f99000 JavaThread "Attach Listener" daemon [_thread_blocked, id=23924, stack(0x0000009e74900000,0x0000009e74a00000)]
  0x0000026b67f9a000 JavaThread "Service Thread" daemon [_thread_blocked, id=5956, stack(0x0000009e74a00000,0x0000009e74b00000)]
  0x0000026b67f9d000 JavaThread "C2 CompilerThread0" daemon [_thread_blocked, id=21256, stack(0x0000009e74b00000,0x0000009e74c00000)]
  0x0000026b68824000 JavaThread "C1 CompilerThread0" daemon [_thread_blocked, id=22832, stack(0x0000009e74c00000,0x0000009e74d00000)]
  0x0000026b68831800 JavaThread "Sweeper thread" daemon [_thread_blocked, id=23168, stack(0x0000009e74d00000,0x0000009e74e00000)]
  0x0000026b689af800 JavaThread "Notification Thread" daemon [_thread_blocked, id=11804, stack(0x0000009e74e00000,0x0000009e74f00000)]
  0x0000026b689b8800 JavaThread "Common-Cleaner" daemon [_thread_blocked, id=13044, stack(0x0000009e75000000,0x0000009e75100000)]
  0x0000026b689f2800 JavaThread "Thread-0" [_thread_blocked, id=16680, stack(0x0000009e75100000,0x0000009e75200000)]
  0x0000026b68e28800 JavaThread "Java2D Disposer" daemon [_thread_blocked, id=14700, stack(0x0000009e75200000,0x0000009e75300000)]
  0x0000026b68e2b000 JavaThread "AWT-Shutdown" [_thread_blocked, id=19224, stack(0x0000009e75300000,0x0000009e75400000)]
  0x0000026b68e39800 JavaThread "AWT-Windows" daemon [_thread_in_native, id=13100, stack(0x0000009e75400000,0x0000009e75500000)]
  0x0000026b700b2800 JavaThread "AWT-EventQueue-0" [_thread_blocked, id=25060, stack(0x0000009e75800000,0x0000009e75900000)]
  0x0000026b70073800 JavaThread "TimerQueue" daemon [_thread_blocked, id=4440, stack(0x0000009e75a00000,0x0000009e75b00000)]
  0x0000026b445d0000 JavaThread "DestroyJavaVM" [_thread_blocked, id=18144, stack(0x0000009e73f00000,0x0000009e74000000)]
  0x0000026b7000c000 JavaThread "D3D Screen Updater" daemon [_thread_blocked, id=17932, stack(0x0000009e75b00000,0x0000009e75c00000)]
  0x0000026b70384800 JavaThread "Thread-1" [_thread_blocked, id=21356, stack(0x0000009e75900000,0x0000009e75a00000)]
  0x0000026b70380000 JavaThread "Thread-2" [_thread_blocked, id=16500, stack(0x0000009e75c10000,0x0000009e75d10000)]
  0x0000026b70384000 JavaThread "Thread-12" [_thread_blocked, id=24460, stack(0x0000009e73d00000,0x0000009e73e00000)]

Other Threads:
=>0x0000026b67f6f800 VMThread "VM Thread" [stack: 0x0000009e74500000,0x0000009e74600000] [id=22420]
  0x0000026b689b0000 WatcherThread [stack: 0x0000009e74f00000,0x0000009e75000000] [id=24968]
  0x0000026b4463a800 GCTaskThread "GC Thread#0" [stack: 0x0000009e74000000,0x0000009e74100000] [id=10436]
  0x0000026b70874800 GCTaskThread "GC Thread#1" [stack: 0x0000009e76070000,0x0000009e76170000] [id=25936]
  0x0000026b70902800 GCTaskThread "GC Thread#2" [stack: 0x0000009e76170000,0x0000009e76270000] [id=6256]
  0x0000026b705e4000 GCTaskThread "GC Thread#3" [stack: 0x0000009e76270000,0x0000009e76370000] [id=9596]
  0x0000026b7055b000 GCTaskThread "GC Thread#4" [stack: 0x0000009e76370000,0x0000009e76470000] [id=3728]
  0x0000026b7055c000 GCTaskThread "GC Thread#5" [stack: 0x0000009e76470000,0x0000009e76570000] [id=8880]
  0x0000026b4465c000 ConcurrentGCThread "G1 Main Marker" [stack: 0x0000009e74100000,0x0000009e74200000] [id=7964]
  0x0000026b4465d800 ConcurrentGCThread "G1 Conc#0" [stack: 0x0000009e74200000,0x0000009e74300000] [id=18912]
  0x0000026b71b8b000 ConcurrentGCThread "G1 Conc#1" [stack: 0x0000009e76570000,0x0000009e76670000] [id=21452]
  0x0000026b67e5f800 ConcurrentGCThread "G1 Refine#0" [stack: 0x0000009e74300000,0x0000009e74400000] [id=5392]
  0x0000026b72b6e000 ConcurrentGCThread "G1 Refine#1" [stack: 0x0000009e75700000,0x0000009e75800000] [id=13768]
  0x0000026b67e62000 ConcurrentGCThread "G1 Young RemSet Sampling" [stack: 0x0000009e74400000,0x0000009e74500000] [id=26232]

Threads with active compile tasks:

VM state:at safepoint (normal execution)

VM Mutex/Monitor currently owned by a thread:  ([mutex/lock_event])
[0x0000026b445cac20] Threads_lock - owner thread: 0x0000026b67f6f800
[0x0000026b445cb400] Heap_lock - owner thread: 0x0000026b70380000

Heap address: 0x0000000700e00000, size: 4082 MB, Compressed Oops mode: Zero based, Oop shift amount: 3
Narrow klass base: 0x0000000800000000, Narrow klass shift: 3
Compressed class space size: 1073741824 Address: 0x0000000800b30000

Heap:
 garbage-first heap   total 319488K, used 191254K [0x0000000700e00000, 0x0000000800000000)
  region size 1024K, 4 young (4096K), 4 survivors (4096K)
 Metaspace       used 10857K, capacity 11246K, committed 11392K, reserved 1058816K
  class space    used 1154K, capacity 1320K, committed 1408K, reserved 1048576K
Heap Regions: E=young(eden), S=young(survivor), O=old, HS=humongous(starts), HC=humongous(continues), CS=collection set, F=free, OA=open archive, CA=closed archive, TAMS=top-at-mark-start (previous, next)
|   0|0x0000000700e00000, 0x0000000700f00000, 0x0000000700f00000|100%| O|  |TAMS 0x0000000700f00000, 0x0000000700e00000| Untracked 
|   1|0x0000000700f00000, 0x0000000701000000, 0x0000000701000000|100%| O|  |TAMS 0x0000000701000000, 0x0000000700f00000| Untracked 
|   2|0x0000000701000000, 0x0000000701100000, 0x0000000701100000|100%| O|  |TAMS 0x0000000701100000, 0x0000000701000000| Untracked 
|   3|0x0000000701100000, 0x0000000701200000, 0x0000000701200000|100%| O|  |TAMS 0x0000000701100000, 0x0000000701100000| Untracked 
|   4|0x0000000701200000, 0x0000000701300000, 0x0000000701300000|100%| O|  |TAMS 0x0000000701200000, 0x0000000701200000| Untracked 
|   5|0x0000000701300000, 0x0000000701400000, 0x0000000701400000|100%| O|  |TAMS 0x0000000701300000, 0x0000000701300000| Untracked 
|   6|0x0000000701400000, 0x0000000701500000, 0x0000000701500000|100%| O|  |TAMS 0x0000000701400000, 0x0000000701400000| Untracked 
|   7|0x0000000701500000, 0x0000000701600000, 0x0000000701600000|100%|HS|  |TAMS 0x0000000701500000, 0x0000000701500000| Complete 
|   8|0x0000000701600000, 0x0000000701700000, 0x0000000701700000|100%|HS|  |TAMS 0x0000000701600000, 0x0000000701600000| Complete 
|   9|0x0000000701700000, 0x0000000701800000, 0x0000000701800000|100%| O|  |TAMS 0x0000000701700000, 0x0000000701700000| Untracked 
|  10|0x0000000701800000, 0x0000000701900000, 0x0000000701900000|100%| O|  |TAMS 0x0000000701800000, 0x0000000701800000| Untracked 
|  11|0x0000000701900000, 0x0000000701a00000, 0x0000000701a00000|100%| O|  |TAMS 0x0000000701900000, 0x0000000701900000| Untracked 
|  12|0x0000000701a00000, 0x0000000701b00000, 0x0000000701b00000|100%| O|  |TAMS 0x0000000701a00000, 0x0000000701a00000| Untracked 
|  13|0x0000000701b00000, 0x0000000701c00000, 0x0000000701c00000|100%| O|  |TAMS 0x0000000701b00000, 0x0000000701b00000| Untracked 
|  14|0x0000000701c00000, 0x0000000701d00000, 0x0000000701d00000|100%| O|  |TAMS 0x0000000701c00000, 0x0000000701c00000| Untracked 
|  15|0x0000000701d00000, 0x0000000701e00000, 0x0000000701e00000|100%|HS|  |TAMS 0x0000000701d00000, 0x0000000701d00000| Complete 
|  16|0x0000000701e00000, 0x0000000701f00000, 0x0000000701f00000|100%|HC|  |TAMS 0x0000000701e00000, 0x0000000701e00000| Complete 
|  17|0x0000000701f00000, 0x0000000702000000, 0x0000000702000000|100%|HS|  |TAMS 0x0000000701f00000, 0x0000000701f00000| Complete 
|  18|0x0000000702000000, 0x0000000702100000, 0x0000000702100000|100%|HC|  |TAMS 0x0000000702000000, 0x0000000702000000| Complete 
|  19|0x0000000702100000, 0x0000000702200000, 0x0000000702200000|100%| O|  |TAMS 0x0000000702100000, 0x0000000702100000| Untracked 
|  20|0x0000000702200000, 0x0000000702300000, 0x0000000702300000|100%|HS|  |TAMS 0x0000000702200000, 0x0000000702200000| Complete 
|  21|0x0000000702300000, 0x0000000702400000, 0x0000000702400000|100%|HS|  |TAMS 0x0000000702300000, 0x0000000702300000| Complete 
|  22|0x0000000702400000, 0x0000000702500000, 0x0000000702500000|100%|HS|  |TAMS 0x0000000702400000, 0x0000000702400000| Complete 
|  23|0x0000000702500000, 0x0000000702600000, 0x0000000702600000|100%|HS|  |TAMS 0x0000000702500000, 0x0000000702500000| Complete 
|  24|0x0000000702600000, 0x0000000702700000, 0x0000000702700000|100%| O|  |TAMS 0x0000000702600000, 0x0000000702600000| Untracked 
|  25|0x0000000702700000, 0x0000000702800000, 0x0000000702800000|100%| O|  |TAMS 0x0000000702700000, 0x0000000702700000| Untracked 
|  26|0x0000000702800000, 0x0000000702900000, 0x0000000702900000|100%| O|  |TAMS 0x0000000702800000, 0x0000000702800000| Untracked 
|  27|0x0000000702900000, 0x0000000702a00000, 0x0000000702a00000|100%| O|  |TAMS 0x0000000702900000, 0x0000000702900000| Untracked 
|  28|0x0000000702a00000, 0x0000000702b00000, 0x0000000702b00000|100%| O|  |TAMS 0x0000000702a00000, 0x0000000702a00000| Untracked 
|  29|0x0000000702b00000, 0x0000000702c00000, 0x0000000702c00000|100%| O|  |TAMS 0x0000000702b00000, 0x0000000702b00000| Untracked 
|  30|0x0000000702c00000, 0x0000000702d00000, 0x0000000702d00000|100%| O|  |TAMS 0x0000000702c00000, 0x0000000702c00000| Untracked 
|  31|0x0000000702d00000, 0x0000000702e00000, 0x0000000702e00000|100%| O|  |TAMS 0x0000000702d00000, 0x0000000702d00000| Untracked 
|  32|0x0000000702e00000, 0x0000000702f00000, 0x0000000702f00000|100%| O|  |TAMS 0x0000000702e00000, 0x0000000702e00000| Untracked 
|  33|0x0000000702f00000, 0x0000000703000000, 0x0000000703000000|100%|HS|  |TAMS 0x0000000702f00000, 0x0000000702f00000| Complete 
|  34|0x0000000703000000, 0x0000000703100000, 0x0000000703100000|100%|HS|  |TAMS 0x0000000703000000, 0x0000000703000000| Complete 
|  35|0x0000000703100000, 0x0000000703200000, 0x0000000703200000|100%| O|  |TAMS 0x0000000703200000, 0x0000000703100000| Untracked 
|  36|0x0000000703200000, 0x0000000703300000, 0x0000000703300000|100%| O|  |TAMS 0x0000000703200000, 0x0000000703200000| Untracked 
|  37|0x0000000703300000, 0x0000000703400000, 0x0000000703400000|100%| O|  |TAMS 0x0000000703300000, 0x0000000703300000| Untracked 
|  38|0x0000000703400000, 0x0000000703500000, 0x0000000703500000|100%| O|  |TAMS 0x0000000703400000, 0x0000000703400000| Untracked 
|  39|0x0000000703500000, 0x0000000703600000, 0x0000000703600000|100%| O|  |TAMS 0x0000000703500000, 0x0000000703500000| Untracked 
|  40|0x0000000703600000, 0x0000000703700000, 0x0000000703700000|100%|HS|  |TAMS 0x0000000703600000, 0x0000000703600000| Complete 
|  41|0x0000000703700000, 0x0000000703800000, 0x0000000703800000|100%| O|  |TAMS 0x0000000703800000, 0x0000000703700000| Untracked 
|  42|0x0000000703800000, 0x0000000703900000, 0x0000000703900000|100%| O|  |TAMS 0x0000000703900000, 0x0000000703800000| Untracked 
|  43|0x0000000703900000, 0x0000000703a00000, 0x0000000703a00000|100%|HS|  |TAMS 0x0000000703900000, 0x0000000703900000| Complete 
|  44|0x0000000703a00000, 0x0000000703b00000, 0x0000000703b00000|100%| O|  |TAMS 0x0000000703a00000, 0x0000000703a00000| Untracked 
|  45|0x0000000703b00000, 0x0000000703c00000, 0x0000000703c00000|100%| O|  |TAMS 0x0000000703b00000, 0x0000000703b00000| Untracked 
|  46|0x0000000703c00000, 0x0000000703d00000, 0x0000000703d00000|100%| O|  |TAMS 0x0000000703c00000, 0x0000000703c00000| Untracked 
|  47|0x0000000703d00000, 0x0000000703e00000, 0x0000000703e00000|100%| O|  |TAMS 0x0000000703d00000, 0x0000000703d00000| Untracked 
|  48|0x0000000703e00000, 0x0000000703f00000, 0x0000000703f00000|100%| O|  |TAMS 0x0000000703f00000, 0x0000000703e00000| Untracked 
|  49|0x0000000703f00000, 0x0000000704000000, 0x0000000704000000|100%| O|  |TAMS 0x0000000703f00000, 0x0000000703f00000| Untracked 
|  50|0x0000000704000000, 0x0000000704100000, 0x0000000704100000|100%| O|  |TAMS 0x0000000704100000, 0x0000000704000000| Untracked 
|  51|0x0000000704100000, 0x0000000704200000, 0x0000000704200000|100%| O|  |TAMS 0x0000000704100000, 0x0000000704100000| Untracked 
|  52|0x0000000704200000, 0x0000000704300000, 0x0000000704300000|100%| O|  |TAMS 0x0000000704300000, 0x0000000704200000| Untracked 
|  53|0x0000000704300000, 0x0000000704400000, 0x0000000704400000|100%|HS|  |TAMS 0x0000000704300000, 0x0000000704300000| Complete 
|  54|0x0000000704400000, 0x0000000704500000, 0x0000000704500000|100%|HC|  |TAMS 0x0000000704400000, 0x0000000704400000| Complete 
|  55|0x0000000704500000, 0x0000000704600000, 0x0000000704600000|100%|HS|  |TAMS 0x0000000704500000, 0x0000000704500000| Complete 
|  56|0x0000000704600000, 0x0000000704700000, 0x0000000704700000|100%|HC|  |TAMS 0x0000000704600000, 0x0000000704600000| Complete 
|  57|0x0000000704700000, 0x0000000704800000, 0x0000000704800000|100%| O|  |TAMS 0x0000000704700000, 0x0000000704700000| Untracked 
|  58|0x0000000704800000, 0x0000000704900000, 0x0000000704900000|100%| O|  |TAMS 0x0000000704800000, 0x0000000704800000| Untracked 
|  59|0x0000000704900000, 0x0000000704a00000, 0x0000000704a00000|100%| O|  |TAMS 0x0000000704900000, 0x0000000704900000| Untracked 
|  60|0x0000000704a00000, 0x0000000704b00000, 0x0000000704b00000|100%| O|  |TAMS 0x0000000704b00000, 0x0000000704a00000| Untracked 
|  61|0x0000000704b00000, 0x0000000704c00000, 0x0000000704c00000|100%|HS|  |TAMS 0x0000000704b00000, 0x0000000704b00000| Complete 
|  62|0x0000000704c00000, 0x0000000704d00000, 0x0000000704d00000|100%|HS|  |TAMS 0x0000000704c00000, 0x0000000704c00000| Complete 
|  63|0x0000000704d00000, 0x0000000704e00000, 0x0000000704e00000|100%| O|  |TAMS 0x0000000704d00000, 0x0000000704d00000| Untracked 
|  64|0x0000000704e00000, 0x0000000704f00000, 0x0000000704f00000|100%| O|  |TAMS 0x0000000704f00000, 0x0000000704e00000| Untracked 
|  65|0x0000000704f00000, 0x0000000705000000, 0x0000000705000000|100%| O|  |TAMS 0x0000000705000000, 0x0000000704f00000| Untracked 
|  66|0x0000000705000000, 0x0000000705100000, 0x0000000705100000|100%| O|  |TAMS 0x0000000705100000, 0x0000000705000000| Untracked 
|  67|0x0000000705100000, 0x0000000705200000, 0x0000000705200000|100%| O|  |TAMS 0x0000000705100000, 0x0000000705100000| Untracked 
|  68|0x0000000705200000, 0x0000000705300000, 0x0000000705300000|100%| O|  |TAMS 0x0000000705200000, 0x0000000705200000| Untracked 
|  69|0x0000000705300000, 0x0000000705400000, 0x0000000705400000|100%|HS|  |TAMS 0x0000000705300000, 0x0000000705300000| Complete 
|  70|0x0000000705400000, 0x0000000705500000, 0x0000000705500000|100%|HC|  |TAMS 0x0000000705400000, 0x0000000705400000| Complete 
|  71|0x0000000705500000, 0x0000000705600000, 0x0000000705600000|100%|HS|  |TAMS 0x0000000705500000, 0x0000000705500000| Complete 
|  72|0x0000000705600000, 0x0000000705700000, 0x0000000705700000|100%|HC|  |TAMS 0x0000000705600000, 0x0000000705600000| Complete 
|  73|0x0000000705700000, 0x0000000705800000, 0x0000000705800000|100%| O|  |TAMS 0x0000000705800000, 0x0000000705700000| Untracked 
|  74|0x0000000705800000, 0x0000000705900000, 0x0000000705900000|100%| O|  |TAMS 0x0000000705800000, 0x0000000705800000| Untracked 
|  75|0x0000000705900000, 0x0000000705a00000, 0x0000000705a00000|100%| O|  |TAMS 0x0000000705900000, 0x0000000705900000| Untracked 
|  76|0x0000000705a00000, 0x0000000705b00000, 0x0000000705b00000|100%| O|  |TAMS 0x0000000705a00000, 0x0000000705a00000| Untracked 
|  77|0x0000000705b00000, 0x0000000705c00000, 0x0000000705c00000|100%|HS|  |TAMS 0x0000000705b00000, 0x0000000705b00000| Complete 
|  78|0x0000000705c00000, 0x0000000705d00000, 0x0000000705d00000|100%| O|  |TAMS 0x0000000705d00000, 0x0000000705c00000| Untracked 
|  79|0x0000000705d00000, 0x0000000705e00000, 0x0000000705e00000|100%| O|  |TAMS 0x0000000705e00000, 0x0000000705d00000| Untracked 
|  80|0x0000000705e00000, 0x0000000705f00000, 0x0000000705f00000|100%|HS|  |TAMS 0x0000000705e00000, 0x0000000705e00000| Complete 
|  81|0x0000000705f00000, 0x0000000706000000, 0x0000000706000000|100%| O|  |TAMS 0x0000000705f00000, 0x0000000705f00000| Untracked 
|  82|0x0000000706000000, 0x0000000706100000, 0x0000000706100000|100%| O|  |TAMS 0x0000000706100000, 0x0000000706000000| Untracked 
|  83|0x0000000706100000, 0x0000000706200000, 0x0000000706200000|100%| O|  |TAMS 0x0000000706100000, 0x0000000706100000| Untracked 
|  84|0x0000000706200000, 0x0000000706300000, 0x0000000706300000|100%| O|  |TAMS 0x0000000706300000, 0x0000000706200000| Untracked 
|  85|0x0000000706300000, 0x0000000706400000, 0x0000000706400000|100%| O|  |TAMS 0x0000000706300000, 0x0000000706300000| Untracked 
|  86|0x0000000706400000, 0x0000000706500000, 0x0000000706500000|100%| O|  |TAMS 0x0000000706500000, 0x0000000706400000| Untracked 
|  87|0x0000000706500000, 0x0000000706600000, 0x0000000706600000|100%| O|  |TAMS 0x0000000706600000, 0x0000000706500000| Untracked 
|  88|0x0000000706600000, 0x0000000706700000, 0x0000000706700000|100%| O|  |TAMS 0x0000000706700000, 0x0000000706600000| Untracked 
|  89|0x0000000706700000, 0x0000000706800000, 0x0000000706800000|100%| O|  |TAMS 0x0000000706700000, 0x0000000706700000| Untracked 
|  90|0x0000000706800000, 0x0000000706900000, 0x0000000706900000|100%| O|  |TAMS 0x0000000706900000, 0x0000000706800000| Untracked 
|  91|0x0000000706900000, 0x0000000706a00000, 0x0000000706a00000|100%| O|  |TAMS 0x0000000706900000, 0x0000000706900000| Untracked 
|  92|0x0000000706a00000, 0x0000000706b00000, 0x0000000706b00000|100%| O|  |TAMS 0x0000000706a00000, 0x0000000706a00000| Untracked 
|  93|0x0000000706b00000, 0x0000000706c00000, 0x0000000706c00000|100%| O|  |TAMS 0x0000000706c00000, 0x0000000706b00000| Untracked 
|  94|0x0000000706c00000, 0x0000000706d00000, 0x0000000706d00000|100%| O|  |TAMS 0x0000000706d00000, 0x0000000706c00000| Untracked 
|  95|0x0000000706d00000, 0x0000000706e00000, 0x0000000706e00000|100%|HS|  |TAMS 0x0000000706d00000, 0x0000000706d00000| Complete 
|  96|0x0000000706e00000, 0x0000000706f00000, 0x0000000706f00000|100%| O|  |TAMS 0x0000000706f00000, 0x0000000706e00000| Untracked 
|  97|0x0000000706f00000, 0x0000000707000000, 0x0000000707000000|100%| O|  |TAMS 0x0000000707000000, 0x0000000706f00000| Untracked 
|  98|0x0000000707000000, 0x0000000707100000, 0x0000000707100000|100%|HS|  |TAMS 0x0000000707000000, 0x0000000707000000| Complete 
|  99|0x0000000707100000, 0x0000000707200000, 0x0000000707200000|100%| O|  |TAMS 0x0000000707200000, 0x0000000707100000| Untracked 
| 100|0x0000000707200000, 0x0000000707300000, 0x0000000707300000|100%| O|  |TAMS 0x0000000707200000, 0x0000000707200000| Untracked 
| 101|0x0000000707300000, 0x0000000707400000, 0x0000000707400000|100%|HS|  |TAMS 0x0000000707400000, 0x0000000707300000| Complete 
| 102|0x0000000707400000, 0x0000000707500000, 0x0000000707500000|100%|HS|  |TAMS 0x0000000707500000, 0x0000000707400000| Complete 
| 103|0x0000000707500000, 0x0000000707600000, 0x0000000707600000|100%| O|  |TAMS 0x0000000707600000, 0x0000000707500000| Untracked 
| 104|0x0000000707600000, 0x0000000707700000, 0x0000000707700000|100%| O|  |TAMS 0x000000070769f400, 0x0000000707600000| Untracked 
| 105|0x0000000707700000, 0x0000000707800000, 0x0000000707800000|100%|HS|  |TAMS 0x0000000707800000, 0x0000000707700000| Complete 
| 106|0x0000000707800000, 0x0000000707900000, 0x0000000707900000|100%|HC|  |TAMS 0x0000000707900000, 0x0000000707800000| Complete 
| 107|0x0000000707900000, 0x0000000707a00000, 0x0000000707a00000|100%| O|  |TAMS 0x0000000707900000, 0x0000000707900000| Untracked 
| 108|0x0000000707a00000, 0x0000000707b00000, 0x0000000707b00000|100%|HS|  |TAMS 0x0000000707a00000, 0x0000000707a00000| Complete 
| 109|0x0000000707b00000, 0x0000000707c00000, 0x0000000707c00000|100%|HC|  |TAMS 0x0000000707b00000, 0x0000000707b00000| Complete 
| 110|0x0000000707c00000, 0x0000000707d00000, 0x0000000707d00000|100%| O|  |TAMS 0x0000000707c00000, 0x0000000707c00000| Untracked 
| 111|0x0000000707d00000, 0x0000000707e00000, 0x0000000707e00000|100%| O|  |TAMS 0x0000000707d00000, 0x0000000707d00000| Untracked 
| 112|0x0000000707e00000, 0x0000000707f00000, 0x0000000707f00000|100%| O|  |TAMS 0x0000000707e00000, 0x0000000707e00000| Untracked 
| 113|0x0000000707f00000, 0x0000000708000000, 0x0000000708000000|100%| O|  |TAMS 0x0000000707f00000, 0x0000000707f00000| Untracked 
| 114|0x0000000708000000, 0x0000000708100000, 0x0000000708100000|100%| O|  |TAMS 0x0000000708000000, 0x0000000708000000| Untracked 
| 115|0x0000000708100000, 0x0000000708200000, 0x0000000708200000|100%| O|  |TAMS 0x0000000708100000, 0x0000000708100000| Untracked 
| 116|0x0000000708200000, 0x0000000708300000, 0x0000000708300000|100%|HS|  |TAMS 0x0000000708200000, 0x0000000708200000| Complete 
| 117|0x0000000708300000, 0x0000000708400000, 0x0000000708400000|100%|HS|  |TAMS 0x0000000708300000, 0x0000000708300000| Complete 
| 118|0x0000000708400000, 0x0000000708500000, 0x0000000708500000|100%| O|  |TAMS 0x0000000708400000, 0x0000000708400000| Untracked 
| 119|0x0000000708500000, 0x0000000708600000, 0x0000000708600000|100%| O|  |TAMS 0x0000000708500000, 0x0000000708500000| Untracked 
| 120|0x0000000708600000, 0x0000000708700000, 0x0000000708700000|100%| O|  |TAMS 0x0000000708600000, 0x0000000708600000| Untracked 
| 121|0x0000000708700000, 0x0000000708800000, 0x0000000708800000|100%| O|  |TAMS 0x0000000708700000, 0x0000000708700000| Untracked 
| 122|0x0000000708800000, 0x0000000708900000, 0x0000000708900000|100%| O|  |TAMS 0x0000000708800000, 0x0000000708800000| Untracked 
| 123|0x0000000708900000, 0x0000000708a00000, 0x0000000708a00000|100%| O|  |TAMS 0x0000000708900000, 0x0000000708900000| Untracked 
| 124|0x0000000708a00000, 0x0000000708b00000, 0x0000000708b00000|100%|HS|  |TAMS 0x0000000708a00000, 0x0000000708a00000| Complete 
| 125|0x0000000708b00000, 0x0000000708c00000, 0x0000000708c00000|100%|HS|  |TAMS 0x0000000708b00000, 0x0000000708b00000| Complete 
| 126|0x0000000708c00000, 0x0000000708d00000, 0x0000000708d00000|100%| O|  |TAMS 0x0000000708c00000, 0x0000000708c00000| Untracked 
| 127|0x0000000708d00000, 0x0000000708e00000, 0x0000000708e00000|100%| O|  |TAMS 0x0000000708d00000, 0x0000000708d00000| Untracked 
| 128|0x0000000708e00000, 0x0000000708f00000, 0x0000000708f00000|100%| O|  |TAMS 0x0000000708e00000, 0x0000000708e00000| Untracked 
| 129|0x0000000708f00000, 0x0000000709000000, 0x0000000709000000|100%| O|  |TAMS 0x0000000708f00000, 0x0000000708f00000| Untracked 
| 130|0x0000000709000000, 0x0000000709100000, 0x0000000709100000|100%|HS|  |TAMS 0x0000000709000000, 0x0000000709000000| Complete 
| 131|0x0000000709100000, 0x0000000709200000, 0x0000000709200000|100%|HC|  |TAMS 0x0000000709100000, 0x0000000709100000| Complete 
| 132|0x0000000709200000, 0x0000000709300000, 0x0000000709300000|100%|HS|  |TAMS 0x0000000709200000, 0x0000000709200000| Complete 
| 133|0x0000000709300000, 0x0000000709400000, 0x0000000709400000|100%|HC|  |TAMS 0x0000000709300000, 0x0000000709300000| Complete 
| 134|0x0000000709400000, 0x0000000709500000, 0x0000000709500000|100%| O|  |TAMS 0x0000000709400000, 0x0000000709400000| Untracked 
| 135|0x0000000709500000, 0x0000000709600000, 0x0000000709600000|100%| O|  |TAMS 0x0000000709500000, 0x0000000709500000| Untracked 
| 136|0x0000000709600000, 0x0000000709700000, 0x0000000709700000|100%| O|  |TAMS 0x0000000709600000, 0x0000000709600000| Untracked 
| 137|0x0000000709700000, 0x0000000709800000, 0x0000000709800000|100%| O|  |TAMS 0x0000000709700000, 0x0000000709700000| Untracked 
| 138|0x0000000709800000, 0x0000000709900000, 0x0000000709900000|100%|HS|  |TAMS 0x0000000709800000, 0x0000000709800000| Complete 
| 139|0x0000000709900000, 0x0000000709a00000, 0x0000000709a00000|100%|HS|  |TAMS 0x0000000709900000, 0x0000000709900000| Complete 
| 140|0x0000000709a00000, 0x0000000709b00000, 0x0000000709b00000|100%| O|  |TAMS 0x0000000709a00000, 0x0000000709a00000| Untracked 
| 141|0x0000000709b00000, 0x0000000709c00000, 0x0000000709c00000|100%| O|  |TAMS 0x0000000709b00000, 0x0000000709b00000| Untracked 
| 142|0x0000000709c00000, 0x0000000709d00000, 0x0000000709d00000|100%| O|  |TAMS 0x0000000709c00000, 0x0000000709c00000| Untracked 
| 143|0x0000000709d00000, 0x0000000709e00000, 0x0000000709e00000|100%| O|  |TAMS 0x0000000709d00000, 0x0000000709d00000| Untracked 
| 144|0x0000000709e00000, 0x0000000709f00000, 0x0000000709f00000|100%| O|  |TAMS 0x0000000709e00000, 0x0000000709e00000| Untracked 
| 145|0x0000000709f00000, 0x000000070a000000, 0x000000070a000000|100%|HS|  |TAMS 0x0000000709f00000, 0x0000000709f00000| Complete 
| 146|0x000000070a000000, 0x000000070a100000, 0x000000070a100000|100%|HC|  |TAMS 0x000000070a000000, 0x000000070a000000| Complete 
| 147|0x000000070a100000, 0x000000070a200000, 0x000000070a200000|100%|HS|  |TAMS 0x000000070a100000, 0x000000070a100000| Complete 
| 148|0x000000070a200000, 0x000000070a300000, 0x000000070a300000|100%|HC|  |TAMS 0x000000070a200000, 0x000000070a200000| Complete 
| 149|0x000000070a300000, 0x000000070a400000, 0x000000070a400000|100%| O|  |TAMS 0x000000070a300000, 0x000000070a300000| Untracked 
| 150|0x000000070a400000, 0x000000070a500000, 0x000000070a500000|100%| O|  |TAMS 0x000000070a400000, 0x000000070a400000| Untracked 
| 151|0x000000070a500000, 0x000000070a600000, 0x000000070a600000|100%| O|  |TAMS 0x000000070a500000, 0x000000070a500000| Untracked 
| 152|0x000000070a600000, 0x000000070a700000, 0x000000070a700000|100%| O|  |TAMS 0x000000070a600000, 0x000000070a600000| Untracked 
| 153|0x000000070a700000, 0x000000070a800000, 0x000000070a800000|100%|HS|  |TAMS 0x000000070a700000, 0x000000070a700000| Complete 
| 154|0x000000070a800000, 0x000000070a900000, 0x000000070a900000|100%|HS|  |TAMS 0x000000070a800000, 0x000000070a800000| Complete 
| 155|0x000000070a900000, 0x000000070aa00000, 0x000000070aa00000|100%| O|  |TAMS 0x000000070a900000, 0x000000070a900000| Untracked 
| 156|0x000000070aa00000, 0x000000070ab00000, 0x000000070ab00000|100%| O|  |TAMS 0x000000070aa00000, 0x000000070aa00000| Untracked 
| 157|0x000000070ab00000, 0x000000070ac00000, 0x000000070ac00000|100%| O|  |TAMS 0x000000070ab00000, 0x000000070ab00000| Untracked 
| 158|0x000000070ac00000, 0x000000070ad00000, 0x000000070ad00000|100%| O|  |TAMS 0x000000070ac00000, 0x000000070ac00000| Untracked 
| 159|0x000000070ad00000, 0x000000070ae00000, 0x000000070ae00000|100%| O|  |TAMS 0x000000070ad00000, 0x000000070ad00000| Untracked 
| 160|0x000000070ae00000, 0x000000070af00000, 0x000000070af00000|100%| O|  |TAMS 0x000000070ae00000, 0x000000070ae00000| Untracked 
| 161|0x000000070af00000, 0x000000070b000000, 0x000000070b000000|100%|HS|  |TAMS 0x000000070af00000, 0x000000070af00000| Complete 
| 162|0x000000070b000000, 0x000000070b100000, 0x000000070b100000|100%|HS|  |TAMS 0x000000070b000000, 0x000000070b000000| Complete 
| 163|0x000000070b100000, 0x000000070b200000, 0x000000070b200000|100%| O|  |TAMS 0x000000070b100000, 0x000000070b100000| Untracked 
| 164|0x000000070b200000, 0x000000070b300000, 0x000000070b300000|100%| O|  |TAMS 0x000000070b200000, 0x000000070b200000| Untracked 
| 165|0x000000070b300000, 0x000000070b400000, 0x000000070b400000|100%| O|  |TAMS 0x000000070b300000, 0x000000070b300000| Untracked 
| 166|0x000000070b400000, 0x000000070b500000, 0x000000070b500000|100%| O|  |TAMS 0x000000070b400000, 0x000000070b400000| Untracked 
| 167|0x000000070b500000, 0x000000070b600000, 0x000000070b600000|100%| O|  |TAMS 0x000000070b500000, 0x000000070b500000| Untracked 
| 168|0x000000070b600000, 0x000000070b700000, 0x000000070b700000|100%| O|  |TAMS 0x000000070b600000, 0x000000070b600000| Untracked 
| 169|0x000000070b700000, 0x000000070b800000, 0x000000070b800000|100%| O|  |TAMS 0x000000070b700000, 0x000000070b700000| Untracked 
| 170|0x000000070b800000, 0x000000070b900000, 0x000000070b900000|100%| O|  |TAMS 0x000000070b800000, 0x000000070b800000| Untracked 
| 171|0x000000070b900000, 0x000000070ba00000, 0x000000070ba00000|100%| O|  |TAMS 0x000000070b900000, 0x000000070b900000| Untracked 
| 172|0x000000070ba00000, 0x000000070bb00000, 0x000000070bb00000|100%|HS|  |TAMS 0x000000070ba00000, 0x000000070ba00000| Complete 
| 173|0x000000070bb00000, 0x000000070bc00000, 0x000000070bc00000|100%|HS|  |TAMS 0x000000070bb00000, 0x000000070bb00000| Complete 
| 174|0x000000070bc00000, 0x000000070bd00000, 0x000000070bd00000|100%| O|  |TAMS 0x000000070bc00000, 0x000000070bc00000| Untracked 
| 175|0x000000070bd00000, 0x000000070be00000, 0x000000070be00000|100%| O|  |TAMS 0x000000070bd00000, 0x000000070bd00000| Untracked 
| 176|0x000000070be00000, 0x000000070bf00000, 0x000000070bf00000|100%| O|  |TAMS 0x000000070be00000, 0x000000070be00000| Untracked 
| 177|0x000000070bf00000, 0x000000070c000000, 0x000000070c000000|100%| O|  |TAMS 0x000000070bf00000, 0x000000070bf00000| Untracked 
| 178|0x000000070c000000, 0x000000070c100000, 0x000000070c100000|100%| O|  |TAMS 0x000000070c000000, 0x000000070c000000| Untracked 
| 179|0x000000070c100000, 0x000000070c200000, 0x000000070c200000|100%|HS|  |TAMS 0x000000070c100000, 0x000000070c100000| Complete 
| 180|0x000000070c200000, 0x000000070c300000, 0x000000070c300000|100%|HS|  |TAMS 0x000000070c200000, 0x000000070c200000| Complete 
| 181|0x000000070c300000, 0x000000070c400000, 0x000000070c400000|100%| O|  |TAMS 0x000000070c300000, 0x000000070c300000| Untracked 
| 182|0x000000070c400000, 0x000000070c500000, 0x000000070c500000|100%| O|  |TAMS 0x000000070c400000, 0x000000070c400000| Untracked 
| 183|0x000000070c500000, 0x000000070c530000, 0x000000070c600000| 18%| O|  |TAMS 0x000000070c500000, 0x000000070c500000| Untracked 
| 184|0x000000070c600000, 0x000000070c600000, 0x000000070c700000|  0%| F|  |TAMS 0x000000070c600000, 0x000000070c600000| Untracked 
| 185|0x000000070c700000, 0x000000070c700000, 0x000000070c800000|  0%| F|  |TAMS 0x000000070c700000, 0x000000070c700000| Untracked 
| 186|0x000000070c800000, 0x000000070c800000, 0x000000070c900000|  0%| F|  |TAMS 0x000000070c800000, 0x000000070c800000| Untracked 
| 187|0x000000070c900000, 0x000000070c900000, 0x000000070ca00000|  0%| F|  |TAMS 0x000000070c900000, 0x000000070c900000| Untracked 
| 188|0x000000070ca00000, 0x000000070ca00000, 0x000000070cb00000|  0%| F|  |TAMS 0x000000070ca00000, 0x000000070ca00000| Untracked 
| 189|0x000000070cb00000, 0x000000070cb00000, 0x000000070cc00000|  0%| F|  |TAMS 0x000000070cb00000, 0x000000070cb00000| Untracked 
| 190|0x000000070cc00000, 0x000000070cc00000, 0x000000070cd00000|  0%| F|  |TAMS 0x000000070cc00000, 0x000000070cc00000| Untracked 
| 191|0x000000070cd00000, 0x000000070cd00000, 0x000000070ce00000|  0%| F|  |TAMS 0x000000070cd00000, 0x000000070cd00000| Untracked 
| 192|0x000000070ce00000, 0x000000070ce00000, 0x000000070cf00000|  0%| F|  |TAMS 0x000000070ce00000, 0x000000070ce00000| Untracked 
| 193|0x000000070cf00000, 0x000000070cf00000, 0x000000070d000000|  0%| F|  |TAMS 0x000000070cf00000, 0x000000070cf00000| Untracked 
| 194|0x000000070d000000, 0x000000070d000000, 0x000000070d100000|  0%| F|  |TAMS 0x000000070d000000, 0x000000070d000000| Untracked 
| 195|0x000000070d100000, 0x000000070d100000, 0x000000070d200000|  0%| F|  |TAMS 0x000000070d100000, 0x000000070d100000| Untracked 
| 196|0x000000070d200000, 0x000000070d200000, 0x000000070d300000|  0%| F|  |TAMS 0x000000070d200000, 0x000000070d200000| Untracked 
| 197|0x000000070d300000, 0x000000070d300000, 0x000000070d400000|  0%| F|  |TAMS 0x000000070d300000, 0x000000070d300000| Untracked 
| 198|0x000000070d400000, 0x000000070d400000, 0x000000070d500000|  0%| F|  |TAMS 0x000000070d400000, 0x000000070d400000| Untracked 
| 199|0x000000070d500000, 0x000000070d500000, 0x000000070d600000|  0%| F|  |TAMS 0x000000070d500000, 0x000000070d500000| Untracked 
| 200|0x000000070d600000, 0x000000070d600000, 0x000000070d700000|  0%| F|  |TAMS 0x000000070d600000, 0x000000070d600000| Untracked 
| 201|0x000000070d700000, 0x000000070d700000, 0x000000070d800000|  0%| F|  |TAMS 0x000000070d700000, 0x000000070d700000| Untracked 
| 202|0x000000070d800000, 0x000000070d800000, 0x000000070d900000|  0%| F|  |TAMS 0x000000070d800000, 0x000000070d800000| Untracked 
| 203|0x000000070d900000, 0x000000070d900000, 0x000000070da00000|  0%| F|  |TAMS 0x000000070d900000, 0x000000070d900000| Untracked 
| 204|0x000000070da00000, 0x000000070da00000, 0x000000070db00000|  0%| F|  |TAMS 0x000000070da00000, 0x000000070da00000| Untracked 
| 205|0x000000070db00000, 0x000000070db00000, 0x000000070dc00000|  0%| F|  |TAMS 0x000000070db00000, 0x000000070db00000| Untracked 
| 206|0x000000070dc00000, 0x000000070dc00000, 0x000000070dd00000|  0%| F|  |TAMS 0x000000070dc00000, 0x000000070dc00000| Untracked 
| 207|0x000000070dd00000, 0x000000070dd00000, 0x000000070de00000|  0%| F|  |TAMS 0x000000070dd00000, 0x000000070dd00000| Untracked 
| 208|0x000000070de00000, 0x000000070de00000, 0x000000070df00000|  0%| F|  |TAMS 0x000000070de00000, 0x000000070de00000| Untracked 
| 209|0x000000070df00000, 0x000000070df00000, 0x000000070e000000|  0%| F|  |TAMS 0x000000070df00000, 0x000000070df00000| Untracked 
| 210|0x000000070e000000, 0x000000070e000000, 0x000000070e100000|  0%| F|  |TAMS 0x000000070e000000, 0x000000070e000000| Untracked 
| 211|0x000000070e100000, 0x000000070e100000, 0x000000070e200000|  0%| F|  |TAMS 0x000000070e100000, 0x000000070e100000| Untracked 
| 212|0x000000070e200000, 0x000000070e200000, 0x000000070e300000|  0%| F|  |TAMS 0x000000070e200000, 0x000000070e200000| Untracked 
| 213|0x000000070e300000, 0x000000070e395a50, 0x000000070e400000| 58%| S|CS|TAMS 0x000000070e300000, 0x000000070e300000| Complete 
| 214|0x000000070e400000, 0x000000070e500000, 0x000000070e500000|100%| S|CS|TAMS 0x000000070e400000, 0x000000070e400000| Complete 
| 215|0x000000070e500000, 0x000000070e500000, 0x000000070e600000|  0%| F|  |TAMS 0x000000070e500000, 0x000000070e500000| Untracked 
| 216|0x000000070e600000, 0x000000070e600000, 0x000000070e700000|  0%| F|  |TAMS 0x000000070e600000, 0x000000070e600000| Untracked 
| 217|0x000000070e700000, 0x000000070e800000, 0x000000070e800000|100%| S|CS|TAMS 0x000000070e700000, 0x000000070e700000| Complete 
| 218|0x000000070e800000, 0x000000070e900000, 0x000000070e900000|100%| S|CS|TAMS 0x000000070e800000, 0x000000070e800000| Complete 
| 219|0x000000070e900000, 0x000000070e900000, 0x000000070ea00000|  0%| F|  |TAMS 0x000000070e900000, 0x000000070e900000| Untracked 
| 220|0x000000070ea00000, 0x000000070ea00000, 0x000000070eb00000|  0%| F|  |TAMS 0x000000070ea00000, 0x000000070ea00000| Untracked 
| 221|0x000000070eb00000, 0x000000070eb00000, 0x000000070ec00000|  0%| F|  |TAMS 0x000000070eb00000, 0x000000070eb00000| Untracked 
| 222|0x000000070ec00000, 0x000000070ec00000, 0x000000070ed00000|  0%| F|  |TAMS 0x000000070ec00000, 0x000000070ec00000| Untracked 
| 223|0x000000070ed00000, 0x000000070ed00000, 0x000000070ee00000|  0%| F|  |TAMS 0x000000070ed00000, 0x000000070ed00000| Untracked 
| 224|0x000000070ee00000, 0x000000070ee00000, 0x000000070ef00000|  0%| F|  |TAMS 0x000000070ee00000, 0x000000070ee00000| Untracked 
| 225|0x000000070ef00000, 0x000000070ef00000, 0x000000070f000000|  0%| F|  |TAMS 0x000000070ef00000, 0x000000070ef00000| Untracked 
| 226|0x000000070f000000, 0x000000070f000000, 0x000000070f100000|  0%| F|  |TAMS 0x000000070f000000, 0x000000070f000000| Untracked 
| 227|0x000000070f100000, 0x000000070f100000, 0x000000070f200000|  0%| F|  |TAMS 0x000000070f100000, 0x000000070f100000| Untracked 
| 228|0x000000070f200000, 0x000000070f200000, 0x000000070f300000|  0%| F|  |TAMS 0x000000070f200000, 0x000000070f200000| Untracked 
| 229|0x000000070f300000, 0x000000070f300000, 0x000000070f400000|  0%| F|  |TAMS 0x000000070f300000, 0x000000070f300000| Untracked 
| 230|0x000000070f400000, 0x000000070f400000, 0x000000070f500000|  0%| F|  |TAMS 0x000000070f400000, 0x000000070f400000| Untracked 
| 231|0x000000070f500000, 0x000000070f500000, 0x000000070f600000|  0%| F|  |TAMS 0x000000070f500000, 0x000000070f500000| Untracked 
| 232|0x000000070f600000, 0x000000070f600000, 0x000000070f700000|  0%| F|  |TAMS 0x000000070f600000, 0x000000070f600000| Untracked 
| 233|0x000000070f700000, 0x000000070f700000, 0x000000070f800000|  0%| F|  |TAMS 0x000000070f700000, 0x000000070f700000| Untracked 
| 234|0x000000070f800000, 0x000000070f800000, 0x000000070f900000|  0%| F|  |TAMS 0x000000070f800000, 0x000000070f800000| Untracked 
| 235|0x000000070f900000, 0x000000070f900000, 0x000000070fa00000|  0%| F|  |TAMS 0x000000070f900000, 0x000000070f900000| Untracked 
| 236|0x000000070fa00000, 0x000000070fa00000, 0x000000070fb00000|  0%| F|  |TAMS 0x000000070fa00000, 0x000000070fa00000| Untracked 
| 237|0x000000070fb00000, 0x000000070fb00000, 0x000000070fc00000|  0%| F|  |TAMS 0x000000070fb00000, 0x000000070fb00000| Untracked 
| 238|0x000000070fc00000, 0x000000070fc00000, 0x000000070fd00000|  0%| F|  |TAMS 0x000000070fc00000, 0x000000070fc00000| Untracked 
| 239|0x000000070fd00000, 0x000000070fd00000, 0x000000070fe00000|  0%| F|  |TAMS 0x000000070fd00000, 0x000000070fd00000| Untracked 
| 240|0x000000070fe00000, 0x000000070fe00000, 0x000000070ff00000|  0%| F|  |TAMS 0x000000070fe00000, 0x000000070fe00000| Untracked 
| 241|0x000000070ff00000, 0x000000070ff00000, 0x0000000710000000|  0%| F|  |TAMS 0x000000070ff00000, 0x000000070ff00000| Untracked 
| 242|0x0000000710000000, 0x0000000710000000, 0x0000000710100000|  0%| F|  |TAMS 0x0000000710000000, 0x0000000710000000| Untracked 
| 243|0x0000000710100000, 0x0000000710100000, 0x0000000710200000|  0%| F|  |TAMS 0x0000000710100000, 0x0000000710100000| Untracked 
| 244|0x0000000710200000, 0x0000000710200000, 0x0000000710300000|  0%| F|  |TAMS 0x0000000710200000, 0x0000000710200000| Untracked 
| 245|0x0000000710300000, 0x0000000710300000, 0x0000000710400000|  0%| F|  |TAMS 0x0000000710300000, 0x0000000710300000| Untracked 
| 246|0x0000000710400000, 0x0000000710400000, 0x0000000710500000|  0%| F|  |TAMS 0x0000000710400000, 0x0000000710400000| Untracked 
| 247|0x0000000710500000, 0x0000000710500000, 0x0000000710600000|  0%| F|  |TAMS 0x0000000710500000, 0x0000000710500000| Untracked 
| 248|0x0000000710600000, 0x0000000710600000, 0x0000000710700000|  0%| F|  |TAMS 0x0000000710600000, 0x0000000710600000| Untracked 
| 249|0x0000000710700000, 0x0000000710700000, 0x0000000710800000|  0%| F|  |TAMS 0x0000000710700000, 0x0000000710700000| Untracked 
| 250|0x0000000710800000, 0x0000000710800000, 0x0000000710900000|  0%| F|  |TAMS 0x0000000710800000, 0x0000000710800000| Untracked 
| 251|0x0000000710900000, 0x0000000710900000, 0x0000000710a00000|  0%| F|  |TAMS 0x0000000710900000, 0x0000000710900000| Untracked 
| 252|0x0000000710a00000, 0x0000000710a00000, 0x0000000710b00000|  0%| F|  |TAMS 0x0000000710a00000, 0x0000000710a00000| Untracked 
| 253|0x0000000710b00000, 0x0000000710b00000, 0x0000000710c00000|  0%| F|  |TAMS 0x0000000710b00000, 0x0000000710b00000| Untracked 
| 254|0x0000000710c00000, 0x0000000710c00000, 0x0000000710d00000|  0%| F|  |TAMS 0x0000000710c00000, 0x0000000710c00000| Untracked 
| 255|0x0000000710d00000, 0x0000000710d00000, 0x0000000710e00000|  0%| F|  |TAMS 0x0000000710d00000, 0x0000000710d00000| Untracked 
| 256|0x0000000710e00000, 0x0000000710e00000, 0x0000000710f00000|  0%| F|  |TAMS 0x0000000710e00000, 0x0000000710e00000| Untracked 
| 257|0x0000000710f00000, 0x0000000710f00000, 0x0000000711000000|  0%| F|  |TAMS 0x0000000710f00000, 0x0000000710f00000| Untracked 
| 258|0x0000000711000000, 0x0000000711000000, 0x0000000711100000|  0%| F|  |TAMS 0x0000000711000000, 0x0000000711000000| Untracked 
| 259|0x0000000711100000, 0x0000000711100000, 0x0000000711200000|  0%| F|  |TAMS 0x0000000711100000, 0x0000000711100000| Untracked 

Card table byte_map: [0x0000026b5c690000,0x0000026b5ce90000] _byte_map_base: 0x0000026b58e89000

Marking Bits (Prev, Next): (CMBitMap*) 0x0000026b4463b608, (CMBitMap*) 0x0000026b4463b5c8
 Prev Bits: [0x0000026b61660000, 0x0000026b65628000)
 Next Bits: [0x0000026b5d690000, 0x0000026b61658000)

Polling page: 0x0000026b423f0000

Metaspace:

Usage:
  Non-class:      9.69 MB capacity,     9.48 MB ( 98%) used,   184.77 KB (  2%) free+waste,    37.44 KB ( <1%) overhead. 
      Class:      1.29 MB capacity,     1.13 MB ( 87%) used,   144.80 KB ( 11%) free+waste,    21.13 KB (  2%) overhead. 
       Both:     10.98 MB capacity,    10.60 MB ( 97%) used,   329.57 KB (  3%) free+waste,    58.56 KB ( <1%) overhead. 

Virtual space:
  Non-class space:       10.00 MB reserved,       9.75 MB ( 98%) committed 
      Class space:        1.00 GB reserved,       1.38 MB ( <1%) committed 
             Both:        1.01 GB reserved,      11.13 MB (  1%) committed 

Chunk freelists:
   Non-Class:  58.00 KB
       Class:  24.00 KB
        Both:  82.00 KB

MaxMetaspaceSize: 17179869184.00 GB
CompressedClassSpaceSize: 1.00 GB

CodeHeap 'non-profiled nmethods': size=120000Kb used=2039Kb max_used=2039Kb free=117960Kb
 bounds [0x0000026b54850000, 0x0000026b54ac0000, 0x0000026b5bd80000]
CodeHeap 'profiled nmethods': size=120000Kb used=5189Kb max_used=5189Kb free=114810Kb
 bounds [0x0000026b4d320000, 0x0000026b4d840000, 0x0000026b54850000]
CodeHeap 'non-nmethods': size=5760Kb used=1309Kb max_used=1356Kb free=4450Kb
 bounds [0x0000026b4cd80000, 0x0000026b4cff0000, 0x0000026b4d320000]
 total_blobs=3320 nmethods=2713 adapters=519
 compilation: enabled
              stopped_count=0, restarted_count=0
 full_count=0

Compilation events (20 events):
Event: 90.472 Thread 0x0000026b67f9d000 2708   !   4       com.sun.jna.Structure::newInstance (66 bytes)
Event: 90.474 Thread 0x0000026b67f9d000 nmethod 2708 0x0000026b54a4a710 code [0x0000026b54a4a8e0, 0x0000026b54a4aab8]
Event: 90.491 Thread 0x0000026b67f9d000 2709       4       rlbot.manager.BaseBotManager::clamp (10 bytes)
Event: 90.491 Thread 0x0000026b67f9d000 nmethod 2709 0x0000026b54a4ac90 code [0x0000026b54a4ae00, 0x0000026b54a4ae78]
Event: 90.972 Thread 0x0000026b67f9d000 2711       4       java.util.Arrays::equals (43 bytes)
Event: 90.974 Thread 0x0000026b67f9d000 nmethod 2711 0x0000026b54a4b390 code [0x0000026b54a4b560, 0x0000026b54a4b818]
Event: 92.966 Thread 0x0000026b68824000 2712   !   3       java.util.concurrent.locks.AbstractQueuedSynchronizer::acquire (407 bytes)
Event: 92.967 Thread 0x0000026b68824000 nmethod 2712 0x0000026b4d82d910 code [0x0000026b4d82dd40, 0x0000026b4d830748]
Event: 94.694 Thread 0x0000026b67f9d000 2713   !   4       rlbot.cppinterop.RLBotDll::getFlatbufferPacket (75 bytes)
Event: 94.700 Thread 0x0000026b67f9d000 nmethod 2713 0x0000026b54a4ba10 code [0x0000026b54a4bc80, 0x0000026b54a4c4a8]
Event: 95.194 Thread 0x0000026b67f9d000 2714       4       java.util.ArrayList::addAll (76 bytes)
Event: 95.196 Thread 0x0000026b67f9d000 nmethod 2714 0x0000026b54a4c990 code [0x0000026b54a4cb60, 0x0000026b54a4ce78]
Event: 95.199 Thread 0x0000026b67f9d000 2715       4       rlbot.flat.DesiredGameState::addBallState (8 bytes)
Event: 95.200 Thread 0x0000026b67f9d000 nmethod 2715 0x0000026b54a4d010 code [0x0000026b54a4d1e0, 0x0000026b54a4d388]
Event: 96.895 Thread 0x0000026b67f9d000 2716       4       rlbotexample.dynamic_objects.DataPacket::loadData (36 bytes)
Event: 96.895 Thread 0x0000026b67f9d000 nmethod 2716 0x0000026b54a4d590 code [0x0000026b54a4d720, 0x0000026b54a4d7d8]
Event: 97.554 Thread 0x0000026b67f9d000 2717       4       java.util.LinkedList$LLSpliterator::estimateSize (6 bytes)
Event: 97.555 Thread 0x0000026b67f9d000 nmethod 2717 0x0000026b54a4d890 code [0x0000026b54a4da20, 0x0000026b54a4db98]
Event: 97.851 Thread 0x0000026b67f9d000 2718       4       java.util.concurrent.atomic.AtomicBoolean::get (13 bytes)
Event: 97.851 Thread 0x0000026b67f9d000 nmethod 2718 0x0000026b54a4dc90 code [0x0000026b54a4de20, 0x0000026b54a4ded8]

GC Heap History (20 events):
Event: 96.597 GC heap after
{Heap after GC invocations=148 (full 0):
 garbage-first heap   total 221184K, used 176788K [0x0000000700e00000, 0x0000000800000000)
  region size 1024K, 2 young (2048K), 2 survivors (2048K)
 Metaspace       used 10857K, capacity 11246K, committed 11392K, reserved 1058816K
  class space    used 1154K, capacity 1320K, committed 1408K, reserved 1048576K
}
Event: 96.732 GC heap before
{Heap before GC invocations=148 (full 0):
 garbage-first heap   total 221184K, used 195220K [0x0000000700e00000, 0x0000000800000000)
  region size 1024K, 18 young (18432K), 2 survivors (2048K)
 Metaspace       used 10857K, capacity 11246K, committed 11392K, reserved 1058816K
  class space    used 1154K, capacity 1320K, committed 1408K, reserved 1048576K
}
Event: 96.734 GC heap after
{Heap after GC invocations=149 (full 0):
 garbage-first heap   total 221184K, used 179522K [0x0000000700e00000, 0x0000000800000000)
  region size 1024K, 3 young (3072K), 3 survivors (3072K)
 Metaspace       used 10857K, capacity 11246K, committed 11392K, reserved 1058816K
  class space    used 1154K, capacity 1320K, committed 1408K, reserved 1048576K
}
Event: 96.863 GC heap before
{Heap before GC invocations=149 (full 0):
 garbage-first heap   total 221184K, used 193858K [0x0000000700e00000, 0x0000000800000000)
  region size 1024K, 17 young (17408K), 3 survivors (3072K)
 Metaspace       used 10857K, capacity 11246K, committed 11392K, reserved 1058816K
  class space    used 1154K, capacity 1320K, committed 1408K, reserved 1048576K
}
Event: 96.865 GC heap after
{Heap after GC invocations=150 (full 0):
 garbage-first heap   total 221184K, used 180041K [0x0000000700e00000, 0x0000000800000000)
  region size 1024K, 3 young (3072K), 3 survivors (3072K)
 Metaspace       used 10857K, capacity 11246K, committed 11392K, reserved 1058816K
  class space    used 1154K, capacity 1320K, committed 1408K, reserved 1048576K
}
Event: 96.982 GC heap before
{Heap before GC invocations=150 (full 0):
 garbage-first heap   total 221184K, used 194377K [0x0000000700e00000, 0x0000000800000000)
  region size 1024K, 17 young (17408K), 3 survivors (3072K)
 Metaspace       used 10857K, capacity 11246K, committed 11392K, reserved 1058816K
  class space    used 1154K, capacity 1320K, committed 1408K, reserved 1048576K
}
Event: 96.984 GC heap after
{Heap after GC invocations=151 (full 0):
 garbage-first heap   total 221184K, used 180654K [0x0000000700e00000, 0x0000000800000000)
  region size 1024K, 3 young (3072K), 3 survivors (3072K)
 Metaspace       used 10857K, capacity 11246K, committed 11392K, reserved 1058816K
  class space    used 1154K, capacity 1320K, committed 1408K, reserved 1048576K
}
Event: 97.094 GC heap before
{Heap before GC invocations=151 (full 0):
 garbage-first heap   total 221184K, used 193966K [0x0000000700e00000, 0x0000000800000000)
  region size 1024K, 16 young (16384K), 3 survivors (3072K)
 Metaspace       used 10857K, capacity 11246K, committed 11392K, reserved 1058816K
  class space    used 1154K, capacity 1320K, committed 1408K, reserved 1048576K
}
Event: 97.096 GC heap after
{Heap after GC invocations=152 (full 0):
 garbage-first heap   total 221184K, used 181196K [0x0000000700e00000, 0x0000000800000000)
  region size 1024K, 2 young (2048K), 2 survivors (2048K)
 Metaspace       used 10857K, capacity 11246K, committed 11392K, reserved 1058816K
  class space    used 1154K, capacity 1320K, committed 1408K, reserved 1048576K
}
Event: 97.214 GC heap before
{Heap before GC invocations=152 (full 0):
 garbage-first heap   total 221184K, used 194508K [0x0000000700e00000, 0x0000000800000000)
  region size 1024K, 15 young (15360K), 2 survivors (2048K)
 Metaspace       used 10857K, capacity 11246K, committed 11392K, reserved 1058816K
  class space    used 1154K, capacity 1320K, committed 1408K, reserved 1048576K
}
Event: 97.216 GC heap after
{Heap after GC invocations=153 (full 0):
 garbage-first heap   total 221184K, used 181640K [0x0000000700e00000, 0x0000000800000000)
  region size 1024K, 1 young (1024K), 1 survivors (1024K)
 Metaspace       used 10857K, capacity 11246K, committed 11392K, reserved 1058816K
  class space    used 1154K, capacity 1320K, committed 1408K, reserved 1048576K
}
Event: 97.316 GC heap before
{Heap before GC invocations=153 (full 0):
 garbage-first heap   total 221184K, used 193928K [0x0000000700e00000, 0x0000000800000000)
  region size 1024K, 14 young (14336K), 1 survivors (1024K)
 Metaspace       used 10857K, capacity 11246K, committed 11392K, reserved 1058816K
  class space    used 1154K, capacity 1320K, committed 1408K, reserved 1048576K
}
Event: 97.318 GC heap after
{Heap after GC invocations=154 (full 0):
 garbage-first heap   total 266240K, used 182712K [0x0000000700e00000, 0x0000000800000000)
  region size 1024K, 2 young (2048K), 2 survivors (2048K)
 Metaspace       used 10857K, capacity 11246K, committed 11392K, reserved 1058816K
  class space    used 1154K, capacity 1320K, committed 1408K, reserved 1048576K
}
Event: 97.732 GC heap before
{Heap before GC invocations=154 (full 0):
 garbage-first heap   total 266240K, used 231864K [0x0000000700e00000, 0x0000000800000000)
  region size 1024K, 50 young (51200K), 2 survivors (2048K)
 Metaspace       used 10857K, capacity 11246K, committed 11392K, reserved 1058816K
  class space    used 1154K, capacity 1320K, committed 1408K, reserved 1048576K
}
Event: 97.735 GC heap after
{Heap after GC invocations=155 (full 0):
 garbage-first heap   total 266240K, used 184900K [0x0000000700e00000, 0x0000000800000000)
  region size 1024K, 5 young (5120K), 5 survivors (5120K)
 Metaspace       used 10857K, capacity 11246K, committed 11392K, reserved 1058816K
  class space    used 1154K, capacity 1320K, committed 1408K, reserved 1048576K
}
Event: 98.129 GC heap before
{Heap before GC invocations=155 (full 0):
 garbage-first heap   total 266240K, used 229956K [0x0000000700e00000, 0x0000000800000000)
  region size 1024K, 50 young (51200K), 5 survivors (5120K)
 Metaspace       used 10857K, capacity 11246K, committed 11392K, reserved 1058816K
  class space    used 1154K, capacity 1320K, committed 1408K, reserved 1048576K
}
Event: 98.132 GC heap after
{Heap after GC invocations=156 (full 0):
 garbage-first heap   total 266240K, used 187339K [0x0000000700e00000, 0x0000000800000000)
  region size 1024K, 5 young (5120K), 5 survivors (5120K)
 Metaspace       used 10857K, capacity 11246K, committed 11392K, reserved 1058816K
  class space    used 1154K, capacity 1320K, committed 1408K, reserved 1048576K
}
Event: 98.503 GC heap before
{Heap before GC invocations=156 (full 0):
 garbage-first heap   total 266240K, used 232395K [0x0000000700e00000, 0x0000000800000000)
  region size 1024K, 48 young (49152K), 5 survivors (5120K)
 Metaspace       used 10857K, capacity 11246K, committed 11392K, reserved 1058816K
  class space    used 1154K, capacity 1320K, committed 1408K, reserved 1048576K
}
Event: 98.505 GC heap after
{Heap after GC invocations=157 (full 0):
 garbage-first heap   total 266240K, used 189977K [0x0000000700e00000, 0x0000000800000000)
  region size 1024K, 4 young (4096K), 4 survivors (4096K)
 Metaspace       used 10857K, capacity 11246K, committed 11392K, reserved 1058816K
  class space    used 1154K, capacity 1320K, committed 1408K, reserved 1048576K
}
Event: 98.867 GC heap before
{Heap before GC invocations=157 (full 0):
 garbage-first heap   total 266240K, used 231961K [0x0000000700e00000, 0x0000000800000000)
  region size 1024K, 45 young (46080K), 4 survivors (4096K)
 Metaspace       used 10857K, capacity 11246K, committed 11392K, reserved 1058816K
  class space    used 1154K, capacity 1320K, committed 1408K, reserved 1048576K
}

Deoptimization events (20 events):
Event: 49.132 Thread 0x0000026b70384800 Uncommon trap: trap_request=0xfffffff4 fr.pc=0x0000026b54a12d64 relative=0x00000000000008a4
Event: 49.132 Thread 0x0000026b70384800 Uncommon trap: reason=null_check action=make_not_entrant pc=0x0000026b54a12d64 method=com.sun.jna.Structure.readField(Lcom/sun/jna/Structure$StructField;)Ljava/lang/Object; @ 56 c2
Event: 49.132 Thread 0x0000026b70384800 DEOPT PACKING pc=0x0000026b54a12d64 sp=0x0000009e759fd660
Event: 49.132 Thread 0x0000026b70384800 DEOPT UNPACKING pc=0x0000026b4cdc912f sp=0x0000009e759fd618 mode 2
Event: 50.215 Thread 0x0000026b70384800 Uncommon trap: trap_request=0xfffffff4 fr.pc=0x0000026b54a143f0 relative=0x00000000000008b0
Event: 50.215 Thread 0x0000026b70384800 Uncommon trap: reason=null_check action=make_not_entrant pc=0x0000026b54a143f0 method=com.sun.jna.Structure.readField(Lcom/sun/jna/Structure$StructField;)Ljava/lang/Object; @ 65 c2
Event: 50.215 Thread 0x0000026b70384800 DEOPT PACKING pc=0x0000026b54a143f0 sp=0x0000009e759fd660
Event: 50.215 Thread 0x0000026b70384800 DEOPT UNPACKING pc=0x0000026b4cdc912f sp=0x0000009e759fd618 mode 2
Event: 51.283 Thread 0x0000026b70384800 Uncommon trap: trap_request=0xfffffff4 fr.pc=0x0000026b54a15a70 relative=0x00000000000008b0
Event: 51.283 Thread 0x0000026b70384800 Uncommon trap: reason=null_check action=make_not_entrant pc=0x0000026b54a15a70 method=com.sun.jna.Structure.readField(Lcom/sun/jna/Structure$StructField;)Ljava/lang/Object; @ 74 c2
Event: 51.283 Thread 0x0000026b70384800 DEOPT PACKING pc=0x0000026b54a15a70 sp=0x0000009e759fd660
Event: 51.283 Thread 0x0000026b70384800 DEOPT UNPACKING pc=0x0000026b4cdc912f sp=0x0000009e759fd618 mode 2
Event: 55.235 Thread 0x0000026b70384800 Uncommon trap: trap_request=0xfffffff4 fr.pc=0x0000026b54a19bfc relative=0x000000000000091c
Event: 55.235 Thread 0x0000026b70384800 Uncommon trap: reason=null_check action=make_not_entrant pc=0x0000026b54a19bfc method=com.sun.jna.Pointer.getValue(JLjava/lang/Class;Ljava/lang/Object;)Ljava/lang/Object; @ 6 c2
Event: 55.235 Thread 0x0000026b70384800 DEOPT PACKING pc=0x0000026b54a19bfc sp=0x0000009e759fd610
Event: 55.235 Thread 0x0000026b70384800 DEOPT UNPACKING pc=0x0000026b4cdc912f sp=0x0000009e759fd580 mode 2
Event: 76.794 Thread 0x0000026b689f2800 Uncommon trap: trap_request=0xffffffcc fr.pc=0x0000026b54a2b168 relative=0x0000000000001f88
Event: 76.794 Thread 0x0000026b689f2800 Uncommon trap: reason=intrinsic_or_type_checked_inlining action=make_not_entrant pc=0x0000026b54a2b168 method=java.util.ArrayList$SubList.toArray([Ljava/lang/Object;)[Ljava/lang/Object; @ 58 c2
Event: 76.794 Thread 0x0000026b689f2800 DEOPT PACKING pc=0x0000026b54a2b168 sp=0x0000009e751fec20
Event: 76.794 Thread 0x0000026b689f2800 DEOPT UNPACKING pc=0x0000026b4cdc912f sp=0x0000009e751feb78 mode 2

Classes unloaded (0 events):
No events

Classes redefined (0 events):
No events

Internal exceptions (20 events):
Event: 2.755 Thread 0x0000026b689f2800 Exception <a 'java/lang/NoSuchMethodError'{0x00000007103deb00}: 'java.lang.Object java.lang.invoke.DirectMethodHandle$Holder.invokeSpecial(java.lang.Object, java.lang.Object, java.lang.Object, java.lang.Object, int)'> (0x00000007103deb00) 
thrown [./open/src/hotspot/share/interpreter/linkResolver.cpp, line 766]
Event: 2.755 Thread 0x0000026b689f2800 Exception <a 'java/lang/NoSuchMethodError'{0x00000007103e1918}: 'java.lang.Object java.lang.invoke.Invokers$Holder.linkToTargetMethod(java.lang.Object, java.lang.Object, int, java.lang.Object)'> (0x00000007103e1918) 
thrown [./open/src/hotspot/share/interpreter/linkResolver.cpp, line 766]
Event: 2.758 Thread 0x0000026b689f2800 Exception <a 'java/lang/NoSuchMethodError'{0x00000007103f5480}: 'java.lang.Object java.lang.invoke.DirectMethodHandle$Holder.newInvokeSpecial(java.lang.Object, int)'> (0x00000007103f5480) 
thrown [./open/src/hotspot/share/interpreter/linkResolver.cpp, line 766]
Event: 2.759 Thread 0x0000026b689f2800 Exception <a 'java/lang/NoSuchMethodError'{0x0000000710201458}: 'java.lang.Object java.lang.invoke.DirectMethodHandle$Holder.invokeStatic(java.lang.Object, java.lang.Object, java.lang.Object, int, java.lang.Object)'> (0x0000000710201458) 
thrown [./open/src/hotspot/share/interpreter/linkResolver.cpp, line 766]
Event: 2.759 Thread 0x0000026b689f2800 Exception <a 'java/lang/NoSuchMethodError'{0x0000000710207250}: 'java.lang.Object java.lang.invoke.Invokers$Holder.linkToTargetMethod(java.lang.Object, java.lang.Object, int, java.lang.Object, java.lang.Object)'> (0x0000000710207250) 
thrown [./open/src/hotspot/share/interpreter/linkResolver.cpp, line 766]
Event: 3.832 Thread 0x0000026b70380000 Exception <a 'java/lang/NoSuchMethodError'{0x00000007101d63c0}: 'java.lang.Object java.lang.invoke.DirectMethodHandle$Holder.invokeInterface(java.lang.Object, java.lang.Object, int)'> (0x00000007101d63c0) 
thrown [./open/src/hotspot/share/interpreter/linkResolver.cpp, line 766]
Event: 3.834 Thread 0x0000026b70386800 Exception <a 'java/lang/NoSuchMethodError'{0x00000007101f1600}: static Lrlbotexample/animations/CarGroupAnimation;.<clinit>()V> (0x00000007101f1600) 
thrown [./open/src/hotspot/share/prims/jni.cpp, line 1348]
Event: 3.837 Thread 0x0000026b70386800 Exception <a 'java/lang/NoSuchMethodError'{0x00000007100db6d0}: static Lrlbotexample/animations/IndexedCarGroup;.<clinit>()V> (0x00000007100db6d0) 
thrown [./open/src/hotspot/share/prims/jni.cpp, line 1348]
Event: 3.838 Thread 0x0000026b70386800 Exception <a 'java/lang/NoSuchMethodError'{0x00000007100e3430}: static Lrlbotexample/animations/CarGroup;.<clinit>()V> (0x00000007100e3430) 
thrown [./open/src/hotspot/share/prims/jni.cpp, line 1348]
Event: 3.839 Thread 0x0000026b70386800 Exception <a 'java/lang/NoSuchMethodError'{0x00000007100ed210}: static Lrlbotexample/animations/AnimatedCarObject;.<clinit>()V> (0x00000007100ed210) 
thrown [./open/src/hotspot/share/prims/jni.cpp, line 1348]
Event: 3.840 Thread 0x0000026b70386800 Exception <a 'java/lang/NoSuchMethodError'{0x00000007100f5e18}: static Lutil/math/vector/ZyxOrientedPosition;.<clinit>()V> (0x00000007100f5e18) 
thrown [./open/src/hotspot/share/prims/jni.cpp, line 1348]
Event: 3.843 Thread 0x0000026b70386800 Exception <a 'java/lang/NoSuchMethodError'{0x000000070ff12f10}: static Ljava/lang/Object;.<clinit>()V> (0x000000070ff12f10) 
thrown [./open/src/hotspot/share/prims/jni.cpp, line 1348]
Event: 46.813 Thread 0x0000026b70384800 Implicit null exception at 0x0000026b54a03582 to 0x0000026b54a03b24
Event: 46.947 Thread 0x0000026b70384800 Implicit null exception at 0x0000026b54a04d8e to 0x0000026b54a05424
Event: 47.034 Thread 0x0000026b70384800 Implicit null exception at 0x0000026b54a073cf to 0x0000026b54a07b70
Event: 48.069 Thread 0x0000026b70384800 Implicit null exception at 0x0000026b54a10ada to 0x0000026b54a112d4
Event: 49.132 Thread 0x0000026b70384800 Implicit null exception at 0x0000026b54a125a1 to 0x0000026b54a12d44
Event: 50.215 Thread 0x0000026b70384800 Implicit null exception at 0x0000026b54a13c3d to 0x0000026b54a143d0
Event: 51.283 Thread 0x0000026b70384800 Implicit null exception at 0x0000026b54a152bd to 0x0000026b54a15a50
Event: 55.235 Thread 0x0000026b70384800 Implicit null exception at 0x0000026b54a19328 to 0x0000026b54a19be4

Events (20 events):
Event: 96.597 Executing VM operation: G1CollectForAllocation done
Event: 96.732 Executing VM operation: G1CollectForAllocation
Event: 96.734 Executing VM operation: G1CollectForAllocation done
Event: 96.863 Executing VM operation: G1CollectForAllocation
Event: 96.865 Executing VM operation: G1CollectForAllocation done
Event: 96.982 Executing VM operation: G1CollectForAllocation
Event: 96.984 Executing VM operation: G1CollectForAllocation done
Event: 97.094 Executing VM operation: G1CollectForAllocation
Event: 97.096 Executing VM operation: G1CollectForAllocation done
Event: 97.214 Executing VM operation: G1CollectForAllocation
Event: 97.216 Executing VM operation: G1CollectForAllocation done
Event: 97.316 Executing VM operation: G1CollectForAllocation
Event: 97.318 Executing VM operation: G1CollectForAllocation done
Event: 97.732 Executing VM operation: G1CollectForAllocation
Event: 97.735 Executing VM operation: G1CollectForAllocation done
Event: 98.129 Executing VM operation: G1CollectForAllocation
Event: 98.132 Executing VM operation: G1CollectForAllocation done
Event: 98.503 Executing VM operation: G1CollectForAllocation
Event: 98.505 Executing VM operation: G1CollectForAllocation done
Event: 98.867 Executing VM operation: G1CollectForAllocation


Dynamic libraries:
0x00007ff7fa410000 - 0x00007ff7fa41d000 	C:\Program Files\Java\jdk-14.0.2\bin\java.exe
0x00007ffa59090000 - 0x00007ffa59285000 	C:\Windows\SYSTEM32\ntdll.dll
0x00007ffa377c0000 - 0x00007ffa377d6000 	C:\Program Files\Avast Software\Avast\aswhook.dll
0x00007ffa57220000 - 0x00007ffa572de000 	C:\Windows\System32\KERNEL32.DLL
0x00007ffa568c0000 - 0x00007ffa56b88000 	C:\Windows\System32\KERNELBASE.dll
0x00007ffa34540000 - 0x00007ffa34558000 	C:\Program Files\Java\jdk-14.0.2\bin\jli.dll
0x00007ffa574c0000 - 0x00007ffa57660000 	C:\Windows\System32\USER32.dll
0x00007ffa567a0000 - 0x00007ffa567c2000 	C:\Windows\System32\win32u.dll
0x00007ffa58e20000 - 0x00007ffa58e4b000 	C:\Windows\System32\GDI32.dll
0x00007ffa56cc0000 - 0x00007ffa56dcd000 	C:\Windows\System32\gdi32full.dll
0x00007ffa56b90000 - 0x00007ffa56c2d000 	C:\Windows\System32\msvcp_win.dll
0x00007ffa56fe0000 - 0x00007ffa570e0000 	C:\Windows\System32\ucrtbase.dll
0x00007ffa372f0000 - 0x00007ffa3758a000 	C:\Windows\WinSxS\amd64_microsoft.windows.common-controls_6595b64144ccf1df_6.0.19041.1110_none_60b5254171f9507e\COMCTL32.dll
0x00007ffa58d80000 - 0x00007ffa58e1e000 	C:\Windows\System32\msvcrt.dll
0x00007ffa34560000 - 0x00007ffa34575000 	C:\Program Files\Java\jdk-14.0.2\bin\VCRUNTIME140.dll
0x00007ffa57ea0000 - 0x00007ffa57ed0000 	C:\Windows\System32\IMM32.DLL
0x00007ffa281b0000 - 0x00007ffa2824b000 	C:\Program Files\Java\jdk-14.0.2\bin\msvcp140.dll
0x00007ff9bc300000 - 0x00007ff9bce1e000 	C:\Program Files\Java\jdk-14.0.2\bin\server\jvm.dll
0x00007ffa57170000 - 0x00007ffa5721e000 	C:\Windows\System32\ADVAPI32.dll
0x00007ffa58360000 - 0x00007ffa583fc000 	C:\Windows\System32\sechost.dll
0x00007ffa587c0000 - 0x00007ffa588e5000 	C:\Windows\System32\RPCRT4.dll
0x00007ffa57160000 - 0x00007ffa57168000 	C:\Windows\System32\PSAPI.DLL
0x00007ffa49ab0000 - 0x00007ffa49ab9000 	C:\Windows\SYSTEM32\WSOCK32.dll
0x00007ffa57660000 - 0x00007ffa576cb000 	C:\Windows\System32\WS2_32.dll
0x00007ffa41d60000 - 0x00007ffa41d87000 	C:\Windows\SYSTEM32\WINMM.dll
0x00007ffa507f0000 - 0x00007ffa507fa000 	C:\Windows\SYSTEM32\VERSION.dll
0x00007ffa546b0000 - 0x00007ffa546c2000 	C:\Windows\SYSTEM32\kernel.appcore.dll
0x00007ffa3c1c0000 - 0x00007ffa3c1ca000 	C:\Program Files\Java\jdk-14.0.2\bin\jimage.dll
0x00007ffa4d930000 - 0x00007ffa4db14000 	C:\Windows\SYSTEM32\DBGHELP.DLL
0x00007ffa4d900000 - 0x00007ffa4d92c000 	C:\Windows\SYSTEM32\dbgcore.DLL
0x00007ffa56c30000 - 0x00007ffa56cb2000 	C:\Windows\System32\bcryptPrimitives.dll
0x00007ffa34510000 - 0x00007ffa34535000 	C:\Program Files\Java\jdk-14.0.2\bin\java.dll
0x00007ffa344d0000 - 0x00007ffa344e6000 	C:\Program Files\Java\jdk-14.0.2\bin\zip.dll
0x00007ffa576d0000 - 0x00007ffa57e14000 	C:\Windows\System32\SHELL32.dll
0x00007ffa548b0000 - 0x00007ffa55044000 	C:\Windows\SYSTEM32\windows.storage.dll
0x00007ffa58400000 - 0x00007ffa58755000 	C:\Windows\System32\combase.dll
0x00007ffa561f0000 - 0x00007ffa5621e000 	C:\Windows\SYSTEM32\Wldp.dll
0x00007ffa572e0000 - 0x00007ffa5738d000 	C:\Windows\System32\SHCORE.dll
0x00007ffa58760000 - 0x00007ffa587b5000 	C:\Windows\System32\shlwapi.dll
0x00007ffa566e0000 - 0x00007ffa566ff000 	C:\Windows\SYSTEM32\profapi.dll
0x00007ffa344b0000 - 0x00007ffa344c9000 	C:\Program Files\Java\jdk-14.0.2\bin\net.dll
0x00007ffa4f5e0000 - 0x00007ffa4f6ec000 	C:\Windows\SYSTEM32\WINHTTP.dll
0x00007ffa55f50000 - 0x00007ffa55fba000 	C:\Windows\system32\mswsock.dll
0x00007ffa34250000 - 0x00007ffa34262000 	C:\Program Files\Java\jdk-14.0.2\bin\nio.dll
0x00007ff9e0ca0000 - 0x00007ff9e0e38000 	C:\Program Files\Java\jdk-14.0.2\bin\awt.dll
0x00007ffa58f80000 - 0x00007ffa5904d000 	C:\Windows\System32\OLEAUT32.dll
0x00007ffa54220000 - 0x00007ffa542b0000 	C:\Windows\SYSTEM32\apphelp.dll
0x00007ffa545a0000 - 0x00007ffa545cf000 	C:\Windows\system32\DWMAPI.DLL
0x00007ffa543b0000 - 0x00007ffa5444e000 	C:\Windows\system32\uxtheme.dll
0x00007ffa11020000 - 0x00007ffa11145000 	C:\Windows\system32\opengl32.dll
0x00007ffa10ff0000 - 0x00007ffa1101c000 	C:\Windows\SYSTEM32\GLU32.dll
0x00007ffa57390000 - 0x00007ffa574a6000 	C:\Windows\System32\MSCTF.dll
0x00007ffa58e50000 - 0x00007ffa58f7a000 	C:\Windows\System32\ole32.dll
0x00007ffa4a150000 - 0x00007ffa4a320000 	C:\Windows\system32\d3d9.dll
0x00007ffa4a040000 - 0x00007ffa4a147000 	C:\Windows\System32\DriverStore\FileRepository\nv_dispig.inf_amd64_31a2adf8c49e7799\nvldumdx.dll
0x00007ffa56380000 - 0x00007ffa56392000 	C:\Windows\SYSTEM32\msasn1.dll
0x00007ffa507b0000 - 0x00007ffa507e1000 	C:\Windows\SYSTEM32\cryptnet.dll
0x00007ffa56e80000 - 0x00007ffa56fd6000 	C:\Windows\System32\CRYPT32.dll
0x00007ffa4d7b0000 - 0x00007ffa4d8fa000 	C:\Windows\SYSTEM32\drvstore.dll
0x00007ffa56540000 - 0x00007ffa56574000 	C:\Windows\SYSTEM32\devobj.dll
0x00007ffa56800000 - 0x00007ffa5684e000 	C:\Windows\System32\cfgmgr32.dll
0x00007ffa56160000 - 0x00007ffa5616c000 	C:\Windows\SYSTEM32\cryptbase.dll
0x00007ffa56850000 - 0x00007ffa568b9000 	C:\Windows\System32\WINTRUST.DLL
0x00007ffa57140000 - 0x00007ffa5715d000 	C:\Windows\System32\imagehlp.dll
0x00007ffa56140000 - 0x00007ffa56158000 	C:\Windows\SYSTEM32\CRYPTSP.dll
0x00007ffa55860000 - 0x00007ffa55894000 	C:\Windows\system32\rsaenh.dll
0x00007ffa567d0000 - 0x00007ffa567f7000 	C:\Windows\System32\bcrypt.dll
0x00007ff9bdba0000 - 0x00007ff9bf328000 	C:\Windows\System32\DriverStore\FileRepository\nv_dispig.inf_amd64_31a2adf8c49e7799\nvd3dumx.dll
0x00007ffa55060000 - 0x00007ffa55083000 	C:\Windows\SYSTEM32\gpapi.dll
0x00007ffa4a4f0000 - 0x00007ffa4a52b000 	C:\Windows\SYSTEM32\dxcore.dll
0x00007ffa32f70000 - 0x00007ffa32ff2000 	C:\Program Files\Java\jdk-14.0.2\bin\freetype.dll
0x00007ffa24e10000 - 0x00007ffa24eb6000 	C:\Program Files\Java\jdk-14.0.2\bin\fontmanager.dll
0x00007ffa34080000 - 0x00007ffa34179000 	C:\Windows\SYSTEM32\textinputframework.dll
0x00007ffa53ba0000 - 0x00007ffa53efe000 	C:\Windows\System32\CoreUIComponents.dll
0x00007ffa53f00000 - 0x00007ffa53ff2000 	C:\Windows\System32\CoreMessaging.dll
0x00007ffa55280000 - 0x00007ffa552b3000 	C:\Windows\SYSTEM32\ntmarta.dll
0x00007ffa52c80000 - 0x00007ffa52dd4000 	C:\Windows\SYSTEM32\wintypes.dll
0x00007ffa566a0000 - 0x00007ffa566ce000 	C:\Windows\SYSTEM32\USERENV.dll
0x00007ffa55bf0000 - 0x00007ffa55c2b000 	C:\Windows\SYSTEM32\IPHLPAPI.DLL
0x00007ffa58350000 - 0x00007ffa58358000 	C:\Windows\System32\NSI.dll
0x00007ffa50ff0000 - 0x00007ffa51007000 	C:\Windows\SYSTEM32\dhcpcsvc6.DLL
0x00007ffa50e60000 - 0x00007ffa50e7d000 	C:\Windows\SYSTEM32\dhcpcsvc.DLL
0x00007ffa55c30000 - 0x00007ffa55cfb000 	C:\Windows\SYSTEM32\DNSAPI.dll
0x00007ffa32f20000 - 0x00007ffa32f62000 	C:\Users\Plads\AppData\Local\Temp\jna-77195540\jna17457367258924416226.dll
0x00007ffa32ef0000 - 0x00007ffa32f1e000 	C:\Users\Plads\Documents\GitHub\Flyve\Boss-Battle\build\dll\RLBot_Core_Interface.dll

dbghelp: loaded successfully - version: 4.0.5 - missing functions: none
symbol engine: initialized successfully - sym options: 0x614 - pdb path: .;C:\Program Files\Java\jdk-14.0.2\bin;C:\Windows\SYSTEM32;C:\Program Files\Avast Software\Avast;C:\Windows\WinSxS\amd64_microsoft.windows.common-controls_6595b64144ccf1df_6.0.19041.1110_none_60b5254171f9507e;C:\Program Files\Java\jdk-14.0.2\bin\server;C:\Windows\System32\DriverStore\FileRepository\nv_dispig.inf_amd64_31a2adf8c49e7799;C:\Users\Plads\AppData\Local\Temp\jna-77195540;C:\Users\Plads\Documents\GitHub\Flyve\Boss-Battle\build\dll

VM Arguments:
jvm_args: -Dfile.encoding=windows-1252 -Duser.country=CA -Duser.language=en -Duser.variant 
java_command: rlbotexample.JavaExample
java_class_path (initial): C:\Users\Plads\Documents\GitHub\Flyve\Boss-Battle\build\classes\java\main;C:\Users\Plads\Documents\GitHub\Flyve\Boss-Battle\build\resources\main;C:\Users\Plads\Documents\GitHub\Flyve\Boss-Battle\build\dll;C:\Users\Plads\.gradle\caches\modules-2\files-2.1\org.rlbot.commons\framework\2.1.0\30b955d146d454cbe8606b4e68752843b7b43dc6\framework-2.1.0.jar;C:\Users\Plads\.gradle\caches\modules-2\files-2.1\net.java.dev.jna\jna-platform\4.5.1\117d52c9f672d8b7ea80a81464c33ef843de9254\jna-platform-4.5.1.jar;C:\Users\Plads\.gradle\caches\modules-2\files-2.1\net.java.dev.jna\jna\4.5.1\65bd0cacc9c79a21c6ed8e9f588577cd3c2f85b9\jna-4.5.1.jar;C:\Users\Plads\.gradle\caches\modules-2\files-2.1\com.github.davidmoten\flatbuffers-java\1.9.0.1\eaa1b27095bb5127879458bc2ee1b78e00d4a20\flatbuffers-java-1.9.0.1.jar
Launcher Type: SUN_STANDARD

[Global flags]
     intx CICompilerCount                          = 3                                         {product} {ergonomic}
     uint ConcGCThreads                            = 2                                         {product} {ergonomic}
     uint G1ConcRefinementThreads                  = 6                                         {product} {ergonomic}
   size_t G1HeapRegionSize                         = 1048576                                   {product} {ergonomic}
    uintx GCDrainStackTargetSize                   = 64                                        {product} {ergonomic}
   size_t InitialHeapSize                          = 268435456                                 {product} {ergonomic}
   size_t MarkStackSize                            = 4194304                                   {product} {ergonomic}
   size_t MaxHeapSize                              = 4280287232                                {product} {ergonomic}
   size_t MaxNewSize                               = 2567962624                                {product} {ergonomic}
   size_t MinHeapDeltaBytes                        = 1048576                                   {product} {ergonomic}
   size_t MinHeapSize                              = 8388608                                   {product} {ergonomic}
    uintx NonNMethodCodeHeapSize                   = 5832780                                {pd product} {ergonomic}
    uintx NonProfiledCodeHeapSize                  = 122912730                              {pd product} {ergonomic}
    uintx ProfiledCodeHeapSize                     = 122912730                              {pd product} {ergonomic}
    uintx ReservedCodeCacheSize                    = 251658240                              {pd product} {ergonomic}
     bool SegmentedCodeCache                       = true                                      {product} {ergonomic}
   size_t SoftMaxHeapSize                          = 4280287232                             {manageable} {ergonomic}
     bool UseCompressedClassPointers               = true                                 {lp64_product} {ergonomic}
     bool UseCompressedOops                        = true                                 {lp64_product} {ergonomic}
     bool UseG1GC                                  = true                                      {product} {ergonomic}
     bool UseLargePagesIndividualAllocation        = false                                  {pd product} {ergonomic}

Logging:
Log output configuration:
 #0: stdout all=warning uptime,level,tags
 #1: stderr all=off uptime,level,tags

Environment Variables:
JAVA_HOME=C:\Program Files\Java\jdk-14.0.2
PATH=C:\Program Files (x86)\Common Files\Oracle\Java\javapath;C:\Program Files (x86)\VMware\VMware Player\bin\;C:\Python310\Scripts\;C:\Python310\;C:\Windows\system32;C:\Windows;C:\Windows\System32\Wbem;C:\Windows\System32\WindowsPowerShell\v1.0\;C:\Windows\System32\OpenSSH\;C:\Program Files\nodejs\;C:\ProgramData\chocolatey\bin;C:\Program Files (x86)\NVIDIA Corporation\PhysX\Common;C:\Program Files\Git\cmd;C:\Users\Plads\AppData\Local\Microsoft\WindowsApps;C:\Users\Plads\AppData\Roaming\npm;C:\Users\Plads\AppData\Local\atom\bin;C:\Program Files\JetBrains\IntelliJ IDEA Community Edition 2021.3.2\bin;;C:\Users\Plads\AppData\Local\GitHubDesktop\bin;C:\Program Files\JetBrains\PyCharm Community Edition 2021.3.2\bin;
USERNAME=Plads
OS=Windows_NT
PROCESSOR_IDENTIFIER=Intel64 Family 6 Model 158 Stepping 10, GenuineIntel



---------------  S Y S T E M  ---------------

OS: Windows 10 , 64 bit Build 19041 (10.0.19041.1503)
OS uptime: 3 days 2:43 hours

CPU:total 6 (initial active 6) (6 cores per cpu, 1 threads per core) family 6 model 158 stepping 10, cmov, cx8, fxsr, mmx, sse, sse2, sse3, ssse3, sse4.1, sse4.2, popcnt, avx, avx2, aes, clmul, erms, rtm, 3dnowpref, lzcnt, tsc, tscinvbit, bmi1, bmi2, adx, fma

Memory: 4k page, system-wide physical 16325M (1785M free)
TotalPageFile size 65477M (AvailPageFile size 58M)
current process WorkingSet (physical memory assigned to process): 366M, peak: 366M
current process commit charge ("private bytes"): 402M, peak: 454M

vm_info: OpenJDK 64-Bit Server VM (14.0.2+12-46) for windows-amd64 JRE (14.0.2+12-46), built on Jul  9 2020 00:31:16 by "mach5one" with MS VC++ 15.9 (VS2017)

END.
