#
# There is insufficient memory for the Java Runtime Environment to continue.
# Native memory allocation (malloc) failed to allocate 32744 bytes for ChunkPool::allocate
# Possible reasons:
#   The system is out of physical RAM or swap space
#   The process is running with CompressedOops enabled, and the Java Heap may be blocking the growth of the native heap
# Possible solutions:
#   Reduce memory load on the system
#   Increase physical memory or swap space
#   Check if swap backing store is full
#   Decrease Java heap size (-Xmx/-Xms)
#   Decrease number of Java threads
#   Decrease Java thread stack sizes (-Xss)
#   Set larger code cache with -XX:ReservedCodeCacheSize=
#   JVM is running with Zero Based Compressed Oops mode in which the Java heap is
#     placed in the first 32GB address space. The Java Heap base address is the
#     maximum limit for the native heap growth. Please use -XX:HeapBaseMinAddress
#     to set the Java Heap base and to place the Java Heap above 32GB virtual address.
# This output file may be truncated or incomplete.
#
#  Out of Memory Error (./open/src/hotspot/share/memory/arena.cpp:79), pid=13456, tid=5756
#
# JRE version: Java(TM) SE Runtime Environment (14.0.2+12) (build 14.0.2+12-46)
# Java VM: Java HotSpot(TM) 64-Bit Server VM (14.0.2+12-46, mixed mode, sharing, tiered, compressed oops, g1 gc, windows-amd64)
# No core dump will be written. Minidumps are not enabled by default on client versions of Windows
#

---------------  S U M M A R Y ------------

Command Line: -Dfile.encoding=windows-1252 -Duser.country=CA -Duser.language=fr -Duser.variant rlbotexample.JavaExample

Host: Intel(R) Core(TM) i5-8600K CPU @ 3.60GHz, 6 cores, 15G,  Windows 10 , 64 bit Build 19041 (10.0.19041.1023)
Time: Tue Jul 13 18:41:34 2021 Est (É.-U. - heure d’été) elapsed time: 9 seconds (0d 0h 0m 9s)

---------------  T H R E A D  ---------------

Current thread (0x000001b66d386000):  JavaThread "C2 CompilerThread1" daemon [_thread_in_native, id=5756, stack(0x00000026d6d00000,0x00000026d6e00000)]


Current CompileTask:
C2:   9269 2381       4       rlbotexample.dynamic_objects.DataPacket::<init> (333 bytes)

Stack: [0x00000026d6d00000,0x00000026d6e00000]
Native frames: (J=compiled Java code, j=interpreted, Vv=VM code, C=native code)
V  [jvm.dll+0x5f8a9a]
V  [jvm.dll+0x74247a]
V  [jvm.dll+0x743c2f]
V  [jvm.dll+0x744273]
V  [jvm.dll+0x20d288]
V  [jvm.dll+0xabea6]
V  [jvm.dll+0xac1fc]
V  [jvm.dll+0x605bce]
V  [jvm.dll+0x60511f]
V  [jvm.dll+0x17a3dc]
V  [jvm.dll+0x275e76]
V  [jvm.dll+0x6101e8]
V  [jvm.dll+0x607f2f]
V  [jvm.dll+0x60759c]
V  [jvm.dll+0x60547d]
V  [jvm.dll+0x17a3dc]
V  [jvm.dll+0x275e76]
V  [jvm.dll+0x6101e8]
V  [jvm.dll+0x607f2f]
V  [jvm.dll+0x60759c]
V  [jvm.dll+0x60547d]
V  [jvm.dll+0x17a3dc]
V  [jvm.dll+0x17af88]
V  [jvm.dll+0x275e76]
V  [jvm.dll+0x6101e8]
V  [jvm.dll+0x607f2f]
V  [jvm.dll+0x60759c]
V  [jvm.dll+0x60547d]
V  [jvm.dll+0x17a3dc]
V  [jvm.dll+0x275e76]
V  [jvm.dll+0x6101e8]
V  [jvm.dll+0x607f2f]
V  [jvm.dll+0x60759c]
V  [jvm.dll+0x60547d]
V  [jvm.dll+0x17a3dc]
V  [jvm.dll+0x275e76]
V  [jvm.dll+0x6101e8]
V  [jvm.dll+0x607f2f]
V  [jvm.dll+0x60759c]
V  [jvm.dll+0x60547d]
V  [jvm.dll+0x17a3dc]
V  [jvm.dll+0x275e76]
V  [jvm.dll+0x6101e8]
V  [jvm.dll+0x607f2f]
V  [jvm.dll+0x60759c]
V  [jvm.dll+0x60547d]
V  [jvm.dll+0x17a3dc]
V  [jvm.dll+0x1e4d55]
V  [jvm.dll+0x1779cc]
V  [jvm.dll+0x1f4105]
V  [jvm.dll+0x1f22eb]
V  [jvm.dll+0x7070cd]
V  [jvm.dll+0x6ffeda]
V  [jvm.dll+0x5f78f6]
C  [ucrtbase.dll+0x21bb2]
C  [KERNEL32.DLL+0x17034]
C  [ntdll.dll+0x52651]


---------------  P R O C E S S  ---------------

Threads class SMR info:
_java_thread_list=0x000001b671c4acf0, length=72, elements={
0x000001b666e52000, 0x000001b666e53000, 0x000001b666e6b000, 0x000001b666e6e000,
0x000001b666e6f000, 0x000001b666e71800, 0x000001b666e7b800, 0x000001b667779800,
0x000001b667846000, 0x000001b667855800, 0x000001b667875000, 0x000001b667d68000,
0x000001b667d69000, 0x000001b667d91000, 0x000001b66cbe5000, 0x000001b66cbef000,
0x000001b66cbf4000, 0x000001b66cbf5000, 0x000001b66cbfb800, 0x000001b66cbf7800,
0x000001b66cbf6000, 0x000001b66cbfc800, 0x000001b66cbf8800, 0x000001b66cbf9000,
0x000001b66cbf7000, 0x000001b66cbfb000, 0x000001b66cbfa000, 0x000001b66cc01800,
0x000001b66cc03800, 0x000001b66cc03000, 0x000001b66cc04800, 0x000001b66cc05800,
0x000001b66cc06000, 0x000001b66cc07000, 0x000001b66cc08000, 0x000001b66cc02000,
0x000001b66cc0b000, 0x000001b66cc0d800, 0x000001b66cc0a000, 0x000001b66cc0c800,
0x000001b66cc0e800, 0x000001b66cc08800, 0x000001b66cc0f000, 0x000001b66cc09800,
0x000001b66cc10000, 0x000001b66d0a4800, 0x000001b66d0a1000, 0x000001b66d0a2800,
0x000001b66d0a3800, 0x000001b66d0a5000, 0x000001b66d0a0800, 0x000001b66d0a6000,
0x000001b66d0a7000, 0x000001b66d0a7800, 0x000001b66d0a2000, 0x000001b66d0ab800,
0x000001b66d0a8800, 0x000001b66d0af000, 0x000001b66d0ac800, 0x000001b66d0a9800,
0x000001b66d0ad800, 0x000001b66d0ae000, 0x000001b66d0aa000, 0x000001b66d0ab000,
0x000001b66da12800, 0x000001b66da0f800, 0x000001b66da13800, 0x000001b66da11000,
0x000001b66da0e800, 0x000001b66da10000, 0x000001b66da0d800, 0x000001b66d386000
}

Java Threads: ( => current thread )
  0x000001b666e52000 JavaThread "Reference Handler" daemon [_thread_blocked, id=10196, stack(0x00000026d1d00000,0x00000026d1e00000)]
  0x000001b666e53000 JavaThread "Finalizer" daemon [_thread_blocked, id=15340, stack(0x00000026d1e00000,0x00000026d1f00000)]
  0x000001b666e6b000 JavaThread "Signal Dispatcher" daemon [_thread_blocked, id=22824, stack(0x00000026d1f00000,0x00000026d2000000)]
  0x000001b666e6e000 JavaThread "Attach Listener" daemon [_thread_blocked, id=448, stack(0x00000026d2000000,0x00000026d2100000)]
  0x000001b666e6f000 JavaThread "Service Thread" daemon [_thread_blocked, id=1184, stack(0x00000026d2100000,0x00000026d2200000)]
  0x000001b666e71800 JavaThread "C2 CompilerThread0" daemon [_thread_in_native, id=20540, stack(0x00000026d2200000,0x00000026d2300000)]
  0x000001b666e7b800 JavaThread "C1 CompilerThread0" daemon [_thread_blocked, id=5640, stack(0x00000026d2300000,0x00000026d2400000)]
  0x000001b667779800 JavaThread "Sweeper thread" daemon [_thread_blocked, id=12196, stack(0x00000026d2400000,0x00000026d2500000)]
  0x000001b667846000 JavaThread "Notification Thread" daemon [_thread_blocked, id=23676, stack(0x00000026d2500000,0x00000026d2600000)]
  0x000001b667855800 JavaThread "Common-Cleaner" daemon [_thread_blocked, id=13300, stack(0x00000026d2700000,0x00000026d2800000)]
  0x000001b667875000 JavaThread "Thread-0" [_thread_in_native, id=12144, stack(0x00000026d2800000,0x00000026d2900000)]
  0x000001b667d68000 JavaThread "Java2D Disposer" daemon [_thread_blocked, id=25248, stack(0x00000026d2900000,0x00000026d2a00000)]
  0x000001b667d69000 JavaThread "AWT-Shutdown" [_thread_blocked, id=12828, stack(0x00000026d2a00000,0x00000026d2b00000)]
  0x000001b667d91000 JavaThread "AWT-Windows" daemon [_thread_in_native, id=24680, stack(0x00000026d2b00000,0x00000026d2c00000)]
  0x000001b66cbe5000 JavaThread "Thread-1" [_thread_in_native, id=14300, stack(0x00000026d2e00000,0x00000026d2f00000)]
  0x000001b66cbef000 JavaThread "Thread-2" [_thread_blocked, id=8840, stack(0x00000026d2f00000,0x00000026d3000000)]
  0x000001b66cbf4000 JavaThread "Thread-3" [_thread_blocked, id=10916, stack(0x00000026d3000000,0x00000026d3100000)]
  0x000001b66cbf5000 JavaThread "Thread-4" [_thread_blocked, id=11228, stack(0x00000026d3100000,0x00000026d3200000)]
  0x000001b66cbfb800 JavaThread "Thread-5" [_thread_blocked, id=19732, stack(0x00000026d3200000,0x00000026d3300000)]
  0x000001b66cbf7800 JavaThread "Thread-6" [_thread_blocked, id=10712, stack(0x00000026d3300000,0x00000026d3400000)]
  0x000001b66cbf6000 JavaThread "Thread-7" [_thread_blocked, id=2824, stack(0x00000026d3400000,0x00000026d3500000)]
  0x000001b66cbfc800 JavaThread "Thread-8" [_thread_blocked, id=22056, stack(0x00000026d3500000,0x00000026d3600000)]
  0x000001b66cbf8800 JavaThread "Thread-9" [_thread_blocked, id=24448, stack(0x00000026d3600000,0x00000026d3700000)]
  0x000001b66cbf9000 JavaThread "Thread-10" [_thread_blocked, id=24180, stack(0x00000026d3700000,0x00000026d3800000)]
  0x000001b66cbf7000 JavaThread "Thread-11" [_thread_blocked, id=12716, stack(0x00000026d3800000,0x00000026d3900000)]
  0x000001b66cbfb000 JavaThread "Thread-12" [_thread_blocked, id=17732, stack(0x00000026d3900000,0x00000026d3a00000)]
  0x000001b66cbfa000 JavaThread "Thread-13" [_thread_blocked, id=3484, stack(0x00000026d3a00000,0x00000026d3b00000)]
  0x000001b66cc01800 JavaThread "Thread-14" [_thread_blocked, id=14356, stack(0x00000026d3b00000,0x00000026d3c00000)]
  0x000001b66cc03800 JavaThread "Thread-15" [_thread_blocked, id=9480, stack(0x00000026d3c00000,0x00000026d3d00000)]
  0x000001b66cc03000 JavaThread "Thread-16" [_thread_blocked, id=21604, stack(0x00000026d3d00000,0x00000026d3e00000)]
  0x000001b66cc04800 JavaThread "Thread-17" [_thread_blocked, id=20172, stack(0x00000026d3f00000,0x00000026d4000000)]
  0x000001b66cc05800 JavaThread "Thread-18" [_thread_blocked, id=11832, stack(0x00000026d4000000,0x00000026d4100000)]
  0x000001b66cc06000 JavaThread "Thread-19" [_thread_blocked, id=10444, stack(0x00000026d4100000,0x00000026d4200000)]
  0x000001b66cc07000 JavaThread "Thread-20" [_thread_blocked, id=7968, stack(0x00000026d4200000,0x00000026d4300000)]
  0x000001b66cc08000 JavaThread "Thread-21" [_thread_blocked, id=25116, stack(0x00000026d4300000,0x00000026d4400000)]
  0x000001b66cc02000 JavaThread "Thread-22" [_thread_blocked, id=16524, stack(0x00000026d4400000,0x00000026d4500000)]
  0x000001b66cc0b000 JavaThread "Thread-23" [_thread_blocked, id=6940, stack(0x00000026d4500000,0x00000026d4600000)]
  0x000001b66cc0d800 JavaThread "Thread-24" [_thread_blocked, id=14292, stack(0x00000026d4600000,0x00000026d4700000)]
  0x000001b66cc0a000 JavaThread "Thread-25" [_thread_blocked, id=12224, stack(0x00000026d4700000,0x00000026d4800000)]
  0x000001b66cc0c800 JavaThread "Thread-26" [_thread_blocked, id=17680, stack(0x00000026d4900000,0x00000026d4a00000)]
  0x000001b66cc0e800 JavaThread "Thread-27" [_thread_blocked, id=18232, stack(0x00000026d4a00000,0x00000026d4b00000)]
  0x000001b66cc08800 JavaThread "Thread-28" [_thread_blocked, id=21012, stack(0x00000026d4b00000,0x00000026d4c00000)]
  0x000001b66cc0f000 JavaThread "Thread-29" [_thread_blocked, id=22972, stack(0x00000026d4c00000,0x00000026d4d00000)]
  0x000001b66cc09800 JavaThread "Thread-30" [_thread_blocked, id=9748, stack(0x00000026d4d00000,0x00000026d4e00000)]
  0x000001b66cc10000 JavaThread "Thread-31" [_thread_blocked, id=11796, stack(0x00000026d4e00000,0x00000026d4f00000)]
  0x000001b66d0a4800 JavaThread "Thread-32" [_thread_blocked, id=20272, stack(0x00000026d4f00000,0x00000026d5000000)]
  0x000001b66d0a1000 JavaThread "Thread-33" [_thread_blocked, id=20244, stack(0x00000026d5000000,0x00000026d5100000)]
  0x000001b66d0a2800 JavaThread "AWT-EventQueue-0" [_thread_blocked, id=15744, stack(0x00000026d5100000,0x00000026d5200000)]
  0x000001b66d0a3800 JavaThread "Thread-34" [_thread_blocked, id=16240, stack(0x00000026d5200000,0x00000026d5300000)]
  0x000001b66d0a5000 JavaThread "Thread-35" [_thread_blocked, id=6244, stack(0x00000026d5300000,0x00000026d5400000)]
  0x000001b66d0a0800 JavaThread "Thread-36" [_thread_blocked, id=23272, stack(0x00000026d5400000,0x00000026d5500000)]
  0x000001b66d0a6000 JavaThread "Thread-37" [_thread_blocked, id=22016, stack(0x00000026d5500000,0x00000026d5600000)]
  0x000001b66d0a7000 JavaThread "Thread-38" [_thread_blocked, id=17588, stack(0x00000026d5600000,0x00000026d5700000)]
  0x000001b66d0a7800 JavaThread "Thread-39" [_thread_blocked, id=20528, stack(0x00000026d5800000,0x00000026d5900000)]
  0x000001b66d0a2000 JavaThread "Thread-40" [_thread_blocked, id=25412, stack(0x00000026d5900000,0x00000026d5a00000)]
  0x000001b66d0ab800 JavaThread "Thread-41" [_thread_blocked, id=7604, stack(0x00000026d5a00000,0x00000026d5b00000)]
  0x000001b66d0a8800 JavaThread "Thread-42" [_thread_blocked, id=11784, stack(0x00000026d5b00000,0x00000026d5c00000)]
  0x000001b66d0af000 JavaThread "Thread-43" [_thread_blocked, id=19256, stack(0x00000026d5c00000,0x00000026d5d00000)]
  0x000001b66d0ac800 JavaThread "TimerQueue" daemon [_thread_blocked, id=9428, stack(0x00000026d5d00000,0x00000026d5e00000)]
  0x000001b66d0a9800 JavaThread "D3D Screen Updater" daemon [_thread_blocked, id=10168, stack(0x00000026d5e00000,0x00000026d5f00000)]
  0x000001b66d0ad800 JavaThread "DestroyJavaVM" [_thread_blocked, id=14320, stack(0x00000026d1600000,0x00000026d1700000)]
  0x000001b66d0ae000 JavaThread "Thread-44" [_thread_blocked, id=11708, stack(0x00000026d5f00000,0x00000026d6000000)]
  0x000001b66d0aa000 JavaThread "Thread-45" [_thread_blocked, id=23284, stack(0x00000026d6000000,0x00000026d6100000)]
  0x000001b66d0ab000 JavaThread "Thread-46" [_thread_blocked, id=16276, stack(0x00000026d6600000,0x00000026d6700000)]
  0x000001b66da12800 JavaThread "Thread-47" [_thread_blocked, id=14076, stack(0x00000026d6700000,0x00000026d6800000)]
  0x000001b66da0f800 JavaThread "Thread-48" [_thread_blocked, id=6492, stack(0x00000026d6800000,0x00000026d6900000)]
  0x000001b66da13800 JavaThread "Thread-49" [_thread_blocked, id=17392, stack(0x00000026d6900000,0x00000026d6a00000)]
  0x000001b66da11000 JavaThread "Thread-50" [_thread_blocked, id=25104, stack(0x00000026d6a00000,0x00000026d6b00000)]
  0x000001b66da0e800 JavaThread "Thread-51" [_thread_blocked, id=21184, stack(0x00000026d6b00000,0x00000026d6c00000)]
  0x000001b66da10000 JavaThread "Thread-52" [_thread_blocked, id=12884, stack(0x00000026d4800000,0x00000026d4900000)]
  0x000001b66da0d800 JavaThread "Thread-53" [_thread_blocked, id=21380, stack(0x00000026d6c00000,0x00000026d6d00000)]
=>0x000001b66d386000 JavaThread "C2 CompilerThread1" daemon [_thread_in_native, id=5756, stack(0x00000026d6d00000,0x00000026d6e00000)]

Other Threads:
  0x000001b666e4e800 VMThread "VM Thread" [stack: 0x00000026d1c00000,0x00000026d1d00000] [id=17404]
  0x000001b667852800 WatcherThread [stack: 0x00000026d2600000,0x00000026d2700000] [id=14984]
  0x000001b6415c2800 GCTaskThread "GC Thread#0" [stack: 0x00000026d1700000,0x00000026d1800000] [id=24560]
  0x000001b66d2b9000 GCTaskThread "GC Thread#1" [stack: 0x00000026d5700000,0x00000026d5800000] [id=14488]
  0x000001b66d2b9800 GCTaskThread "GC Thread#2" [stack: 0x00000026d6100000,0x00000026d6200000] [id=240]
  0x000001b66d2ba000 GCTaskThread "GC Thread#3" [stack: 0x00000026d6200000,0x00000026d6300000] [id=25132]
  0x000001b66d2bb000 GCTaskThread "GC Thread#4" [stack: 0x00000026d6300000,0x00000026d6400000] [id=9904]
  0x000001b66d2bb800 GCTaskThread "GC Thread#5" [stack: 0x00000026d6400000,0x00000026d6500000] [id=16780]
  0x000001b6415e4800 ConcurrentGCThread "G1 Main Marker" [stack: 0x00000026d1800000,0x00000026d1900000] [id=24556]
  0x000001b6415e6800 ConcurrentGCThread "G1 Conc#0" [stack: 0x00000026d1900000,0x00000026d1a00000] [id=304]
  0x000001b666d3c800 ConcurrentGCThread "G1 Refine#0" [stack: 0x00000026d1a00000,0x00000026d1b00000] [id=19780]
  0x000001b671fce800 ConcurrentGCThread "G1 Refine#1" [stack: 0x00000026d6500000,0x00000026d6600000] [id=4000]
  0x000001b666d3e000 ConcurrentGCThread "G1 Young RemSet Sampling" [stack: 0x00000026d1b00000,0x00000026d1c00000] [id=23484]

Threads with active compile tasks:
C2 CompilerThread0     9338 2376 %     4       rlbot.gamestate.GameState::buildPacket @ 105 (286 bytes)
C2 CompilerThread1     9338 2381       4       rlbotexample.dynamic_objects.DataPacket::<init> (333 bytes)

VM state:not at safepoint (normal execution)

VM Mutex/Monitor currently owned by a thread: None

Heap address: 0x0000000700e00000, size: 4082 MB, Compressed Oops mode: Zero based, Oop shift amount: 3
Narrow klass base: 0x0000000800000000, Narrow klass shift: 3
Compressed class space size: 1073741824 Address: 0x0000000800b30000

Heap:
 garbage-first heap   total 315392K, used 107173K [0x0000000700e00000, 0x0000000800000000)
  region size 1024K, 68 young (69632K), 14 survivors (14336K)
 Metaspace       used 10810K, capacity 11367K, committed 11520K, reserved 1058816K
  class space    used 1193K, capacity 1416K, committed 1536K, reserved 1048576K
Heap Regions: E=young(eden), S=young(survivor), O=old, HS=humongous(starts), HC=humongous(continues), CS=collection set, F=free, OA=open archive, CA=closed archive, TAMS=top-at-mark-start (previous, next)
|   0|0x0000000700e00000, 0x0000000700f00000, 0x0000000700f00000|100%| O|  |TAMS 0x0000000700e00000, 0x0000000700e00000| Untracked 
|   1|0x0000000700f00000, 0x0000000701000000, 0x0000000701000000|100%| O|  |TAMS 0x0000000700f00000, 0x0000000700f00000| Untracked 
|   2|0x0000000701000000, 0x0000000701100000, 0x0000000701100000|100%| O|  |TAMS 0x0000000701000000, 0x0000000701000000| Untracked 
|   3|0x0000000701100000, 0x0000000701200000, 0x0000000701200000|100%|HS|  |TAMS 0x0000000701100000, 0x0000000701100000| Complete 
|   4|0x0000000701200000, 0x0000000701300000, 0x0000000701300000|100%|HS|  |TAMS 0x0000000701200000, 0x0000000701200000| Complete 
|   5|0x0000000701300000, 0x0000000701400000, 0x0000000701400000|100%|HS|  |TAMS 0x0000000701300000, 0x0000000701300000| Complete 
|   6|0x0000000701400000, 0x0000000701500000, 0x0000000701500000|100%|HC|  |TAMS 0x0000000701400000, 0x0000000701400000| Complete 
|   7|0x0000000701500000, 0x0000000701600000, 0x0000000701600000|100%|HS|  |TAMS 0x0000000701500000, 0x0000000701500000| Complete 
|   8|0x0000000701600000, 0x0000000701700000, 0x0000000701700000|100%|HC|  |TAMS 0x0000000701600000, 0x0000000701600000| Complete 
|   9|0x0000000701700000, 0x0000000701800000, 0x0000000701800000|100%|HS|  |TAMS 0x0000000701700000, 0x0000000701700000| Complete 
|  10|0x0000000701800000, 0x0000000701900000, 0x0000000701900000|100%|HS|  |TAMS 0x0000000701800000, 0x0000000701800000| Complete 
|  11|0x0000000701900000, 0x0000000701a00000, 0x0000000701a00000|100%| O|  |TAMS 0x0000000701900000, 0x0000000701900000| Untracked 
|  12|0x0000000701a00000, 0x0000000701b00000, 0x0000000701b00000|100%| O|  |TAMS 0x0000000701a00000, 0x0000000701a00000| Untracked 
|  13|0x0000000701b00000, 0x0000000701c00000, 0x0000000701c00000|100%|HS|  |TAMS 0x0000000701b00000, 0x0000000701b00000| Complete 
|  14|0x0000000701c00000, 0x0000000701d00000, 0x0000000701d00000|100%|HS|  |TAMS 0x0000000701c00000, 0x0000000701c00000| Complete 
|  15|0x0000000701d00000, 0x0000000701e00000, 0x0000000701e00000|100%| O|  |TAMS 0x0000000701d00000, 0x0000000701d00000| Untracked 
|  16|0x0000000701e00000, 0x0000000701f00000, 0x0000000701f00000|100%| O|  |TAMS 0x0000000701e00000, 0x0000000701e00000| Untracked 
|  17|0x0000000701f00000, 0x0000000702000000, 0x0000000702000000|100%| O|  |TAMS 0x0000000701f00000, 0x0000000701f00000| Untracked 
|  18|0x0000000702000000, 0x0000000702100000, 0x0000000702100000|100%| O|  |TAMS 0x0000000702000000, 0x0000000702000000| Untracked 
|  19|0x0000000702100000, 0x0000000702200000, 0x0000000702200000|100%| O|  |TAMS 0x0000000702100000, 0x0000000702100000| Untracked 
|  20|0x0000000702200000, 0x0000000702300000, 0x0000000702300000|100%|HS|  |TAMS 0x0000000702200000, 0x0000000702200000| Complete 
|  21|0x0000000702300000, 0x0000000702400000, 0x0000000702400000|100%|HS|  |TAMS 0x0000000702300000, 0x0000000702300000| Complete 
|  22|0x0000000702400000, 0x0000000702500000, 0x0000000702500000|100%| O|  |TAMS 0x0000000702400000, 0x0000000702400000| Untracked 
|  23|0x0000000702500000, 0x0000000702600000, 0x0000000702600000|100%| O|  |TAMS 0x0000000702500000, 0x0000000702500000| Untracked 
|  24|0x0000000702600000, 0x0000000702700000, 0x0000000702700000|100%| O|  |TAMS 0x0000000702600000, 0x0000000702600000| Untracked 
|  25|0x0000000702700000, 0x0000000702800000, 0x0000000702800000|100%| O|  |TAMS 0x0000000702700000, 0x0000000702700000| Untracked 
|  26|0x0000000702800000, 0x0000000702900000, 0x0000000702900000|100%| O|  |TAMS 0x0000000702800000, 0x0000000702800000| Untracked 
|  27|0x0000000702900000, 0x0000000702a00000, 0x0000000702a00000|100%| O|  |TAMS 0x0000000702900000, 0x0000000702900000| Untracked 
|  28|0x0000000702a00000, 0x0000000702b00000, 0x0000000702b00000|100%|HS|  |TAMS 0x0000000702a00000, 0x0000000702a00000| Complete 
|  29|0x0000000702b00000, 0x0000000702c00000, 0x0000000702c00000|100%|HS|  |TAMS 0x0000000702b00000, 0x0000000702b00000| Complete 
|  30|0x0000000702c00000, 0x0000000702d00000, 0x0000000702d00000|100%| O|  |TAMS 0x0000000702c00000, 0x0000000702c00000| Untracked 
|  31|0x0000000702d00000, 0x0000000702e00000, 0x0000000702e00000|100%| O|  |TAMS 0x0000000702d00000, 0x0000000702d00000| Untracked 
|  32|0x0000000702e00000, 0x0000000702f00000, 0x0000000702f00000|100%|HS|  |TAMS 0x0000000702e00000, 0x0000000702e00000| Complete 
|  33|0x0000000702f00000, 0x0000000703000000, 0x0000000703000000|100%|HC|  |TAMS 0x0000000702f00000, 0x0000000702f00000| Complete 
|  34|0x0000000703000000, 0x0000000703100000, 0x0000000703100000|100%|HS|  |TAMS 0x0000000703000000, 0x0000000703000000| Complete 
|  35|0x0000000703100000, 0x0000000703200000, 0x0000000703200000|100%|HC|  |TAMS 0x0000000703100000, 0x0000000703100000| Complete 
|  36|0x0000000703200000, 0x0000000703300000, 0x0000000703300000|100%| O|  |TAMS 0x0000000703200000, 0x0000000703200000| Untracked 
|  37|0x0000000703300000, 0x00000007033db400, 0x0000000703400000| 85%| O|  |TAMS 0x0000000703300000, 0x0000000703300000| Untracked 
|  38|0x0000000703400000, 0x0000000703400000, 0x0000000703500000|  0%| F|  |TAMS 0x0000000703400000, 0x0000000703400000| Untracked 
|  39|0x0000000703500000, 0x0000000703500000, 0x0000000703600000|  0%| F|  |TAMS 0x0000000703500000, 0x0000000703500000| Untracked 
|  40|0x0000000703600000, 0x0000000703600000, 0x0000000703700000|  0%| F|  |TAMS 0x0000000703600000, 0x0000000703600000| Untracked 
|  41|0x0000000703700000, 0x0000000703700000, 0x0000000703800000|  0%| F|  |TAMS 0x0000000703700000, 0x0000000703700000| Untracked 
|  42|0x0000000703800000, 0x0000000703800000, 0x0000000703900000|  0%| F|  |TAMS 0x0000000703800000, 0x0000000703800000| Untracked 
|  43|0x0000000703900000, 0x0000000703900000, 0x0000000703a00000|  0%| F|  |TAMS 0x0000000703900000, 0x0000000703900000| Untracked 
|  44|0x0000000703a00000, 0x0000000703a00000, 0x0000000703b00000|  0%| F|  |TAMS 0x0000000703a00000, 0x0000000703a00000| Untracked 
|  45|0x0000000703b00000, 0x0000000703b00000, 0x0000000703c00000|  0%| F|  |TAMS 0x0000000703b00000, 0x0000000703b00000| Untracked 
|  46|0x0000000703c00000, 0x0000000703c00000, 0x0000000703d00000|  0%| F|  |TAMS 0x0000000703c00000, 0x0000000703c00000| Untracked 
|  47|0x0000000703d00000, 0x0000000703d00000, 0x0000000703e00000|  0%| F|  |TAMS 0x0000000703d00000, 0x0000000703d00000| Untracked 
|  48|0x0000000703e00000, 0x0000000703e00000, 0x0000000703f00000|  0%| F|  |TAMS 0x0000000703e00000, 0x0000000703e00000| Untracked 
|  49|0x0000000703f00000, 0x0000000703f00000, 0x0000000704000000|  0%| F|  |TAMS 0x0000000703f00000, 0x0000000703f00000| Untracked 
|  50|0x0000000704000000, 0x0000000704000000, 0x0000000704100000|  0%| F|  |TAMS 0x0000000704000000, 0x0000000704000000| Untracked 
|  51|0x0000000704100000, 0x0000000704100000, 0x0000000704200000|  0%| F|  |TAMS 0x0000000704100000, 0x0000000704100000| Untracked 
|  52|0x0000000704200000, 0x0000000704200000, 0x0000000704300000|  0%| F|  |TAMS 0x0000000704200000, 0x0000000704200000| Untracked 
|  53|0x0000000704300000, 0x0000000704300000, 0x0000000704400000|  0%| F|  |TAMS 0x0000000704300000, 0x0000000704300000| Untracked 
|  54|0x0000000704400000, 0x0000000704400000, 0x0000000704500000|  0%| F|  |TAMS 0x0000000704400000, 0x0000000704400000| Untracked 
|  55|0x0000000704500000, 0x0000000704500000, 0x0000000704600000|  0%| F|  |TAMS 0x0000000704500000, 0x0000000704500000| Untracked 
|  56|0x0000000704600000, 0x0000000704600000, 0x0000000704700000|  0%| F|  |TAMS 0x0000000704600000, 0x0000000704600000| Untracked 
|  57|0x0000000704700000, 0x0000000704700000, 0x0000000704800000|  0%| F|  |TAMS 0x0000000704700000, 0x0000000704700000| Untracked 
|  58|0x0000000704800000, 0x0000000704800000, 0x0000000704900000|  0%| F|  |TAMS 0x0000000704800000, 0x0000000704800000| Untracked 
|  59|0x0000000704900000, 0x0000000704900000, 0x0000000704a00000|  0%| F|  |TAMS 0x0000000704900000, 0x0000000704900000| Untracked 
|  60|0x0000000704a00000, 0x0000000704a00000, 0x0000000704b00000|  0%| F|  |TAMS 0x0000000704a00000, 0x0000000704a00000| Untracked 
|  61|0x0000000704b00000, 0x0000000704b00000, 0x0000000704c00000|  0%| F|  |TAMS 0x0000000704b00000, 0x0000000704b00000| Untracked 
|  62|0x0000000704c00000, 0x0000000704c00000, 0x0000000704d00000|  0%| F|  |TAMS 0x0000000704c00000, 0x0000000704c00000| Untracked 
|  63|0x0000000704d00000, 0x0000000704d00000, 0x0000000704e00000|  0%| F|  |TAMS 0x0000000704d00000, 0x0000000704d00000| Untracked 
|  64|0x0000000704e00000, 0x0000000704e00000, 0x0000000704f00000|  0%| F|  |TAMS 0x0000000704e00000, 0x0000000704e00000| Untracked 
|  65|0x0000000704f00000, 0x0000000704f00000, 0x0000000705000000|  0%| F|  |TAMS 0x0000000704f00000, 0x0000000704f00000| Untracked 
|  66|0x0000000705000000, 0x0000000705000000, 0x0000000705100000|  0%| F|  |TAMS 0x0000000705000000, 0x0000000705000000| Untracked 
|  67|0x0000000705100000, 0x0000000705100000, 0x0000000705200000|  0%| F|  |TAMS 0x0000000705100000, 0x0000000705100000| Untracked 
|  68|0x0000000705200000, 0x0000000705200000, 0x0000000705300000|  0%| F|  |TAMS 0x0000000705200000, 0x0000000705200000| Untracked 
|  69|0x0000000705300000, 0x0000000705300000, 0x0000000705400000|  0%| F|  |TAMS 0x0000000705300000, 0x0000000705300000| Untracked 
|  70|0x0000000705400000, 0x0000000705400000, 0x0000000705500000|  0%| F|  |TAMS 0x0000000705400000, 0x0000000705400000| Untracked 
|  71|0x0000000705500000, 0x0000000705500000, 0x0000000705600000|  0%| F|  |TAMS 0x0000000705500000, 0x0000000705500000| Untracked 
|  72|0x0000000705600000, 0x0000000705600000, 0x0000000705700000|  0%| F|  |TAMS 0x0000000705600000, 0x0000000705600000| Untracked 
|  73|0x0000000705700000, 0x0000000705700000, 0x0000000705800000|  0%| F|  |TAMS 0x0000000705700000, 0x0000000705700000| Untracked 
|  74|0x0000000705800000, 0x0000000705800000, 0x0000000705900000|  0%| F|  |TAMS 0x0000000705800000, 0x0000000705800000| Untracked 
|  75|0x0000000705900000, 0x0000000705900000, 0x0000000705a00000|  0%| F|  |TAMS 0x0000000705900000, 0x0000000705900000| Untracked 
|  76|0x0000000705a00000, 0x0000000705a00000, 0x0000000705b00000|  0%| F|  |TAMS 0x0000000705a00000, 0x0000000705a00000| Untracked 
|  77|0x0000000705b00000, 0x0000000705b00000, 0x0000000705c00000|  0%| F|  |TAMS 0x0000000705b00000, 0x0000000705b00000| Untracked 
|  78|0x0000000705c00000, 0x0000000705c00000, 0x0000000705d00000|  0%| F|  |TAMS 0x0000000705c00000, 0x0000000705c00000| Untracked 
|  79|0x0000000705d00000, 0x0000000705d00000, 0x0000000705e00000|  0%| F|  |TAMS 0x0000000705d00000, 0x0000000705d00000| Untracked 
|  80|0x0000000705e00000, 0x0000000705e00000, 0x0000000705f00000|  0%| F|  |TAMS 0x0000000705e00000, 0x0000000705e00000| Untracked 
|  81|0x0000000705f00000, 0x0000000705f00000, 0x0000000706000000|  0%| F|  |TAMS 0x0000000705f00000, 0x0000000705f00000| Untracked 
|  82|0x0000000706000000, 0x0000000706000000, 0x0000000706100000|  0%| F|  |TAMS 0x0000000706000000, 0x0000000706000000| Untracked 
|  83|0x0000000706100000, 0x0000000706100000, 0x0000000706200000|  0%| F|  |TAMS 0x0000000706100000, 0x0000000706100000| Untracked 
|  84|0x0000000706200000, 0x0000000706200000, 0x0000000706300000|  0%| F|  |TAMS 0x0000000706200000, 0x0000000706200000| Untracked 
|  85|0x0000000706300000, 0x0000000706300000, 0x0000000706400000|  0%| F|  |TAMS 0x0000000706300000, 0x0000000706300000| Untracked 
|  86|0x0000000706400000, 0x0000000706400000, 0x0000000706500000|  0%| F|  |TAMS 0x0000000706400000, 0x0000000706400000| Untracked 
|  87|0x0000000706500000, 0x0000000706500000, 0x0000000706600000|  0%| F|  |TAMS 0x0000000706500000, 0x0000000706500000| Untracked 
|  88|0x0000000706600000, 0x0000000706600000, 0x0000000706700000|  0%| F|  |TAMS 0x0000000706600000, 0x0000000706600000| Untracked 
|  89|0x0000000706700000, 0x0000000706700000, 0x0000000706800000|  0%| F|  |TAMS 0x0000000706700000, 0x0000000706700000| Untracked 
|  90|0x0000000706800000, 0x0000000706800000, 0x0000000706900000|  0%| F|  |TAMS 0x0000000706800000, 0x0000000706800000| Untracked 
|  91|0x0000000706900000, 0x0000000706900000, 0x0000000706a00000|  0%| F|  |TAMS 0x0000000706900000, 0x0000000706900000| Untracked 
|  92|0x0000000706a00000, 0x0000000706a00000, 0x0000000706b00000|  0%| F|  |TAMS 0x0000000706a00000, 0x0000000706a00000| Untracked 
|  93|0x0000000706b00000, 0x0000000706b00000, 0x0000000706c00000|  0%| F|  |TAMS 0x0000000706b00000, 0x0000000706b00000| Untracked 
|  94|0x0000000706c00000, 0x0000000706c00000, 0x0000000706d00000|  0%| F|  |TAMS 0x0000000706c00000, 0x0000000706c00000| Untracked 
|  95|0x0000000706d00000, 0x0000000706d00000, 0x0000000706e00000|  0%| F|  |TAMS 0x0000000706d00000, 0x0000000706d00000| Untracked 
|  96|0x0000000706e00000, 0x0000000706e00000, 0x0000000706f00000|  0%| F|  |TAMS 0x0000000706e00000, 0x0000000706e00000| Untracked 
|  97|0x0000000706f00000, 0x0000000706f00000, 0x0000000707000000|  0%| F|  |TAMS 0x0000000706f00000, 0x0000000706f00000| Untracked 
|  98|0x0000000707000000, 0x0000000707000000, 0x0000000707100000|  0%| F|  |TAMS 0x0000000707000000, 0x0000000707000000| Untracked 
|  99|0x0000000707100000, 0x0000000707100000, 0x0000000707200000|  0%| F|  |TAMS 0x0000000707100000, 0x0000000707100000| Untracked 
| 100|0x0000000707200000, 0x0000000707200000, 0x0000000707300000|  0%| F|  |TAMS 0x0000000707200000, 0x0000000707200000| Untracked 
| 101|0x0000000707300000, 0x0000000707300000, 0x0000000707400000|  0%| F|  |TAMS 0x0000000707300000, 0x0000000707300000| Untracked 
| 102|0x0000000707400000, 0x0000000707400000, 0x0000000707500000|  0%| F|  |TAMS 0x0000000707400000, 0x0000000707400000| Untracked 
| 103|0x0000000707500000, 0x0000000707500000, 0x0000000707600000|  0%| F|  |TAMS 0x0000000707500000, 0x0000000707500000| Untracked 
| 104|0x0000000707600000, 0x0000000707600000, 0x0000000707700000|  0%| F|  |TAMS 0x0000000707600000, 0x0000000707600000| Untracked 
| 105|0x0000000707700000, 0x0000000707700000, 0x0000000707800000|  0%| F|  |TAMS 0x0000000707700000, 0x0000000707700000| Untracked 
| 106|0x0000000707800000, 0x0000000707800000, 0x0000000707900000|  0%| F|  |TAMS 0x0000000707800000, 0x0000000707800000| Untracked 
| 107|0x0000000707900000, 0x0000000707900000, 0x0000000707a00000|  0%| F|  |TAMS 0x0000000707900000, 0x0000000707900000| Untracked 
| 108|0x0000000707a00000, 0x0000000707a00000, 0x0000000707b00000|  0%| F|  |TAMS 0x0000000707a00000, 0x0000000707a00000| Untracked 
| 109|0x0000000707b00000, 0x0000000707b00000, 0x0000000707c00000|  0%| F|  |TAMS 0x0000000707b00000, 0x0000000707b00000| Untracked 
| 110|0x0000000707c00000, 0x0000000707cce200, 0x0000000707d00000| 80%| S|CS|TAMS 0x0000000707c00000, 0x0000000707c00000| Complete 
| 111|0x0000000707d00000, 0x0000000707e00000, 0x0000000707e00000|100%| S|CS|TAMS 0x0000000707d00000, 0x0000000707d00000| Complete 
| 112|0x0000000707e00000, 0x0000000707f00000, 0x0000000707f00000|100%| S|CS|TAMS 0x0000000707e00000, 0x0000000707e00000| Complete 
| 113|0x0000000707f00000, 0x0000000708000000, 0x0000000708000000|100%| S|CS|TAMS 0x0000000707f00000, 0x0000000707f00000| Complete 
| 114|0x0000000708000000, 0x0000000708100000, 0x0000000708100000|100%| S|CS|TAMS 0x0000000708000000, 0x0000000708000000| Complete 
| 115|0x0000000708100000, 0x0000000708200000, 0x0000000708200000|100%| S|CS|TAMS 0x0000000708100000, 0x0000000708100000| Complete 
| 116|0x0000000708200000, 0x0000000708300000, 0x0000000708300000|100%| S|CS|TAMS 0x0000000708200000, 0x0000000708200000| Complete 
| 117|0x0000000708300000, 0x0000000708400000, 0x0000000708400000|100%| S|CS|TAMS 0x0000000708300000, 0x0000000708300000| Complete 
| 118|0x0000000708400000, 0x0000000708500000, 0x0000000708500000|100%| S|CS|TAMS 0x0000000708400000, 0x0000000708400000| Complete 
| 119|0x0000000708500000, 0x0000000708600000, 0x0000000708600000|100%| S|CS|TAMS 0x0000000708500000, 0x0000000708500000| Complete 
| 120|0x0000000708600000, 0x0000000708700000, 0x0000000708700000|100%| S|CS|TAMS 0x0000000708600000, 0x0000000708600000| Complete 
| 121|0x0000000708700000, 0x0000000708800000, 0x0000000708800000|100%| S|CS|TAMS 0x0000000708700000, 0x0000000708700000| Complete 
| 122|0x0000000708800000, 0x0000000708900000, 0x0000000708900000|100%| S|CS|TAMS 0x0000000708800000, 0x0000000708800000| Complete 
| 123|0x0000000708900000, 0x0000000708a00000, 0x0000000708a00000|100%| S|CS|TAMS 0x0000000708900000, 0x0000000708900000| Complete 
| 124|0x0000000708a00000, 0x0000000708a00000, 0x0000000708b00000|  0%| F|  |TAMS 0x0000000708a00000, 0x0000000708a00000| Untracked 
| 125|0x0000000708b00000, 0x0000000708b00000, 0x0000000708c00000|  0%| F|  |TAMS 0x0000000708b00000, 0x0000000708b00000| Untracked 
| 126|0x0000000708c00000, 0x0000000708c00000, 0x0000000708d00000|  0%| F|  |TAMS 0x0000000708c00000, 0x0000000708c00000| Untracked 
| 127|0x0000000708d00000, 0x0000000708d00000, 0x0000000708e00000|  0%| F|  |TAMS 0x0000000708d00000, 0x0000000708d00000| Untracked 
| 128|0x0000000708e00000, 0x0000000708e00000, 0x0000000708f00000|  0%| F|  |TAMS 0x0000000708e00000, 0x0000000708e00000| Untracked 
| 129|0x0000000708f00000, 0x0000000708f00000, 0x0000000709000000|  0%| F|  |TAMS 0x0000000708f00000, 0x0000000708f00000| Untracked 
| 130|0x0000000709000000, 0x0000000709000000, 0x0000000709100000|  0%| F|  |TAMS 0x0000000709000000, 0x0000000709000000| Untracked 
| 131|0x0000000709100000, 0x0000000709100000, 0x0000000709200000|  0%| F|  |TAMS 0x0000000709100000, 0x0000000709100000| Untracked 
| 132|0x0000000709200000, 0x0000000709200000, 0x0000000709300000|  0%| F|  |TAMS 0x0000000709200000, 0x0000000709200000| Untracked 
| 133|0x0000000709300000, 0x0000000709300000, 0x0000000709400000|  0%| F|  |TAMS 0x0000000709300000, 0x0000000709300000| Untracked 
| 134|0x0000000709400000, 0x0000000709400000, 0x0000000709500000|  0%| F|  |TAMS 0x0000000709400000, 0x0000000709400000| Untracked 
| 135|0x0000000709500000, 0x0000000709500000, 0x0000000709600000|  0%| F|  |TAMS 0x0000000709500000, 0x0000000709500000| Untracked 
| 136|0x0000000709600000, 0x0000000709600000, 0x0000000709700000|  0%| F|  |TAMS 0x0000000709600000, 0x0000000709600000| Untracked 
| 137|0x0000000709700000, 0x0000000709700000, 0x0000000709800000|  0%| F|  |TAMS 0x0000000709700000, 0x0000000709700000| Untracked 
| 138|0x0000000709800000, 0x0000000709800000, 0x0000000709900000|  0%| F|  |TAMS 0x0000000709800000, 0x0000000709800000| Untracked 
| 139|0x0000000709900000, 0x0000000709900000, 0x0000000709a00000|  0%| F|  |TAMS 0x0000000709900000, 0x0000000709900000| Untracked 
| 140|0x0000000709a00000, 0x0000000709a00000, 0x0000000709b00000|  0%| F|  |TAMS 0x0000000709a00000, 0x0000000709a00000| Untracked 
| 141|0x0000000709b00000, 0x0000000709b00000, 0x0000000709c00000|  0%| F|  |TAMS 0x0000000709b00000, 0x0000000709b00000| Untracked 
| 142|0x0000000709c00000, 0x0000000709c00000, 0x0000000709d00000|  0%| F|  |TAMS 0x0000000709c00000, 0x0000000709c00000| Untracked 
| 143|0x0000000709d00000, 0x0000000709d00000, 0x0000000709e00000|  0%| F|  |TAMS 0x0000000709d00000, 0x0000000709d00000| Untracked 
| 144|0x0000000709e00000, 0x0000000709e00000, 0x0000000709f00000|  0%| F|  |TAMS 0x0000000709e00000, 0x0000000709e00000| Untracked 
| 145|0x0000000709f00000, 0x0000000709f00000, 0x000000070a000000|  0%| F|  |TAMS 0x0000000709f00000, 0x0000000709f00000| Untracked 
| 146|0x000000070a000000, 0x000000070a000000, 0x000000070a100000|  0%| F|  |TAMS 0x000000070a000000, 0x000000070a000000| Untracked 
| 147|0x000000070a100000, 0x000000070a100000, 0x000000070a200000|  0%| F|  |TAMS 0x000000070a100000, 0x000000070a100000| Untracked 
| 148|0x000000070a200000, 0x000000070a200000, 0x000000070a300000|  0%| F|  |TAMS 0x000000070a200000, 0x000000070a200000| Untracked 
| 149|0x000000070a300000, 0x000000070a300000, 0x000000070a400000|  0%| F|  |TAMS 0x000000070a300000, 0x000000070a300000| Untracked 
| 150|0x000000070a400000, 0x000000070a400000, 0x000000070a500000|  0%| F|  |TAMS 0x000000070a400000, 0x000000070a400000| Untracked 
| 151|0x000000070a500000, 0x000000070a500000, 0x000000070a600000|  0%| F|  |TAMS 0x000000070a500000, 0x000000070a500000| Untracked 
| 152|0x000000070a600000, 0x000000070a600000, 0x000000070a700000|  0%| F|  |TAMS 0x000000070a600000, 0x000000070a600000| Untracked 
| 153|0x000000070a700000, 0x000000070a700000, 0x000000070a800000|  0%| F|  |TAMS 0x000000070a700000, 0x000000070a700000| Untracked 
| 154|0x000000070a800000, 0x000000070a800000, 0x000000070a900000|  0%| F|  |TAMS 0x000000070a800000, 0x000000070a800000| Untracked 
| 155|0x000000070a900000, 0x000000070a900000, 0x000000070aa00000|  0%| F|  |TAMS 0x000000070a900000, 0x000000070a900000| Untracked 
| 156|0x000000070aa00000, 0x000000070aa00000, 0x000000070ab00000|  0%| F|  |TAMS 0x000000070aa00000, 0x000000070aa00000| Untracked 
| 157|0x000000070ab00000, 0x000000070ab00000, 0x000000070ac00000|  0%| F|  |TAMS 0x000000070ab00000, 0x000000070ab00000| Untracked 
| 158|0x000000070ac00000, 0x000000070ac00000, 0x000000070ad00000|  0%| F|  |TAMS 0x000000070ac00000, 0x000000070ac00000| Untracked 
| 159|0x000000070ad00000, 0x000000070ad00000, 0x000000070ae00000|  0%| F|  |TAMS 0x000000070ad00000, 0x000000070ad00000| Untracked 
| 160|0x000000070ae00000, 0x000000070ae00000, 0x000000070af00000|  0%| F|  |TAMS 0x000000070ae00000, 0x000000070ae00000| Untracked 
| 161|0x000000070af00000, 0x000000070af00000, 0x000000070b000000|  0%| F|  |TAMS 0x000000070af00000, 0x000000070af00000| Untracked 
| 162|0x000000070b000000, 0x000000070b000000, 0x000000070b100000|  0%| F|  |TAMS 0x000000070b000000, 0x000000070b000000| Untracked 
| 163|0x000000070b100000, 0x000000070b100000, 0x000000070b200000|  0%| F|  |TAMS 0x000000070b100000, 0x000000070b100000| Untracked 
| 164|0x000000070b200000, 0x000000070b200000, 0x000000070b300000|  0%| F|  |TAMS 0x000000070b200000, 0x000000070b200000| Untracked 
| 165|0x000000070b300000, 0x000000070b300000, 0x000000070b400000|  0%| F|  |TAMS 0x000000070b300000, 0x000000070b300000| Untracked 
| 166|0x000000070b400000, 0x000000070b400000, 0x000000070b500000|  0%| F|  |TAMS 0x000000070b400000, 0x000000070b400000| Untracked 
| 167|0x000000070b500000, 0x000000070b500000, 0x000000070b600000|  0%| F|  |TAMS 0x000000070b500000, 0x000000070b500000| Untracked 
| 168|0x000000070b600000, 0x000000070b600000, 0x000000070b700000|  0%| F|  |TAMS 0x000000070b600000, 0x000000070b600000| Untracked 
| 169|0x000000070b700000, 0x000000070b700000, 0x000000070b800000|  0%| F|  |TAMS 0x000000070b700000, 0x000000070b700000| Untracked 
| 170|0x000000070b800000, 0x000000070b800000, 0x000000070b900000|  0%| F|  |TAMS 0x000000070b800000, 0x000000070b800000| Untracked 
| 171|0x000000070b900000, 0x000000070b900000, 0x000000070ba00000|  0%| F|  |TAMS 0x000000070b900000, 0x000000070b900000| Untracked 
| 172|0x000000070ba00000, 0x000000070ba00000, 0x000000070bb00000|  0%| F|  |TAMS 0x000000070ba00000, 0x000000070ba00000| Untracked 
| 173|0x000000070bb00000, 0x000000070bb00000, 0x000000070bc00000|  0%| F|  |TAMS 0x000000070bb00000, 0x000000070bb00000| Untracked 
| 174|0x000000070bc00000, 0x000000070bc00000, 0x000000070bd00000|  0%| F|  |TAMS 0x000000070bc00000, 0x000000070bc00000| Untracked 
| 175|0x000000070bd00000, 0x000000070bd00000, 0x000000070be00000|  0%| F|  |TAMS 0x000000070bd00000, 0x000000070bd00000| Untracked 
| 176|0x000000070be00000, 0x000000070be00000, 0x000000070bf00000|  0%| F|  |TAMS 0x000000070be00000, 0x000000070be00000| Untracked 
| 177|0x000000070bf00000, 0x000000070bf00000, 0x000000070c000000|  0%| F|  |TAMS 0x000000070bf00000, 0x000000070bf00000| Untracked 
| 178|0x000000070c000000, 0x000000070c000000, 0x000000070c100000|  0%| F|  |TAMS 0x000000070c000000, 0x000000070c000000| Untracked 
| 179|0x000000070c100000, 0x000000070c100000, 0x000000070c200000|  0%| F|  |TAMS 0x000000070c100000, 0x000000070c100000| Untracked 
| 180|0x000000070c200000, 0x000000070c200000, 0x000000070c300000|  0%| F|  |TAMS 0x000000070c200000, 0x000000070c200000| Untracked 
| 181|0x000000070c300000, 0x000000070c300000, 0x000000070c400000|  0%| F|  |TAMS 0x000000070c300000, 0x000000070c300000| Untracked 
| 182|0x000000070c400000, 0x000000070c400000, 0x000000070c500000|  0%| F|  |TAMS 0x000000070c400000, 0x000000070c400000| Untracked 
| 183|0x000000070c500000, 0x000000070c500000, 0x000000070c600000|  0%| F|  |TAMS 0x000000070c500000, 0x000000070c500000| Untracked 
| 184|0x000000070c600000, 0x000000070c600000, 0x000000070c700000|  0%| F|  |TAMS 0x000000070c600000, 0x000000070c600000| Untracked 
| 185|0x000000070c700000, 0x000000070c700000, 0x000000070c800000|  0%| F|  |TAMS 0x000000070c700000, 0x000000070c700000| Untracked 
| 186|0x000000070c800000, 0x000000070c800000, 0x000000070c900000|  0%| F|  |TAMS 0x000000070c800000, 0x000000070c800000| Untracked 
| 187|0x000000070c900000, 0x000000070c900000, 0x000000070ca00000|  0%| F|  |TAMS 0x000000070c900000, 0x000000070c900000| Untracked 
| 188|0x000000070ca00000, 0x000000070ca00000, 0x000000070cb00000|  0%| F|  |TAMS 0x000000070ca00000, 0x000000070ca00000| Untracked 
| 189|0x000000070cb00000, 0x000000070cb00000, 0x000000070cc00000|  0%| F|  |TAMS 0x000000070cb00000, 0x000000070cb00000| Untracked 
| 190|0x000000070cc00000, 0x000000070cc00000, 0x000000070cd00000|  0%| F|  |TAMS 0x000000070cc00000, 0x000000070cc00000| Untracked 
| 191|0x000000070cd00000, 0x000000070cd00000, 0x000000070ce00000|  0%| F|  |TAMS 0x000000070cd00000, 0x000000070cd00000| Untracked 
| 192|0x000000070ce00000, 0x000000070ce00000, 0x000000070cf00000|  0%| F|  |TAMS 0x000000070ce00000, 0x000000070ce00000| Untracked 
| 193|0x000000070cf00000, 0x000000070cf00000, 0x000000070d000000|  0%| F|  |TAMS 0x000000070cf00000, 0x000000070cf00000| Untracked 
| 194|0x000000070d000000, 0x000000070d000000, 0x000000070d100000|  0%| F|  |TAMS 0x000000070d000000, 0x000000070d000000| Untracked 
| 195|0x000000070d100000, 0x000000070d100000, 0x000000070d200000|  0%| F|  |TAMS 0x000000070d100000, 0x000000070d100000| Untracked 
| 196|0x000000070d200000, 0x000000070d200000, 0x000000070d300000|  0%| F|  |TAMS 0x000000070d200000, 0x000000070d200000| Untracked 
| 197|0x000000070d300000, 0x000000070d300000, 0x000000070d400000|  0%| F|  |TAMS 0x000000070d300000, 0x000000070d300000| Untracked 
| 198|0x000000070d400000, 0x000000070d400000, 0x000000070d500000|  0%| F|  |TAMS 0x000000070d400000, 0x000000070d400000| Untracked 
| 199|0x000000070d500000, 0x000000070d500000, 0x000000070d600000|  0%| F|  |TAMS 0x000000070d500000, 0x000000070d500000| Untracked 
| 200|0x000000070d600000, 0x000000070d600000, 0x000000070d700000|  0%| F|  |TAMS 0x000000070d600000, 0x000000070d600000| Untracked 
| 201|0x000000070d700000, 0x000000070d700000, 0x000000070d800000|  0%| F|  |TAMS 0x000000070d700000, 0x000000070d700000| Untracked 
| 202|0x000000070d800000, 0x000000070d800000, 0x000000070d900000|  0%| F|  |TAMS 0x000000070d800000, 0x000000070d800000| Untracked 
| 203|0x000000070d900000, 0x000000070d900000, 0x000000070da00000|  0%| F|  |TAMS 0x000000070d900000, 0x000000070d900000| Untracked 
| 204|0x000000070da00000, 0x000000070da00000, 0x000000070db00000|  0%| F|  |TAMS 0x000000070da00000, 0x000000070da00000| Untracked 
| 205|0x000000070db00000, 0x000000070db00000, 0x000000070dc00000|  0%| F|  |TAMS 0x000000070db00000, 0x000000070db00000| Untracked 
| 206|0x000000070dc00000, 0x000000070dc00000, 0x000000070dd00000|  0%| F|  |TAMS 0x000000070dc00000, 0x000000070dc00000| Untracked 
| 207|0x000000070dd00000, 0x000000070dd00000, 0x000000070de00000|  0%| F|  |TAMS 0x000000070dd00000, 0x000000070dd00000| Untracked 
| 208|0x000000070de00000, 0x000000070de00000, 0x000000070df00000|  0%| F|  |TAMS 0x000000070de00000, 0x000000070de00000| Untracked 
| 209|0x000000070df00000, 0x000000070df00000, 0x000000070e000000|  0%| F|  |TAMS 0x000000070df00000, 0x000000070df00000| Untracked 
| 210|0x000000070e000000, 0x000000070e000000, 0x000000070e100000|  0%| F|  |TAMS 0x000000070e000000, 0x000000070e000000| Untracked 
| 211|0x000000070e100000, 0x000000070e100000, 0x000000070e200000|  0%| F|  |TAMS 0x000000070e100000, 0x000000070e100000| Untracked 
| 212|0x000000070e200000, 0x000000070e200000, 0x000000070e300000|  0%| F|  |TAMS 0x000000070e200000, 0x000000070e200000| Untracked 
| 213|0x000000070e300000, 0x000000070e300000, 0x000000070e400000|  0%| F|  |TAMS 0x000000070e300000, 0x000000070e300000| Untracked 
| 214|0x000000070e400000, 0x000000070e400000, 0x000000070e500000|  0%| F|  |TAMS 0x000000070e400000, 0x000000070e400000| Untracked 
| 215|0x000000070e500000, 0x000000070e500000, 0x000000070e600000|  0%| F|  |TAMS 0x000000070e500000, 0x000000070e500000| Untracked 
| 216|0x000000070e600000, 0x000000070e600000, 0x000000070e700000|  0%| F|  |TAMS 0x000000070e600000, 0x000000070e600000| Untracked 
| 217|0x000000070e700000, 0x000000070e700000, 0x000000070e800000|  0%| F|  |TAMS 0x000000070e700000, 0x000000070e700000| Untracked 
| 218|0x000000070e800000, 0x000000070e800000, 0x000000070e900000|  0%| F|  |TAMS 0x000000070e800000, 0x000000070e800000| Untracked 
| 219|0x000000070e900000, 0x000000070e900000, 0x000000070ea00000|  0%| F|  |TAMS 0x000000070e900000, 0x000000070e900000| Untracked 
| 220|0x000000070ea00000, 0x000000070ea00000, 0x000000070eb00000|  0%| F|  |TAMS 0x000000070ea00000, 0x000000070ea00000| Untracked 
| 221|0x000000070eb00000, 0x000000070eb00000, 0x000000070ec00000|  0%| F|  |TAMS 0x000000070eb00000, 0x000000070eb00000| Untracked 
| 222|0x000000070ec00000, 0x000000070ec00000, 0x000000070ed00000|  0%| F|  |TAMS 0x000000070ec00000, 0x000000070ec00000| Untracked 
| 223|0x000000070ed00000, 0x000000070ed00000, 0x000000070ee00000|  0%| F|  |TAMS 0x000000070ed00000, 0x000000070ed00000| Untracked 
| 224|0x000000070ee00000, 0x000000070ee00000, 0x000000070ef00000|  0%| F|  |TAMS 0x000000070ee00000, 0x000000070ee00000| Untracked 
| 225|0x000000070ef00000, 0x000000070ef00000, 0x000000070f000000|  0%| F|  |TAMS 0x000000070ef00000, 0x000000070ef00000| Untracked 
| 226|0x000000070f000000, 0x000000070f000000, 0x000000070f100000|  0%| F|  |TAMS 0x000000070f000000, 0x000000070f000000| Untracked 
| 227|0x000000070f100000, 0x000000070f100000, 0x000000070f200000|  0%| F|  |TAMS 0x000000070f100000, 0x000000070f100000| Untracked 
| 228|0x000000070f200000, 0x000000070f200000, 0x000000070f300000|  0%| F|  |TAMS 0x000000070f200000, 0x000000070f200000| Untracked 
| 229|0x000000070f300000, 0x000000070f300000, 0x000000070f400000|  0%| F|  |TAMS 0x000000070f300000, 0x000000070f300000| Untracked 
| 230|0x000000070f400000, 0x000000070f400000, 0x000000070f500000|  0%| F|  |TAMS 0x000000070f400000, 0x000000070f400000| Untracked 
| 231|0x000000070f500000, 0x000000070f500000, 0x000000070f600000|  0%| F|  |TAMS 0x000000070f500000, 0x000000070f500000| Untracked 
| 232|0x000000070f600000, 0x000000070f600000, 0x000000070f700000|  0%| F|  |TAMS 0x000000070f600000, 0x000000070f600000| Untracked 
| 233|0x000000070f700000, 0x000000070f700000, 0x000000070f800000|  0%| F|  |TAMS 0x000000070f700000, 0x000000070f700000| Untracked 
| 234|0x000000070f800000, 0x000000070f800000, 0x000000070f900000|  0%| F|  |TAMS 0x000000070f800000, 0x000000070f800000| Untracked 
| 235|0x000000070f900000, 0x000000070f900000, 0x000000070fa00000|  0%| F|  |TAMS 0x000000070f900000, 0x000000070f900000| Untracked 
| 236|0x000000070fa00000, 0x000000070fa00000, 0x000000070fb00000|  0%| F|  |TAMS 0x000000070fa00000, 0x000000070fa00000| Untracked 
| 237|0x000000070fb00000, 0x000000070fb00000, 0x000000070fc00000|  0%| F|  |TAMS 0x000000070fb00000, 0x000000070fb00000| Untracked 
| 238|0x000000070fc00000, 0x000000070fc00000, 0x000000070fd00000|  0%| F|  |TAMS 0x000000070fc00000, 0x000000070fc00000| Untracked 
| 239|0x000000070fd00000, 0x000000070fd00000, 0x000000070fe00000|  0%| F|  |TAMS 0x000000070fd00000, 0x000000070fd00000| Untracked 
| 240|0x000000070fe00000, 0x000000070fe00000, 0x000000070ff00000|  0%| F|  |TAMS 0x000000070fe00000, 0x000000070fe00000| Untracked 
| 241|0x000000070ff00000, 0x000000070ff00000, 0x0000000710000000|  0%| F|  |TAMS 0x000000070ff00000, 0x000000070ff00000| Untracked 
| 242|0x0000000710000000, 0x0000000710000000, 0x0000000710100000|  0%| F|  |TAMS 0x0000000710000000, 0x0000000710000000| Untracked 
| 243|0x0000000710100000, 0x0000000710100000, 0x0000000710200000|  0%| F|  |TAMS 0x0000000710100000, 0x0000000710100000| Untracked 
| 244|0x0000000710200000, 0x0000000710200000, 0x0000000710300000|  0%| F|  |TAMS 0x0000000710200000, 0x0000000710200000| Untracked 
| 245|0x0000000710300000, 0x0000000710300000, 0x0000000710400000|  0%| F|  |TAMS 0x0000000710300000, 0x0000000710300000| Untracked 
| 246|0x0000000710400000, 0x0000000710400000, 0x0000000710500000|  0%| F|  |TAMS 0x0000000710400000, 0x0000000710400000| Untracked 
| 247|0x0000000710500000, 0x0000000710500000, 0x0000000710600000|  0%| F|  |TAMS 0x0000000710500000, 0x0000000710500000| Untracked 
| 248|0x0000000710600000, 0x0000000710600000, 0x0000000710700000|  0%| F|  |TAMS 0x0000000710600000, 0x0000000710600000| Untracked 
| 249|0x0000000710700000, 0x0000000710700000, 0x0000000710800000|  0%| F|  |TAMS 0x0000000710700000, 0x0000000710700000| Untracked 
| 250|0x0000000710800000, 0x0000000710800000, 0x0000000710900000|  0%| F|  |TAMS 0x0000000710800000, 0x0000000710800000| Untracked 
| 251|0x0000000710900000, 0x0000000710900000, 0x0000000710a00000|  0%| F|  |TAMS 0x0000000710900000, 0x0000000710900000| Untracked 
| 252|0x0000000710a00000, 0x0000000710a00000, 0x0000000710b00000|  0%| F|  |TAMS 0x0000000710a00000, 0x0000000710a00000| Untracked 
| 253|0x0000000710b00000, 0x0000000710b00000, 0x0000000710c00000|  0%| F|  |TAMS 0x0000000710b00000, 0x0000000710b00000| Untracked 
| 254|0x0000000710c00000, 0x0000000710c444c0, 0x0000000710d00000| 26%| E|  |TAMS 0x0000000710c00000, 0x0000000710c00000| Complete 
| 255|0x0000000710d00000, 0x0000000710e00000, 0x0000000710e00000|100%| E|CS|TAMS 0x0000000710d00000, 0x0000000710d00000| Complete 
| 256|0x0000000710e00000, 0x0000000710f00000, 0x0000000710f00000|100%| E|CS|TAMS 0x0000000710e00000, 0x0000000710e00000| Complete 
| 257|0x0000000710f00000, 0x0000000711000000, 0x0000000711000000|100%| E|CS|TAMS 0x0000000710f00000, 0x0000000710f00000| Complete 
| 258|0x0000000711000000, 0x0000000711100000, 0x0000000711100000|100%| E|CS|TAMS 0x0000000711000000, 0x0000000711000000| Complete 
| 259|0x0000000711100000, 0x0000000711200000, 0x0000000711200000|100%| E|CS|TAMS 0x0000000711100000, 0x0000000711100000| Complete 
| 260|0x0000000711200000, 0x0000000711300000, 0x0000000711300000|100%| E|CS|TAMS 0x0000000711200000, 0x0000000711200000| Complete 
| 261|0x0000000711300000, 0x0000000711400000, 0x0000000711400000|100%| E|CS|TAMS 0x0000000711300000, 0x0000000711300000| Complete 
| 262|0x0000000711400000, 0x0000000711500000, 0x0000000711500000|100%| E|CS|TAMS 0x0000000711400000, 0x0000000711400000| Complete 
| 263|0x0000000711500000, 0x0000000711600000, 0x0000000711600000|100%| E|CS|TAMS 0x0000000711500000, 0x0000000711500000| Complete 
| 264|0x0000000711600000, 0x0000000711700000, 0x0000000711700000|100%| E|CS|TAMS 0x0000000711600000, 0x0000000711600000| Complete 
| 265|0x0000000711700000, 0x0000000711800000, 0x0000000711800000|100%| E|CS|TAMS 0x0000000711700000, 0x0000000711700000| Complete 
| 266|0x0000000711800000, 0x0000000711900000, 0x0000000711900000|100%| E|CS|TAMS 0x0000000711800000, 0x0000000711800000| Complete 
| 267|0x0000000711900000, 0x0000000711a00000, 0x0000000711a00000|100%| E|CS|TAMS 0x0000000711900000, 0x0000000711900000| Complete 
| 268|0x0000000711a00000, 0x0000000711b00000, 0x0000000711b00000|100%| E|CS|TAMS 0x0000000711a00000, 0x0000000711a00000| Complete 
| 269|0x0000000711b00000, 0x0000000711c00000, 0x0000000711c00000|100%| E|CS|TAMS 0x0000000711b00000, 0x0000000711b00000| Complete 
| 270|0x0000000711c00000, 0x0000000711d00000, 0x0000000711d00000|100%| E|CS|TAMS 0x0000000711c00000, 0x0000000711c00000| Complete 
| 271|0x0000000711d00000, 0x0000000711e00000, 0x0000000711e00000|100%| E|CS|TAMS 0x0000000711d00000, 0x0000000711d00000| Complete 
| 272|0x0000000711e00000, 0x0000000711f00000, 0x0000000711f00000|100%| E|CS|TAMS 0x0000000711e00000, 0x0000000711e00000| Complete 
| 273|0x0000000711f00000, 0x0000000712000000, 0x0000000712000000|100%| E|CS|TAMS 0x0000000711f00000, 0x0000000711f00000| Complete 
| 274|0x0000000712000000, 0x0000000712100000, 0x0000000712100000|100%| E|CS|TAMS 0x0000000712000000, 0x0000000712000000| Complete 
| 275|0x0000000712100000, 0x0000000712200000, 0x0000000712200000|100%| E|CS|TAMS 0x0000000712100000, 0x0000000712100000| Complete 
| 276|0x0000000712200000, 0x0000000712300000, 0x0000000712300000|100%| E|CS|TAMS 0x0000000712200000, 0x0000000712200000| Complete 
| 277|0x0000000712300000, 0x0000000712400000, 0x0000000712400000|100%| E|CS|TAMS 0x0000000712300000, 0x0000000712300000| Complete 
| 278|0x0000000712400000, 0x0000000712500000, 0x0000000712500000|100%| E|CS|TAMS 0x0000000712400000, 0x0000000712400000| Complete 
| 279|0x0000000712500000, 0x0000000712600000, 0x0000000712600000|100%| E|CS|TAMS 0x0000000712500000, 0x0000000712500000| Complete 
| 280|0x0000000712600000, 0x0000000712700000, 0x0000000712700000|100%| E|CS|TAMS 0x0000000712600000, 0x0000000712600000| Complete 
| 281|0x0000000712700000, 0x0000000712800000, 0x0000000712800000|100%| E|CS|TAMS 0x0000000712700000, 0x0000000712700000| Complete 
| 282|0x0000000712800000, 0x0000000712900000, 0x0000000712900000|100%| E|CS|TAMS 0x0000000712800000, 0x0000000712800000| Complete 
| 283|0x0000000712900000, 0x0000000712a00000, 0x0000000712a00000|100%| E|CS|TAMS 0x0000000712900000, 0x0000000712900000| Complete 
| 284|0x0000000712a00000, 0x0000000712b00000, 0x0000000712b00000|100%| E|CS|TAMS 0x0000000712a00000, 0x0000000712a00000| Complete 
| 285|0x0000000712b00000, 0x0000000712c00000, 0x0000000712c00000|100%| E|CS|TAMS 0x0000000712b00000, 0x0000000712b00000| Complete 
| 286|0x0000000712c00000, 0x0000000712d00000, 0x0000000712d00000|100%| E|CS|TAMS 0x0000000712c00000, 0x0000000712c00000| Complete 
| 287|0x0000000712d00000, 0x0000000712e00000, 0x0000000712e00000|100%| E|CS|TAMS 0x0000000712d00000, 0x0000000712d00000| Complete 
| 288|0x0000000712e00000, 0x0000000712f00000, 0x0000000712f00000|100%| E|CS|TAMS 0x0000000712e00000, 0x0000000712e00000| Complete 
| 289|0x0000000712f00000, 0x0000000713000000, 0x0000000713000000|100%| E|CS|TAMS 0x0000000712f00000, 0x0000000712f00000| Complete 
| 290|0x0000000713000000, 0x0000000713100000, 0x0000000713100000|100%| E|CS|TAMS 0x0000000713000000, 0x0000000713000000| Complete 
| 291|0x0000000713100000, 0x0000000713200000, 0x0000000713200000|100%| E|CS|TAMS 0x0000000713100000, 0x0000000713100000| Complete 
| 292|0x0000000713200000, 0x0000000713300000, 0x0000000713300000|100%| E|CS|TAMS 0x0000000713200000, 0x0000000713200000| Complete 
| 293|0x0000000713300000, 0x0000000713400000, 0x0000000713400000|100%| E|CS|TAMS 0x0000000713300000, 0x0000000713300000| Complete 
| 294|0x0000000713400000, 0x0000000713500000, 0x0000000713500000|100%| E|CS|TAMS 0x0000000713400000, 0x0000000713400000| Complete 
| 295|0x0000000713500000, 0x0000000713600000, 0x0000000713600000|100%| E|CS|TAMS 0x0000000713500000, 0x0000000713500000| Complete 
| 296|0x0000000713600000, 0x0000000713700000, 0x0000000713700000|100%| E|CS|TAMS 0x0000000713600000, 0x0000000713600000| Complete 
| 297|0x0000000713700000, 0x0000000713800000, 0x0000000713800000|100%| E|CS|TAMS 0x0000000713700000, 0x0000000713700000| Complete 
| 298|0x0000000713800000, 0x0000000713900000, 0x0000000713900000|100%| E|CS|TAMS 0x0000000713800000, 0x0000000713800000| Complete 
| 299|0x0000000713900000, 0x0000000713a00000, 0x0000000713a00000|100%| E|CS|TAMS 0x0000000713900000, 0x0000000713900000| Complete 
| 300|0x0000000713a00000, 0x0000000713b00000, 0x0000000713b00000|100%| E|CS|TAMS 0x0000000713a00000, 0x0000000713a00000| Complete 
| 301|0x0000000713b00000, 0x0000000713c00000, 0x0000000713c00000|100%| E|CS|TAMS 0x0000000713b00000, 0x0000000713b00000| Complete 
| 302|0x0000000713c00000, 0x0000000713d00000, 0x0000000713d00000|100%| E|CS|TAMS 0x0000000713c00000, 0x0000000713c00000| Complete 
| 303|0x0000000713d00000, 0x0000000713e00000, 0x0000000713e00000|100%| E|CS|TAMS 0x0000000713d00000, 0x0000000713d00000| Complete 
| 304|0x0000000713e00000, 0x0000000713f00000, 0x0000000713f00000|100%| E|CS|TAMS 0x0000000713e00000, 0x0000000713e00000| Complete 
| 305|0x0000000713f00000, 0x0000000714000000, 0x0000000714000000|100%| E|CS|TAMS 0x0000000713f00000, 0x0000000713f00000| Complete 
| 306|0x0000000714000000, 0x0000000714100000, 0x0000000714100000|100%| E|CS|TAMS 0x0000000714000000, 0x0000000714000000| Complete 
| 307|0x0000000714100000, 0x0000000714200000, 0x0000000714200000|100%| E|CS|TAMS 0x0000000714100000, 0x0000000714100000| Complete 

Card table byte_map: [0x000001b65b570000,0x000001b65bd70000] _byte_map_base: 0x000001b657d69000

Marking Bits (Prev, Next): (CMBitMap*) 0x000001b6415c4158, (CMBitMap*) 0x000001b6415c4198
 Prev Bits: [0x000001b65c570000, 0x000001b660538000)
 Next Bits: [0x000001b660540000, 0x000001b664508000)

Polling page: 0x000001b641400000

Metaspace:

Usage:
  Non-class:      9.72 MB capacity,     9.39 MB ( 97%) used,   290.19 KB (  3%) free+waste,    44.25 KB ( <1%) overhead. 
      Class:      1.38 MB capacity,     1.17 MB ( 84%) used,   196.93 KB ( 14%) free+waste,    25.44 KB (  2%) overhead. 
       Both:     11.10 MB capacity,    10.56 MB ( 95%) used,   487.12 KB (  4%) free+waste,    69.69 KB ( <1%) overhead. 

Virtual space:
  Non-class space:       10.00 MB reserved,       9.75 MB ( 98%) committed 
      Class space:        1.00 GB reserved,       1.50 MB ( <1%) committed 
             Both:        1.01 GB reserved,      11.25 MB (  1%) committed 

Chunk freelists:
   Non-Class:  33.00 KB
       Class:  24.00 KB
        Both:  57.00 KB

MaxMetaspaceSize: 17179869184.00 GB
CompressedClassSpaceSize: 1.00 GB

CodeHeap 'non-profiled nmethods': size=120000Kb used=1341Kb max_used=1341Kb free=118658Kb
 bounds [0x000001b652fe0000, 0x000001b653250000, 0x000001b65a510000]
CodeHeap 'profiled nmethods': size=120000Kb used=4461Kb max_used=4461Kb free=115539Kb
 bounds [0x000001b64bab0000, 0x000001b64bf10000, 0x000001b652fe0000]
CodeHeap 'non-nmethods': size=5760Kb used=1313Kb max_used=1358Kb free=4446Kb
 bounds [0x000001b64b510000, 0x000001b64b780000, 0x000001b64bab0000]
 total_blobs=2984 nmethods=2379 adapters=517
 compilation: enabled
              stopped_count=0, restarted_count=0
 full_count=0

Compilation events (20 events):
Event: 9.205 Thread 0x000001b666e7b800 2371       3       rlbot.gamestate.CarState::withPhysics (7 bytes)
Event: 9.205 Thread 0x000001b666e7b800 nmethod 2371 0x000001b64bf08290 code [0x000001b64bf08420, 0x000001b64bf08598]
Event: 9.205 Thread 0x000001b666e7b800 2372       3       rlbot.gamestate.GameState::withCarState (17 bytes)
Event: 9.205 Thread 0x000001b666e7b800 nmethod 2372 0x000001b64bf08610 code [0x000001b64bf087e0, 0x000001b64bf08c88]
Event: 9.205 Thread 0x000001b666e7b800 2373       3       java.util.stream.ReduceOps$6ReducingSink::accept (39 bytes)
Event: 9.205 Thread 0x000001b666e7b800 nmethod 2373 0x000001b64bf08e90 code [0x000001b64bf09040, 0x000001b64bf092a8]
Event: 9.205 Thread 0x000001b666e71800 2374       4       java.util.stream.IntPipeline::makeNodeBuilder (5 bytes)
Event: 9.206 Thread 0x000001b66d386000 2375       4       com.google.flatbuffers.FlatBufferBuilder::endVector (35 bytes)
Event: 9.207 Thread 0x000001b66d386000 nmethod 2375 0x000001b65312d410 code [0x000001b65312d5e0, 0x000001b65312d878]
Event: 9.207 Thread 0x000001b666e71800 nmethod 2374 0x000001b65312da90 code [0x000001b65312dc40, 0x000001b65312df18]
Event: 9.228 Thread 0x000001b666e71800 2376 %     4       rlbot.gamestate.GameState::buildPacket @ 105 (286 bytes)
Event: 9.229 Thread 0x000001b66d386000 2377 %     4       rlbot.flat.DesiredGameState::createCarStatesVector @ 13 (35 bytes)
Event: 9.230 Thread 0x000001b666e7b800 2379       3       com.google.flatbuffers.FlatBufferBuilder::addByte (23 bytes)
Event: 9.231 Thread 0x000001b666e7b800 nmethod 2379 0x000001b64bf09390 code [0x000001b64bf09580, 0x000001b64bf09a78]
Event: 9.231 Thread 0x000001b666e7b800 2380       3       com.google.flatbuffers.FlatBufferBuilder::addByte (12 bytes)
Event: 9.231 Thread 0x000001b666e7b800 nmethod 2380 0x000001b64bf09c90 code [0x000001b64bf09e40, 0x000001b64bf0a118]
Event: 9.232 Thread 0x000001b66d386000 nmethod 2377% 0x000001b65312e090 code [0x000001b65312e300, 0x000001b65312e8e8]
Event: 9.232 Thread 0x000001b66d386000 2378       4       java.util.stream.AbstractPipeline::copyInto (54 bytes)
Event: 9.234 Thread 0x000001b66d386000 nmethod 2378 0x000001b65312ed90 code [0x000001b65312efa0, 0x000001b65312f308]
Event: 9.254 Thread 0x000001b66d386000 2381       4       rlbotexample.dynamic_objects.DataPacket::<init> (333 bytes)

GC Heap History (20 events):
Event: 4.279 GC heap before
{Heap before GC invocations=7 (full 0):
 garbage-first heap   total 262144K, used 166241K [0x0000000700e00000, 0x0000000800000000)
  region size 1024K, 153 young (156672K), 10 survivors (10240K)
 Metaspace       used 10308K, capacity 10803K, committed 10880K, reserved 1058816K
  class space    used 1147K, capacity 1338K, committed 1408K, reserved 1048576K
}
Event: 4.284 GC heap after
{Heap after GC invocations=8 (full 0):
 garbage-first heap   total 262144K, used 23046K [0x0000000700e00000, 0x0000000800000000)
  region size 1024K, 12 young (12288K), 12 survivors (12288K)
 Metaspace       used 10308K, capacity 10803K, committed 10880K, reserved 1058816K
  class space    used 1147K, capacity 1338K, committed 1408K, reserved 1048576K
}
Event: 4.786 GC heap before
{Heap before GC invocations=8 (full 0):
 garbage-first heap   total 262144K, used 166406K [0x0000000700e00000, 0x0000000800000000)
  region size 1024K, 153 young (156672K), 12 survivors (12288K)
 Metaspace       used 10333K, capacity 10804K, committed 10880K, reserved 1058816K
  class space    used 1147K, capacity 1338K, committed 1408K, reserved 1048576K
}
Event: 4.792 GC heap after
{Heap after GC invocations=9 (full 0):
 garbage-first heap   total 262144K, used 26143K [0x0000000700e00000, 0x0000000800000000)
  region size 1024K, 14 young (14336K), 14 survivors (14336K)
 Metaspace       used 10333K, capacity 10804K, committed 10880K, reserved 1058816K
  class space    used 1147K, capacity 1338K, committed 1408K, reserved 1048576K
}
Event: 5.240 GC heap before
{Heap before GC invocations=9 (full 0):
 garbage-first heap   total 262144K, used 169503K [0x0000000700e00000, 0x0000000800000000)
  region size 1024K, 153 young (156672K), 14 survivors (14336K)
 Metaspace       used 10343K, capacity 10804K, committed 10880K, reserved 1058816K
  class space    used 1147K, capacity 1338K, committed 1408K, reserved 1048576K
}
Event: 5.246 GC heap after
{Heap after GC invocations=10 (full 0):
 garbage-first heap   total 262144K, used 29500K [0x0000000700e00000, 0x0000000800000000)
  region size 1024K, 11 young (11264K), 11 survivors (11264K)
 Metaspace       used 10343K, capacity 10804K, committed 10880K, reserved 1058816K
  class space    used 1147K, capacity 1338K, committed 1408K, reserved 1048576K
}
Event: 5.714 GC heap before
{Heap before GC invocations=10 (full 0):
 garbage-first heap   total 262144K, used 173884K [0x0000000700e00000, 0x0000000800000000)
  region size 1024K, 153 young (156672K), 11 survivors (11264K)
 Metaspace       used 10390K, capacity 10870K, committed 11136K, reserved 1058816K
  class space    used 1147K, capacity 1338K, committed 1408K, reserved 1048576K
}
Event: 5.719 GC heap after
{Heap after GC invocations=11 (full 0):
 garbage-first heap   total 315392K, used 31204K [0x0000000700e00000, 0x0000000800000000)
  region size 1024K, 13 young (13312K), 13 survivors (13312K)
 Metaspace       used 10390K, capacity 10870K, committed 11136K, reserved 1058816K
  class space    used 1147K, capacity 1338K, committed 1408K, reserved 1048576K
}
Event: 6.270 GC heap before
{Heap before GC invocations=11 (full 0):
 garbage-first heap   total 315392K, used 205284K [0x0000000700e00000, 0x0000000800000000)
  region size 1024K, 184 young (188416K), 13 survivors (13312K)
 Metaspace       used 10393K, capacity 10870K, committed 11136K, reserved 1058816K
  class space    used 1147K, capacity 1338K, committed 1408K, reserved 1048576K
}
Event: 6.276 GC heap after
{Heap after GC invocations=12 (full 0):
 garbage-first heap   total 315392K, used 33699K [0x0000000700e00000, 0x0000000800000000)
  region size 1024K, 13 young (13312K), 13 survivors (13312K)
 Metaspace       used 10393K, capacity 10870K, committed 11136K, reserved 1058816K
  class space    used 1147K, capacity 1338K, committed 1408K, reserved 1048576K
}
Event: 6.797 GC heap before
{Heap before GC invocations=12 (full 0):
 garbage-first heap   total 315392K, used 209827K [0x0000000700e00000, 0x0000000800000000)
  region size 1024K, 184 young (188416K), 13 survivors (13312K)
 Metaspace       used 10396K, capacity 10870K, committed 11136K, reserved 1058816K
  class space    used 1147K, capacity 1338K, committed 1408K, reserved 1048576K
}
Event: 6.801 GC heap after
{Heap after GC invocations=13 (full 0):
 garbage-first heap   total 315392K, used 37617K [0x0000000700e00000, 0x0000000800000000)
  region size 1024K, 13 young (13312K), 13 survivors (13312K)
 Metaspace       used 10396K, capacity 10870K, committed 11136K, reserved 1058816K
  class space    used 1147K, capacity 1338K, committed 1408K, reserved 1048576K
}
Event: 7.319 GC heap before
{Heap before GC invocations=13 (full 0):
 garbage-first heap   total 315392K, used 211697K [0x0000000700e00000, 0x0000000800000000)
  region size 1024K, 184 young (188416K), 13 survivors (13312K)
 Metaspace       used 10404K, capacity 10870K, committed 11136K, reserved 1058816K
  class space    used 1147K, capacity 1338K, committed 1408K, reserved 1048576K
}
Event: 7.324 GC heap after
{Heap after GC invocations=14 (full 0):
 garbage-first heap   total 315392K, used 39589K [0x0000000700e00000, 0x0000000800000000)
  region size 1024K, 13 young (13312K), 13 survivors (13312K)
 Metaspace       used 10404K, capacity 10870K, committed 11136K, reserved 1058816K
  class space    used 1147K, capacity 1338K, committed 1408K, reserved 1048576K
}
Event: 7.834 GC heap before
{Heap before GC invocations=14 (full 0):
 garbage-first heap   total 315392K, used 213669K [0x0000000700e00000, 0x0000000800000000)
  region size 1024K, 184 young (188416K), 13 survivors (13312K)
 Metaspace       used 10424K, capacity 10870K, committed 11136K, reserved 1058816K
  class space    used 1147K, capacity 1338K, committed 1408K, reserved 1048576K
}
Event: 7.839 GC heap after
{Heap after GC invocations=15 (full 0):
 garbage-first heap   total 315392K, used 42697K [0x0000000700e00000, 0x0000000800000000)
  region size 1024K, 14 young (14336K), 14 survivors (14336K)
 Metaspace       used 10424K, capacity 10870K, committed 11136K, reserved 1058816K
  class space    used 1147K, capacity 1338K, committed 1408K, reserved 1048576K
}
Event: 8.394 GC heap before
{Heap before GC invocations=15 (full 0):
 garbage-first heap   total 315392K, used 217801K [0x0000000700e00000, 0x0000000800000000)
  region size 1024K, 184 young (188416K), 14 survivors (14336K)
 Metaspace       used 10435K, capacity 10870K, committed 11136K, reserved 1058816K
  class space    used 1147K, capacity 1338K, committed 1408K, reserved 1048576K
}
Event: 8.399 GC heap after
{Heap after GC invocations=16 (full 0):
 garbage-first heap   total 315392K, used 46415K [0x0000000700e00000, 0x0000000800000000)
  region size 1024K, 14 young (14336K), 14 survivors (14336K)
 Metaspace       used 10435K, capacity 10870K, committed 11136K, reserved 1058816K
  class space    used 1147K, capacity 1338K, committed 1408K, reserved 1048576K
}
Event: 9.162 GC heap before
{Heap before GC invocations=16 (full 0):
 garbage-first heap   total 315392K, used 224591K [0x0000000700e00000, 0x0000000800000000)
  region size 1024K, 184 young (188416K), 14 survivors (14336K)
 Metaspace       used 10796K, capacity 11296K, committed 11520K, reserved 1058816K
  class space    used 1193K, capacity 1416K, committed 1536K, reserved 1048576K
}
Event: 9.169 GC heap after
{Heap after GC invocations=17 (full 0):
 garbage-first heap   total 315392K, used 52901K [0x0000000700e00000, 0x0000000800000000)
  region size 1024K, 14 young (14336K), 14 survivors (14336K)
 Metaspace       used 10796K, capacity 11296K, committed 11520K, reserved 1058816K
  class space    used 1193K, capacity 1416K, committed 1536K, reserved 1048576K
}

Deoptimization events (20 events):
Event: 8.925 Thread 0x000001b66cc01800 DEOPT PACKING pc=0x000001b64be9e4ef sp=0x00000026d3bfead0
Event: 8.925 Thread 0x000001b66cc01800 DEOPT UNPACKING pc=0x000001b64b55964e sp=0x00000026d3bfdf38 mode 0
Event: 8.952 Thread 0x000001b66cc0c800 DEOPT PACKING pc=0x000001b64be9a660 sp=0x00000026d49fee50
Event: 8.952 Thread 0x000001b66cc0c800 DEOPT UNPACKING pc=0x000001b64b55964e sp=0x00000026d49fe2f0 mode 0
Event: 8.952 Thread 0x000001b66d0a4800 DEOPT PACKING pc=0x000001b64bec54e2 sp=0x00000026d4fff040
Event: 8.952 Thread 0x000001b66d0a4800 DEOPT UNPACKING pc=0x000001b64b55964e sp=0x00000026d4ffe618 mode 0
Event: 8.954 Thread 0x000001b66cc01800 DEOPT PACKING pc=0x000001b64be9a660 sp=0x00000026d3bfea50
Event: 8.954 Thread 0x000001b66cc01800 DEOPT UNPACKING pc=0x000001b64b55964e sp=0x00000026d3bfdef0 mode 0
Event: 8.958 Thread 0x000001b66da0f800 DEOPT PACKING pc=0x000001b64be9a660 sp=0x00000026d68fec90
Event: 8.958 Thread 0x000001b66da0f800 DEOPT UNPACKING pc=0x000001b64b55964e sp=0x00000026d68fe130 mode 0
Event: 8.995 Thread 0x000001b66da0f800 DEOPT PACKING pc=0x000001b64bec54e2 sp=0x00000026d68fedd0
Event: 8.995 Thread 0x000001b66da0f800 DEOPT UNPACKING pc=0x000001b64b55964e sp=0x00000026d68fe388 mode 0
Event: 9.170 Thread 0x000001b66da0f800 DEOPT PACKING pc=0x000001b64bec54e2 sp=0x00000026d68fedd0
Event: 9.170 Thread 0x000001b66da0f800 DEOPT UNPACKING pc=0x000001b64b55964e sp=0x00000026d68fe388 mode 0
Event: 9.224 Thread 0x000001b66d0a8800 DEOPT PACKING pc=0x000001b64bec54e2 sp=0x00000026d5bfeeb0
Event: 9.224 Thread 0x000001b66d0a8800 DEOPT UNPACKING pc=0x000001b64b55964e sp=0x00000026d5bfe468 mode 0
Event: 9.255 Thread 0x000001b66d0a0800 DEOPT PACKING pc=0x000001b64bec54e2 sp=0x00000026d54ff000
Event: 9.255 Thread 0x000001b66d0a0800 DEOPT UNPACKING pc=0x000001b64b55964e sp=0x00000026d54fe5b8 mode 0
Event: 9.257 Thread 0x000001b66cc01800 DEOPT PACKING pc=0x000001b64beb9e94 sp=0x00000026d3bfebf0
Event: 9.257 Thread 0x000001b66cc01800 DEOPT UNPACKING pc=0x000001b64b55964e sp=0x00000026d3bfe108 mode 0

Classes unloaded (0 events):
No events

Classes redefined (0 events):
No events

Internal exceptions (20 events):
Event: 0.419 Thread 0x000001b64155a800 Exception <a 'java/lang/NoSuchMethodError'{0x0000000710560be8}: 'java.lang.Object java.lang.invoke.DirectMethodHandle$Holder.invokeStatic(java.lang.Object, int, java.lang.Object, java.lang.Object, java.lang.Object, java.lang.Object)'> (0x0000000710560be8) 
thrown [./open/src/hotspot/share/interpreter/linkResolver.cpp, line 766]
Event: 0.420 Thread 0x000001b64155a800 Exception <a 'java/lang/NoSuchMethodError'{0x0000000710567508}: 'java.lang.Object java.lang.invoke.DirectMethodHandle$Holder.invokeStatic(java.lang.Object, int, java.lang.Object, java.lang.Object, java.lang.Object)'> (0x0000000710567508) 
thrown [./open/src/hotspot/share/interpreter/linkResolver.cpp, line 766]
Event: 0.420 Thread 0x000001b64155a800 Exception <a 'java/lang/NoSuchMethodError'{0x000000071056ad58}: 'java.lang.Object java.lang.invoke.DirectMethodHandle$Holder.invokeSpecial(java.lang.Object, java.lang.Object, int, java.lang.Object, java.lang.Object, java.lang.Object)'> (0x000000071056ad58) 
thrown [./open/src/hotspot/share/interpreter/linkResolver.cpp, line 766]
Event: 0.422 Thread 0x000001b64155a800 Exception <a 'java/lang/NoSuchMethodError'{0x00000007105810d0}: 'java.lang.Object java.lang.invoke.DirectMethodHandle$Holder.invokeStatic(java.lang.Object, int, java.lang.Object)'> (0x00000007105810d0) 
thrown [./open/src/hotspot/share/interpreter/linkResolver.cpp, line 766]
Event: 0.438 Thread 0x000001b64155a800 Exception <a 'java/lang/ClassNotFoundException'{0x0000000710428010}: com/sun/swing/internal/plaf/metal/resources/spi/metalProvider> (0x0000000710428010) 
thrown [./open/src/hotspot/share/classfile/systemDictionary.cpp, line 226]
Event: 0.439 Thread 0x000001b64155a800 Exception <a 'java/lang/ClassNotFoundException'{0x000000071042c0d0}: com/sun/swing/internal/plaf/basic/resources/spi/basicProvider> (0x000000071042c0d0) 
thrown [./open/src/hotspot/share/classfile/systemDictionary.cpp, line 226]
Event: 0.454 Thread 0x000001b66cc0c000 Implicit null exception at 0x000001b65300b467 to 0x000001b65300ba8c
Event: 0.454 Thread 0x000001b66cc0c000 Implicit null exception at 0x000001b65300a1e4 to 0x000001b65300a844
Event: 0.502 Thread 0x000001b64155a800 Exception <a 'java/lang/NoSuchMethodError'{0x00000007102db3c8}: 'void java.lang.invoke.DirectMethodHandle$Holder.invokeStaticInit(java.lang.Object)'> (0x00000007102db3c8) 
thrown [./open/src/hotspot/share/interpreter/linkResolver.cpp, line 766]
Event: 0.525 Thread 0x000001b64155a800 Exception <a 'java/lang/NoSuchMethodError'{0x00000007101cc0c8}: 'java.lang.Object java.lang.invoke.Invokers$Holder.linkToTargetMethod(java.lang.Object, int, java.lang.Object)'> (0x00000007101cc0c8) 
thrown [./open/src/hotspot/share/interpreter/linkResolver.cpp, line 766]
Event: 0.636 Thread 0x000001b64155a800 Exception <a 'java/lang/NoSuchMethodError'{0x00000007101f6b20}: 'void java.lang.invoke.DirectMethodHandle$Holder.invokeStatic(java.lang.Object, java.lang.Object, java.lang.Object, java.lang.Object)'> (0x00000007101f6b20) 
thrown [./open/src/hotspot/share/interpreter/linkResolver.cpp, line 766]
Event: 1.403 Thread 0x000001b66cc01800 Exception <a 'java/lang/NoSuchMethodError'{0x000000070f3e82d0}: static Lrlbotexample/animations/CarGroupAnimation;.<clinit>()V> (0x000000070f3e82d0) 
thrown [./open/src/hotspot/share/prims/jni.cpp, line 1348]
Event: 1.406 Thread 0x000001b66cc01800 Exception <a 'java/lang/NoSuchMethodError'{0x000000070f3fb970}: static Lrlbotexample/animations/IndexedCarGroup;.<clinit>()V> (0x000000070f3fb970) 
thrown [./open/src/hotspot/share/prims/jni.cpp, line 1348]
Event: 1.407 Thread 0x000001b66cc01800 Exception <a 'java/lang/NoSuchMethodError'{0x000000070f271238}: static Lrlbotexample/animations/CarGroup;.<clinit>()V> (0x000000070f271238) 
thrown [./open/src/hotspot/share/prims/jni.cpp, line 1348]
Event: 1.408 Thread 0x000001b66cc01800 Exception <a 'java/lang/NoSuchMethodError'{0x000000070f27afb8}: static Lrlbotexample/animations/AnimatedCarObject;.<clinit>()V> (0x000000070f27afb8) 
thrown [./open/src/hotspot/share/prims/jni.cpp, line 1348]
Event: 1.409 Thread 0x000001b66cc01800 Exception <a 'java/lang/NoSuchMethodError'{0x000000070f2853a8}: static Lutil/math/vector/ZyxOrientedPosition;.<clinit>()V> (0x000000070f2853a8) 
thrown [./open/src/hotspot/share/prims/jni.cpp, line 1348]
Event: 1.411 Thread 0x000001b66cc01800 Exception <a 'java/lang/NoSuchMethodError'{0x000000070f2a3308}: static Ljava/lang/Object;.<clinit>()V> (0x000000070f2a3308) 
thrown [./open/src/hotspot/share/prims/jni.cpp, line 1348]
Event: 3.385 Thread 0x000001b66cc01800 Implicit null exception at 0x000001b653078174 to 0x000001b653078688
Event: 8.865 Thread 0x000001b66cc01800 Exception <a 'java/lang/NoSuchMethodError'{0x000000070c678920}: 'java.lang.Object java.lang.invoke.DirectMethodHandle$Holder.invokeInterface(java.lang.Object, java.lang.Object, int)'> (0x000000070c678920) 
thrown [./open/src/hotspot/share/interpreter/linkResolver.cpp, line 766]
Event: 8.914 Thread 0x000001b66cc01800 Exception <a 'java/lang/NoSuchMethodError'{0x000000070bdef880}: 'void java.lang.invoke.DirectMethodHandle$Holder.invokeSpecial(java.lang.Object, java.lang.Object, java.lang.Object, java.lang.Object)'> (0x000000070bdef880) 
thrown [./open/src/hotspot/share/interpreter/linkResolver.cpp, line 766]

Events (20 events):
Event: 8.394 Executing VM operation: G1CollectForAllocation
Event: 8.399 Executing VM operation: G1CollectForAllocation done
Event: 8.863 loading class java/util/function/IntBinaryOperator
Event: 8.863 loading class java/util/function/IntBinaryOperator done
Event: 8.863 loading class java/util/stream/ReduceOps$6
Event: 8.863 loading class java/util/stream/ReduceOps$6 done
Event: 8.863 Executing VM operation: HandshakeAllThreads
Event: 8.863 Executing VM operation: HandshakeAllThreads done
Event: 8.863 loading class java/util/stream/ReduceOps$5ReducingSink
Event: 8.864 loading class java/util/stream/ReduceOps$5ReducingSink done
Event: 8.864 Executing VM operation: HandshakeAllThreads
Event: 8.864 Executing VM operation: HandshakeAllThreads done
Event: 8.876 loading class java/util/stream/ReduceOps$7
Event: 8.876 loading class java/util/stream/ReduceOps$7 done
Event: 8.876 loading class java/util/stream/ReduceOps$6ReducingSink
Event: 8.876 loading class java/util/stream/ReduceOps$6ReducingSink done
Event: 8.885 Thread 0x000001b66d386000 Thread added: 0x000001b66d386000
Event: 8.953 Loaded shared library C:\Program Files (x86)\Java\jdk-14.0.2\bin\java.dll
Event: 9.162 Executing VM operation: G1CollectForAllocation
Event: 9.169 Executing VM operation: G1CollectForAllocation done


Dynamic libraries:
0x00007ff665290000 - 0x00007ff66529f000 	C:\Program Files (x86)\Java\jdk-14.0.2\bin\java.exe
0x00007ffb8c610000 - 0x00007ffb8c805000 	C:\Windows\SYSTEM32\ntdll.dll
0x00007ffb8c200000 - 0x00007ffb8c2bd000 	C:\Windows\System32\KERNEL32.DLL
0x00007ffb8a1a0000 - 0x00007ffb8a468000 	C:\Windows\System32\KERNELBASE.dll
0x00007ffb89d50000 - 0x00007ffb89e50000 	C:\Windows\System32\ucrtbase.dll
0x00007ffb700e0000 - 0x00007ffb700f8000 	C:\Program Files (x86)\Java\jdk-14.0.2\bin\jli.dll
0x00007ffb8b5a0000 - 0x00007ffb8b64c000 	C:\Windows\System32\ADVAPI32.dll
0x00007ffb8c490000 - 0x00007ffb8c52e000 	C:\Windows\System32\msvcrt.dll
0x00007ffb8c530000 - 0x00007ffb8c5cb000 	C:\Windows\System32\sechost.dll
0x00007ffb8b200000 - 0x00007ffb8b32b000 	C:\Windows\System32\RPCRT4.dll
0x00007ffb8b6f0000 - 0x00007ffb8b890000 	C:\Windows\System32\USER32.dll
0x00007ffb8a070000 - 0x00007ffb8a092000 	C:\Windows\System32\win32u.dll
0x00007ffb8b1d0000 - 0x00007ffb8b1fa000 	C:\Windows\System32\GDI32.dll
0x00007ffb8a4d0000 - 0x00007ffb8a5db000 	C:\Windows\System32\gdi32full.dll
0x00007ffb8a5e0000 - 0x00007ffb8a67d000 	C:\Windows\System32\msvcp_win.dll
0x00007ffb700c0000 - 0x00007ffb700d5000 	C:\Program Files (x86)\Java\jdk-14.0.2\bin\VCRUNTIME140.dll
0x00007ffb806d0000 - 0x00007ffb8096a000 	C:\Windows\WinSxS\amd64_microsoft.windows.common-controls_6595b64144ccf1df_6.0.19041.1052_none_60b8f8fd71f5e8cb\COMCTL32.dll
0x00007ffb84bc0000 - 0x00007ffb84bca000 	C:\Windows\SYSTEM32\VERSION.dll
0x00007ffb8a6e0000 - 0x00007ffb8a710000 	C:\Windows\System32\IMM32.DLL
0x00007ffb67ff0000 - 0x00007ffb6808b000 	C:\Program Files (x86)\Java\jdk-14.0.2\bin\msvcp140.dll
0x00007ffb26920000 - 0x00007ffb2743e000 	C:\Program Files (x86)\Java\jdk-14.0.2\bin\server\jvm.dll
0x00007ffb8b650000 - 0x00007ffb8b658000 	C:\Windows\System32\PSAPI.DLL
0x00007ffb76720000 - 0x00007ffb76729000 	C:\Windows\SYSTEM32\WSOCK32.dll
0x00007ffb77e90000 - 0x00007ffb77eb7000 	C:\Windows\SYSTEM32\WINMM.dll
0x00007ffb8b8f0000 - 0x00007ffb8b95b000 	C:\Windows\System32\WS2_32.dll
0x00007ffb87c80000 - 0x00007ffb87c92000 	C:\Windows\SYSTEM32\kernel.appcore.dll
0x00007ffb77650000 - 0x00007ffb7765a000 	C:\Program Files (x86)\Java\jdk-14.0.2\bin\jimage.dll
0x00007ffb74c50000 - 0x00007ffb74e34000 	C:\Windows\SYSTEM32\DBGHELP.DLL
0x00007ffb75fd0000 - 0x00007ffb75ffc000 	C:\Windows\SYSTEM32\dbgcore.DLL
0x00007ffb89fe0000 - 0x00007ffb8a063000 	C:\Windows\System32\bcryptPrimitives.dll
0x00007ffb70090000 - 0x00007ffb700b5000 	C:\Program Files (x86)\Java\jdk-14.0.2\bin\java.dll
0x00007ffb6b130000 - 0x00007ffb6b146000 	C:\Program Files (x86)\Java\jdk-14.0.2\bin\zip.dll
0x00007ffb8b980000 - 0x00007ffb8c0bf000 	C:\Windows\System32\SHELL32.dll
0x00007ffb87e80000 - 0x00007ffb88610000 	C:\Windows\SYSTEM32\windows.storage.dll
0x00007ffb8ae70000 - 0x00007ffb8b1c5000 	C:\Windows\System32\combase.dll
0x00007ffb896f0000 - 0x00007ffb8971c000 	C:\Windows\SYSTEM32\Wldp.dll
0x00007ffb8c2c0000 - 0x00007ffb8c36e000 	C:\Windows\System32\SHCORE.dll
0x00007ffb8b890000 - 0x00007ffb8b8e5000 	C:\Windows\System32\shlwapi.dll
0x00007ffb89c90000 - 0x00007ffb89caf000 	C:\Windows\SYSTEM32\profapi.dll
0x00007ffb6b110000 - 0x00007ffb6b129000 	C:\Program Files (x86)\Java\jdk-14.0.2\bin\net.dll
0x00007ffb82370000 - 0x00007ffb8247b000 	C:\Windows\SYSTEM32\WINHTTP.dll
0x00007ffb894d0000 - 0x00007ffb8953a000 	C:\Windows\system32\mswsock.dll
0x00007ffb6b0f0000 - 0x00007ffb6b102000 	C:\Program Files (x86)\Java\jdk-14.0.2\bin\nio.dll
0x00007ffb499a0000 - 0x00007ffb49b39000 	C:\Program Files (x86)\Java\jdk-14.0.2\bin\awt.dll
0x00007ffb8c130000 - 0x00007ffb8c1fd000 	C:\Windows\System32\OLEAUT32.dll
0x00007ffb876f0000 - 0x00007ffb87780000 	C:\Windows\SYSTEM32\apphelp.dll
0x00007ffb87a70000 - 0x00007ffb87a9f000 	C:\Windows\system32\DWMAPI.DLL
0x00007ffb87990000 - 0x00007ffb87a2e000 	C:\Windows\system32\uxtheme.dll
0x00007ffb6e040000 - 0x00007ffb6e166000 	C:\Windows\system32\opengl32.dll
0x00007ffb76d80000 - 0x00007ffb76dac000 	C:\Windows\SYSTEM32\GLU32.dll
0x00007ffb8c370000 - 0x00007ffb8c485000 	C:\Windows\System32\MSCTF.dll
0x00007ffb88a50000 - 0x00007ffb88a83000 	C:\Windows\SYSTEM32\ntmarta.dll
0x00007ffb8a7f0000 - 0x00007ffb8a91a000 	C:\Windows\System32\ole32.dll
0x00007ffb80500000 - 0x00007ffb806ce000 	C:\Windows\system32\d3d9.dll
0x00007ffb7aed0000 - 0x00007ffb7afd2000 	C:\Windows\System32\DriverStore\FileRepository\nv_dispi.inf_amd64_1c83a5d7cffd7bff\nvldumdx.dll
0x00007ffb89a70000 - 0x00007ffb89a82000 	C:\Windows\SYSTEM32\msasn1.dll
0x00007ffb84b80000 - 0x00007ffb84bb1000 	C:\Windows\SYSTEM32\cryptnet.dll
0x00007ffb89e50000 - 0x00007ffb89faf000 	C:\Windows\System32\CRYPT32.dll
0x00007ffb89650000 - 0x00007ffb8965c000 	C:\Windows\SYSTEM32\cryptbase.dll
0x00007ffb8a470000 - 0x00007ffb8a4d0000 	C:\Windows\System32\WINTRUST.DLL
0x00007ffb8b960000 - 0x00007ffb8b97d000 	C:\Windows\System32\imagehlp.dll
0x00007ffb89a20000 - 0x00007ffb89a38000 	C:\Windows\SYSTEM32\CRYPTSP.dll
0x00007ffb88e20000 - 0x00007ffb88e54000 	C:\Windows\system32\rsaenh.dll
0x00007ffb89fb0000 - 0x00007ffb89fd7000 	C:\Windows\System32\bcrypt.dll
0x00007ffb89c50000 - 0x00007ffb89c7e000 	C:\Windows\SYSTEM32\USERENV.dll
0x00007ffb89190000 - 0x00007ffb891cb000 	C:\Windows\SYSTEM32\IPHLPAPI.DLL
0x00007ffb8c120000 - 0x00007ffb8c128000 	C:\Windows\System32\NSI.dll
0x00007ffb83bf0000 - 0x00007ffb83c07000 	C:\Windows\SYSTEM32\dhcpcsvc6.DLL
0x00007ffb83bd0000 - 0x00007ffb83bed000 	C:\Windows\SYSTEM32\dhcpcsvc.DLL
0x00007ffb891d0000 - 0x00007ffb8929c000 	C:\Windows\SYSTEM32\DNSAPI.dll
0x00007ffb326d0000 - 0x00007ffb340eb000 	C:\Windows\System32\DriverStore\FileRepository\nv_dispi.inf_amd64_1c83a5d7cffd7bff\nvd3dumx.dll
0x00007ffb6e8b0000 - 0x00007ffb6e8f2000 	C:\Users\John\AppData\Local\Temp\jna-2314539\jna11070619905411110374.dll
0x00007ffb5f530000 - 0x00007ffb5f7e7000 	C:\Windows\system32\nvspcap64.dll
0x00007ffb6ed30000 - 0x00007ffb6ed5e000 	D:\Program Files\GitHub\Flyves\Boss-Battle\build\dll\RLBot_Core_Interface.dll
0x00007ffb88620000 - 0x00007ffb88643000 	C:\Windows\SYSTEM32\gpapi.dll
0x00007ffb858e0000 - 0x00007ffb8591b000 	C:\Windows\SYSTEM32\dxcore.dll
0x00007ffb8a0a0000 - 0x00007ffb8a0ee000 	C:\Windows\System32\cfgmgr32.dll
0x00007ffb6e290000 - 0x00007ffb6e312000 	C:\Program Files (x86)\Java\jdk-14.0.2\bin\freetype.dll
0x00007ffb6d3d0000 - 0x00007ffb6d476000 	C:\Program Files (x86)\Java\jdk-14.0.2\bin\fontmanager.dll
0x00007ffb7e0d0000 - 0x00007ffb7e1c9000 	C:\Windows\SYSTEM32\textinputframework.dll
0x00007ffb87490000 - 0x00007ffb87582000 	C:\Windows\System32\CoreMessaging.dll
0x00007ffb87130000 - 0x00007ffb8748e000 	C:\Windows\System32\CoreUIComponents.dll
0x00007ffb86fd0000 - 0x00007ffb87124000 	C:\Windows\SYSTEM32\wintypes.dll

dbghelp: loaded successfully - version: 4.0.5 - missing functions: none
symbol engine: initialized successfully - sym options: 0x614 - pdb path: .;C:\Program Files (x86)\Java\jdk-14.0.2\bin;C:\Windows\SYSTEM32;C:\Windows\WinSxS\amd64_microsoft.windows.common-controls_6595b64144ccf1df_6.0.19041.1052_none_60b8f8fd71f5e8cb;C:\Program Files (x86)\Java\jdk-14.0.2\bin\server;C:\Windows\System32\DriverStore\FileRepository\nv_dispi.inf_amd64_1c83a5d7cffd7bff;C:\Users\John\AppData\Local\Temp\jna-2314539;D:\Program Files\GitHub\Flyves\Boss-Battle\build\dll

VM Arguments:
jvm_args: -Dfile.encoding=windows-1252 -Duser.country=CA -Duser.language=fr -Duser.variant 
java_command: rlbotexample.JavaExample
java_class_path (initial): D:\Program Files\GitHub\Flyves\Boss-Battle\build\classes\java\main;D:\Program Files\GitHub\Flyves\Boss-Battle\build\resources\main;D:\Program Files\GitHub\Flyves\Boss-Battle\build\dll;C:\Users\John\.gradle\caches\modules-2\files-2.1\org.rlbot.commons\framework\1.11.0\107a09070a1232a0977f8cfaf439b6e06813211a\framework-1.11.0.jar;C:\Users\John\.gradle\caches\modules-2\files-2.1\net.java.dev.jna\jna-platform\4.5.1\117d52c9f672d8b7ea80a81464c33ef843de9254\jna-platform-4.5.1.jar;C:\Users\John\.gradle\caches\modules-2\files-2.1\net.java.dev.jna\jna\4.5.1\65bd0cacc9c79a21c6ed8e9f588577cd3c2f85b9\jna-4.5.1.jar;C:\Users\John\.gradle\caches\modules-2\files-2.1\net.sf.py4j\py4j\0.10.6\2204994fdaa4ba9c9e6f35fa3c700df454954cdf\py4j-0.10.6.jar;C:\Users\John\.gradle\caches\modules-2\files-2.1\com.github.davidmoten\flatbuffers-java\1.9.0.1\eaa1b27095bb5127879458bc2ee1b78e00d4a20\flatbuffers-java-1.9.0.1.jar
Launcher Type: SUN_STANDARD

[Global flags]
     intx CICompilerCount                          = 3                                         {product} {ergonomic}
     uint ConcGCThreads                            = 2                                         {product} {ergonomic}
     uint G1ConcRefinementThreads                  = 6                                         {product} {ergonomic}
   size_t G1HeapRegionSize                         = 1048576                                   {product} {ergonomic}
    uintx GCDrainStackTargetSize                   = 64                                        {product} {ergonomic}
   size_t InitialHeapSize                          = 268435456                                 {product} {ergonomic}
   size_t MarkStackSize                            = 4194304                                   {product} {ergonomic}
   size_t MaxHeapSize                              = 4280287232                                {product} {ergonomic}
   size_t MaxNewSize                               = 2567962624                                {product} {ergonomic}
   size_t MinHeapDeltaBytes                        = 1048576                                   {product} {ergonomic}
   size_t MinHeapSize                              = 8388608                                   {product} {ergonomic}
    uintx NonNMethodCodeHeapSize                   = 5832780                                {pd product} {ergonomic}
    uintx NonProfiledCodeHeapSize                  = 122912730                              {pd product} {ergonomic}
    uintx ProfiledCodeHeapSize                     = 122912730                              {pd product} {ergonomic}
    uintx ReservedCodeCacheSize                    = 251658240                              {pd product} {ergonomic}
     bool SegmentedCodeCache                       = true                                      {product} {ergonomic}
   size_t SoftMaxHeapSize                          = 4280287232                             {manageable} {ergonomic}
     bool UseCompressedClassPointers               = true                                 {lp64_product} {ergonomic}
     bool UseCompressedOops                        = true                                 {lp64_product} {ergonomic}
     bool UseG1GC                                  = true                                      {product} {ergonomic}
     bool UseLargePagesIndividualAllocation        = false                                  {pd product} {ergonomic}

Logging:
Log output configuration:
 #0: stdout all=warning uptime,level,tags
 #1: stderr all=off uptime,level,tags

Environment Variables:
JAVA_HOME=C:\Program Files (x86)\Java\jdk-14.0.2\jdk-14.0.2
PATH=C:\Program Files (x86)\Common Files\Oracle\Java\javapath;C:\Windows\system32;C:\Windows;C:\Windows\System32\Wbem;C:\Windows\System32\WindowsPowerShell\v1.0\;C:\Windows\System32\OpenSSH\;C:\Program Files (x86)\NVIDIA Corporation\PhysX\Common;C:\Program Files\NVIDIA Corporation\NVIDIA NvDLISR;C:\Program Files\Git\cmd;C:\Program Files (x86)\Java\jdk-14.0.2\jdk-14.0.2\bin;C:\Program Files\dotnet\;C:\Program Files\Microsoft SQL Server\130\Tools\Binn\;C:\Program Files\Microsoft SQL Server\Client SDK\ODBC\170\Tools\Binn\;C:\Program Files\Docker\Docker\resources\bin;C:\ProgramData\DockerDesktop\version-bin;C:\Program Files\apache-maven-3.6.3\bin;C:\Program Files\PuTTY\;C:\Users\John\AppData\Local\Programs\Python\Launcher\;C:\Users\John\AppData\Local\Microsoft\WindowsApps;C:\Program Files\JetBrains\IntelliJ IDEA Community Edition 2020.1.4\bin;;C:\Users\John\.dotnet\tools;C:\Users\John\AppData\Local\GitHubDesktop\bin;C:\Program Files (x86)\FAHClient;C:\Users\John\AppData\Local\Programs\Microsoft VS Code\bin;C:\Program Files (x86)\Arduino\arduino-cli;D:\Program Files\7-Zip;
USERNAME=John
OS=Windows_NT
PROCESSOR_IDENTIFIER=Intel64 Family 6 Model 158 Stepping 10, GenuineIntel



---------------  S Y S T E M  ---------------

OS: Windows 10 , 64 bit Build 19041 (10.0.19041.1023)
OS uptime: 13 days 8:54 hours
HyperV virtualization detected

CPU:total 6 (initial active 6) (6 cores per cpu, 1 threads per core) family 6 model 158 stepping 10, cmov, cx8, fxsr, mmx, sse, sse2, sse3, ssse3, sse4.1, sse4.2, popcnt, avx, avx2, aes, clmul, erms, rtm, 3dnowpref, lzcnt, tsc, tscinvbit, bmi1, bmi2, adx, fma

Memory: 4k page, system-wide physical 16325M (2368M free)
TotalPageFile size 65477M (AvailPageFile size 5M)
current process WorkingSet (physical memory assigned to process): 353M, peak: 353M
current process commit charge ("private bytes"): 456M, peak: 456M

vm_info: Java HotSpot(TM) 64-Bit Server VM (14.0.2+12-46) for windows-amd64 JRE (14.0.2+12-46), built on Jul  9 2020 00:35:52 by "mach5one" with MS VC++ 15.9 (VS2017)

END.
