#
# There is insufficient memory for the Java Runtime Environment to continue.
# Native memory allocation (mmap) failed to map 36700160 bytes for Failed to commit area from 0x000000070e900000 to 0x0000000710c00000 of length 36700160.
# Possible reasons:
#   The system is out of physical RAM or swap space
#   The process is running with CompressedOops enabled, and the Java Heap may be blocking the growth of the native heap
# Possible solutions:
#   Reduce memory load on the system
#   Increase physical memory or swap space
#   Check if swap backing store is full
#   Decrease Java heap size (-Xmx/-Xms)
#   Decrease number of Java threads
#   Decrease Java thread stack sizes (-Xss)
#   Set larger code cache with -XX:ReservedCodeCacheSize=
#   JVM is running with Zero Based Compressed Oops mode in which the Java heap is
#     placed in the first 32GB address space. The Java Heap base address is the
#     maximum limit for the native heap growth. Please use -XX:HeapBaseMinAddress
#     to set the Java Heap base and to place the Java Heap above 32GB virtual address.
# This output file may be truncated or incomplete.
#
#  Out of Memory Error (./open/src/hotspot/os/windows/os_windows.cpp:3315), pid=3064, tid=17852
#
# JRE version: OpenJDK Runtime Environment (14.0.2+12) (build 14.0.2+12-46)
# Java VM: OpenJDK 64-Bit Server VM (14.0.2+12-46, mixed mode, sharing, tiered, compressed oops, g1 gc, windows-amd64)
# No core dump will be written. Minidumps are not enabled by default on client versions of Windows
#

---------------  S U M M A R Y ------------

Command Line: -Dfile.encoding=windows-1252 -Duser.country=CA -Duser.language=en -Duser.variant rlbotexample.JavaExample

Host: Intel(R) Core(TM) i5-8600K CPU @ 3.60GHz, 6 cores, 15G,  Windows 10 , 64 bit Build 19041 (10.0.19041.1503)
Time: Fri Feb 18 22:23:29 2022 Easter Island Daylight Time elapsed time: 108 seconds (0d 0h 1m 48s)

---------------  T H R E A D  ---------------

Current thread (0x000001513ce05800):  VMThread "VM Thread" [stack: 0x0000002fd5f00000,0x0000002fd6000000] [id=17852]

Stack: [0x0000002fd5f00000,0x0000002fd6000000]
[error occurred during error reporting (printing stack bounds), id 0xc0000005, EXCEPTION_ACCESS_VIOLATION (0xc0000005) at pc=0x0000015121c010ad]

Native frames: (J=compiled Java code, j=interpreted, Vv=VM code, C=native code)
V  [jvm.dll+0x5f8a9a]
V  [jvm.dll+0x74247a]
V  [jvm.dll+0x743c2f]
V  [jvm.dll+0x7441d5]
V  [jvm.dll+0x74418b]
V  [jvm.dll+0x5f7f6f]
V  [jvm.dll+0x5f8738]
C  [ntdll.dll+0xa20cf]
C  [ntdll.dll+0x51454]
C  [ntdll.dll+0xa0bfe]
C  0x0000015121c010ad

VM_Operation (0x0000002fd76feb90): G1CollectForAllocation, mode: safepoint, requested by thread 0x0000015145313800


---------------  P R O C E S S  ---------------

Threads class SMR info:
_java_thread_list=0x0000015144edd930, length=21, elements={
0x000001513ce0c800, 0x000001513ce0d800, 0x000001513ce29800, 0x000001513ce2d000,
0x000001513ce2e000, 0x000001513d6be000, 0x000001513d6c2800, 0x000001513d6c4800,
0x000001513d7f6800, 0x000001513d7f9000, 0x000001513d845800, 0x000001513dcd1000,
0x000001513dcd4800, 0x000001513dce0000, 0x0000015144de3800, 0x0000015144e1a000,
0x000001511944f800, 0x0000015144d8f000, 0x0000015145311000, 0x0000015145313800,
0x0000015145314800
}

Java Threads: ( => current thread )
  0x000001513ce0c800 JavaThread "Reference Handler" daemon [_thread_blocked, id=22736, stack(0x0000002fd6000000,0x0000002fd6100000)]
  0x000001513ce0d800 JavaThread "Finalizer" daemon [_thread_blocked, id=22124, stack(0x0000002fd6100000,0x0000002fd6200000)]
  0x000001513ce29800 JavaThread "Signal Dispatcher" daemon [_thread_blocked, id=19048, stack(0x0000002fd6200000,0x0000002fd6300000)]
  0x000001513ce2d000 JavaThread "Attach Listener" daemon [_thread_blocked, id=26448, stack(0x0000002fd6300000,0x0000002fd6400000)]
  0x000001513ce2e000 JavaThread "Service Thread" daemon [_thread_blocked, id=23908, stack(0x0000002fd6400000,0x0000002fd6500000)]
  0x000001513d6be000 JavaThread "C2 CompilerThread0" daemon [_thread_blocked, id=15184, stack(0x0000002fd6500000,0x0000002fd6600000)]
  0x000001513d6c2800 JavaThread "C1 CompilerThread0" daemon [_thread_blocked, id=26516, stack(0x0000002fd6600000,0x0000002fd6700000)]
  0x000001513d6c4800 JavaThread "Sweeper thread" daemon [_thread_blocked, id=4328, stack(0x0000002fd6700000,0x0000002fd6800000)]
  0x000001513d7f6800 JavaThread "Notification Thread" daemon [_thread_blocked, id=17928, stack(0x0000002fd6800000,0x0000002fd6900000)]
  0x000001513d7f9000 JavaThread "Common-Cleaner" daemon [_thread_blocked, id=3900, stack(0x0000002fd6a00000,0x0000002fd6b00000)]
  0x000001513d845800 JavaThread "Thread-0" [_thread_blocked, id=21964, stack(0x0000002fd6b00000,0x0000002fd6c00000)]
  0x000001513dcd1000 JavaThread "Java2D Disposer" daemon [_thread_blocked, id=21528, stack(0x0000002fd6d00000,0x0000002fd6e00000)]
  0x000001513dcd4800 JavaThread "AWT-Shutdown" [_thread_blocked, id=14264, stack(0x0000002fd6e00000,0x0000002fd6f00000)]
  0x000001513dce0000 JavaThread "AWT-Windows" daemon [_thread_blocked, id=13600, stack(0x0000002fd6f00000,0x0000002fd7000000)]
  0x0000015144de3800 JavaThread "AWT-EventQueue-0" [_thread_blocked, id=8072, stack(0x0000002fd7200000,0x0000002fd7300000)]
  0x0000015144e1a000 JavaThread "TimerQueue" daemon [_thread_blocked, id=9296, stack(0x0000002fd7300000,0x0000002fd7400000)]
  0x000001511944f800 JavaThread "DestroyJavaVM" [_thread_blocked, id=14376, stack(0x0000002fd5900000,0x0000002fd5a00000)]
  0x0000015144d8f000 JavaThread "D3D Screen Updater" daemon [_thread_blocked, id=26572, stack(0x0000002fd7400000,0x0000002fd7500000)]
  0x0000015145311000 JavaThread "Thread-1" [_thread_blocked, id=5572, stack(0x0000002fd7500000,0x0000002fd7600000)]
  0x0000015145313800 JavaThread "Thread-2" [_thread_blocked, id=24584, stack(0x0000002fd7600000,0x0000002fd7700000)]
  0x0000015145314800 JavaThread "Thread-3456" [_thread_blocked, id=2408, stack(0x0000002fd5600000,0x0000002fd5700000)]

Other Threads:
=>0x000001513ce05800 VMThread "VM Thread" [stack: 0x0000002fd5f00000,0x0000002fd6000000] [id=17852]
  0x000001513d7f7800 WatcherThread [stack: 0x0000002fd6900000,0x0000002fd6a00000] [id=15904]
  0x00000151194ba800 GCTaskThread "GC Thread#0" [stack: 0x0000002fd5a00000,0x0000002fd5b00000] [id=9572]
  0x0000015145907800 GCTaskThread "GC Thread#1" [stack: 0x0000002fd7a00000,0x0000002fd7b00000] [id=3600]
  0x00000151453a6800 GCTaskThread "GC Thread#2" [stack: 0x0000002fd7b00000,0x0000002fd7c00000] [id=4124]
  0x00000151450d7800 GCTaskThread "GC Thread#3" [stack: 0x0000002fd7c00000,0x0000002fd7d00000] [id=22108]
  0x00000151459ea800 GCTaskThread "GC Thread#4" [stack: 0x0000002fd7d00000,0x0000002fd7e00000] [id=11940]
  0x00000151459ef800 GCTaskThread "GC Thread#5" [stack: 0x0000002fd7e00000,0x0000002fd7f00000] [id=14892]
  0x00000151194dc000 ConcurrentGCThread "G1 Main Marker" [stack: 0x0000002fd5b00000,0x0000002fd5c00000] [id=19788]
  0x00000151194dd800 ConcurrentGCThread "G1 Conc#0" [stack: 0x0000002fd5c00000,0x0000002fd5d00000] [id=13884]
  0x0000015144e80800 ConcurrentGCThread "G1 Conc#1" [stack: 0x0000002fd7f00000,0x0000002fd8000000] [id=18056]
  0x000001513ccf5000 ConcurrentGCThread "G1 Refine#0" [stack: 0x0000002fd5d00000,0x0000002fd5e00000] [id=26188]
  0x0000015148125000 ConcurrentGCThread "G1 Refine#1" [stack: 0x0000002fd7900000,0x0000002fd7a00000] [id=24056]
  0x000001513ccf9800 ConcurrentGCThread "G1 Young RemSet Sampling" [stack: 0x0000002fd5e00000,0x0000002fd5f00000] [id=3800]

Threads with active compile tasks:

VM state:at safepoint (normal execution)

VM Mutex/Monitor currently owned by a thread:  ([mutex/lock_event])
[0x000001511944a370] Threads_lock - owner thread: 0x000001513ce05800
[0x000001511944a490] Heap_lock - owner thread: 0x0000015145313800

Heap address: 0x0000000700e00000, size: 4082 MB, Compressed Oops mode: Zero based, Oop shift amount: 3
Narrow klass base: 0x0000000800000000, Narrow klass shift: 3
Compressed class space size: 1073741824 Address: 0x0000000800b30000

Heap:
 garbage-first heap   total 262144K, used 152573K [0x0000000700e00000, 0x0000000800000000)
  region size 1024K, 4 young (4096K), 4 survivors (4096K)
 Metaspace       used 10962K, capacity 11315K, committed 11648K, reserved 1058816K
  class space    used 1154K, capacity 1320K, committed 1408K, reserved 1048576K
Heap Regions: E=young(eden), S=young(survivor), O=old, HS=humongous(starts), HC=humongous(continues), CS=collection set, F=free, OA=open archive, CA=closed archive, TAMS=top-at-mark-start (previous, next)
|   0|0x0000000700e00000, 0x0000000700f00000, 0x0000000700f00000|100%| O|  |TAMS 0x0000000700f00000, 0x0000000700e00000| Untracked 
|   1|0x0000000700f00000, 0x0000000701000000, 0x0000000701000000|100%| O|  |TAMS 0x0000000701000000, 0x0000000700f00000| Untracked 
|   2|0x0000000701000000, 0x0000000701100000, 0x0000000701100000|100%|HS|  |TAMS 0x0000000701000000, 0x0000000701000000| Complete 
|   3|0x0000000701100000, 0x0000000701200000, 0x0000000701200000|100%| O|  |TAMS 0x0000000701200000, 0x0000000701100000| Untracked 
|   4|0x0000000701200000, 0x0000000701300000, 0x0000000701300000|100%| O|  |TAMS 0x0000000701300000, 0x0000000701200000| Untracked 
|   5|0x0000000701300000, 0x0000000701400000, 0x0000000701400000|100%|HS|  |TAMS 0x0000000701300000, 0x0000000701300000| Complete 
|   6|0x0000000701400000, 0x0000000701500000, 0x0000000701500000|100%| O|  |TAMS 0x0000000701400000, 0x0000000701400000| Untracked 
|   7|0x0000000701500000, 0x0000000701600000, 0x0000000701600000|100%| O|  |TAMS 0x0000000701500000, 0x0000000701500000| Untracked 
|   8|0x0000000701600000, 0x0000000701700000, 0x0000000701700000|100%| O|  |TAMS 0x0000000701600000, 0x0000000701600000| Untracked 
|   9|0x0000000701700000, 0x0000000701800000, 0x0000000701800000|100%| O|  |TAMS 0x0000000701700000, 0x0000000701700000| Untracked 
|  10|0x0000000701800000, 0x0000000701900000, 0x0000000701900000|100%| O|  |TAMS 0x0000000701900000, 0x0000000701800000| Untracked 
|  11|0x0000000701900000, 0x0000000701a00000, 0x0000000701a00000|100%|HS|  |TAMS 0x0000000701900000, 0x0000000701900000| Complete 
|  12|0x0000000701a00000, 0x0000000701b00000, 0x0000000701b00000|100%|HC|  |TAMS 0x0000000701a00000, 0x0000000701a00000| Complete 
|  13|0x0000000701b00000, 0x0000000701c00000, 0x0000000701c00000|100%|HS|  |TAMS 0x0000000701b00000, 0x0000000701b00000| Complete 
|  14|0x0000000701c00000, 0x0000000701d00000, 0x0000000701d00000|100%|HC|  |TAMS 0x0000000701c00000, 0x0000000701c00000| Complete 
|  15|0x0000000701d00000, 0x0000000701e00000, 0x0000000701e00000|100%| O|  |TAMS 0x0000000701d00000, 0x0000000701d00000| Untracked 
|  16|0x0000000701e00000, 0x0000000701f00000, 0x0000000701f00000|100%| O|  |TAMS 0x0000000701e00000, 0x0000000701e00000| Untracked 
|  17|0x0000000701f00000, 0x0000000702000000, 0x0000000702000000|100%| O|  |TAMS 0x0000000701f00000, 0x0000000701f00000| Untracked 
|  18|0x0000000702000000, 0x0000000702100000, 0x0000000702100000|100%| O|  |TAMS 0x0000000702000000, 0x0000000702000000| Untracked 
|  19|0x0000000702100000, 0x0000000702200000, 0x0000000702200000|100%| O|  |TAMS 0x0000000702100000, 0x0000000702100000| Untracked 
|  20|0x0000000702200000, 0x0000000702300000, 0x0000000702300000|100%| O|  |TAMS 0x0000000702200000, 0x0000000702200000| Untracked 
|  21|0x0000000702300000, 0x0000000702400000, 0x0000000702400000|100%| O|  |TAMS 0x0000000702300000, 0x0000000702300000| Untracked 
|  22|0x0000000702400000, 0x0000000702500000, 0x0000000702500000|100%| O|  |TAMS 0x0000000702500000, 0x0000000702400000| Untracked 
|  23|0x0000000702500000, 0x0000000702600000, 0x0000000702600000|100%| O|  |TAMS 0x0000000702600000, 0x0000000702500000| Untracked 
|  24|0x0000000702600000, 0x0000000702700000, 0x0000000702700000|100%| O|  |TAMS 0x0000000702700000, 0x0000000702600000| Untracked 
|  25|0x0000000702700000, 0x0000000702800000, 0x0000000702800000|100%| O|  |TAMS 0x0000000702800000, 0x0000000702700000| Untracked 
|  26|0x0000000702800000, 0x0000000702900000, 0x0000000702900000|100%|HS|  |TAMS 0x0000000702800000, 0x0000000702800000| Complete 
|  27|0x0000000702900000, 0x0000000702a00000, 0x0000000702a00000|100%|HC|  |TAMS 0x0000000702900000, 0x0000000702900000| Complete 
|  28|0x0000000702a00000, 0x0000000702b00000, 0x0000000702b00000|100%|HS|  |TAMS 0x0000000702a00000, 0x0000000702a00000| Complete 
|  29|0x0000000702b00000, 0x0000000702c00000, 0x0000000702c00000|100%|HC|  |TAMS 0x0000000702b00000, 0x0000000702b00000| Complete 
|  30|0x0000000702c00000, 0x0000000702d00000, 0x0000000702d00000|100%| O|  |TAMS 0x0000000702c00000, 0x0000000702c00000| Untracked 
|  31|0x0000000702d00000, 0x0000000702e00000, 0x0000000702e00000|100%| O|  |TAMS 0x0000000702d00000, 0x0000000702d00000| Untracked 
|  32|0x0000000702e00000, 0x0000000702f00000, 0x0000000702f00000|100%| O|  |TAMS 0x0000000702f00000, 0x0000000702e00000| Untracked 
|  33|0x0000000702f00000, 0x0000000703000000, 0x0000000703000000|100%| O|  |TAMS 0x0000000702f00000, 0x0000000702f00000| Untracked 
|  34|0x0000000703000000, 0x0000000703100000, 0x0000000703100000|100%| O|  |TAMS 0x0000000703100000, 0x0000000703000000| Untracked 
|  35|0x0000000703100000, 0x0000000703200000, 0x0000000703200000|100%| O|  |TAMS 0x0000000703100000, 0x0000000703100000| Untracked 
|  36|0x0000000703200000, 0x0000000703300000, 0x0000000703300000|100%|HS|  |TAMS 0x0000000703200000, 0x0000000703200000| Complete 
|  37|0x0000000703300000, 0x0000000703400000, 0x0000000703400000|100%| O|  |TAMS 0x0000000703400000, 0x0000000703300000| Untracked 
|  38|0x0000000703400000, 0x0000000703500000, 0x0000000703500000|100%| O|  |TAMS 0x0000000703500000, 0x0000000703400000| Untracked 
|  39|0x0000000703500000, 0x0000000703600000, 0x0000000703600000|100%| O|  |TAMS 0x0000000703600000, 0x0000000703500000| Untracked 
|  40|0x0000000703600000, 0x0000000703700000, 0x0000000703700000|100%|HS|  |TAMS 0x0000000703600000, 0x0000000703600000| Complete 
|  41|0x0000000703700000, 0x0000000703800000, 0x0000000703800000|100%| O|  |TAMS 0x0000000703700000, 0x0000000703700000| Untracked 
|  42|0x0000000703800000, 0x0000000703900000, 0x0000000703900000|100%| O|  |TAMS 0x0000000703800000, 0x0000000703800000| Untracked 
|  43|0x0000000703900000, 0x0000000703a00000, 0x0000000703a00000|100%| O|  |TAMS 0x0000000703900000, 0x0000000703900000| Untracked 
|  44|0x0000000703a00000, 0x0000000703b00000, 0x0000000703b00000|100%|HS|  |TAMS 0x0000000703a00000, 0x0000000703a00000| Complete 
|  45|0x0000000703b00000, 0x0000000703c00000, 0x0000000703c00000|100%|HS|  |TAMS 0x0000000703b00000, 0x0000000703b00000| Complete 
|  46|0x0000000703c00000, 0x0000000703d00000, 0x0000000703d00000|100%| O|  |TAMS 0x0000000703d00000, 0x0000000703c00000| Untracked 
|  47|0x0000000703d00000, 0x0000000703e00000, 0x0000000703e00000|100%| O|  |TAMS 0x0000000703e00000, 0x0000000703d00000| Untracked 
|  48|0x0000000703e00000, 0x0000000703f00000, 0x0000000703f00000|100%| O|  |TAMS 0x0000000703f00000, 0x0000000703e00000| Untracked 
|  49|0x0000000703f00000, 0x0000000704000000, 0x0000000704000000|100%| O|  |TAMS 0x0000000704000000, 0x0000000703f00000| Untracked 
|  50|0x0000000704000000, 0x0000000704100000, 0x0000000704100000|100%| O|  |TAMS 0x0000000704000000, 0x0000000704000000| Untracked 
|  51|0x0000000704100000, 0x0000000704200000, 0x0000000704200000|100%| O|  |TAMS 0x0000000704100000, 0x0000000704100000| Untracked 
|  52|0x0000000704200000, 0x0000000704300000, 0x0000000704300000|100%| O|  |TAMS 0x0000000704200000, 0x0000000704200000| Untracked 
|  53|0x0000000704300000, 0x0000000704400000, 0x0000000704400000|100%| O|  |TAMS 0x0000000704400000, 0x0000000704300000| Untracked 
|  54|0x0000000704400000, 0x0000000704500000, 0x0000000704500000|100%| O|  |TAMS 0x0000000704500000, 0x0000000704400000| Untracked 
|  55|0x0000000704500000, 0x0000000704600000, 0x0000000704600000|100%| O|  |TAMS 0x0000000704600000, 0x0000000704500000| Untracked 
|  56|0x0000000704600000, 0x0000000704700000, 0x0000000704700000|100%| O|  |TAMS 0x0000000704600000, 0x0000000704600000| Untracked 
|  57|0x0000000704700000, 0x0000000704800000, 0x0000000704800000|100%| O|  |TAMS 0x0000000704700000, 0x0000000704700000| Untracked 
|  58|0x0000000704800000, 0x0000000704900000, 0x0000000704900000|100%| O|  |TAMS 0x0000000704900000, 0x0000000704800000| Untracked 
|  59|0x0000000704900000, 0x0000000704a00000, 0x0000000704a00000|100%| O|  |TAMS 0x0000000704a00000, 0x0000000704900000| Untracked 
|  60|0x0000000704a00000, 0x0000000704b00000, 0x0000000704b00000|100%|HS|  |TAMS 0x0000000704a00000, 0x0000000704a00000| Complete 
|  61|0x0000000704b00000, 0x0000000704c00000, 0x0000000704c00000|100%| O|  |TAMS 0x0000000704c00000, 0x0000000704b00000| Untracked 
|  62|0x0000000704c00000, 0x0000000704d00000, 0x0000000704d00000|100%| O|  |TAMS 0x0000000704d00000, 0x0000000704c00000| Untracked 
|  63|0x0000000704d00000, 0x0000000704e00000, 0x0000000704e00000|100%| O|  |TAMS 0x0000000704e00000, 0x0000000704d00000| Untracked 
|  64|0x0000000704e00000, 0x0000000704f00000, 0x0000000704f00000|100%| O|  |TAMS 0x0000000704f00000, 0x0000000704e00000| Untracked 
|  65|0x0000000704f00000, 0x0000000705000000, 0x0000000705000000|100%| O|  |TAMS 0x0000000704f6ee00, 0x0000000704f00000| Untracked 
|  66|0x0000000705000000, 0x0000000705100000, 0x0000000705100000|100%|HS|  |TAMS 0x0000000705000000, 0x0000000705000000| Complete 
|  67|0x0000000705100000, 0x0000000705200000, 0x0000000705200000|100%|HS|  |TAMS 0x0000000705100000, 0x0000000705100000| Complete 
|  68|0x0000000705200000, 0x0000000705300000, 0x0000000705300000|100%|HS|  |TAMS 0x0000000705200000, 0x0000000705200000| Complete 
|  69|0x0000000705300000, 0x0000000705400000, 0x0000000705400000|100%| O|  |TAMS 0x0000000705300000, 0x0000000705300000| Untracked 
|  70|0x0000000705400000, 0x0000000705500000, 0x0000000705500000|100%| O|  |TAMS 0x0000000705400000, 0x0000000705400000| Untracked 
|  71|0x0000000705500000, 0x0000000705600000, 0x0000000705600000|100%| O|  |TAMS 0x0000000705500000, 0x0000000705500000| Untracked 
|  72|0x0000000705600000, 0x0000000705700000, 0x0000000705700000|100%| O|  |TAMS 0x0000000705600000, 0x0000000705600000| Untracked 
|  73|0x0000000705700000, 0x0000000705800000, 0x0000000705800000|100%| O|  |TAMS 0x0000000705700000, 0x0000000705700000| Untracked 
|  74|0x0000000705800000, 0x0000000705900000, 0x0000000705900000|100%| O|  |TAMS 0x0000000705800000, 0x0000000705800000| Untracked 
|  75|0x0000000705900000, 0x0000000705a00000, 0x0000000705a00000|100%|HS|  |TAMS 0x0000000705900000, 0x0000000705900000| Complete 
|  76|0x0000000705a00000, 0x0000000705b00000, 0x0000000705b00000|100%|HS|  |TAMS 0x0000000705a00000, 0x0000000705a00000| Complete 
|  77|0x0000000705b00000, 0x0000000705c00000, 0x0000000705c00000|100%| O|  |TAMS 0x0000000705b00000, 0x0000000705b00000| Untracked 
|  78|0x0000000705c00000, 0x0000000705d00000, 0x0000000705d00000|100%| O|  |TAMS 0x0000000705c00000, 0x0000000705c00000| Untracked 
|  79|0x0000000705d00000, 0x0000000705e00000, 0x0000000705e00000|100%| O|  |TAMS 0x0000000705d00000, 0x0000000705d00000| Untracked 
|  80|0x0000000705e00000, 0x0000000705f00000, 0x0000000705f00000|100%| O|  |TAMS 0x0000000705e00000, 0x0000000705e00000| Untracked 
|  81|0x0000000705f00000, 0x0000000706000000, 0x0000000706000000|100%| O|  |TAMS 0x0000000705f00000, 0x0000000705f00000| Untracked 
|  82|0x0000000706000000, 0x0000000706100000, 0x0000000706100000|100%|HS|  |TAMS 0x0000000706000000, 0x0000000706000000| Complete 
|  83|0x0000000706100000, 0x0000000706200000, 0x0000000706200000|100%|HC|  |TAMS 0x0000000706100000, 0x0000000706100000| Complete 
|  84|0x0000000706200000, 0x0000000706300000, 0x0000000706300000|100%|HS|  |TAMS 0x0000000706200000, 0x0000000706200000| Complete 
|  85|0x0000000706300000, 0x0000000706400000, 0x0000000706400000|100%|HC|  |TAMS 0x0000000706300000, 0x0000000706300000| Complete 
|  86|0x0000000706400000, 0x0000000706500000, 0x0000000706500000|100%| O|  |TAMS 0x0000000706400000, 0x0000000706400000| Untracked 
|  87|0x0000000706500000, 0x0000000706600000, 0x0000000706600000|100%| O|  |TAMS 0x0000000706500000, 0x0000000706500000| Untracked 
|  88|0x0000000706600000, 0x0000000706700000, 0x0000000706700000|100%| O|  |TAMS 0x0000000706600000, 0x0000000706600000| Untracked 
|  89|0x0000000706700000, 0x0000000706800000, 0x0000000706800000|100%| O|  |TAMS 0x0000000706700000, 0x0000000706700000| Untracked 
|  90|0x0000000706800000, 0x0000000706900000, 0x0000000706900000|100%| O|  |TAMS 0x0000000706800000, 0x0000000706800000| Untracked 
|  91|0x0000000706900000, 0x0000000706a00000, 0x0000000706a00000|100%| O|  |TAMS 0x0000000706900000, 0x0000000706900000| Untracked 
|  92|0x0000000706a00000, 0x0000000706b00000, 0x0000000706b00000|100%|HS|  |TAMS 0x0000000706a00000, 0x0000000706a00000| Complete 
|  93|0x0000000706b00000, 0x0000000706c00000, 0x0000000706c00000|100%|HS|  |TAMS 0x0000000706b00000, 0x0000000706b00000| Complete 
|  94|0x0000000706c00000, 0x0000000706d00000, 0x0000000706d00000|100%| O|  |TAMS 0x0000000706c00000, 0x0000000706c00000| Untracked 
|  95|0x0000000706d00000, 0x0000000706e00000, 0x0000000706e00000|100%| O|  |TAMS 0x0000000706d00000, 0x0000000706d00000| Untracked 
|  96|0x0000000706e00000, 0x0000000706f00000, 0x0000000706f00000|100%| O|  |TAMS 0x0000000706e00000, 0x0000000706e00000| Untracked 
|  97|0x0000000706f00000, 0x0000000707000000, 0x0000000707000000|100%| O|  |TAMS 0x0000000706f00000, 0x0000000706f00000| Untracked 
|  98|0x0000000707000000, 0x0000000707100000, 0x0000000707100000|100%|HS|  |TAMS 0x0000000707000000, 0x0000000707000000| Complete 
|  99|0x0000000707100000, 0x0000000707200000, 0x0000000707200000|100%|HC|  |TAMS 0x0000000707100000, 0x0000000707100000| Complete 
| 100|0x0000000707200000, 0x0000000707300000, 0x0000000707300000|100%|HS|  |TAMS 0x0000000707200000, 0x0000000707200000| Complete 
| 101|0x0000000707300000, 0x0000000707400000, 0x0000000707400000|100%|HC|  |TAMS 0x0000000707300000, 0x0000000707300000| Complete 
| 102|0x0000000707400000, 0x0000000707500000, 0x0000000707500000|100%| O|  |TAMS 0x0000000707400000, 0x0000000707400000| Untracked 
| 103|0x0000000707500000, 0x0000000707600000, 0x0000000707600000|100%| O|  |TAMS 0x0000000707500000, 0x0000000707500000| Untracked 
| 104|0x0000000707600000, 0x0000000707700000, 0x0000000707700000|100%| O|  |TAMS 0x0000000707600000, 0x0000000707600000| Untracked 
| 105|0x0000000707700000, 0x0000000707800000, 0x0000000707800000|100%|HS|  |TAMS 0x0000000707700000, 0x0000000707700000| Complete 
| 106|0x0000000707800000, 0x0000000707900000, 0x0000000707900000|100%|HS|  |TAMS 0x0000000707800000, 0x0000000707800000| Complete 
| 107|0x0000000707900000, 0x0000000707a00000, 0x0000000707a00000|100%| O|  |TAMS 0x0000000707900000, 0x0000000707900000| Untracked 
| 108|0x0000000707a00000, 0x0000000707b00000, 0x0000000707b00000|100%| O|  |TAMS 0x0000000707a00000, 0x0000000707a00000| Untracked 
| 109|0x0000000707b00000, 0x0000000707c00000, 0x0000000707c00000|100%| O|  |TAMS 0x0000000707b00000, 0x0000000707b00000| Untracked 
| 110|0x0000000707c00000, 0x0000000707d00000, 0x0000000707d00000|100%| O|  |TAMS 0x0000000707c00000, 0x0000000707c00000| Untracked 
| 111|0x0000000707d00000, 0x0000000707e00000, 0x0000000707e00000|100%|HS|  |TAMS 0x0000000707d00000, 0x0000000707d00000| Complete 
| 112|0x0000000707e00000, 0x0000000707f00000, 0x0000000707f00000|100%|HS|  |TAMS 0x0000000707e00000, 0x0000000707e00000| Complete 
| 113|0x0000000707f00000, 0x0000000708000000, 0x0000000708000000|100%| O|  |TAMS 0x0000000707f00000, 0x0000000707f00000| Untracked 
| 114|0x0000000708000000, 0x0000000708100000, 0x0000000708100000|100%| O|  |TAMS 0x0000000708000000, 0x0000000708000000| Untracked 
| 115|0x0000000708100000, 0x0000000708200000, 0x0000000708200000|100%| O|  |TAMS 0x0000000708100000, 0x0000000708100000| Untracked 
| 116|0x0000000708200000, 0x0000000708300000, 0x0000000708300000|100%| O|  |TAMS 0x0000000708200000, 0x0000000708200000| Untracked 
| 117|0x0000000708300000, 0x0000000708400000, 0x0000000708400000|100%| O|  |TAMS 0x0000000708300000, 0x0000000708300000| Untracked 
| 118|0x0000000708400000, 0x0000000708500000, 0x0000000708500000|100%| O|  |TAMS 0x0000000708400000, 0x0000000708400000| Untracked 
| 119|0x0000000708500000, 0x0000000708600000, 0x0000000708600000|100%| O|  |TAMS 0x0000000708500000, 0x0000000708500000| Untracked 
| 120|0x0000000708600000, 0x0000000708700000, 0x0000000708700000|100%| O|  |TAMS 0x0000000708600000, 0x0000000708600000| Untracked 
| 121|0x0000000708700000, 0x0000000708800000, 0x0000000708800000|100%|HS|  |TAMS 0x0000000708700000, 0x0000000708700000| Complete 
| 122|0x0000000708800000, 0x0000000708900000, 0x0000000708900000|100%|HS|  |TAMS 0x0000000708800000, 0x0000000708800000| Complete 
| 123|0x0000000708900000, 0x0000000708a00000, 0x0000000708a00000|100%| O|  |TAMS 0x0000000708900000, 0x0000000708900000| Untracked 
| 124|0x0000000708a00000, 0x0000000708b00000, 0x0000000708b00000|100%| O|  |TAMS 0x0000000708a00000, 0x0000000708a00000| Untracked 
| 125|0x0000000708b00000, 0x0000000708c00000, 0x0000000708c00000|100%| O|  |TAMS 0x0000000708b00000, 0x0000000708b00000| Untracked 
| 126|0x0000000708c00000, 0x0000000708d00000, 0x0000000708d00000|100%| O|  |TAMS 0x0000000708c00000, 0x0000000708c00000| Untracked 
| 127|0x0000000708d00000, 0x0000000708e00000, 0x0000000708e00000|100%| O|  |TAMS 0x0000000708d00000, 0x0000000708d00000| Untracked 
| 128|0x0000000708e00000, 0x0000000708f00000, 0x0000000708f00000|100%| O|  |TAMS 0x0000000708e00000, 0x0000000708e00000| Untracked 
| 129|0x0000000708f00000, 0x0000000709000000, 0x0000000709000000|100%|HS|  |TAMS 0x0000000708f00000, 0x0000000708f00000| Complete 
| 130|0x0000000709000000, 0x0000000709100000, 0x0000000709100000|100%|HS|  |TAMS 0x0000000709000000, 0x0000000709000000| Complete 
| 131|0x0000000709100000, 0x0000000709200000, 0x0000000709200000|100%| O|  |TAMS 0x0000000709100000, 0x0000000709100000| Untracked 
| 132|0x0000000709200000, 0x0000000709300000, 0x0000000709300000|100%| O|  |TAMS 0x0000000709200000, 0x0000000709200000| Untracked 
| 133|0x0000000709300000, 0x0000000709400000, 0x0000000709400000|100%| O|  |TAMS 0x0000000709300000, 0x0000000709300000| Untracked 
| 134|0x0000000709400000, 0x0000000709500000, 0x0000000709500000|100%|HS|  |TAMS 0x0000000709400000, 0x0000000709400000| Complete 
| 135|0x0000000709500000, 0x0000000709600000, 0x0000000709600000|100%|HC|  |TAMS 0x0000000709500000, 0x0000000709500000| Complete 
| 136|0x0000000709600000, 0x0000000709700000, 0x0000000709700000|100%|HS|  |TAMS 0x0000000709600000, 0x0000000709600000| Complete 
| 137|0x0000000709700000, 0x0000000709800000, 0x0000000709800000|100%|HC|  |TAMS 0x0000000709700000, 0x0000000709700000| Complete 
| 138|0x0000000709800000, 0x0000000709900000, 0x0000000709900000|100%| O|  |TAMS 0x0000000709800000, 0x0000000709800000| Untracked 
| 139|0x0000000709900000, 0x0000000709a00000, 0x0000000709a00000|100%| O|  |TAMS 0x0000000709900000, 0x0000000709900000| Untracked 
| 140|0x0000000709a00000, 0x0000000709b00000, 0x0000000709b00000|100%|HS|  |TAMS 0x0000000709a00000, 0x0000000709a00000| Complete 
| 141|0x0000000709b00000, 0x0000000709c00000, 0x0000000709c00000|100%|HS|  |TAMS 0x0000000709b00000, 0x0000000709b00000| Complete 
| 142|0x0000000709c00000, 0x0000000709d00000, 0x0000000709d00000|100%| O|  |TAMS 0x0000000709c00000, 0x0000000709c00000| Untracked 
| 143|0x0000000709d00000, 0x0000000709e00000, 0x0000000709e00000|100%| O|  |TAMS 0x0000000709d00000, 0x0000000709d00000| Untracked 
| 144|0x0000000709e00000, 0x0000000709f00000, 0x0000000709f00000|100%| O|  |TAMS 0x0000000709e00000, 0x0000000709e00000| Untracked 
| 145|0x0000000709f00000, 0x0000000709f9d808, 0x000000070a000000| 61%| O|  |TAMS 0x0000000709f00000, 0x0000000709f00000| Untracked 
| 146|0x000000070a000000, 0x000000070a000000, 0x000000070a100000|  0%| F|  |TAMS 0x000000070a000000, 0x000000070a000000| Untracked 
| 147|0x000000070a100000, 0x000000070a100000, 0x000000070a200000|  0%| F|  |TAMS 0x000000070a100000, 0x000000070a100000| Untracked 
| 148|0x000000070a200000, 0x000000070a200000, 0x000000070a300000|  0%| F|  |TAMS 0x000000070a200000, 0x000000070a200000| Untracked 
| 149|0x000000070a300000, 0x000000070a300000, 0x000000070a400000|  0%| F|  |TAMS 0x000000070a300000, 0x000000070a300000| Untracked 
| 150|0x000000070a400000, 0x000000070a400000, 0x000000070a500000|  0%| F|  |TAMS 0x000000070a400000, 0x000000070a400000| Untracked 
| 151|0x000000070a500000, 0x000000070a500000, 0x000000070a600000|  0%| F|  |TAMS 0x000000070a500000, 0x000000070a500000| Untracked 
| 152|0x000000070a600000, 0x000000070a600000, 0x000000070a700000|  0%| F|  |TAMS 0x000000070a600000, 0x000000070a600000| Untracked 
| 153|0x000000070a700000, 0x000000070a700000, 0x000000070a800000|  0%| F|  |TAMS 0x000000070a700000, 0x000000070a700000| Untracked 
| 154|0x000000070a800000, 0x000000070a800000, 0x000000070a900000|  0%| F|  |TAMS 0x000000070a800000, 0x000000070a800000| Untracked 
| 155|0x000000070a900000, 0x000000070a900000, 0x000000070aa00000|  0%| F|  |TAMS 0x000000070a900000, 0x000000070a900000| Untracked 
| 156|0x000000070aa00000, 0x000000070aa00000, 0x000000070ab00000|  0%| F|  |TAMS 0x000000070aa00000, 0x000000070aa00000| Untracked 
| 157|0x000000070ab00000, 0x000000070ab00000, 0x000000070ac00000|  0%| F|  |TAMS 0x000000070ab00000, 0x000000070ab00000| Untracked 
| 158|0x000000070ac00000, 0x000000070ac00000, 0x000000070ad00000|  0%| F|  |TAMS 0x000000070ac00000, 0x000000070ac00000| Untracked 
| 159|0x000000070ad00000, 0x000000070ad00000, 0x000000070ae00000|  0%| F|  |TAMS 0x000000070ad00000, 0x000000070ad00000| Untracked 
| 160|0x000000070ae00000, 0x000000070ae00000, 0x000000070af00000|  0%| F|  |TAMS 0x000000070ae00000, 0x000000070ae00000| Untracked 
| 161|0x000000070af00000, 0x000000070af00000, 0x000000070b000000|  0%| F|  |TAMS 0x000000070af00000, 0x000000070af00000| Untracked 
| 162|0x000000070b000000, 0x000000070b000000, 0x000000070b100000|  0%| F|  |TAMS 0x000000070b000000, 0x000000070b000000| Untracked 
| 163|0x000000070b100000, 0x000000070b100000, 0x000000070b200000|  0%| F|  |TAMS 0x000000070b100000, 0x000000070b100000| Untracked 
| 164|0x000000070b200000, 0x000000070b200000, 0x000000070b300000|  0%| F|  |TAMS 0x000000070b200000, 0x000000070b200000| Untracked 
| 165|0x000000070b300000, 0x000000070b300000, 0x000000070b400000|  0%| F|  |TAMS 0x000000070b300000, 0x000000070b300000| Untracked 
| 166|0x000000070b400000, 0x000000070b400000, 0x000000070b500000|  0%| F|  |TAMS 0x000000070b400000, 0x000000070b400000| Untracked 
| 167|0x000000070b500000, 0x000000070b500000, 0x000000070b600000|  0%| F|  |TAMS 0x000000070b500000, 0x000000070b500000| Untracked 
| 168|0x000000070b600000, 0x000000070b600000, 0x000000070b700000|  0%| F|  |TAMS 0x000000070b600000, 0x000000070b600000| Untracked 
| 169|0x000000070b700000, 0x000000070b700000, 0x000000070b800000|  0%| F|  |TAMS 0x000000070b700000, 0x000000070b700000| Untracked 
| 170|0x000000070b800000, 0x000000070b800000, 0x000000070b900000|  0%| F|  |TAMS 0x000000070b800000, 0x000000070b800000| Untracked 
| 171|0x000000070b900000, 0x000000070b900000, 0x000000070ba00000|  0%| F|  |TAMS 0x000000070b900000, 0x000000070b900000| Untracked 
| 172|0x000000070ba00000, 0x000000070ba61c60, 0x000000070bb00000| 38%| S|CS|TAMS 0x000000070ba00000, 0x000000070ba00000| Complete 
| 173|0x000000070bb00000, 0x000000070bb00000, 0x000000070bc00000|  0%| F|  |TAMS 0x000000070bb00000, 0x000000070bb00000| Untracked 
| 174|0x000000070bc00000, 0x000000070bc00000, 0x000000070bd00000|  0%| F|  |TAMS 0x000000070bc00000, 0x000000070bc00000| Untracked 
| 175|0x000000070bd00000, 0x000000070be00000, 0x000000070be00000|100%| S|CS|TAMS 0x000000070bd00000, 0x000000070bd00000| Complete 
| 176|0x000000070be00000, 0x000000070bf00000, 0x000000070bf00000|100%| S|CS|TAMS 0x000000070be00000, 0x000000070be00000| Complete 
| 177|0x000000070bf00000, 0x000000070c000000, 0x000000070c000000|100%| S|CS|TAMS 0x000000070bf00000, 0x000000070bf00000| Complete 
| 178|0x000000070c000000, 0x000000070c000000, 0x000000070c100000|  0%| F|  |TAMS 0x000000070c000000, 0x000000070c000000| Untracked 
| 179|0x000000070c100000, 0x000000070c100000, 0x000000070c200000|  0%| F|  |TAMS 0x000000070c100000, 0x000000070c100000| Untracked 
| 180|0x000000070c200000, 0x000000070c200000, 0x000000070c300000|  0%| F|  |TAMS 0x000000070c200000, 0x000000070c200000| Untracked 
| 181|0x000000070c300000, 0x000000070c300000, 0x000000070c400000|  0%| F|  |TAMS 0x000000070c300000, 0x000000070c300000| Untracked 
| 182|0x000000070c400000, 0x000000070c400000, 0x000000070c500000|  0%| F|  |TAMS 0x000000070c400000, 0x000000070c400000| Untracked 
| 183|0x000000070c500000, 0x000000070c500000, 0x000000070c600000|  0%| F|  |TAMS 0x000000070c500000, 0x000000070c500000| Untracked 
| 184|0x000000070c600000, 0x000000070c600000, 0x000000070c700000|  0%| F|  |TAMS 0x000000070c600000, 0x000000070c600000| Untracked 
| 185|0x000000070c700000, 0x000000070c700000, 0x000000070c800000|  0%| F|  |TAMS 0x000000070c700000, 0x000000070c700000| Untracked 
| 186|0x000000070c800000, 0x000000070c800000, 0x000000070c900000|  0%| F|  |TAMS 0x000000070c800000, 0x000000070c800000| Untracked 
| 187|0x000000070c900000, 0x000000070c900000, 0x000000070ca00000|  0%| F|  |TAMS 0x000000070c900000, 0x000000070c900000| Untracked 
| 188|0x000000070ca00000, 0x000000070ca00000, 0x000000070cb00000|  0%| F|  |TAMS 0x000000070ca00000, 0x000000070ca00000| Untracked 
| 189|0x000000070cb00000, 0x000000070cb00000, 0x000000070cc00000|  0%| F|  |TAMS 0x000000070cb00000, 0x000000070cb00000| Untracked 
| 190|0x000000070cc00000, 0x000000070cc00000, 0x000000070cd00000|  0%| F|  |TAMS 0x000000070cc00000, 0x000000070cc00000| Untracked 
| 191|0x000000070cd00000, 0x000000070cd00000, 0x000000070ce00000|  0%| F|  |TAMS 0x000000070cd00000, 0x000000070cd00000| Untracked 
| 192|0x000000070ce00000, 0x000000070ce00000, 0x000000070cf00000|  0%| F|  |TAMS 0x000000070ce00000, 0x000000070ce00000| Untracked 
| 193|0x000000070cf00000, 0x000000070cf00000, 0x000000070d000000|  0%| F|  |TAMS 0x000000070cf00000, 0x000000070cf00000| Untracked 
| 194|0x000000070d000000, 0x000000070d000000, 0x000000070d100000|  0%| F|  |TAMS 0x000000070d000000, 0x000000070d000000| Untracked 
| 195|0x000000070d100000, 0x000000070d100000, 0x000000070d200000|  0%| F|  |TAMS 0x000000070d100000, 0x000000070d100000| Untracked 
| 196|0x000000070d200000, 0x000000070d200000, 0x000000070d300000|  0%| F|  |TAMS 0x000000070d200000, 0x000000070d200000| Untracked 
| 197|0x000000070d300000, 0x000000070d300000, 0x000000070d400000|  0%| F|  |TAMS 0x000000070d300000, 0x000000070d300000| Untracked 
| 198|0x000000070d400000, 0x000000070d400000, 0x000000070d500000|  0%| F|  |TAMS 0x000000070d400000, 0x000000070d400000| Untracked 
| 199|0x000000070d500000, 0x000000070d500000, 0x000000070d600000|  0%| F|  |TAMS 0x000000070d500000, 0x000000070d500000| Untracked 
| 200|0x000000070d600000, 0x000000070d600000, 0x000000070d700000|  0%| F|  |TAMS 0x000000070d600000, 0x000000070d600000| Untracked 
| 201|0x000000070d700000, 0x000000070d700000, 0x000000070d800000|  0%| F|  |TAMS 0x000000070d700000, 0x000000070d700000| Untracked 
| 202|0x000000070d800000, 0x000000070d800000, 0x000000070d900000|  0%| F|  |TAMS 0x000000070d800000, 0x000000070d800000| Untracked 
| 203|0x000000070d900000, 0x000000070d900000, 0x000000070da00000|  0%| F|  |TAMS 0x000000070d900000, 0x000000070d900000| Untracked 
| 204|0x000000070da00000, 0x000000070da00000, 0x000000070db00000|  0%| F|  |TAMS 0x000000070da00000, 0x000000070da00000| Untracked 
| 205|0x000000070db00000, 0x000000070db00000, 0x000000070dc00000|  0%| F|  |TAMS 0x000000070db00000, 0x000000070db00000| Untracked 
| 206|0x000000070dc00000, 0x000000070dc00000, 0x000000070dd00000|  0%| F|  |TAMS 0x000000070dc00000, 0x000000070dc00000| Untracked 
| 207|0x000000070dd00000, 0x000000070dd00000, 0x000000070de00000|  0%| F|  |TAMS 0x000000070dd00000, 0x000000070dd00000| Untracked 
| 208|0x000000070de00000, 0x000000070de00000, 0x000000070df00000|  0%| F|  |TAMS 0x000000070de00000, 0x000000070de00000| Untracked 
| 209|0x000000070df00000, 0x000000070df00000, 0x000000070e000000|  0%| F|  |TAMS 0x000000070df00000, 0x000000070df00000| Untracked 
| 210|0x000000070e000000, 0x000000070e000000, 0x000000070e100000|  0%| F|  |TAMS 0x000000070e000000, 0x000000070e000000| Untracked 
| 211|0x000000070e100000, 0x000000070e100000, 0x000000070e200000|  0%| F|  |TAMS 0x000000070e100000, 0x000000070e100000| Untracked 
| 212|0x000000070e200000, 0x000000070e200000, 0x000000070e300000|  0%| F|  |TAMS 0x000000070e200000, 0x000000070e200000| Untracked 
| 213|0x000000070e300000, 0x000000070e300000, 0x000000070e400000|  0%| F|  |TAMS 0x000000070e300000, 0x000000070e300000| Untracked 
| 214|0x000000070e400000, 0x000000070e400000, 0x000000070e500000|  0%| F|  |TAMS 0x000000070e400000, 0x000000070e400000| Untracked 
| 215|0x000000070e500000, 0x000000070e500000, 0x000000070e600000|  0%| F|  |TAMS 0x000000070e500000, 0x000000070e500000| Untracked 
| 216|0x000000070e600000, 0x000000070e600000, 0x000000070e700000|  0%| F|  |TAMS 0x000000070e600000, 0x000000070e600000| Untracked 
| 217|0x000000070e700000, 0x000000070e700000, 0x000000070e800000|  0%| F|  |TAMS 0x000000070e700000, 0x000000070e700000| Untracked 
| 218|0x000000070e800000, 0x000000070e800000, 0x000000070e900000|  0%| F|  |TAMS 0x000000070e800000, 0x000000070e800000| Untracked 
| 254|0x0000000710c00000, 0x0000000710c00000, 0x0000000710d00000|  0%| F|  |TAMS 0x0000000710c00000, 0x0000000710c00000| Untracked 
| 255|0x0000000710d00000, 0x0000000710d00000, 0x0000000710e00000|  0%| F|  |TAMS 0x0000000710d00000, 0x0000000710d00000| Untracked 

Card table byte_map: [0x0000015131510000,0x0000015131d10000] _byte_map_base: 0x000001512dd09000

Marking Bits (Prev, Next): (CMBitMap*) 0x00000151194bb228, (CMBitMap*) 0x00000151194bb268
 Prev Bits: [0x0000015132510000, 0x00000151364d8000)
 Next Bits: [0x00000151364e0000, 0x000001513a4a8000)

Polling page: 0x0000015117470000

Metaspace:

Usage:
  Non-class:      9.76 MB capacity,     9.58 MB ( 98%) used,   149.74 KB (  1%) free+waste,    37.81 KB ( <1%) overhead. 
      Class:      1.29 MB capacity,     1.13 MB ( 87%) used,   144.13 KB ( 11%) free+waste,    21.13 KB (  2%) overhead. 
       Both:     11.05 MB capacity,    10.71 MB ( 97%) used,   293.88 KB (  3%) free+waste,    58.94 KB ( <1%) overhead. 

Virtual space:
  Non-class space:       10.00 MB reserved,      10.00 MB (100%) committed 
      Class space:        1.00 GB reserved,       1.38 MB ( <1%) committed 
             Both:        1.01 GB reserved,      11.38 MB (  1%) committed 

Chunk freelists:
   Non-Class:  53.00 KB
       Class:  24.00 KB
        Both:  77.00 KB

MaxMetaspaceSize: 17179869184.00 GB
CompressedClassSpaceSize: 1.00 GB

CodeHeap 'non-profiled nmethods': size=120000Kb used=2035Kb max_used=2035Kb free=117965Kb
 bounds [0x00000151296d0000, 0x0000015129940000, 0x0000015130c00000]
CodeHeap 'profiled nmethods': size=120000Kb used=5371Kb max_used=5371Kb free=114628Kb
 bounds [0x00000151221a0000, 0x00000151226e0000, 0x00000151296d0000]
CodeHeap 'non-nmethods': size=5760Kb used=1316Kb max_used=1361Kb free=4443Kb
 bounds [0x0000015121c00000, 0x0000015121e70000, 0x00000151221a0000]
 total_blobs=3448 nmethods=2841 adapters=519
 compilation: enabled
              stopped_count=0, restarted_count=0
 full_count=0

Compilation events (20 events):
Event: 105.969 Thread 0x000001513d6c2800 2833       3       sun.awt.SunHints$Value::equals (11 bytes)
Event: 105.969 Thread 0x000001513d6c2800 nmethod 2833 0x00000151226db810 code [0x00000151226db9a0, 0x00000151226dbb18]
Event: 105.969 Thread 0x000001513d6c2800 2834       3       sun.font.FontDesignMetrics$MetricsKey::equals (49 bytes)
Event: 105.969 Thread 0x000001513d6c2800 nmethod 2834 0x00000151226dbb90 code [0x00000151226dbd60, 0x00000151226dc3b8]
Event: 105.969 Thread 0x000001513d6c2800 2835       1       sun.awt.image.SunVolatileImage::getWidth (5 bytes)
Event: 105.969 Thread 0x000001513d6c2800 nmethod 2835 0x00000151298cc010 code [0x00000151298cc1a0, 0x00000151298cc278]
Event: 105.969 Thread 0x000001513d6c2800 2836       1       sun.awt.image.SunVolatileImage::getHeight (5 bytes)
Event: 105.969 Thread 0x000001513d6c2800 nmethod 2836 0x00000151298cc310 code [0x00000151298cc4a0, 0x00000151298cc578]
Event: 106.529 Thread 0x000001513d6c2800 2837       3       java.io.ObjectInputStream::readObject (7 bytes)
Event: 106.529 Thread 0x000001513d6c2800 nmethod 2837 0x00000151226dc510 code [0x00000151226dc6c0, 0x00000151226dc808]
Event: 106.970 Thread 0x000001513d6c2800 2838       3       java.awt.Component::setBounds (10 bytes)
Event: 106.970 Thread 0x000001513d6c2800 nmethod 2838 0x00000151226dc890 code [0x00000151226dca40, 0x00000151226dcc28]
Event: 106.970 Thread 0x000001513d6c2800 2839   !   3       java.awt.Component::reshape (312 bytes)
Event: 106.971 Thread 0x000001513d6c2800 nmethod 2839 0x00000151226dcd10 code [0x00000151226dcfc0, 0x00000151226de538]
Event: 106.971 Thread 0x000001513d6c2800 2842       3       java.util.concurrent.atomic.AtomicBoolean::set (14 bytes)
Event: 106.971 Thread 0x000001513d6c2800 nmethod 2842 0x00000151226deb10 code [0x00000151226deca0, 0x00000151226dee18]
Event: 106.971 Thread 0x000001513d6c2800 2840       1       java.awt.geom.AffineTransform::getScaleX (5 bytes)
Event: 106.971 Thread 0x000001513d6c2800 nmethod 2840 0x00000151298cc610 code [0x00000151298cc7a0, 0x00000151298cc878]
Event: 106.971 Thread 0x000001513d6c2800 2841       1       java.awt.geom.AffineTransform::getScaleY (5 bytes)
Event: 106.971 Thread 0x000001513d6c2800 nmethod 2841 0x00000151298cc910 code [0x00000151298ccaa0, 0x00000151298ccb78]

GC Heap History (20 events):
Event: 105.282 GC heap after
{Heap after GC invocations=110 (full 0):
 garbage-first heap   total 188416K, used 134667K [0x0000000700e00000, 0x0000000800000000)
  region size 1024K, 3 young (3072K), 3 survivors (3072K)
 Metaspace       used 10952K, capacity 11315K, committed 11648K, reserved 1058816K
  class space    used 1154K, capacity 1320K, committed 1408K, reserved 1048576K
}
Event: 105.511 GC heap before
{Heap before GC invocations=110 (full 0):
 garbage-first heap   total 188416K, used 164363K [0x0000000700e00000, 0x0000000800000000)
  region size 1024K, 31 young (31744K), 3 survivors (3072K)
 Metaspace       used 10952K, capacity 11315K, committed 11648K, reserved 1058816K
  class space    used 1154K, capacity 1320K, committed 1408K, reserved 1048576K
}
Event: 105.514 GC heap after
{Heap after GC invocations=111 (full 0):
 garbage-first heap   total 188416K, used 137056K [0x0000000700e00000, 0x0000000800000000)
  region size 1024K, 3 young (3072K), 3 survivors (3072K)
 Metaspace       used 10952K, capacity 11315K, committed 11648K, reserved 1058816K
  class space    used 1154K, capacity 1320K, committed 1408K, reserved 1048576K
}
Event: 105.692 GC heap before
{Heap before GC invocations=111 (full 0):
 garbage-first heap   total 188416K, used 161632K [0x0000000700e00000, 0x0000000800000000)
  region size 1024K, 28 young (28672K), 3 survivors (3072K)
 Metaspace       used 10953K, capacity 11315K, committed 11648K, reserved 1058816K
  class space    used 1154K, capacity 1320K, committed 1408K, reserved 1048576K
}
Event: 105.694 GC heap after
{Heap after GC invocations=112 (full 0):
 garbage-first heap   total 188416K, used 137757K [0x0000000700e00000, 0x0000000800000000)
  region size 1024K, 3 young (3072K), 3 survivors (3072K)
 Metaspace       used 10953K, capacity 11315K, committed 11648K, reserved 1058816K
  class space    used 1154K, capacity 1320K, committed 1408K, reserved 1048576K
}
Event: 105.881 GC heap before
{Heap before GC invocations=112 (full 0):
 garbage-first heap   total 188416K, used 162333K [0x0000000700e00000, 0x0000000800000000)
  region size 1024K, 28 young (28672K), 3 survivors (3072K)
 Metaspace       used 10953K, capacity 11315K, committed 11648K, reserved 1058816K
  class space    used 1154K, capacity 1320K, committed 1408K, reserved 1048576K
}
Event: 105.883 GC heap after
{Heap after GC invocations=113 (full 0):
 garbage-first heap   total 188416K, used 138341K [0x0000000700e00000, 0x0000000800000000)
  region size 1024K, 2 young (2048K), 2 survivors (2048K)
 Metaspace       used 10953K, capacity 11315K, committed 11648K, reserved 1058816K
  class space    used 1154K, capacity 1320K, committed 1408K, reserved 1048576K
}
Event: 106.081 GC heap before
{Heap before GC invocations=113 (full 0):
 garbage-first heap   total 188416K, used 163941K [0x0000000700e00000, 0x0000000800000000)
  region size 1024K, 27 young (27648K), 2 survivors (2048K)
 Metaspace       used 10956K, capacity 11315K, committed 11648K, reserved 1058816K
  class space    used 1154K, capacity 1320K, committed 1408K, reserved 1048576K
}
Event: 106.084 GC heap after
{Heap after GC invocations=114 (full 0):
 garbage-first heap   total 188416K, used 139098K [0x0000000700e00000, 0x0000000800000000)
  region size 1024K, 3 young (3072K), 3 survivors (3072K)
 Metaspace       used 10956K, capacity 11315K, committed 11648K, reserved 1058816K
  class space    used 1154K, capacity 1320K, committed 1408K, reserved 1048576K
}
Event: 106.262 GC heap before
{Heap before GC invocations=114 (full 0):
 garbage-first heap   total 188416K, used 163674K [0x0000000700e00000, 0x0000000800000000)
  region size 1024K, 27 young (27648K), 3 survivors (3072K)
 Metaspace       used 10956K, capacity 11315K, committed 11648K, reserved 1058816K
  class space    used 1154K, capacity 1320K, committed 1408K, reserved 1048576K
}
Event: 106.265 GC heap after
{Heap after GC invocations=115 (full 0):
 garbage-first heap   total 188416K, used 139744K [0x0000000700e00000, 0x0000000800000000)
  region size 1024K, 3 young (3072K), 3 survivors (3072K)
 Metaspace       used 10956K, capacity 11315K, committed 11648K, reserved 1058816K
  class space    used 1154K, capacity 1320K, committed 1408K, reserved 1048576K
}
Event: 106.464 GC heap before
{Heap before GC invocations=115 (full 0):
 garbage-first heap   total 188416K, used 168416K [0x0000000700e00000, 0x0000000800000000)
  region size 1024K, 27 young (27648K), 3 survivors (3072K)
 Metaspace       used 10956K, capacity 11315K, committed 11648K, reserved 1058816K
  class space    used 1154K, capacity 1320K, committed 1408K, reserved 1048576K
}
Event: 106.467 GC heap after
{Heap after GC invocations=116 (full 0):
 garbage-first heap   total 226304K, used 144907K [0x0000000700e00000, 0x0000000800000000)
  region size 1024K, 3 young (3072K), 3 survivors (3072K)
 Metaspace       used 10956K, capacity 11315K, committed 11648K, reserved 1058816K
  class space    used 1154K, capacity 1320K, committed 1408K, reserved 1048576K
}
Event: 106.798 GC heap before
{Heap before GC invocations=116 (full 0):
 garbage-first heap   total 226304K, used 194059K [0x0000000700e00000, 0x0000000800000000)
  region size 1024K, 52 young (53248K), 3 survivors (3072K)
 Metaspace       used 10956K, capacity 11315K, committed 11648K, reserved 1058816K
  class space    used 1154K, capacity 1320K, committed 1408K, reserved 1048576K
}
Event: 106.801 GC heap after
{Heap after GC invocations=117 (full 0):
 garbage-first heap   total 226304K, used 146539K [0x0000000700e00000, 0x0000000800000000)
  region size 1024K, 5 young (5120K), 5 survivors (5120K)
 Metaspace       used 10956K, capacity 11315K, committed 11648K, reserved 1058816K
  class space    used 1154K, capacity 1320K, committed 1408K, reserved 1048576K
}
Event: 107.167 GC heap before
{Heap before GC invocations=117 (full 0):
 garbage-first heap   total 226304K, used 195691K [0x0000000700e00000, 0x0000000800000000)
  region size 1024K, 53 young (54272K), 5 survivors (5120K)
 Metaspace       used 10962K, capacity 11315K, committed 11648K, reserved 1058816K
  class space    used 1154K, capacity 1320K, committed 1408K, reserved 1048576K
}
Event: 107.170 GC heap after
{Heap after GC invocations=118 (full 0):
 garbage-first heap   total 226304K, used 148320K [0x0000000700e00000, 0x0000000800000000)
  region size 1024K, 5 young (5120K), 5 survivors (5120K)
 Metaspace       used 10962K, capacity 11315K, committed 11648K, reserved 1058816K
  class space    used 1154K, capacity 1320K, committed 1408K, reserved 1048576K
}
Event: 107.516 GC heap before
{Heap before GC invocations=118 (full 0):
 garbage-first heap   total 226304K, used 197472K [0x0000000700e00000, 0x0000000800000000)
  region size 1024K, 51 young (52224K), 5 survivors (5120K)
 Metaspace       used 10962K, capacity 11315K, committed 11648K, reserved 1058816K
  class space    used 1154K, capacity 1320K, committed 1408K, reserved 1048576K
}
Event: 107.519 GC heap after
{Heap after GC invocations=119 (full 0):
 garbage-first heap   total 226304K, used 151233K [0x0000000700e00000, 0x0000000800000000)
  region size 1024K, 4 young (4096K), 4 survivors (4096K)
 Metaspace       used 10962K, capacity 11315K, committed 11648K, reserved 1058816K
  class space    used 1154K, capacity 1320K, committed 1408K, reserved 1048576K
}
Event: 107.835 GC heap before
{Heap before GC invocations=119 (full 0):
 garbage-first heap   total 226304K, used 195265K [0x0000000700e00000, 0x0000000800000000)
  region size 1024K, 47 young (48128K), 4 survivors (4096K)
 Metaspace       used 10962K, capacity 11315K, committed 11648K, reserved 1058816K
  class space    used 1154K, capacity 1320K, committed 1408K, reserved 1048576K
}

Deoptimization events (20 events):
Event: 82.587 Thread 0x0000015145311000 Uncommon trap: trap_request=0xfffffff4 fr.pc=0x00000151298969e4 relative=0x00000000000008a4
Event: 82.587 Thread 0x0000015145311000 Uncommon trap: reason=null_check action=make_not_entrant pc=0x00000151298969e4 method=com.sun.jna.Structure.readField(Lcom/sun/jna/Structure$StructField;)Ljava/lang/Object; @ 56 c2
Event: 82.587 Thread 0x0000015145311000 DEOPT PACKING pc=0x00000151298969e4 sp=0x0000002fd75fda50
Event: 82.587 Thread 0x0000015145311000 DEOPT UNPACKING pc=0x0000015121c4912f sp=0x0000002fd75fda08 mode 2
Event: 83.649 Thread 0x0000015145311000 Uncommon trap: trap_request=0xfffffff4 fr.pc=0x00000151298983f0 relative=0x00000000000008b0
Event: 83.649 Thread 0x0000015145311000 Uncommon trap: reason=null_check action=make_not_entrant pc=0x00000151298983f0 method=com.sun.jna.Structure.readField(Lcom/sun/jna/Structure$StructField;)Ljava/lang/Object; @ 65 c2
Event: 83.649 Thread 0x0000015145311000 DEOPT PACKING pc=0x00000151298983f0 sp=0x0000002fd75fda50
Event: 83.649 Thread 0x0000015145311000 DEOPT UNPACKING pc=0x0000015121c4912f sp=0x0000002fd75fda08 mode 2
Event: 84.732 Thread 0x0000015145311000 Uncommon trap: trap_request=0xfffffff4 fr.pc=0x000001512989a170 relative=0x00000000000008b0
Event: 84.732 Thread 0x0000015145311000 Uncommon trap: reason=null_check action=make_not_entrant pc=0x000001512989a170 method=com.sun.jna.Structure.readField(Lcom/sun/jna/Structure$StructField;)Ljava/lang/Object; @ 74 c2
Event: 84.732 Thread 0x0000015145311000 DEOPT PACKING pc=0x000001512989a170 sp=0x0000002fd75fda50
Event: 84.732 Thread 0x0000015145311000 DEOPT UNPACKING pc=0x0000015121c4912f sp=0x0000002fd75fda08 mode 2
Event: 88.858 Thread 0x0000015145311000 Uncommon trap: trap_request=0xfffffff4 fr.pc=0x00000151298a587c relative=0x000000000000091c
Event: 88.858 Thread 0x0000015145311000 Uncommon trap: reason=null_check action=make_not_entrant pc=0x00000151298a587c method=com.sun.jna.Pointer.getValue(JLjava/lang/Class;Ljava/lang/Object;)Ljava/lang/Object; @ 6 c2
Event: 88.858 Thread 0x0000015145311000 DEOPT PACKING pc=0x00000151298a587c sp=0x0000002fd75fda00
Event: 88.858 Thread 0x0000015145311000 DEOPT UNPACKING pc=0x0000015121c4912f sp=0x0000002fd75fd970 mode 2
Event: 103.427 Thread 0x000001513d845800 Uncommon trap: trap_request=0xffffffcc fr.pc=0x00000151298c05ac relative=0x00000000000022cc
Event: 103.427 Thread 0x000001513d845800 Uncommon trap: reason=intrinsic_or_type_checked_inlining action=make_not_entrant pc=0x00000151298c05ac method=java.util.ArrayList$SubList.toArray([Ljava/lang/Object;)[Ljava/lang/Object; @ 58 c2
Event: 103.427 Thread 0x000001513d845800 DEOPT PACKING pc=0x00000151298c05ac sp=0x0000002fd6bff130
Event: 103.427 Thread 0x000001513d845800 DEOPT UNPACKING pc=0x0000015121c4912f sp=0x0000002fd6bff088 mode 2

Classes unloaded (4 events):
Event: 60.961 Thread 0x000001513ce05800 Unloading class 0x0000000800c53c40 'rlbotexample/dynamic_objects/DataPacket$$Lambda$173'
Event: 60.961 Thread 0x000001513ce05800 Unloading class 0x0000000800c53840 'rlbotexample/dynamic_objects/DataPacket$$Lambda$172'
Event: 60.961 Thread 0x000001513ce05800 Unloading class 0x0000000800c52c40 'java/lang/invoke/LambdaForm$DMH'
Event: 60.961 Thread 0x000001513ce05800 Unloading class 0x0000000800c52840 'java/lang/invoke/LambdaForm$DMH'

Classes redefined (0 events):
No events

Internal exceptions (20 events):
Event: 34.765 Thread 0x000001513d845800 Exception <a 'java/lang/NoSuchMethodError'{0x00000007103debd0}: 'java.lang.Object java.lang.invoke.DirectMethodHandle$Holder.invokeSpecial(java.lang.Object, java.lang.Object, java.lang.Object, java.lang.Object, int)'> (0x00000007103debd0) 
thrown [./open/src/hotspot/share/interpreter/linkResolver.cpp, line 766]
Event: 34.765 Thread 0x000001513d845800 Exception <a 'java/lang/NoSuchMethodError'{0x00000007103e19e8}: 'java.lang.Object java.lang.invoke.Invokers$Holder.linkToTargetMethod(java.lang.Object, java.lang.Object, int, java.lang.Object)'> (0x00000007103e19e8) 
thrown [./open/src/hotspot/share/interpreter/linkResolver.cpp, line 766]
Event: 34.768 Thread 0x000001513d845800 Exception <a 'java/lang/NoSuchMethodError'{0x00000007103f7530}: 'java.lang.Object java.lang.invoke.DirectMethodHandle$Holder.newInvokeSpecial(java.lang.Object, int)'> (0x00000007103f7530) 
thrown [./open/src/hotspot/share/interpreter/linkResolver.cpp, line 766]
Event: 34.771 Thread 0x000001513d845800 Exception <a 'java/lang/NoSuchMethodError'{0x0000000710203768}: 'java.lang.Object java.lang.invoke.DirectMethodHandle$Holder.invokeStatic(java.lang.Object, java.lang.Object, java.lang.Object, int, java.lang.Object)'> (0x0000000710203768) 
thrown [./open/src/hotspot/share/interpreter/linkResolver.cpp, line 766]
Event: 34.771 Thread 0x000001513d845800 Exception <a 'java/lang/NoSuchMethodError'{0x0000000710209560}: 'java.lang.Object java.lang.invoke.Invokers$Holder.linkToTargetMethod(java.lang.Object, java.lang.Object, int, java.lang.Object, java.lang.Object)'> (0x0000000710209560) 
thrown [./open/src/hotspot/share/interpreter/linkResolver.cpp, line 766]
Event: 35.840 Thread 0x0000015145313800 Exception <a 'java/lang/NoSuchMethodError'{0x000000070ff329f0}: 'java.lang.Object java.lang.invoke.DirectMethodHandle$Holder.invokeInterface(java.lang.Object, java.lang.Object, int)'> (0x000000070ff329f0) 
thrown [./open/src/hotspot/share/interpreter/linkResolver.cpp, line 766]
Event: 35.842 Thread 0x0000015145312000 Exception <a 'java/lang/NoSuchMethodError'{0x000000070ff854e8}: static Lrlbotexample/animations/CarGroupAnimation;.<clinit>()V> (0x000000070ff854e8) 
thrown [./open/src/hotspot/share/prims/jni.cpp, line 1348]
Event: 35.844 Thread 0x0000015145312000 Exception <a 'java/lang/NoSuchMethodError'{0x000000070ff976a0}: static Lrlbotexample/animations/IndexedCarGroup;.<clinit>()V> (0x000000070ff976a0) 
thrown [./open/src/hotspot/share/prims/jni.cpp, line 1348]
Event: 35.845 Thread 0x0000015145312000 Exception <a 'java/lang/NoSuchMethodError'{0x000000070ff9f400}: static Lrlbotexample/animations/CarGroup;.<clinit>()V> (0x000000070ff9f400) 
thrown [./open/src/hotspot/share/prims/jni.cpp, line 1348]
Event: 35.847 Thread 0x0000015145312000 Exception <a 'java/lang/NoSuchMethodError'{0x000000070ffa91e0}: static Lrlbotexample/animations/AnimatedCarObject;.<clinit>()V> (0x000000070ffa91e0) 
thrown [./open/src/hotspot/share/prims/jni.cpp, line 1348]
Event: 35.847 Thread 0x0000015145312000 Exception <a 'java/lang/NoSuchMethodError'{0x000000070ffb1de8}: static Lutil/math/vector/ZyxOrientedPosition;.<clinit>()V> (0x000000070ffb1de8) 
thrown [./open/src/hotspot/share/prims/jni.cpp, line 1348]
Event: 35.851 Thread 0x0000015145312000 Exception <a 'java/lang/NoSuchMethodError'{0x000000070ffce9c0}: static Ljava/lang/Object;.<clinit>()V> (0x000000070ffce9c0) 
thrown [./open/src/hotspot/share/prims/jni.cpp, line 1348]
Event: 80.209 Thread 0x0000015145311000 Implicit null exception at 0x000001512988c382 to 0x000001512988c924
Event: 80.345 Thread 0x0000015145311000 Implicit null exception at 0x000001512988db8e to 0x000001512988e224
Event: 80.427 Thread 0x0000015145311000 Implicit null exception at 0x00000151298901cf to 0x0000015129890970
Event: 81.517 Thread 0x0000015145311000 Implicit null exception at 0x000001512989475a to 0x0000015129894f54
Event: 82.587 Thread 0x0000015145311000 Implicit null exception at 0x0000015129896221 to 0x00000151298969c4
Event: 83.649 Thread 0x0000015145311000 Implicit null exception at 0x0000015129897c3d to 0x00000151298983d0
Event: 84.732 Thread 0x0000015145311000 Implicit null exception at 0x00000151298999bd to 0x000001512989a150
Event: 88.858 Thread 0x0000015145311000 Implicit null exception at 0x00000151298a4fa8 to 0x00000151298a5864

Events (20 events):
Event: 107.683 Thread 0x000001514530e800 Thread exited: 0x000001514530e800
Event: 107.688 Thread 0x0000015145313000 Thread added: 0x0000015145313000
Event: 107.698 Thread 0x0000015145313000 Thread exited: 0x0000015145313000
Event: 107.715 Thread 0x000001514530e800 Thread added: 0x000001514530e800
Event: 107.726 Thread 0x0000015145310800 Thread added: 0x0000015145310800
Event: 107.726 Thread 0x0000015145312000 Thread added: 0x0000015145312000
Event: 107.727 Thread 0x0000015145313000 Thread added: 0x0000015145313000
Event: 107.732 Thread 0x0000015145313000 Thread exited: 0x0000015145313000
Event: 107.732 Thread 0x0000015145310800 Thread exited: 0x0000015145310800
Event: 107.732 Thread 0x0000015145312000 Thread exited: 0x0000015145312000
Event: 107.732 Thread 0x000001514530e800 Thread exited: 0x000001514530e800
Event: 107.733 Thread 0x000001514530e800 Thread added: 0x000001514530e800
Event: 107.746 Thread 0x0000015145312000 Thread added: 0x0000015145312000
Event: 107.748 Thread 0x0000015145312000 Thread exited: 0x0000015145312000
Event: 107.748 Thread 0x000001514530e800 Thread exited: 0x000001514530e800
Event: 107.772 Thread 0x000001514530f800 Thread added: 0x000001514530f800
Event: 107.778 Thread 0x000001514530e800 Thread added: 0x000001514530e800
Event: 107.780 Thread 0x000001514530f800 Thread exited: 0x000001514530f800
Event: 107.780 Thread 0x000001514530e800 Thread exited: 0x000001514530e800
Event: 107.835 Executing VM operation: G1CollectForAllocation


Dynamic libraries:
0x00007ff7f0180000 - 0x00007ff7f018d000 	C:\Program Files\Java\jdk-14.0.2\bin\java.exe
0x00007ffa59090000 - 0x00007ffa59285000 	C:\Windows\SYSTEM32\ntdll.dll
0x00007ffa377c0000 - 0x00007ffa377d6000 	C:\Program Files\Avast Software\Avast\aswhook.dll
0x00007ffa57220000 - 0x00007ffa572de000 	C:\Windows\System32\KERNEL32.DLL
0x00007ffa568c0000 - 0x00007ffa56b88000 	C:\Windows\System32\KERNELBASE.dll
0x00007ffa56fe0000 - 0x00007ffa570e0000 	C:\Windows\System32\ucrtbase.dll
0x00007ffa3c2e0000 - 0x00007ffa3c2f5000 	C:\Program Files\Java\jdk-14.0.2\bin\VCRUNTIME140.dll
0x00007ffa41b60000 - 0x00007ffa41b78000 	C:\Program Files\Java\jdk-14.0.2\bin\jli.dll
0x00007ffa574c0000 - 0x00007ffa57660000 	C:\Windows\System32\USER32.dll
0x00007ffa567a0000 - 0x00007ffa567c2000 	C:\Windows\System32\win32u.dll
0x00007ffa372f0000 - 0x00007ffa3758a000 	C:\Windows\WinSxS\amd64_microsoft.windows.common-controls_6595b64144ccf1df_6.0.19041.1110_none_60b5254171f9507e\COMCTL32.dll
0x00007ffa58e20000 - 0x00007ffa58e4b000 	C:\Windows\System32\GDI32.dll
0x00007ffa58d80000 - 0x00007ffa58e1e000 	C:\Windows\System32\msvcrt.dll
0x00007ffa56cc0000 - 0x00007ffa56dcd000 	C:\Windows\System32\gdi32full.dll
0x00007ffa56b90000 - 0x00007ffa56c2d000 	C:\Windows\System32\msvcp_win.dll
0x00007ffa57ea0000 - 0x00007ffa57ed0000 	C:\Windows\System32\IMM32.DLL
0x00007ffa344c0000 - 0x00007ffa3455b000 	C:\Program Files\Java\jdk-14.0.2\bin\msvcp140.dll
0x00007ff9d73e0000 - 0x00007ff9d7efe000 	C:\Program Files\Java\jdk-14.0.2\bin\server\jvm.dll
0x00007ffa57170000 - 0x00007ffa5721e000 	C:\Windows\System32\ADVAPI32.dll
0x00007ffa58360000 - 0x00007ffa583fc000 	C:\Windows\System32\sechost.dll
0x00007ffa587c0000 - 0x00007ffa588e5000 	C:\Windows\System32\RPCRT4.dll
0x00007ffa57160000 - 0x00007ffa57168000 	C:\Windows\System32\PSAPI.DLL
0x00007ffa49ab0000 - 0x00007ffa49ab9000 	C:\Windows\SYSTEM32\WSOCK32.dll
0x00007ffa41d60000 - 0x00007ffa41d87000 	C:\Windows\SYSTEM32\WINMM.dll
0x00007ffa507f0000 - 0x00007ffa507fa000 	C:\Windows\SYSTEM32\VERSION.dll
0x00007ffa57660000 - 0x00007ffa576cb000 	C:\Windows\System32\WS2_32.dll
0x00007ffa546b0000 - 0x00007ffa546c2000 	C:\Windows\SYSTEM32\kernel.appcore.dll
0x00007ffa51790000 - 0x00007ffa5179a000 	C:\Program Files\Java\jdk-14.0.2\bin\jimage.dll
0x00007ffa4d930000 - 0x00007ffa4db14000 	C:\Windows\SYSTEM32\DBGHELP.DLL
0x00007ffa4d900000 - 0x00007ffa4d92c000 	C:\Windows\SYSTEM32\dbgcore.DLL
0x00007ffa56c30000 - 0x00007ffa56cb2000 	C:\Windows\System32\bcryptPrimitives.dll
0x00007ffa34800000 - 0x00007ffa34825000 	C:\Program Files\Java\jdk-14.0.2\bin\java.dll
0x00007ffa345f0000 - 0x00007ffa34606000 	C:\Program Files\Java\jdk-14.0.2\bin\zip.dll
0x00007ffa576d0000 - 0x00007ffa57e14000 	C:\Windows\System32\SHELL32.dll
0x00007ffa548b0000 - 0x00007ffa55044000 	C:\Windows\SYSTEM32\windows.storage.dll
0x00007ffa58400000 - 0x00007ffa58755000 	C:\Windows\System32\combase.dll
0x00007ffa561f0000 - 0x00007ffa5621e000 	C:\Windows\SYSTEM32\Wldp.dll
0x00007ffa572e0000 - 0x00007ffa5738d000 	C:\Windows\System32\SHCORE.dll
0x00007ffa58760000 - 0x00007ffa587b5000 	C:\Windows\System32\shlwapi.dll
0x00007ffa566e0000 - 0x00007ffa566ff000 	C:\Windows\SYSTEM32\profapi.dll
0x00007ffa344a0000 - 0x00007ffa344b9000 	C:\Program Files\Java\jdk-14.0.2\bin\net.dll
0x00007ffa4f5e0000 - 0x00007ffa4f6ec000 	C:\Windows\SYSTEM32\WINHTTP.dll
0x00007ffa55f50000 - 0x00007ffa55fba000 	C:\Windows\system32\mswsock.dll
0x00007ffa34480000 - 0x00007ffa34492000 	C:\Program Files\Java\jdk-14.0.2\bin\nio.dll
0x00007ffa10760000 - 0x00007ffa108f8000 	C:\Program Files\Java\jdk-14.0.2\bin\awt.dll
0x00007ffa58f80000 - 0x00007ffa5904d000 	C:\Windows\System32\OLEAUT32.dll
0x00007ffa54220000 - 0x00007ffa542b0000 	C:\Windows\SYSTEM32\apphelp.dll
0x00007ffa545a0000 - 0x00007ffa545cf000 	C:\Windows\system32\DWMAPI.DLL
0x00007ffa543b0000 - 0x00007ffa5444e000 	C:\Windows\system32\uxtheme.dll
0x00007ffa11020000 - 0x00007ffa11145000 	C:\Windows\system32\opengl32.dll
0x00007ffa10ff0000 - 0x00007ffa1101c000 	C:\Windows\SYSTEM32\GLU32.dll
0x00007ffa57390000 - 0x00007ffa574a6000 	C:\Windows\System32\MSCTF.dll
0x00007ffa58e50000 - 0x00007ffa58f7a000 	C:\Windows\System32\ole32.dll
0x00007ffa4a150000 - 0x00007ffa4a320000 	C:\Windows\system32\d3d9.dll
0x00007ffa4a040000 - 0x00007ffa4a147000 	C:\Windows\System32\DriverStore\FileRepository\nv_dispig.inf_amd64_31a2adf8c49e7799\nvldumdx.dll
0x00007ffa56380000 - 0x00007ffa56392000 	C:\Windows\SYSTEM32\msasn1.dll
0x00007ffa507b0000 - 0x00007ffa507e1000 	C:\Windows\SYSTEM32\cryptnet.dll
0x00007ffa56e80000 - 0x00007ffa56fd6000 	C:\Windows\System32\CRYPT32.dll
0x00007ffa4d7b0000 - 0x00007ffa4d8fa000 	C:\Windows\SYSTEM32\drvstore.dll
0x00007ffa56540000 - 0x00007ffa56574000 	C:\Windows\SYSTEM32\devobj.dll
0x00007ffa56800000 - 0x00007ffa5684e000 	C:\Windows\System32\cfgmgr32.dll
0x00007ffa56160000 - 0x00007ffa5616c000 	C:\Windows\SYSTEM32\cryptbase.dll
0x00007ffa56850000 - 0x00007ffa568b9000 	C:\Windows\System32\WINTRUST.DLL
0x00007ffa57140000 - 0x00007ffa5715d000 	C:\Windows\System32\imagehlp.dll
0x00007ffa56140000 - 0x00007ffa56158000 	C:\Windows\SYSTEM32\CRYPTSP.dll
0x00007ffa55860000 - 0x00007ffa55894000 	C:\Windows\system32\rsaenh.dll
0x00007ffa567d0000 - 0x00007ffa567f7000 	C:\Windows\System32\bcrypt.dll
0x00007ff9d8270000 - 0x00007ff9d99f8000 	C:\Windows\System32\DriverStore\FileRepository\nv_dispig.inf_amd64_31a2adf8c49e7799\nvd3dumx.dll
0x00007ffa55060000 - 0x00007ffa55083000 	C:\Windows\SYSTEM32\gpapi.dll
0x00007ffa4a4f0000 - 0x00007ffa4a52b000 	C:\Windows\SYSTEM32\dxcore.dll
0x00007ffa24920000 - 0x00007ffa249a2000 	C:\Program Files\Java\jdk-14.0.2\bin\freetype.dll
0x00007ffa1efa0000 - 0x00007ffa1f046000 	C:\Program Files\Java\jdk-14.0.2\bin\fontmanager.dll
0x00007ffa34080000 - 0x00007ffa34179000 	C:\Windows\SYSTEM32\textinputframework.dll
0x00007ffa53f00000 - 0x00007ffa53ff2000 	C:\Windows\System32\CoreMessaging.dll
0x00007ffa53ba0000 - 0x00007ffa53efe000 	C:\Windows\System32\CoreUIComponents.dll
0x00007ffa52c80000 - 0x00007ffa52dd4000 	C:\Windows\SYSTEM32\wintypes.dll
0x00007ffa55280000 - 0x00007ffa552b3000 	C:\Windows\SYSTEM32\ntmarta.dll
0x00007ffa566a0000 - 0x00007ffa566ce000 	C:\Windows\SYSTEM32\USERENV.dll
0x00007ffa55bf0000 - 0x00007ffa55c2b000 	C:\Windows\SYSTEM32\IPHLPAPI.DLL
0x00007ffa58350000 - 0x00007ffa58358000 	C:\Windows\System32\NSI.dll
0x00007ffa50ff0000 - 0x00007ffa51007000 	C:\Windows\SYSTEM32\dhcpcsvc6.DLL
0x00007ffa50e60000 - 0x00007ffa50e7d000 	C:\Windows\SYSTEM32\dhcpcsvc.DLL
0x00007ffa55c30000 - 0x00007ffa55cfb000 	C:\Windows\SYSTEM32\DNSAPI.dll
0x00007ffa1dfa0000 - 0x00007ffa1dfe2000 	C:\Users\Plads\AppData\Local\Temp\jna-77195540\jna18061214649869457018.dll
0x00007ffa294c0000 - 0x00007ffa294ee000 	C:\Users\Plads\Documents\GitHub\Flyve\Boss-Battle\build\dll\RLBot_Core_Interface.dll

dbghelp: loaded successfully - version: 4.0.5 - missing functions: none
symbol engine: initialized successfully - sym options: 0x614 - pdb path: .;C:\Program Files\Java\jdk-14.0.2\bin;C:\Windows\SYSTEM32;C:\Program Files\Avast Software\Avast;C:\Windows\WinSxS\amd64_microsoft.windows.common-controls_6595b64144ccf1df_6.0.19041.1110_none_60b5254171f9507e;C:\Program Files\Java\jdk-14.0.2\bin\server;C:\Windows\System32\DriverStore\FileRepository\nv_dispig.inf_amd64_31a2adf8c49e7799;C:\Users\Plads\AppData\Local\Temp\jna-77195540;C:\Users\Plads\Documents\GitHub\Flyve\Boss-Battle\build\dll

VM Arguments:
jvm_args: -Dfile.encoding=windows-1252 -Duser.country=CA -Duser.language=en -Duser.variant 
java_command: rlbotexample.JavaExample
java_class_path (initial): C:\Users\Plads\Documents\GitHub\Flyve\Boss-Battle\build\classes\java\main;C:\Users\Plads\Documents\GitHub\Flyve\Boss-Battle\build\resources\main;C:\Users\Plads\Documents\GitHub\Flyve\Boss-Battle\build\dll;C:\Users\Plads\.gradle\caches\modules-2\files-2.1\org.rlbot.commons\framework\2.1.0\30b955d146d454cbe8606b4e68752843b7b43dc6\framework-2.1.0.jar;C:\Users\Plads\.gradle\caches\modules-2\files-2.1\net.java.dev.jna\jna-platform\4.5.1\117d52c9f672d8b7ea80a81464c33ef843de9254\jna-platform-4.5.1.jar;C:\Users\Plads\.gradle\caches\modules-2\files-2.1\net.java.dev.jna\jna\4.5.1\65bd0cacc9c79a21c6ed8e9f588577cd3c2f85b9\jna-4.5.1.jar;C:\Users\Plads\.gradle\caches\modules-2\files-2.1\com.github.davidmoten\flatbuffers-java\1.9.0.1\eaa1b27095bb5127879458bc2ee1b78e00d4a20\flatbuffers-java-1.9.0.1.jar
Launcher Type: SUN_STANDARD

[Global flags]
     intx CICompilerCount                          = 3                                         {product} {ergonomic}
     uint ConcGCThreads                            = 2                                         {product} {ergonomic}
     uint G1ConcRefinementThreads                  = 6                                         {product} {ergonomic}
   size_t G1HeapRegionSize                         = 1048576                                   {product} {ergonomic}
    uintx GCDrainStackTargetSize                   = 64                                        {product} {ergonomic}
   size_t InitialHeapSize                          = 268435456                                 {product} {ergonomic}
   size_t MarkStackSize                            = 4194304                                   {product} {ergonomic}
   size_t MaxHeapSize                              = 4280287232                                {product} {ergonomic}
   size_t MaxNewSize                               = 2567962624                                {product} {ergonomic}
   size_t MinHeapDeltaBytes                        = 1048576                                   {product} {ergonomic}
   size_t MinHeapSize                              = 8388608                                   {product} {ergonomic}
    uintx NonNMethodCodeHeapSize                   = 5832780                                {pd product} {ergonomic}
    uintx NonProfiledCodeHeapSize                  = 122912730                              {pd product} {ergonomic}
    uintx ProfiledCodeHeapSize                     = 122912730                              {pd product} {ergonomic}
    uintx ReservedCodeCacheSize                    = 251658240                              {pd product} {ergonomic}
     bool SegmentedCodeCache                       = true                                      {product} {ergonomic}
   size_t SoftMaxHeapSize                          = 4280287232                             {manageable} {ergonomic}
     bool UseCompressedClassPointers               = true                                 {lp64_product} {ergonomic}
     bool UseCompressedOops                        = true                                 {lp64_product} {ergonomic}
     bool UseG1GC                                  = true                                      {product} {ergonomic}
     bool UseLargePagesIndividualAllocation        = false                                  {pd product} {ergonomic}

Logging:
Log output configuration:
 #0: stdout all=warning uptime,level,tags
 #1: stderr all=off uptime,level,tags

Environment Variables:
JAVA_HOME=C:\Program Files\Java\jdk-14.0.2
PATH=C:\Program Files (x86)\Common Files\Oracle\Java\javapath;C:\Program Files (x86)\VMware\VMware Player\bin\;C:\Python310\Scripts\;C:\Python310\;C:\Windows\system32;C:\Windows;C:\Windows\System32\Wbem;C:\Windows\System32\WindowsPowerShell\v1.0\;C:\Windows\System32\OpenSSH\;C:\Program Files\nodejs\;C:\ProgramData\chocolatey\bin;C:\Program Files (x86)\NVIDIA Corporation\PhysX\Common;C:\Program Files\Git\cmd;C:\Users\Plads\AppData\Local\Microsoft\WindowsApps;C:\Users\Plads\AppData\Roaming\npm;C:\Users\Plads\AppData\Local\atom\bin;C:\Program Files\JetBrains\IntelliJ IDEA Community Edition 2021.3.2\bin;;C:\Users\Plads\AppData\Local\GitHubDesktop\bin;C:\Program Files\JetBrains\PyCharm Community Edition 2021.3.2\bin;
USERNAME=Plads
OS=Windows_NT
PROCESSOR_IDENTIFIER=Intel64 Family 6 Model 158 Stepping 10, GenuineIntel



---------------  S Y S T E M  ---------------

OS: Windows 10 , 64 bit Build 19041 (10.0.19041.1503)
OS uptime: 3 days 22:51 hours

CPU:total 6 (initial active 6) (6 cores per cpu, 1 threads per core) family 6 model 158 stepping 10, cmov, cx8, fxsr, mmx, sse, sse2, sse3, ssse3, sse4.1, sse4.2, popcnt, avx, avx2, aes, clmul, erms, rtm, 3dnowpref, lzcnt, tsc, tscinvbit, bmi1, bmi2, adx, fma

Memory: 4k page, system-wide physical 16325M (1647M free)
TotalPageFile size 65477M (AvailPageFile size 37M)
current process WorkingSet (physical memory assigned to process): 329M, peak: 340M
current process commit charge ("private bytes"): 360M, peak: 431M

vm_info: OpenJDK 64-Bit Server VM (14.0.2+12-46) for windows-amd64 JRE (14.0.2+12-46), built on Jul  9 2020 00:31:16 by "mach5one" with MS VC++ 15.9 (VS2017)

END.
