#
# There is insufficient memory for the Java Runtime Environment to continue.
# Native memory allocation (malloc) failed to allocate 256816 bytes for Chunk::new
# Possible reasons:
#   The system is out of physical RAM or swap space
#   The process is running with CompressedOops enabled, and the Java Heap may be blocking the growth of the native heap
# Possible solutions:
#   Reduce memory load on the system
#   Increase physical memory or swap space
#   Check if swap backing store is full
#   Decrease Java heap size (-Xmx/-Xms)
#   Decrease number of Java threads
#   Decrease Java thread stack sizes (-Xss)
#   Set larger code cache with -XX:ReservedCodeCacheSize=
#   JVM is running with Unscaled Compressed Oops mode in which the Java heap is
#     placed in the first 4GB address space. The Java Heap base address is the
#     maximum limit for the native heap growth. Please use -XX:HeapBaseMinAddress
#     to set the Java Heap base and to place the Java Heap above 4GB virtual address.
# This output file may be truncated or incomplete.
#
#  Out of Memory Error (./open/src/hotspot/share/memory/arena.cpp:195), pid=21540, tid=14368
#
# JRE version: Java(TM) SE Runtime Environment (14.0.2+12) (build 14.0.2+12-46)
# Java VM: Java HotSpot(TM) 64-Bit Server VM (14.0.2+12-46, mixed mode, sharing, tiered, compressed oops, g1 gc, windows-amd64)
# No core dump will be written. Minidumps are not enabled by default on client versions of Windows
#

---------------  S U M M A R Y ------------

Command Line: --add-opens=java.base/java.util=ALL-UNNAMED -XX:+HeapDumpOnOutOfMemoryError -Xmx1024m -Dfile.encoding=windows-1252 -Duser.country=CA -Duser.language=fr -Duser.variant org.gradle.launcher.daemon.bootstrap.GradleDaemon 4.10.2

Host: Intel(R) Core(TM) i5-8600K CPU @ 3.60GHz, 6 cores, 15G,  Windows 10 , 64 bit Build 19041 (10.0.19041.1023)
Time: Fri Jul  2 12:08:52 2021 Est (É.-U. - heure d’été) elapsed time: 41 seconds (0d 0h 0m 41s)

---------------  T H R E A D  ---------------

Current thread (0x00000154cc1b7800):  JavaThread "C2 CompilerThread1" daemon [_thread_in_native, id=14368, stack(0x0000000169400000,0x0000000169500000)]


Current CompileTask:
C2:  41957 7721       4       org.gradle.internal.logging.text.AbstractLineChoppingStyledTextOutput$1::execute (130 bytes)

Stack: [0x0000000169400000,0x0000000169500000]
Native frames: (J=compiled Java code, j=interpreted, Vv=VM code, C=native code)
V  [jvm.dll+0x5f8a9a]
V  [jvm.dll+0x74247a]
V  [jvm.dll+0x743c2f]
V  [jvm.dll+0x744273]
V  [jvm.dll+0x20d288]
V  [jvm.dll+0xabb07]
V  [jvm.dll+0xac1fc]
V  [jvm.dll+0x276db4]
V  [jvm.dll+0x50cffa]
V  [jvm.dll+0x1ee1da]
V  [jvm.dll+0x1e7cfb]
V  [jvm.dll+0x1e4f98]
V  [jvm.dll+0x1779cc]
V  [jvm.dll+0x1f4105]
V  [jvm.dll+0x1f22eb]
V  [jvm.dll+0x7070cd]
V  [jvm.dll+0x6ffeda]
V  [jvm.dll+0x5f78f6]
C  [ucrtbase.dll+0x21bb2]
C  [KERNEL32.DLL+0x17034]
C  [ntdll.dll+0x52651]


---------------  P R O C E S S  ---------------

Threads class SMR info:
_java_thread_list=0x00000154cfcbade0, length=51, elements={
0x00000154ad98b800, 0x00000154ca089800, 0x00000154ca08a800, 0x00000154ca0a7800,
0x00000154ca0aa800, 0x00000154ca0ac000, 0x00000154ca9e3800, 0x00000154ca9e7800,
0x00000154caa15800, 0x00000154cab29800, 0x00000154caba1800, 0x00000154cbc17800,
0x00000154cc067000, 0x00000154cc068800, 0x00000154cc0df000, 0x00000154cc0e0000,
0x00000154cc0f2800, 0x00000154cc128800, 0x00000154cc120800, 0x00000154cc11e000,
0x00000154cc11c000, 0x00000154cc11c800, 0x00000154cc11b000, 0x00000154cc11d800,
0x00000154cc120000, 0x00000154cc121800, 0x00000154cdda0000, 0x00000154cdd9b000,
0x00000154cdd9f000, 0x00000154cdd9e800, 0x00000154cdda1000, 0x00000154cdda1800,
0x00000154cdd9c000, 0x00000154cdda2800, 0x00000154cdd9d800, 0x00000154cdd9d000,
0x00000154cdda9000, 0x00000154cdda6800, 0x00000154cdda7800, 0x00000154cdda8000,
0x00000154cdda5000, 0x00000154cdda6000, 0x00000154cdda3800, 0x00000154cddaa000,
0x00000154cdda4000, 0x00000154cb1a9800, 0x00000154cb1a5000, 0x00000154cb1a6800,
0x00000154cb1a8000, 0x00000154cb1a9000, 0x00000154cc1b7800
}

Java Threads: ( => current thread )
  0x00000154ad98b800 JavaThread "main" [_thread_blocked, id=9624, stack(0x0000000165200000,0x0000000165300000)]
  0x00000154ca089800 JavaThread "Reference Handler" daemon [_thread_blocked, id=22120, stack(0x0000000165900000,0x0000000165a00000)]
  0x00000154ca08a800 JavaThread "Finalizer" daemon [_thread_blocked, id=20732, stack(0x0000000165a00000,0x0000000165b00000)]
  0x00000154ca0a7800 JavaThread "Signal Dispatcher" daemon [_thread_blocked, id=19636, stack(0x0000000165b00000,0x0000000165c00000)]
  0x00000154ca0aa800 JavaThread "Attach Listener" daemon [_thread_blocked, id=13584, stack(0x0000000165c00000,0x0000000165d00000)]
  0x00000154ca0ac000 JavaThread "Service Thread" daemon [_thread_blocked, id=20148, stack(0x0000000165d00000,0x0000000165e00000)]
  0x00000154ca9e3800 JavaThread "C2 CompilerThread0" daemon [_thread_blocked, id=2320, stack(0x0000000165e00000,0x0000000165f00000)]
  0x00000154ca9e7800 JavaThread "C1 CompilerThread0" daemon [_thread_blocked, id=17624, stack(0x0000000165f00000,0x0000000166000000)]
  0x00000154caa15800 JavaThread "Sweeper thread" daemon [_thread_blocked, id=16188, stack(0x0000000166000000,0x0000000166100000)]
  0x00000154cab29800 JavaThread "Common-Cleaner" daemon [_thread_blocked, id=19128, stack(0x0000000166100000,0x0000000166200000)]
  0x00000154caba1800 JavaThread "Notification Thread" daemon [_thread_blocked, id=10444, stack(0x0000000166200000,0x0000000166300000)]
  0x00000154cbc17800 JavaThread "Daemon health stats" [_thread_blocked, id=20524, stack(0x0000000166b00000,0x0000000166c00000)]
  0x00000154cc067000 JavaThread "Incoming local TCP Connector on port 55331" [_thread_in_native, id=8364, stack(0x0000000166c00000,0x0000000166d00000)]
  0x00000154cc068800 JavaThread "Daemon periodic checks" [_thread_blocked, id=8372, stack(0x0000000166d00000,0x0000000166e00000)]
  0x00000154cc0df000 JavaThread "Daemon" [_thread_blocked, id=21012, stack(0x0000000166e00000,0x0000000166f00000)]
  0x00000154cc0e0000 JavaThread "Handler for socket connection from /127.0.0.1:55331 to /127.0.0.1:55332" [_thread_in_native, id=13116, stack(0x0000000166f00000,0x0000000167000000)]
  0x00000154cc0f2800 JavaThread "Cancel handler" [_thread_blocked, id=21452, stack(0x0000000167000000,0x0000000167100000)]
  0x00000154cc128800 JavaThread "Daemon worker" [_thread_blocked, id=12096, stack(0x0000000167100000,0x0000000167200000)]
  0x00000154cc120800 JavaThread "Asynchronous log dispatcher for DefaultDaemonConnection: socket connection from /127.0.0.1:55331 to /127.0.0.1:55332" [_thread_blocked, id=11740, stack(0x0000000167200000,0x0000000167300000)]
  0x00000154cc11e000 JavaThread "Stdin handler" [_thread_blocked, id=21780, stack(0x0000000167300000,0x0000000167400000)]
  0x00000154cc11c000 JavaThread "Cache worker for file hash cache (C:\Users\John\.gradle\caches\4.10.2\fileHashes)" [_thread_blocked, id=9640, stack(0x0000000167400000,0x0000000167500000)]
  0x00000154cc11c800 JavaThread "File lock request listener" [_thread_in_native, id=9368, stack(0x0000000167500000,0x0000000167600000)]
  0x00000154cc11b000 JavaThread "Cache worker for file hash cache (D:\Program Files\GitHub\Flyves\Boss-Battle\.gradle\4.10.2\fileHashes)" [_thread_blocked, id=18672, stack(0x0000000166a00000,0x0000000166b00000)]
  0x00000154cc11d800 JavaThread "Cache worker for journal cache (C:\Users\John\.gradle\caches\journal-1)" [_thread_blocked, id=21304, stack(0x0000000167600000,0x0000000167700000)]
  0x00000154cc120000 JavaThread "Cache worker for cache directory md-supplier (C:\Users\John\.gradle\caches\4.10.2\md-supplier)" [_thread_blocked, id=5588, stack(0x0000000167900000,0x0000000167a00000)]
  0x00000154cc121800 JavaThread "Cache worker for cache directory md-rule (C:\Users\John\.gradle\caches\4.10.2\md-rule)" [_thread_blocked, id=1528, stack(0x0000000167a00000,0x0000000167b00000)]
  0x00000154cdda0000 JavaThread "Cache worker for Artifact transforms cache (C:\Users\John\.gradle\caches\transforms-1)" [_thread_blocked, id=6080, stack(0x0000000167b00000,0x0000000167c00000)]
  0x00000154cdd9b000 JavaThread "Memory manager" [_thread_blocked, id=824, stack(0x0000000167c00000,0x0000000167d00000)]
  0x00000154cdd9f000 JavaThread "Cache worker for file content cache (C:\Users\John\.gradle\caches\4.10.2\fileContent)" [_thread_blocked, id=8656, stack(0x0000000167d00000,0x0000000167e00000)]
  0x00000154cdd9e800 JavaThread "Cache worker for file content cache (D:\Program Files\GitHub\Flyves\Boss-Battle\.gradle\4.10.2\fileContent)" [_thread_blocked, id=21440, stack(0x0000000167e00000,0x0000000167f00000)]
  0x00000154cdda1000 JavaThread "Task worker for ':'" [_thread_blocked, id=18304, stack(0x0000000167f00000,0x0000000168000000)]
  0x00000154cdda1800 JavaThread "Task worker for ':' Thread 2" [_thread_blocked, id=13932, stack(0x0000000168000000,0x0000000168100000)]
  0x00000154cdd9c000 JavaThread "Task worker for ':' Thread 3" [_thread_blocked, id=20968, stack(0x0000000168100000,0x0000000168200000)]
  0x00000154cdda2800 JavaThread "Task worker for ':' Thread 4" [_thread_blocked, id=10340, stack(0x0000000168200000,0x0000000168300000)]
  0x00000154cdd9d800 JavaThread "Task worker for ':' Thread 5" [_thread_blocked, id=10168, stack(0x0000000168300000,0x0000000168400000)]
  0x00000154cdd9d000 JavaThread "Cache worker for task history cache (D:\Program Files\GitHub\Flyves\Boss-Battle\.gradle\4.10.2\taskHistory)" [_thread_blocked, id=6048, stack(0x0000000168400000,0x0000000168500000)]
  0x00000154cdda9000 JavaThread "Cache worker for Build Output Cleanup Cache (D:\Program Files\GitHub\Flyves\Boss-Battle\.gradle\buildOutputCleanup)" [_thread_blocked, id=13032, stack(0x0000000168500000,0x0000000168600000)]
  0x00000154cdda6800 JavaThread "Build operations" [_thread_blocked, id=11980, stack(0x0000000168600000,0x0000000168700000)]
  0x00000154cdda7800 JavaThread "Build operations Thread 2" [_thread_blocked, id=1480, stack(0x0000000168700000,0x0000000168800000)]
  0x00000154cdda8000 JavaThread "Build operations Thread 3" [_thread_blocked, id=7504, stack(0x0000000168800000,0x0000000168900000)]
  0x00000154cdda5000 JavaThread "Build operations Thread 4" [_thread_blocked, id=15332, stack(0x0000000168900000,0x0000000168a00000)]
  0x00000154cdda6000 JavaThread "Build operations Thread 5" [_thread_blocked, id=16024, stack(0x0000000168a00000,0x0000000168b00000)]
  0x00000154cdda3800 JavaThread "Cache worker for Java compile cache (C:\Users\John\.gradle\caches\4.10.2\javaCompile)" [_thread_blocked, id=2224, stack(0x0000000168b00000,0x0000000168c00000)]
  0x00000154cddaa000 JavaThread "Cache worker for Java compile cache (D:\Program Files\GitHub\Flyves\Boss-Battle\.gradle\4.10.2\javaCompile)" [_thread_blocked, id=15372, stack(0x0000000168c00000,0x0000000168d00000)]
  0x00000154cdda4000 JavaThread "Build operations Thread 6" [_thread_blocked, id=10712, stack(0x0000000168d00000,0x0000000168e00000)]
  0x00000154cb1a9800 JavaThread "Exec process" [_thread_in_native, id=17920, stack(0x0000000168e00000,0x0000000168f00000)]
  0x00000154cb1a5000 JavaThread "DisconnectableInputStream source reader" daemon [_thread_blocked, id=17172, stack(0x0000000168f00000,0x0000000169000000)]
  0x00000154cb1a6800 JavaThread "Exec process Thread 2" [_thread_blocked, id=9300, stack(0x0000000169000000,0x0000000169100000)]
  0x00000154cb1a8000 JavaThread "Exec process Thread 3" [_thread_in_native, id=3112, stack(0x0000000169100000,0x0000000169200000)]
  0x00000154cb1a9000 JavaThread "Exec process Thread 4" [_thread_in_native, id=17540, stack(0x0000000169200000,0x0000000169300000)]
=>0x00000154cc1b7800 JavaThread "C2 CompilerThread1" daemon [_thread_in_native, id=14368, stack(0x0000000169400000,0x0000000169500000)]

Other Threads:
  0x00000154ca085800 VMThread "VM Thread" [stack: 0x0000000165800000,0x0000000165900000] [id=10780]
  0x00000154caba3800 WatcherThread [stack: 0x0000000166300000,0x0000000166400000] [id=19520]
  0x00000154ad9bc800 GCTaskThread "GC Thread#0" [stack: 0x0000000165300000,0x0000000165400000] [id=12108]
  0x00000154cb1a2800 GCTaskThread "GC Thread#1" [stack: 0x0000000166400000,0x0000000166500000] [id=18844]
  0x00000154cb1a4000 GCTaskThread "GC Thread#2" [stack: 0x0000000166500000,0x0000000166600000] [id=13372]
  0x00000154cb38e800 GCTaskThread "GC Thread#3" [stack: 0x0000000166600000,0x0000000166700000] [id=16564]
  0x00000154cb16d800 GCTaskThread "GC Thread#4" [stack: 0x0000000166700000,0x0000000166800000] [id=19472]
  0x00000154cb16e000 GCTaskThread "GC Thread#5" [stack: 0x0000000166800000,0x0000000166900000] [id=22348]
  0x00000154ad9c6000 ConcurrentGCThread "G1 Main Marker" [stack: 0x0000000165400000,0x0000000165500000] [id=9376]
  0x00000154ad9c7800 ConcurrentGCThread "G1 Conc#0" [stack: 0x0000000165500000,0x0000000165600000] [id=8144]
  0x00000154ceeaf800 ConcurrentGCThread "G1 Conc#1" [stack: 0x0000000167800000,0x0000000167900000] [id=8208]
  0x00000154ada6e000 ConcurrentGCThread "G1 Refine#0" [stack: 0x0000000165600000,0x0000000165700000] [id=13656]
  0x00000154cabfe800 ConcurrentGCThread "G1 Refine#1" [stack: 0x0000000166900000,0x0000000166a00000] [id=19736]
  0x00000154c9eff800 ConcurrentGCThread "G1 Young RemSet Sampling" [stack: 0x0000000165700000,0x0000000165800000] [id=20324]

Threads with active compile tasks:
C2 CompilerThread1    42007 7721       4       org.gradle.internal.logging.text.AbstractLineChoppingStyledTextOutput$1::execute (130 bytes)

VM state:not at safepoint (normal execution)

VM Mutex/Monitor currently owned by a thread: None

Heap address: 0x00000000c0000000, size: 1024 MB, Compressed Oops mode: 32-bit
Narrow klass base: 0x0000000800000000, Narrow klass shift: 3
Compressed class space size: 1073741824 Address: 0x0000000800b30000

Heap:
 garbage-first heap   total 86016K, used 62147K [0x00000000c0000000, 0x0000000100000000)
  region size 1024K, 16 young (16384K), 1 survivors (1024K)
 Metaspace       used 48297K, capacity 49347K, committed 49584K, reserved 1091584K
  class space    used 6456K, capacity 6831K, committed 6912K, reserved 1048576K
Heap Regions: E=young(eden), S=young(survivor), O=old, HS=humongous(starts), HC=humongous(continues), CS=collection set, F=free, OA=open archive, CA=closed archive, TAMS=top-at-mark-start (previous, next)
|   0|0x00000000c0000000, 0x00000000c0100000, 0x00000000c0100000|100%|HS|  |TAMS 0x00000000c0100000, 0x00000000c0000000| Complete 
|   1|0x00000000c0100000, 0x00000000c0200000, 0x00000000c0200000|100%|HC|  |TAMS 0x00000000c0200000, 0x00000000c0100000| Complete 
|   2|0x00000000c0200000, 0x00000000c0300000, 0x00000000c0300000|100%| O|  |TAMS 0x00000000c0300000, 0x00000000c0200000| Untracked 
|   3|0x00000000c0300000, 0x00000000c0400000, 0x00000000c0400000|100%| O|  |TAMS 0x00000000c0400000, 0x00000000c0300000| Untracked 
|   4|0x00000000c0400000, 0x00000000c0500000, 0x00000000c0500000|100%| O|  |TAMS 0x00000000c0500000, 0x00000000c0400000| Untracked 
|   5|0x00000000c0500000, 0x00000000c0600000, 0x00000000c0600000|100%| O|  |TAMS 0x00000000c0600000, 0x00000000c0500000| Untracked 
|   6|0x00000000c0600000, 0x00000000c06a1a00, 0x00000000c0700000| 63%| O|  |TAMS 0x00000000c06a1a00, 0x00000000c0600000| Untracked 
|   7|0x00000000c0700000, 0x00000000c0800000, 0x00000000c0800000|100%| O|  |TAMS 0x00000000c0800000, 0x00000000c0700000| Untracked 
|   8|0x00000000c0800000, 0x00000000c0900000, 0x00000000c0900000|100%| O|  |TAMS 0x00000000c0900000, 0x00000000c0800000| Untracked 
|   9|0x00000000c0900000, 0x00000000c0a00000, 0x00000000c0a00000|100%| O|  |TAMS 0x00000000c0a00000, 0x00000000c0900000| Untracked 
|  10|0x00000000c0a00000, 0x00000000c0b00000, 0x00000000c0b00000|100%| O|  |TAMS 0x00000000c0b00000, 0x00000000c0a00000| Untracked 
|  11|0x00000000c0b00000, 0x00000000c0c00000, 0x00000000c0c00000|100%| O|  |TAMS 0x00000000c0c00000, 0x00000000c0b00000| Untracked 
|  12|0x00000000c0c00000, 0x00000000c0d00000, 0x00000000c0d00000|100%| O|  |TAMS 0x00000000c0d00000, 0x00000000c0c00000| Untracked 
|  13|0x00000000c0d00000, 0x00000000c0e00000, 0x00000000c0e00000|100%| O|  |TAMS 0x00000000c0e00000, 0x00000000c0d00000| Untracked 
|  14|0x00000000c0e00000, 0x00000000c0f00000, 0x00000000c0f00000|100%| O|  |TAMS 0x00000000c0f00000, 0x00000000c0e00000| Untracked 
|  15|0x00000000c0f00000, 0x00000000c1000000, 0x00000000c1000000|100%| O|  |TAMS 0x00000000c1000000, 0x00000000c0f00000| Untracked 
|  16|0x00000000c1000000, 0x00000000c1100000, 0x00000000c1100000|100%| O|  |TAMS 0x00000000c1100000, 0x00000000c1000000| Untracked 
|  17|0x00000000c1100000, 0x00000000c1200000, 0x00000000c1200000|100%| O|  |TAMS 0x00000000c1200000, 0x00000000c1100000| Untracked 
|  18|0x00000000c1200000, 0x00000000c1300000, 0x00000000c1300000|100%| O|  |TAMS 0x00000000c1300000, 0x00000000c1200000| Untracked 
|  19|0x00000000c1300000, 0x00000000c1400000, 0x00000000c1400000|100%| O|  |TAMS 0x00000000c1400000, 0x00000000c1300000| Untracked 
|  20|0x00000000c1400000, 0x00000000c1500000, 0x00000000c1500000|100%| O|  |TAMS 0x00000000c1500000, 0x00000000c1400000| Untracked 
|  21|0x00000000c1500000, 0x00000000c1600000, 0x00000000c1600000|100%| O|  |TAMS 0x00000000c1600000, 0x00000000c1500000| Untracked 
|  22|0x00000000c1600000, 0x00000000c1700000, 0x00000000c1700000|100%| O|  |TAMS 0x00000000c1700000, 0x00000000c1600000| Untracked 
|  23|0x00000000c1700000, 0x00000000c1800000, 0x00000000c1800000|100%| O|  |TAMS 0x00000000c1800000, 0x00000000c1700000| Untracked 
|  24|0x00000000c1800000, 0x00000000c1900000, 0x00000000c1900000|100%| O|  |TAMS 0x00000000c1900000, 0x00000000c1800000| Untracked 
|  25|0x00000000c1900000, 0x00000000c1a00000, 0x00000000c1a00000|100%| O|  |TAMS 0x00000000c1a00000, 0x00000000c1900000| Untracked 
|  26|0x00000000c1a00000, 0x00000000c1b00000, 0x00000000c1b00000|100%| O|  |TAMS 0x00000000c1b00000, 0x00000000c1a00000| Untracked 
|  27|0x00000000c1b00000, 0x00000000c1c00000, 0x00000000c1c00000|100%| O|  |TAMS 0x00000000c1c00000, 0x00000000c1b00000| Untracked 
|  28|0x00000000c1c00000, 0x00000000c1d00000, 0x00000000c1d00000|100%| O|  |TAMS 0x00000000c1d00000, 0x00000000c1c00000| Untracked 
|  29|0x00000000c1d00000, 0x00000000c1e00000, 0x00000000c1e00000|100%| O|  |TAMS 0x00000000c1e00000, 0x00000000c1d00000| Untracked 
|  30|0x00000000c1e00000, 0x00000000c1f00000, 0x00000000c1f00000|100%| O|  |TAMS 0x00000000c1f00000, 0x00000000c1e00000| Untracked 
|  31|0x00000000c1f00000, 0x00000000c2000000, 0x00000000c2000000|100%| O|  |TAMS 0x00000000c2000000, 0x00000000c1f00000| Untracked 
|  32|0x00000000c2000000, 0x00000000c2100000, 0x00000000c2100000|100%| O|  |TAMS 0x00000000c2100000, 0x00000000c2000000| Untracked 
|  33|0x00000000c2100000, 0x00000000c2200000, 0x00000000c2200000|100%| O|  |TAMS 0x00000000c2200000, 0x00000000c2100000| Untracked 
|  34|0x00000000c2200000, 0x00000000c2300000, 0x00000000c2300000|100%| O|  |TAMS 0x00000000c2300000, 0x00000000c2200000| Untracked 
|  35|0x00000000c2300000, 0x00000000c2400000, 0x00000000c2400000|100%| O|  |TAMS 0x00000000c2400000, 0x00000000c2300000| Untracked 
|  36|0x00000000c2400000, 0x00000000c2500000, 0x00000000c2500000|100%| O|  |TAMS 0x00000000c2500000, 0x00000000c2400000| Untracked 
|  37|0x00000000c2500000, 0x00000000c2600000, 0x00000000c2600000|100%| O|  |TAMS 0x00000000c2600000, 0x00000000c2500000| Untracked 
|  38|0x00000000c2600000, 0x00000000c2700000, 0x00000000c2700000|100%| O|  |TAMS 0x00000000c2700000, 0x00000000c2600000| Untracked 
|  39|0x00000000c2700000, 0x00000000c2800000, 0x00000000c2800000|100%| O|  |TAMS 0x00000000c2800000, 0x00000000c2700000| Untracked 
|  40|0x00000000c2800000, 0x00000000c2900000, 0x00000000c2900000|100%| O|  |TAMS 0x00000000c2900000, 0x00000000c2800000| Untracked 
|  41|0x00000000c2900000, 0x00000000c2a00000, 0x00000000c2a00000|100%| O|  |TAMS 0x00000000c2a00000, 0x00000000c2900000| Untracked 
|  42|0x00000000c2a00000, 0x00000000c2b00000, 0x00000000c2b00000|100%| O|  |TAMS 0x00000000c2b00000, 0x00000000c2a00000| Untracked 
|  43|0x00000000c2b00000, 0x00000000c2c00000, 0x00000000c2c00000|100%| O|  |TAMS 0x00000000c2c00000, 0x00000000c2b00000| Untracked 
|  44|0x00000000c2c00000, 0x00000000c2d00000, 0x00000000c2d00000|100%| O|  |TAMS 0x00000000c2d00000, 0x00000000c2c00000| Untracked 
|  45|0x00000000c2d00000, 0x00000000c2e00000, 0x00000000c2e00000|100%| O|  |TAMS 0x00000000c2e00000, 0x00000000c2d00000| Untracked 
|  46|0x00000000c2e00000, 0x00000000c2e12a00, 0x00000000c2f00000|  7%| O|  |TAMS 0x00000000c2e12a00, 0x00000000c2e00000| Untracked 
|  47|0x00000000c2f00000, 0x00000000c2f00000, 0x00000000c3000000|  0%| F|  |TAMS 0x00000000c2f00000, 0x00000000c2f00000| Untracked 
|  48|0x00000000c3000000, 0x00000000c3000000, 0x00000000c3100000|  0%| F|  |TAMS 0x00000000c3000000, 0x00000000c3000000| Untracked 
|  49|0x00000000c3100000, 0x00000000c3100000, 0x00000000c3200000|  0%| F|  |TAMS 0x00000000c3100000, 0x00000000c3100000| Untracked 
|  50|0x00000000c3200000, 0x00000000c3200000, 0x00000000c3300000|  0%| F|  |TAMS 0x00000000c3200000, 0x00000000c3200000| Untracked 
|  51|0x00000000c3300000, 0x00000000c3300000, 0x00000000c3400000|  0%| F|  |TAMS 0x00000000c3300000, 0x00000000c3300000| Untracked 
|  52|0x00000000c3400000, 0x00000000c3400000, 0x00000000c3500000|  0%| F|  |TAMS 0x00000000c3400000, 0x00000000c3400000| Untracked 
|  53|0x00000000c3500000, 0x00000000c3500000, 0x00000000c3600000|  0%| F|  |TAMS 0x00000000c3500000, 0x00000000c3500000| Untracked 
|  54|0x00000000c3600000, 0x00000000c3600000, 0x00000000c3700000|  0%| F|  |TAMS 0x00000000c3600000, 0x00000000c3600000| Untracked 
|  55|0x00000000c3700000, 0x00000000c3700000, 0x00000000c3800000|  0%| F|  |TAMS 0x00000000c3700000, 0x00000000c3700000| Untracked 
|  56|0x00000000c3800000, 0x00000000c3800000, 0x00000000c3900000|  0%| F|  |TAMS 0x00000000c3800000, 0x00000000c3800000| Untracked 
|  57|0x00000000c3900000, 0x00000000c3900000, 0x00000000c3a00000|  0%| F|  |TAMS 0x00000000c3900000, 0x00000000c3900000| Untracked 
|  58|0x00000000c3a00000, 0x00000000c3a00000, 0x00000000c3b00000|  0%| F|  |TAMS 0x00000000c3a00000, 0x00000000c3a00000| Untracked 
|  59|0x00000000c3b00000, 0x00000000c3b00000, 0x00000000c3c00000|  0%| F|  |TAMS 0x00000000c3b00000, 0x00000000c3b00000| Untracked 
|  60|0x00000000c3c00000, 0x00000000c3c00000, 0x00000000c3d00000|  0%| F|  |TAMS 0x00000000c3c00000, 0x00000000c3c00000| Untracked 
|  61|0x00000000c3d00000, 0x00000000c3dfc800, 0x00000000c3e00000| 98%| S|CS|TAMS 0x00000000c3d00000, 0x00000000c3d00000| Complete 
|  62|0x00000000c3e00000, 0x00000000c3e00000, 0x00000000c3f00000|  0%| F|  |TAMS 0x00000000c3e00000, 0x00000000c3e00000| Untracked 
|  63|0x00000000c3f00000, 0x00000000c3f00000, 0x00000000c4000000|  0%| F|  |TAMS 0x00000000c3f00000, 0x00000000c3f00000| Untracked 
|  64|0x00000000c4000000, 0x00000000c4000000, 0x00000000c4100000|  0%| F|  |TAMS 0x00000000c4000000, 0x00000000c4000000| Untracked 
|  65|0x00000000c4100000, 0x00000000c4100000, 0x00000000c4200000|  0%| F|  |TAMS 0x00000000c4100000, 0x00000000c4100000| Untracked 
|  66|0x00000000c4200000, 0x00000000c4200000, 0x00000000c4300000|  0%| F|  |TAMS 0x00000000c4200000, 0x00000000c4200000| Untracked 
|  67|0x00000000c4300000, 0x00000000c4300000, 0x00000000c4400000|  0%| F|  |TAMS 0x00000000c4300000, 0x00000000c4300000| Untracked 
|  68|0x00000000c4400000, 0x00000000c4400000, 0x00000000c4500000|  0%| F|  |TAMS 0x00000000c4400000, 0x00000000c4400000| Untracked 
|  69|0x00000000c4500000, 0x00000000c45ba148, 0x00000000c4600000| 72%| E|  |TAMS 0x00000000c4500000, 0x00000000c4500000| Complete 
|  70|0x00000000c4600000, 0x00000000c4700000, 0x00000000c4700000|100%| E|CS|TAMS 0x00000000c4600000, 0x00000000c4600000| Complete 
|  71|0x00000000c4700000, 0x00000000c4800000, 0x00000000c4800000|100%| E|CS|TAMS 0x00000000c4700000, 0x00000000c4700000| Complete 
| 158|0x00000000c9e00000, 0x00000000c9f00000, 0x00000000c9f00000|100%| E|CS|TAMS 0x00000000c9e00000, 0x00000000c9e00000| Complete 
| 159|0x00000000c9f00000, 0x00000000ca000000, 0x00000000ca000000|100%| E|CS|TAMS 0x00000000c9f00000, 0x00000000c9f00000| Complete 
| 160|0x00000000ca000000, 0x00000000ca100000, 0x00000000ca100000|100%| E|CS|TAMS 0x00000000ca000000, 0x00000000ca000000| Complete 
| 161|0x00000000ca100000, 0x00000000ca200000, 0x00000000ca200000|100%| E|CS|TAMS 0x00000000ca100000, 0x00000000ca100000| Complete 
| 162|0x00000000ca200000, 0x00000000ca300000, 0x00000000ca300000|100%| E|CS|TAMS 0x00000000ca200000, 0x00000000ca200000| Complete 
| 163|0x00000000ca300000, 0x00000000ca400000, 0x00000000ca400000|100%| E|CS|TAMS 0x00000000ca300000, 0x00000000ca300000| Complete 
| 164|0x00000000ca400000, 0x00000000ca500000, 0x00000000ca500000|100%| E|CS|TAMS 0x00000000ca400000, 0x00000000ca400000| Complete 
| 165|0x00000000ca500000, 0x00000000ca600000, 0x00000000ca600000|100%| E|CS|TAMS 0x00000000ca500000, 0x00000000ca500000| Complete 
| 166|0x00000000ca600000, 0x00000000ca700000, 0x00000000ca700000|100%| E|CS|TAMS 0x00000000ca600000, 0x00000000ca600000| Complete 
| 167|0x00000000ca700000, 0x00000000ca800000, 0x00000000ca800000|100%| E|CS|TAMS 0x00000000ca700000, 0x00000000ca700000| Complete 
| 168|0x00000000ca800000, 0x00000000ca900000, 0x00000000ca900000|100%| E|CS|TAMS 0x00000000ca800000, 0x00000000ca800000| Complete 
| 255|0x00000000cff00000, 0x00000000d0000000, 0x00000000d0000000|100%| E|CS|TAMS 0x00000000cff00000, 0x00000000cff00000| Complete 

Card table byte_map: [0x00000154c5450000,0x00000154c5650000] _byte_map_base: 0x00000154c4e50000

Marking Bits (Prev, Next): (CMBitMap*) 0x00000154ad9bd108, (CMBitMap*) 0x00000154ad9bd148
 Prev Bits: [0x00000154c5850000, 0x00000154c6850000)
 Next Bits: [0x00000154c6850000, 0x00000154c7850000)

Polling page: 0x00000154ad170000

Metaspace:

Usage:
  Non-class:     41.52 MB capacity,    40.86 MB ( 98%) used,   573.41 KB (  1%) free+waste,   101.06 KB ( <1%) overhead. 
      Class:      6.67 MB capacity,     6.30 MB ( 95%) used,   329.23 KB (  5%) free+waste,    45.69 KB ( <1%) overhead. 
       Both:     48.19 MB capacity,    47.17 MB ( 98%) used,   902.64 KB (  2%) free+waste,   146.75 KB ( <1%) overhead. 

Virtual space:
  Non-class space:       42.00 MB reserved,      41.67 MB (>99%) committed 
      Class space:        1.00 GB reserved,       6.75 MB ( <1%) committed 
             Both:        1.04 GB reserved,      48.42 MB (  5%) committed 

Chunk freelists:
   Non-Class:  28.00 KB
       Class:  17.00 KB
        Both:  45.00 KB

MaxMetaspaceSize: 17179869184.00 GB
CompressedClassSpaceSize: 1.00 GB

CodeHeap 'non-profiled nmethods': size=120000Kb used=4270Kb max_used=4270Kb free=115729Kb
 bounds [0x00000154bdc10000, 0x00000154be040000, 0x00000154c5140000]
CodeHeap 'profiled nmethods': size=120000Kb used=17382Kb max_used=17382Kb free=102617Kb
 bounds [0x00000154b66e0000, 0x00000154b77e0000, 0x00000154bdc10000]
CodeHeap 'non-nmethods': size=5760Kb used=2341Kb max_used=2404Kb free=3418Kb
 bounds [0x00000154b6140000, 0x00000154b63b0000, 0x00000154b66e0000]
 total_blobs=7807 nmethods=6988 adapters=731
 compilation: enabled
              stopped_count=0, restarted_count=0
 full_count=0

Compilation events (20 events):
Event: 41.943 Thread 0x00000154ca9e7800 nmethod 7748 0x00000154b77c4f90 code [0x00000154b77c51a0, 0x00000154b77c57b8]
Event: 41.943 Thread 0x00000154ca9e3800 nmethod 7727 0x00000154be037a90 code [0x00000154be037ca0, 0x00000154be037fa8]
Event: 41.943 Thread 0x00000154ca9e3800 7714       4       org.gradle.internal.io.StreamByteBuffer$StreamByteBufferOutputStream::write (22 bytes)
Event: 41.943 Thread 0x00000154ca9e7800 7749       3       org.gradle.internal.serialize.kryo.KryoBackedEncoder::writeSmallInt (11 bytes)
Event: 41.943 Thread 0x00000154ca9e7800 nmethod 7749 0x00000154b77c5a10 code [0x00000154b77c5bc0, 0x00000154b77c5d28]
Event: 41.944 Thread 0x00000154ca9e3800 nmethod 7714 0x00000154be038290 code [0x00000154be038460, 0x00000154be038638]
Event: 41.946 Thread 0x00000154ca9e7800 7750       1       org.gradle.internal.operations.OperationIdentifier::getId (5 bytes)
Event: 41.946 Thread 0x00000154ca9e7800 nmethod 7750 0x00000154be038790 code [0x00000154be038920, 0x00000154be0389f8]
Event: 41.946 Thread 0x00000154ca9e7800 7751       1       org.gradle.internal.serialize.Serializers$StatefulSerializerAdapter::access$000 (5 bytes)
Event: 41.947 Thread 0x00000154ca9e7800 nmethod 7751 0x00000154be038a90 code [0x00000154be038c20, 0x00000154be038cb8]
Event: 41.947 Thread 0x00000154ca9e7800 7752       3       org.gradle.internal.serialize.DefaultSerializerRegistry$TaggedTypeSerializer::write (31 bytes)
Event: 41.947 Thread 0x00000154ca9e7800 nmethod 7752 0x00000154b77c5e10 code [0x00000154b77c5fe0, 0x00000154b77c6328]
Event: 41.948 Thread 0x00000154ca9e7800 7753       1       org.gradle.launcher.daemon.protocol.OutputMessage::getEvent (5 bytes)
Event: 41.948 Thread 0x00000154ca9e7800 nmethod 7753 0x00000154be038d90 code [0x00000154be038f20, 0x00000154be038ff8]
Event: 41.949 Thread 0x00000154ca9e3800 7754       4       jdk.internal.misc.Unsafe::checkNativeAddress (28 bytes)
Event: 41.949 Thread 0x00000154ca9e3800 nmethod 7754 0x00000154be039090 code [0x00000154be039200, 0x00000154be039278]
Event: 41.949 Thread 0x00000154ca9e7800 7755       3       com.esotericsoftware.kryo.io.Output::writeLong (1304 bytes)
Event: 41.950 Thread 0x00000154ca9e7800 nmethod 7755 0x00000154b77c6490 code [0x00000154b77c6740, 0x00000154b77c78c8]
Event: 41.950 Thread 0x00000154ca9e7800 7756       3       com.esotericsoftware.kryo.io.Output::writeString_slow (238 bytes)
Event: 41.950 Thread 0x00000154ca9e7800 nmethod 7756 0x00000154b77c8010 code [0x00000154b77c8220, 0x00000154b77c88d8]

GC Heap History (20 events):
Event: 5.524 GC heap before
{Heap before GC invocations=9 (full 0):
 garbage-first heap   total 65536K, used 31409K [0x00000000c0000000, 0x0000000100000000)
  region size 1024K, 8 young (8192K), 3 survivors (3072K)
 Metaspace       used 34932K, capacity 35654K, committed 35888K, reserved 1079296K
  class space    used 5030K, capacity 5237K, committed 5248K, reserved 1048576K
}
Event: 5.526 GC heap after
{Heap after GC invocations=10 (full 0):
 garbage-first heap   total 65536K, used 27652K [0x00000000c0000000, 0x0000000100000000)
  region size 1024K, 1 young (1024K), 1 survivors (1024K)
 Metaspace       used 34932K, capacity 35654K, committed 35888K, reserved 1079296K
  class space    used 5030K, capacity 5237K, committed 5248K, reserved 1048576K
}
Event: 6.058 GC heap before
{Heap before GC invocations=11 (full 0):
 garbage-first heap   total 65536K, used 50180K [0x00000000c0000000, 0x0000000100000000)
  region size 1024K, 24 young (24576K), 1 survivors (1024K)
 Metaspace       used 37357K, capacity 38108K, committed 38320K, reserved 1081344K
  class space    used 5326K, capacity 5543K, committed 5632K, reserved 1048576K
}
Event: 6.060 GC heap after
{Heap after GC invocations=12 (full 0):
 garbage-first heap   total 65536K, used 30750K [0x00000000c0000000, 0x0000000100000000)
  region size 1024K, 3 young (3072K), 3 survivors (3072K)
 Metaspace       used 37357K, capacity 38108K, committed 38320K, reserved 1081344K
  class space    used 5326K, capacity 5543K, committed 5632K, reserved 1048576K
}
Event: 6.646 GC heap before
{Heap before GC invocations=12 (full 0):
 garbage-first heap   total 65536K, used 50206K [0x00000000c0000000, 0x0000000100000000)
  region size 1024K, 22 young (22528K), 3 survivors (3072K)
 Metaspace       used 43708K, capacity 44492K, committed 44720K, reserved 1087488K
  class space    used 6071K, capacity 6333K, committed 6400K, reserved 1048576K
}
Event: 6.651 GC heap after
{Heap after GC invocations=13 (full 0):
 garbage-first heap   total 65536K, used 36104K [0x00000000c0000000, 0x0000000100000000)
  region size 1024K, 3 young (3072K), 3 survivors (3072K)
 Metaspace       used 43708K, capacity 44492K, committed 44720K, reserved 1087488K
  class space    used 6071K, capacity 6333K, committed 6400K, reserved 1048576K
}
Event: 6.773 GC heap before
{Heap before GC invocations=13 (full 0):
 garbage-first heap   total 65536K, used 50440K [0x00000000c0000000, 0x0000000100000000)
  region size 1024K, 17 young (17408K), 3 survivors (3072K)
 Metaspace       used 44069K, capacity 44872K, committed 44976K, reserved 1087488K
  class space    used 6098K, capacity 6350K, committed 6400K, reserved 1048576K
}
Event: 6.776 GC heap after
{Heap after GC invocations=14 (full 0):
 garbage-first heap   total 65536K, used 38892K [0x00000000c0000000, 0x0000000100000000)
  region size 1024K, 3 young (3072K), 3 survivors (3072K)
 Metaspace       used 44069K, capacity 44872K, committed 44976K, reserved 1087488K
  class space    used 6098K, capacity 6350K, committed 6400K, reserved 1048576K
}
Event: 6.990 GC heap before
{Heap before GC invocations=15 (full 0):
 garbage-first heap   total 68608K, used 51180K [0x00000000c0000000, 0x0000000100000000)
  region size 1024K, 15 young (15360K), 3 survivors (3072K)
 Metaspace       used 44526K, capacity 45316K, committed 45616K, reserved 1089536K
  class space    used 6136K, capacity 6411K, committed 6528K, reserved 1048576K
}
Event: 6.993 GC heap after
{Heap after GC invocations=16 (full 0):
 garbage-first heap   total 68608K, used 41572K [0x00000000c0000000, 0x0000000100000000)
  region size 1024K, 2 young (2048K), 2 survivors (2048K)
 Metaspace       used 44526K, capacity 45316K, committed 45616K, reserved 1089536K
  class space    used 6136K, capacity 6411K, committed 6528K, reserved 1048576K
}
Event: 7.180 GC heap before
{Heap before GC invocations=16 (full 0):
 garbage-first heap   total 68608K, used 53860K [0x00000000c0000000, 0x0000000100000000)
  region size 1024K, 14 young (14336K), 2 survivors (2048K)
 Metaspace       used 44703K, capacity 45526K, committed 45872K, reserved 1089536K
  class space    used 6137K, capacity 6411K, committed 6528K, reserved 1048576K
}
Event: 7.183 GC heap after
{Heap after GC invocations=17 (full 0):
 garbage-first heap   total 68608K, used 44217K [0x00000000c0000000, 0x0000000100000000)
  region size 1024K, 2 young (2048K), 2 survivors (2048K)
 Metaspace       used 44703K, capacity 45526K, committed 45872K, reserved 1089536K
  class space    used 6137K, capacity 6411K, committed 6528K, reserved 1048576K
}
Event: 7.817 GC heap before
{Heap before GC invocations=18 (full 0):
 garbage-first heap   total 76800K, used 54457K [0x00000000c0000000, 0x0000000100000000)
  region size 1024K, 12 young (12288K), 2 survivors (2048K)
 Metaspace       used 46679K, capacity 47648K, committed 47920K, reserved 1091584K
  class space    used 6366K, capacity 6733K, committed 6784K, reserved 1048576K
}
Event: 7.820 GC heap after
{Heap after GC invocations=19 (full 0):
 garbage-first heap   total 76800K, used 45277K [0x00000000c0000000, 0x0000000100000000)
  region size 1024K, 2 young (2048K), 2 survivors (2048K)
 Metaspace       used 46679K, capacity 47648K, committed 47920K, reserved 1091584K
  class space    used 6366K, capacity 6733K, committed 6784K, reserved 1048576K
}
Event: 8.444 GC heap before
{Heap before GC invocations=19 (full 0):
 garbage-first heap   total 76800K, used 59613K [0x00000000c0000000, 0x0000000100000000)
  region size 1024K, 16 young (16384K), 2 survivors (2048K)
 Metaspace       used 47216K, capacity 48150K, committed 48432K, reserved 1091584K
  class space    used 6384K, capacity 6745K, committed 6784K, reserved 1048576K
}
Event: 8.446 GC heap after
{Heap after GC invocations=20 (full 0):
 garbage-first heap   total 76800K, used 46791K [0x00000000c0000000, 0x0000000100000000)
  region size 1024K, 2 young (2048K), 2 survivors (2048K)
 Metaspace       used 47216K, capacity 48150K, committed 48432K, reserved 1091584K
  class space    used 6384K, capacity 6745K, committed 6784K, reserved 1048576K
}
Event: 8.799 GC heap before
{Heap before GC invocations=21 (full 0):
 garbage-first heap   total 81920K, used 61127K [0x00000000c0000000, 0x0000000100000000)
  region size 1024K, 16 young (16384K), 2 survivors (2048K)
 Metaspace       used 47487K, capacity 48479K, committed 48688K, reserved 1091584K
  class space    used 6385K, capacity 6746K, committed 6784K, reserved 1048576K
}
Event: 8.802 GC heap after
{Heap after GC invocations=22 (full 0):
 garbage-first heap   total 81920K, used 47348K [0x00000000c0000000, 0x0000000100000000)
  region size 1024K, 1 young (1024K), 1 survivors (1024K)
 Metaspace       used 47487K, capacity 48479K, committed 48688K, reserved 1091584K
  class space    used 6385K, capacity 6746K, committed 6784K, reserved 1048576K
}
Event: 9.215 GC heap before
{Heap before GC invocations=22 (full 0):
 garbage-first heap   total 81920K, used 64756K [0x00000000c0000000, 0x0000000100000000)
  region size 1024K, 18 young (18432K), 1 survivors (1024K)
 Metaspace       used 47709K, capacity 48681K, committed 48944K, reserved 1091584K
  class space    used 6389K, capacity 6747K, committed 6784K, reserved 1048576K
}
Event: 9.217 GC heap after
{Heap after GC invocations=23 (full 0):
 garbage-first heap   total 81920K, used 47811K [0x00000000c0000000, 0x0000000100000000)
  region size 1024K, 1 young (1024K), 1 survivors (1024K)
 Metaspace       used 47709K, capacity 48681K, committed 48944K, reserved 1091584K
  class space    used 6389K, capacity 6747K, committed 6784K, reserved 1048576K
}

Deoptimization events (20 events):
Event: 41.920 Thread 0x00000154cb1a9000 Uncommon trap: trap_request=0xffffff45 fr.pc=0x00000154bdc5bf14 relative=0x00000000000002f4
Event: 41.920 Thread 0x00000154cb1a9000 Uncommon trap: reason=unstable_if action=reinterpret pc=0x00000154bdc5bf14 method=java.lang.String.getChars(II[CI)V @ 23 c2
Event: 41.920 Thread 0x00000154cb1a9000 DEOPT PACKING pc=0x00000154bdc5bf14 sp=0x00000001692fda10
Event: 41.920 Thread 0x00000154cb1a9000 DEOPT UNPACKING pc=0x00000154b618912f sp=0x00000001692fd9a8 mode 2
Event: 41.920 Thread 0x00000154cb1a9000 Uncommon trap: trap_request=0xffffff45 fr.pc=0x00000154bdc2762c relative=0x00000000000001ec
Event: 41.920 Thread 0x00000154cb1a9000 Uncommon trap: reason=unstable_if action=reinterpret pc=0x00000154bdc2762c method=java.lang.String.indexOf(II)I @ 4 c2
Event: 41.920 Thread 0x00000154cb1a9000 DEOPT PACKING pc=0x00000154bdc2762c sp=0x00000001692fdb50
Event: 41.920 Thread 0x00000154cb1a9000 DEOPT UNPACKING pc=0x00000154b618912f sp=0x00000001692fda80 mode 2
Event: 41.920 Thread 0x00000154cb1a9000 Uncommon trap: trap_request=0xffffff45 fr.pc=0x00000154bdc31a88 relative=0x0000000000000228
Event: 41.920 Thread 0x00000154cb1a9000 Uncommon trap: reason=unstable_if action=reinterpret pc=0x00000154bdc31a88 method=java.lang.String.indexOf(II)I @ 4 c2
Event: 41.920 Thread 0x00000154cb1a9000 DEOPT PACKING pc=0x00000154bdc31a88 sp=0x00000001692fdad0
Event: 41.920 Thread 0x00000154cb1a9000 DEOPT UNPACKING pc=0x00000154b618912f sp=0x00000001692fda80 mode 2
Event: 41.942 Thread 0x00000154cc120800 Uncommon trap: trap_request=0xffffff45 fr.pc=0x00000154be015ae4 relative=0x0000000000000244
Event: 41.942 Thread 0x00000154cc120800 Uncommon trap: reason=unstable_if action=reinterpret pc=0x00000154be015ae4 method=com.esotericsoftware.kryo.io.Output.writeString(Ljava/lang/CharSequence;)V @ 83 c2
Event: 41.942 Thread 0x00000154cc120800 DEOPT PACKING pc=0x00000154be015ae4 sp=0x00000001672fed20
Event: 41.942 Thread 0x00000154cc120800 DEOPT UNPACKING pc=0x00000154b618912f sp=0x00000001672feca0 mode 2
Event: 41.942 Thread 0x00000154cc120800 Uncommon trap: trap_request=0xffffff45 fr.pc=0x00000154bde734dc relative=0x000000000000025c
Event: 41.943 Thread 0x00000154cc120800 Uncommon trap: reason=unstable_if action=reinterpret pc=0x00000154bde734dc method=com.esotericsoftware.kryo.io.Output.writeString(Ljava/lang/CharSequence;)V @ 83 c2
Event: 41.943 Thread 0x00000154cc120800 DEOPT PACKING pc=0x00000154bde734dc sp=0x00000001672fed00
Event: 41.943 Thread 0x00000154cc120800 DEOPT UNPACKING pc=0x00000154b618912f sp=0x00000001672feca0 mode 2

Classes unloaded (0 events):
No events

Classes redefined (0 events):
No events

Internal exceptions (20 events):
Event: 9.280 Thread 0x00000154cc128800 Exception <a 'sun/nio/fs/WindowsException'{0x00000000ca6c2938}> (0x00000000ca6c2938) 
thrown [./open/src/hotspot/share/prims/jni.cpp, line 599]
Event: 9.304 Thread 0x00000154cc128800 Exception <a 'sun/nio/fs/WindowsException'{0x00000000ca5cd040}> (0x00000000ca5cd040) 
thrown [./open/src/hotspot/share/prims/jni.cpp, line 599]
Event: 9.308 Thread 0x00000154cc128800 Exception <a 'sun/nio/fs/WindowsException'{0x00000000ca5e5060}> (0x00000000ca5e5060) 
thrown [./open/src/hotspot/share/prims/jni.cpp, line 599]
Event: 9.310 Thread 0x00000154cc128800 Exception <a 'sun/nio/fs/WindowsException'{0x00000000ca5fab30}> (0x00000000ca5fab30) 
thrown [./open/src/hotspot/share/prims/jni.cpp, line 599]
Event: 9.312 Thread 0x00000154cc128800 Exception <a 'sun/nio/fs/WindowsException'{0x00000000ca40f458}> (0x00000000ca40f458) 
thrown [./open/src/hotspot/share/prims/jni.cpp, line 599]
Event: 9.314 Thread 0x00000154cc128800 Exception <a 'sun/nio/fs/WindowsException'{0x00000000ca426450}> (0x00000000ca426450) 
thrown [./open/src/hotspot/share/prims/jni.cpp, line 599]
Event: 10.079 Thread 0x00000154cc128800 Exception <a 'java/lang/NoSuchMethodError'{0x00000000ca0a05d8}: static Lorg/gradle/tooling/internal/provider/events/DefaultTaskFinishedProgressEvent;.<clinit>()V> (0x00000000ca0a05d8) 
thrown [./open/src/hotspot/share/prims/jni.cpp, line 1348]
Event: 10.080 Thread 0x00000154cc128800 Exception <a 'java/lang/NoSuchMethodError'{0x00000000ca0c7e30}: static Lorg/gradle/tooling/internal/provider/events/DefaultTaskSuccessResult;.<clinit>()V> (0x00000000ca0c7e30) 
thrown [./open/src/hotspot/share/prims/jni.cpp, line 1348]
Event: 10.080 Thread 0x00000154cc128800 Exception <a 'java/lang/NoSuchMethodError'{0x00000000ca0c97e0}: static Lorg/gradle/tooling/internal/provider/events/AbstractTaskResult;.<clinit>()V> (0x00000000ca0c97e0) 
thrown [./open/src/hotspot/share/prims/jni.cpp, line 1348]
Event: 10.080 Thread 0x00000154cc128800 Exception <a 'java/lang/NoSuchMethodError'{0x00000000ca0cb310}: static Lorg/gradle/tooling/internal/provider/events/AbstractResult;.<clinit>()V> (0x00000000ca0cb310) 
thrown [./open/src/hotspot/share/prims/jni.cpp, line 1348]
Event: 10.093 Thread 0x00000154cc128800 Exception <a 'java/lang/ClassNotFoundException'{0x00000000c9f45140}: org/gradle/language/jvm/tasks/ProcessResources_DecoratedBeanInfo> (0x00000000c9f45140) 
thrown [./open/src/hotspot/share/classfile/systemDictionary.cpp, line 226]
Event: 10.094 Thread 0x00000154cc128800 Exception <a 'java/lang/ClassNotFoundException'{0x00000000c9f59df0}: org/gradle/language/jvm/tasks/ProcessResourcesBeanInfo> (0x00000000c9f59df0) 
thrown [./open/src/hotspot/share/classfile/systemDictionary.cpp, line 226]
Event: 10.094 Thread 0x00000154cc128800 Exception <a 'java/lang/ClassNotFoundException'{0x00000000c9f65400}: org/gradle/api/tasks/CopyBeanInfo> (0x00000000c9f65400) 
thrown [./open/src/hotspot/share/classfile/systemDictionary.cpp, line 226]
Event: 10.094 Thread 0x00000154cc128800 Exception <a 'java/lang/ClassNotFoundException'{0x00000000c9f70de8}: org/gradle/api/tasks/CopyCustomizer> (0x00000000c9f70de8) 
thrown [./open/src/hotspot/share/classfile/systemDictionary.cpp, line 226]
Event: 10.095 Thread 0x00000154cc128800 Exception <a 'java/lang/ClassNotFoundException'{0x00000000c9f9daa0}: org/gradle/language/jvm/tasks/ProcessResourcesCustomizer> (0x00000000c9f9daa0) 
thrown [./open/src/hotspot/share/classfile/systemDictionary.cpp, line 226]
Event: 10.095 Thread 0x00000154cc128800 Exception <a 'java/lang/ClassNotFoundException'{0x00000000c9fc9228}: org/gradle/language/jvm/tasks/ProcessResources_DecoratedCustomizer> (0x00000000c9fc9228) 
thrown [./open/src/hotspot/share/classfile/systemDictionary.cpp, line 226]
Event: 10.172 Thread 0x00000154cb1a9800 Exception <a 'java/lang/NoSuchMethodError'{0x00000000c47c06b0}: 'void java.lang.invoke.DirectMethodHandle$Holder.invokeStatic(java.lang.Object, long)'> (0x00000000c47c06b0) 
thrown [./open/src/hotspot/share/interpreter/linkResolver.cpp, line 766]
Event: 10.174 Thread 0x00000154cb1a9800 Exception <a 'java/lang/NoSuchMethodError'{0x00000000c47c7bc8}: 'java.lang.Object java.lang.invoke.DirectMethodHandle$Holder.invokeStatic(java.lang.Object, java.lang.Object, long, java.lang.Object)'> (0x00000000c47c7bc8) 
thrown [./open/src/hotspot/share/interpreter/linkResolver.cpp, line 766]
Event: 10.174 Thread 0x00000154cb1a9800 Exception <a 'java/lang/NoSuchMethodError'{0x00000000c47cab60}: 'java.lang.Object java.lang.invoke.DirectMethodHandle$Holder.invokeStaticInit(java.lang.Object, java.lang.Object, long, java.lang.Object)'> (0x00000000c47cab60) 
thrown [./open/src/hotspot/share/interpreter/linkResolver.cpp, line 766]
Event: 10.174 Thread 0x00000154cb1a9800 Exception <a 'java/lang/NoSuchMethodError'{0x00000000c47d0448}: 'java.lang.Object java.lang.invoke.Invokers$Holder.linkToTargetMethod(java.lang.Object, long, java.lang.Object)'> (0x00000000c47d0448) 
thrown [./open/src/hotspot/share/interpreter/linkResolver.cpp, line 766]

Events (20 events):
Event: 10.173 loading class java/lang/ProcessHandleImpl
Event: 10.173 loading class java/lang/ProcessHandleImpl done
Event: 10.174 Executing VM operation: HandshakeOneThread
Event: 10.174 Executing VM operation: HandshakeOneThread done
Event: 10.174 loading class java/lang/ProcessImpl$2
Event: 10.174 loading class java/lang/ProcessImpl$2 done
Event: 10.174 loading class java/lang/Process$PipeInputStream
Event: 10.174 loading class java/lang/Process$PipeInputStream done
Event: 10.175 Executing VM operation: HandshakeAllThreads
Event: 10.176 Executing VM operation: HandshakeAllThreads done
Event: 10.185 Thread 0x00000154cb1a5000 Thread added: 0x00000154cb1a5000
Event: 10.186 Thread 0x00000154cb1a6800 Thread added: 0x00000154cb1a6800
Event: 10.186 Thread 0x00000154cb1a8000 Thread added: 0x00000154cb1a8000
Event: 10.186 Thread 0x00000154cb1a9000 Thread added: 0x00000154cb1a9000
Event: 10.613 Thread 0x00000154cc1b7800 Thread exited: 0x00000154cc1b7800
Event: 11.632 loading class java/util/concurrent/LinkedBlockingDeque$Itr
Event: 11.655 loading class java/util/concurrent/LinkedBlockingDeque$AbstractItr
Event: 11.656 loading class java/util/concurrent/LinkedBlockingDeque$AbstractItr done
Event: 11.656 loading class java/util/concurrent/LinkedBlockingDeque$Itr done
Event: 41.930 Thread 0x00000154cc1b7800 Thread added: 0x00000154cc1b7800


Dynamic libraries:
0x00007ff6d4f70000 - 0x00007ff6d4f7f000 	C:\Program Files (x86)\Java\jdk-14.0.2\bin\java.exe
0x00007ffb8c610000 - 0x00007ffb8c805000 	C:\Windows\SYSTEM32\ntdll.dll
0x00007ffb8c200000 - 0x00007ffb8c2bd000 	C:\Windows\System32\KERNEL32.DLL
0x00007ffb8a1a0000 - 0x00007ffb8a468000 	C:\Windows\System32\KERNELBASE.dll
0x00007ffb89d50000 - 0x00007ffb89e50000 	C:\Windows\System32\ucrtbase.dll
0x00007ffb5f0f0000 - 0x00007ffb5f105000 	C:\Program Files (x86)\Java\jdk-14.0.2\bin\VCRUNTIME140.dll
0x00007ffb5efa0000 - 0x00007ffb5efb8000 	C:\Program Files (x86)\Java\jdk-14.0.2\bin\jli.dll
0x00007ffb8b5a0000 - 0x00007ffb8b64c000 	C:\Windows\System32\ADVAPI32.dll
0x00007ffb8c490000 - 0x00007ffb8c52e000 	C:\Windows\System32\msvcrt.dll
0x00007ffb8c530000 - 0x00007ffb8c5cb000 	C:\Windows\System32\sechost.dll
0x00007ffb8b200000 - 0x00007ffb8b32b000 	C:\Windows\System32\RPCRT4.dll
0x00007ffb8b6f0000 - 0x00007ffb8b890000 	C:\Windows\System32\USER32.dll
0x00007ffb806d0000 - 0x00007ffb8096a000 	C:\Windows\WinSxS\amd64_microsoft.windows.common-controls_6595b64144ccf1df_6.0.19041.1052_none_60b8f8fd71f5e8cb\COMCTL32.dll
0x00007ffb8a070000 - 0x00007ffb8a092000 	C:\Windows\System32\win32u.dll
0x00007ffb8b1d0000 - 0x00007ffb8b1fa000 	C:\Windows\System32\GDI32.dll
0x00007ffb8a4d0000 - 0x00007ffb8a5db000 	C:\Windows\System32\gdi32full.dll
0x00007ffb84bc0000 - 0x00007ffb84bca000 	C:\Windows\SYSTEM32\VERSION.dll
0x00007ffb8a5e0000 - 0x00007ffb8a67d000 	C:\Windows\System32\msvcp_win.dll
0x00007ffb8a6e0000 - 0x00007ffb8a710000 	C:\Windows\System32\IMM32.DLL
0x00007ffb5d5b0000 - 0x00007ffb5d64b000 	C:\Program Files (x86)\Java\jdk-14.0.2\bin\msvcp140.dll
0x00007ffb45ce0000 - 0x00007ffb467fe000 	C:\Program Files (x86)\Java\jdk-14.0.2\bin\server\jvm.dll
0x00007ffb8b650000 - 0x00007ffb8b658000 	C:\Windows\System32\PSAPI.DLL
0x00007ffb76720000 - 0x00007ffb76729000 	C:\Windows\SYSTEM32\WSOCK32.dll
0x00007ffb8b8f0000 - 0x00007ffb8b95b000 	C:\Windows\System32\WS2_32.dll
0x00007ffb77e90000 - 0x00007ffb77eb7000 	C:\Windows\SYSTEM32\WINMM.dll
0x00007ffb87c80000 - 0x00007ffb87c92000 	C:\Windows\SYSTEM32\kernel.appcore.dll
0x00007ffb69720000 - 0x00007ffb6972a000 	C:\Program Files (x86)\Java\jdk-14.0.2\bin\jimage.dll
0x00007ffb74c50000 - 0x00007ffb74e34000 	C:\Windows\SYSTEM32\DBGHELP.DLL
0x00007ffb75fd0000 - 0x00007ffb75ffc000 	C:\Windows\SYSTEM32\dbgcore.DLL
0x00007ffb89fe0000 - 0x00007ffb8a063000 	C:\Windows\System32\bcryptPrimitives.dll
0x00007ffb5ede0000 - 0x00007ffb5ee05000 	C:\Program Files (x86)\Java\jdk-14.0.2\bin\java.dll
0x00007ffb5e6f0000 - 0x00007ffb5e706000 	C:\Program Files (x86)\Java\jdk-14.0.2\bin\zip.dll
0x00007ffb8b980000 - 0x00007ffb8c0bf000 	C:\Windows\System32\SHELL32.dll
0x00007ffb87e80000 - 0x00007ffb88610000 	C:\Windows\SYSTEM32\windows.storage.dll
0x00007ffb8ae70000 - 0x00007ffb8b1c5000 	C:\Windows\System32\combase.dll
0x00007ffb896f0000 - 0x00007ffb8971c000 	C:\Windows\SYSTEM32\Wldp.dll
0x00007ffb8c2c0000 - 0x00007ffb8c36e000 	C:\Windows\System32\SHCORE.dll
0x00007ffb8b890000 - 0x00007ffb8b8e5000 	C:\Windows\System32\shlwapi.dll
0x00007ffb89c90000 - 0x00007ffb89caf000 	C:\Windows\SYSTEM32\profapi.dll
0x00007ffb5e6d0000 - 0x00007ffb5e6e9000 	C:\Program Files (x86)\Java\jdk-14.0.2\bin\net.dll
0x00007ffb82370000 - 0x00007ffb8247b000 	C:\Windows\SYSTEM32\WINHTTP.dll
0x00007ffb894d0000 - 0x00007ffb8953a000 	C:\Windows\system32\mswsock.dll
0x00007ffb5e610000 - 0x00007ffb5e622000 	C:\Program Files (x86)\Java\jdk-14.0.2\bin\nio.dll
0x00007ffb67d60000 - 0x00007ffb67d70000 	C:\Program Files (x86)\Java\jdk-14.0.2\bin\verify.dll
0x00007ffb5f110000 - 0x00007ffb5f12e000 	C:\Users\John\.gradle\native\25\windows-amd64\native-platform.dll
0x00007ffb679f0000 - 0x00007ffb679f9000 	C:\Program Files (x86)\Java\jdk-14.0.2\bin\management.dll
0x00007ffb67660000 - 0x00007ffb6766b000 	C:\Program Files (x86)\Java\jdk-14.0.2\bin\management_ext.dll
0x00007ffb89a20000 - 0x00007ffb89a38000 	C:\Windows\SYSTEM32\CRYPTSP.dll
0x00007ffb88e20000 - 0x00007ffb88e54000 	C:\Windows\system32\rsaenh.dll
0x00007ffb89fb0000 - 0x00007ffb89fd7000 	C:\Windows\System32\bcrypt.dll
0x00007ffb89c50000 - 0x00007ffb89c7e000 	C:\Windows\SYSTEM32\USERENV.dll
0x00007ffb89650000 - 0x00007ffb8965c000 	C:\Windows\SYSTEM32\CRYPTBASE.dll
0x00007ffb89190000 - 0x00007ffb891cb000 	C:\Windows\SYSTEM32\IPHLPAPI.DLL
0x00007ffb8c120000 - 0x00007ffb8c128000 	C:\Windows\System32\NSI.dll
0x00007ffb83bf0000 - 0x00007ffb83c07000 	C:\Windows\SYSTEM32\dhcpcsvc6.DLL
0x00007ffb83bd0000 - 0x00007ffb83bed000 	C:\Windows\SYSTEM32\dhcpcsvc.DLL
0x00007ffb891d0000 - 0x00007ffb8929c000 	C:\Windows\SYSTEM32\DNSAPI.dll

dbghelp: loaded successfully - version: 4.0.5 - missing functions: none
symbol engine: initialized successfully - sym options: 0x614 - pdb path: .;C:\Program Files (x86)\Java\jdk-14.0.2\bin;C:\Windows\SYSTEM32;C:\Windows\WinSxS\amd64_microsoft.windows.common-controls_6595b64144ccf1df_6.0.19041.1052_none_60b8f8fd71f5e8cb;C:\Program Files (x86)\Java\jdk-14.0.2\bin\server;C:\Users\John\.gradle\native\25\windows-amd64

VM Arguments:
jvm_args: --add-opens=java.base/java.util=ALL-UNNAMED -XX:+HeapDumpOnOutOfMemoryError -Xmx1024m -Dfile.encoding=windows-1252 -Duser.country=CA -Duser.language=fr -Duser.variant 
java_command: org.gradle.launcher.daemon.bootstrap.GradleDaemon 4.10.2
java_class_path (initial): C:\Users\John\.gradle\wrapper\dists\gradle-4.10.2-bin\cghg6c4gf4vkiutgsab8yrnwv\gradle-4.10.2\lib\gradle-launcher-4.10.2.jar
Launcher Type: SUN_STANDARD

[Global flags]
     intx CICompilerCount                          = 3                                         {product} {ergonomic}
     uint ConcGCThreads                            = 2                                         {product} {ergonomic}
     uint G1ConcRefinementThreads                  = 6                                         {product} {ergonomic}
   size_t G1HeapRegionSize                         = 1048576                                   {product} {ergonomic}
    uintx GCDrainStackTargetSize                   = 64                                        {product} {ergonomic}
     bool HeapDumpOnOutOfMemoryError               = true                                   {manageable} {command line}
   size_t InitialHeapSize                          = 268435456                                 {product} {ergonomic}
   size_t MarkStackSize                            = 4194304                                   {product} {ergonomic}
   size_t MaxHeapSize                              = 1073741824                                {product} {command line}
   size_t MaxNewSize                               = 643825664                                 {product} {ergonomic}
   size_t MinHeapDeltaBytes                        = 1048576                                   {product} {ergonomic}
   size_t MinHeapSize                              = 8388608                                   {product} {ergonomic}
    uintx NonNMethodCodeHeapSize                   = 5832780                                {pd product} {ergonomic}
    uintx NonProfiledCodeHeapSize                  = 122912730                              {pd product} {ergonomic}
    uintx ProfiledCodeHeapSize                     = 122912730                              {pd product} {ergonomic}
    uintx ReservedCodeCacheSize                    = 251658240                              {pd product} {ergonomic}
     bool SegmentedCodeCache                       = true                                      {product} {ergonomic}
   size_t SoftMaxHeapSize                          = 1073741824                             {manageable} {ergonomic}
     bool UseCompressedClassPointers               = true                                 {lp64_product} {ergonomic}
     bool UseCompressedOops                        = true                                 {lp64_product} {ergonomic}
     bool UseG1GC                                  = true                                      {product} {ergonomic}
     bool UseLargePagesIndividualAllocation        = false                                  {pd product} {ergonomic}

Logging:
Log output configuration:
 #0: stdout all=warning uptime,level,tags
 #1: stderr all=off uptime,level,tags

Environment Variables:
JAVA_HOME=C:\Program Files (x86)\Java\jdk-14.0.2\jdk-14.0.2
PATH=C:\Program Files (x86)\Common Files\Oracle\Java\javapath;C:\Windows\system32;C:\Windows;C:\Windows\System32\Wbem;C:\Windows\System32\WindowsPowerShell\v1.0\;C:\Windows\System32\OpenSSH\;C:\Program Files (x86)\NVIDIA Corporation\PhysX\Common;C:\Program Files\NVIDIA Corporation\NVIDIA NvDLISR;C:\Program Files\Git\cmd;C:\Program Files (x86)\Java\jdk-14.0.2\jdk-14.0.2\bin;C:\Program Files\dotnet\;C:\Program Files\Microsoft SQL Server\130\Tools\Binn\;C:\Program Files\Microsoft SQL Server\Client SDK\ODBC\170\Tools\Binn\;C:\Program Files\Docker\Docker\resources\bin;C:\ProgramData\DockerDesktop\version-bin;C:\Program Files\apache-maven-3.6.3\bin;C:\Program Files\PuTTY\;C:\Users\John\AppData\Local\Programs\Python\Launcher\;C:\Users\John\AppData\Local\Microsoft\WindowsApps;C:\Program Files\JetBrains\IntelliJ IDEA Community Edition 2020.1.4\bin;;C:\Users\John\.dotnet\tools;C:\Users\John\AppData\Local\GitHubDesktop\bin;C:\Program Files (x86)\FAHClient;C:\Users\John\AppData\Local\Programs\Microsoft VS Code\bin;C:\Program Files (x86)\Arduino\arduino-cli;D:\Program Files\7-Zip;
USERNAME=John
OS=Windows_NT
PROCESSOR_IDENTIFIER=Intel64 Family 6 Model 158 Stepping 10, GenuineIntel



---------------  S Y S T E M  ---------------

OS: Windows 10 , 64 bit Build 19041 (10.0.19041.1023)
OS uptime: 2 days 2:22 hours
HyperV virtualization detected

CPU:total 6 (initial active 6) (6 cores per cpu, 1 threads per core) family 6 model 158 stepping 10, cmov, cx8, fxsr, mmx, sse, sse2, sse3, ssse3, sse4.1, sse4.2, popcnt, avx, avx2, aes, clmul, erms, rtm, 3dnowpref, lzcnt, tsc, tscinvbit, bmi1, bmi2, adx, fma

Memory: 4k page, system-wide physical 16325M (2960M free)
TotalPageFile size 65477M (AvailPageFile size 12M)
current process WorkingSet (physical memory assigned to process): 237M, peak: 283M
current process commit charge ("private bytes"): 277M, peak: 433M

vm_info: Java HotSpot(TM) 64-Bit Server VM (14.0.2+12-46) for windows-amd64 JRE (14.0.2+12-46), built on Jul  9 2020 00:35:52 by "mach5one" with MS VC++ 15.9 (VS2017)

END.
